<?xml version="1.0" encoding="utf-8"?><testsuites name="pytest tests"><testsuite name="pytest" errors="13" failures="4" skipped="5" tests="2159" time="169.694" timestamp="2025-10-19T15:05:23.062775-04:00" hostname="Stickybeatz.local"><testcase classname="" name="unit.models.discovery.test_unified_discovery_system" time="0.000"><skipped message="collection skipped">('/Volumes/PRO-G40/Code/omnibase_core/tests/unit/models/discovery/test_unified_discovery_system.py', 48, 'Skipped: Tools not yet implemented: ToolDiscoveryCoordinator, ToolUnifiedDiscovery')</skipped></testcase><testcase classname="" name="unit.validation.test_validation_performance" time="0.000"><skipped message="collection skipped">('/Volumes/PRO-G40/Code/omnibase_core/tests/unit/validation/test_validation_performance.py', 36, "Skipped: Could not import validation modules: No module named 'validate_contracts'")</skipped></testcase><testcase classname="unit.models.core.test_model_container.TestModelContainer" name="test_basic_creation_int" time="0.019" /><testcase classname="unit.models.core.test_model_missing_tool.TestModelMissingToolBasic" name="test_missing_tool_deserialization" time="0.001" /><testcase classname="unit.models.core.test_model_missing_tool.TestModelMissingToolEnums" name="test_reason_categories" time="0.000" /><testcase classname="unit.models.core.test_model_missing_tool.TestModelMissingToolEnums" name="test_criticality_levels" time="0.001" /><testcase classname="unit.models.core.test_model_custom_properties.TestModelCustomProperties" name="test_to_metadata" time="0.009" /><testcase classname="unit.models.core.test_model_namespace_config.TestModelNamespaceConfigEdgeCases" name="test_validation_error_messages" time="0.006" /><testcase classname="unit.models.core.test_model_configuration_base.TestModelConfigurationBase" name="test_get_config_value" time="0.017" /><testcase classname="unit.models.core.test_model_generic_factory.TestModelGenericFactoryIntegration" name="test_builder_with_validation_logic" time="0.011" /><testcase classname="unit.models.core.test_model_custom_properties.TestModelCustomProperties" name="test_metadata_round_trip" time="0.001" /><testcase classname="unit.models.core.test_model_custom_properties.TestModelCustomProperties" name="test_mixed_operations" time="0.001" /><testcase classname="unit.models.core.test_model_cli_discovery_stats.TestDiscoveryStatsIntegration" name="test_stats_complete_scenario" time="0.008" /><testcase classname="unit.models.core.test_model_custom_fields_accessor.TestModelCustomFieldsAccessor" name="test_remove_custom_field" time="0.009" /><testcase classname="unit.models.core.test_model_missing_tool.TestModelMissingToolEnums" name="test_tool_categories" time="0.001" /><testcase classname="unit.models.core.test_model_health_status.TestModelHealthStatus" name="test_large_values" time="0.011" /><testcase classname="unit.models.core.test_model_cli_command_registry.TestCommandDiscovery" name="test_create_command_from_contract_invalid_data_returns_none" time="0.009" /><testcase classname="unit.models.core.test_model_custom_fields_accessor.TestModelCustomFieldsAccessor" name="test_get_custom_field_with_defaults" time="0.000" /><testcase classname="unit.models.core.test_model_health_status.TestModelHealthStatus" name="test_negative_values" time="0.000" /><testcase classname="unit.models.core.test_model_health_status.TestModelHealthStatusEdgeCases" name="test_empty_message" time="0.000" /><testcase classname="unit.models.core.test_model_health_status.TestModelHealthStatusEdgeCases" name="test_long_message" time="0.000" /><testcase classname="unit.models.core.test_model_health_status.TestModelHealthStatusEdgeCases" name="test_special_characters_in_message" time="0.000" /><testcase classname="unit.models.core.test_model_health_status.TestModelHealthStatusEdgeCases" name="test_timestamp_iso_format_variations" time="0.000" /><testcase classname="unit.models.core.test_model_health_status.TestModelHealthStatusEdgeCases" name="test_model_copy" time="0.000" /><testcase classname="unit.models.core.test_model_health_status.TestModelHealthStatusEdgeCases" name="test_model_copy_deep" time="0.000" /><testcase classname="unit.models.core.test_model_configuration_base.TestModelConfigurationBase" name="test_utility_methods" time="0.014" /><testcase classname="unit.models.core.test_model_missing_tool.TestModelMissingToolEnums" name="test_enum_combinations" time="0.002" /><testcase classname="unit.models.core.test_model_missing_tool.TestModelMissingToolEdgeCases" name="test_long_tool_name" time="0.003" /><testcase classname="unit.models.core.test_model_missing_tool.TestModelMissingToolEdgeCases" name="test_long_reason" time="0.001" /><testcase classname="unit.models.core.test_model_missing_tool.TestModelMissingToolEdgeCases" name="test_long_expected_type" time="0.000" /><testcase classname="unit.models.core.test_model_missing_tool.TestModelMissingToolEdgeCases" name="test_long_expected_interface" time="0.000" /><testcase classname="unit.models.core.test_model_missing_tool.TestModelMissingToolEdgeCases" name="test_long_actual_type_found" time="0.000" /><testcase classname="unit.models.core.test_model_missing_tool.TestModelMissingToolEdgeCases" name="test_long_error_details" time="0.000" /><testcase classname="unit.models.core.test_model_missing_tool.TestModelMissingToolEdgeCases" name="test_unicode_characters" time="0.000" /><testcase classname="unit.models.core.test_model_missing_tool.TestModelMissingToolEdgeCases" name="test_special_characters" time="0.000" /><testcase classname="unit.models.core.test_model_missing_tool.TestModelMissingToolBusinessScenarios" name="test_import_error_scenario" time="0.000" /><testcase classname="unit.models.core.test_model_missing_tool.TestModelMissingToolBusinessScenarios" name="test_type_mismatch_scenario" time="0.000" /><testcase classname="unit.models.core.test_model_missing_tool.TestModelMissingToolBusinessScenarios" name="test_security_tool_missing_scenario" time="0.000" /><testcase classname="unit.models.core.test_model_missing_tool.TestModelMissingToolBusinessScenarios" name="test_utility_tool_missing_scenario" time="0.000" /><testcase classname="unit.models.core.test_model_missing_tool.TestModelMissingToolValidation" name="test_tool_name_validation" time="0.000" /><testcase classname="unit.models.core.test_model_missing_tool.TestModelMissingToolValidation" name="test_reason_validation" time="0.000" /><testcase classname="unit.models.core.test_model_missing_tool.TestModelMissingToolValidation" name="test_expected_type_validation" time="0.000" /><testcase classname="unit.models.core.test_model_missing_tool.TestModelMissingToolSerialization" name="test_json_serialization" time="0.000" /><testcase classname="unit.models.core.test_model_item_summary.TestModelItemSummary" name="test_initialization_defaults" time="0.000" /><testcase classname="unit.models.core.test_model_item_summary.TestModelItemSummary" name="test_initialization_with_values" time="0.000" /><testcase classname="unit.models.core.test_model_item_summary.TestModelItemSummary" name="test_name_property_with_display_name" time="0.000" /><testcase classname="unit.models.core.test_model_item_summary.TestModelItemSummary" name="test_name_property_fallback_to_uuid" time="0.000" /><testcase classname="unit.models.core.test_model_item_summary.TestModelItemSummary" name="test_has_properties_empty" time="0.000" /><testcase classname="unit.models.core.test_model_item_summary.TestModelItemSummary" name="test_has_properties_with_string_properties" time="0.000" /><testcase classname="unit.models.core.test_model_item_summary.TestModelItemSummary" name="test_has_properties_with_numeric_properties" time="0.000" /><testcase classname="unit.models.core.test_model_item_summary.TestModelItemSummary" name="test_has_properties_with_boolean_properties" time="0.000" /><testcase classname="unit.models.core.test_model_item_summary.TestModelItemSummary" name="test_has_properties_with_multiple_properties" time="0.000" /><testcase classname="unit.models.core.test_model_item_summary.TestModelItemSummary" name="test_configure_protocol_method" time="0.000" /><testcase classname="unit.models.core.test_model_item_summary.TestModelItemSummary" name="test_configure_with_invalid_fields" time="0.000" /><testcase classname="unit.models.core.test_model_item_summary.TestModelItemSummary" name="test_configure_with_exception" time="0.009" /><testcase classname="unit.models.core.test_model_generic_collection.TestModelGenericCollection" name="test_update_item" time="0.030" /><testcase classname="unit.models.core.test_model_cli_discovery_stats.TestDiscoveryStatsIntegration" name="test_stats_serialization_deserialization" time="0.000" /><testcase classname="unit.models.core.test_model_cli_discovery_stats.TestDiscoveryStatsIntegration" name="test_stats_immutability_of_calculations" time="0.000" /><testcase classname="unit.models.core.test_model_cli_discovery_stats.TestDiscoveryStatsIntegration" name="test_stats_update_scenario" time="0.000" /><testcase classname="unit.models.core.test_model_cli_execution.TestModelCliExecution" name="test_model_instantiation_minimal_data" time="0.001" /><testcase classname="unit.models.core.test_model_cli_execution.TestModelCliExecution" name="test_model_instantiation_with_all_fields" time="0.005" /><testcase classname="unit.models.core.test_model_cli_execution.TestModelCliExecution" name="test_required_fields_validation" time="0.002" /><testcase classname="unit.models.core.test_model_cli_execution.TestModelCliExecution" name="test_progress_percentage_validation" time="0.002" /><testcase classname="unit.models.core.test_model_custom_fields_accessor.TestModelCustomFieldsAccessor" name="test_multiple_custom_fields_operations" time="0.000" /><testcase classname="unit.models.core.test_model_custom_fields_accessor.TestModelCustomFieldsAccessor" name="test_overwrite_custom_field" time="0.000" /><testcase classname="unit.models.core.test_model_custom_fields_accessor.TestModelCustomFieldsAccessor" name="test_inheritance_from_field_accessor" time="0.000" /><testcase classname="unit.models.core.test_model_custom_fields_accessor.TestModelCustomFieldsAccessor" name="test_custom_fields_initialization_behavior" time="0.000" /><testcase classname="unit.models.core.test_model_custom_fields_accessor.TestModelCustomFieldsAccessor" name="test_edge_case_empty_string_values" time="0.000" /><testcase classname="unit.models.core.test_model_custom_fields_accessor.TestModelCustomFieldsAccessor" name="test_edge_case_zero_values" time="0.000" /><testcase classname="unit.models.core.test_model_custom_fields_accessor.TestModelCustomFieldsAccessor" name="test_edge_case_empty_list" time="0.000" /><testcase classname="unit.models.core.test_model_custom_fields_accessor.TestModelCustomFieldsAccessor" name="test_complex_scenario" time="0.000" /><testcase classname="unit.models.core.test_model_custom_fields_accessor.TestModelCustomFieldsAccessor" name="test_pydantic_compatibility" time="0.000" /><testcase classname="unit.models.core.test_model_custom_fields_accessor.TestModelCustomFieldsAccessor" name="test_field_name_edge_cases" time="0.000" /><testcase classname="unit.models.core.test_model_custom_fields_generic.TestModelCustomFieldsAccessorGeneric" name="test_generic_type_instantiation" time="0.008" /><testcase classname="unit.models.core.test_model_custom_fields_generic.TestModelCustomFieldsAccessorGeneric" name="test_generic_type_field_operations" time="0.000" /><testcase classname="unit.models.core.test_model_custom_fields_generic.TestModelCustomFieldsAccessorGeneric" name="test_generic_type_inheritance_behavior" time="0.000" /><testcase classname="unit.models.core.test_model_custom_fields_generic.TestModelCustomFieldsAccessorGeneric" name="test_generic_factory_methods" time="0.000" /><testcase classname="unit.models.core.test_model_custom_fields_generic.TestModelCustomFieldsAccessorGeneric" name="test_generic_copy_operations" time="0.000" /><testcase classname="unit.models.core.test_model_custom_fields_generic.TestModelCustomFieldsAccessorGeneric" name="test_generic_merge_operations" time="0.000" /><testcase classname="unit.models.core.test_model_custom_fields_generic.TestModelCustomFieldsAccessorGeneric" name="test_generic_serialization" time="0.002" /><testcase classname="unit.models.core.test_model_custom_fields_generic.TestModelCustomFieldsAccessorGeneric" name="test_generic_pydantic_validation" time="0.001" /><testcase classname="unit.models.core.test_model_custom_fields_generic.TestModelCustomFieldsAccessorGeneric" name="test_generic_json_serialization" time="0.000" /><testcase classname="unit.models.core.test_model_custom_properties.TestModelCustomProperties" name="test_pydantic_validation" time="0.000" /><testcase classname="unit.models.core.test_model_field_accessor.TestModelFieldAccessor" name="test_basic_field_access" time="0.002" /><testcase classname="unit.models.core.test_model_field_accessor.TestModelFieldAccessor" name="test_dot_notation_nested_access" time="0.001" /><testcase classname="unit.models.core.test_model_field_accessor.TestModelFieldAccessor" name="test_remove_field" time="0.000" /><testcase classname="unit.models.core.test_model_field_accessor.TestModelFieldAccessor" name="test_attribute_vs_dict_access" time="0.005" /><testcase classname="unit.models.core.test_model_field_accessor.TestModelTypedAccessor" name="test_typed_field_access" time="0.002" /><testcase classname="unit.models.core.test_model_field_accessor.TestModelTypedAccessor" name="test_set_typed_field" time="0.001" /><testcase classname="unit.models.core.test_model_field_accessor.TestModelEnvironmentAccessor" name="test_string_coercion" time="0.002" /><testcase classname="unit.models.core.test_model_field_accessor.TestModelEnvironmentAccessor" name="test_int_coercion" time="0.001" /><testcase classname="unit.models.core.test_model_field_accessor.TestModelEnvironmentAccessor" name="test_bool_coercion" time="0.001" /><testcase classname="unit.models.core.test_model_field_accessor.TestModelEnvironmentAccessor" name="test_list_coercion" time="0.001" /><testcase classname="unit.models.core.test_model_field_accessor.TestModelResultAccessor" name="test_result_value_access" time="0.001" /><testcase classname="unit.models.core.test_model_field_accessor.TestModelResultAccessor" name="test_set_result_and_metadata" time="0.000" /><testcase classname="unit.models.core.test_model_cli_command_registry.TestRegistryClear" name="test_clear_empty_registry" time="0.001" /><testcase classname="unit.models.core.test_model_cli_command_registry.TestRegistryClear" name="test_clear_populated_registry" time="0.004" /><testcase classname="unit.models.core.test_model_cli_command_registry.TestGlobalRegistry" name="test_get_global_command_registry_creates_instance" time="0.000" /><testcase classname="unit.models.core.test_model_cli_command_registry.TestGlobalRegistry" name="test_get_global_command_registry_returns_same_instance" time="0.000" /><testcase classname="unit.models.core.test_model_cli_command_registry.TestGlobalRegistry" name="test_discover_commands_from_contracts_uses_global_registry" time="0.005" /><testcase classname="unit.models.core.test_model_cli_command_registry.TestGlobalRegistry" name="test_get_command_definition_uses_global_registry" time="0.000" /><testcase classname="unit.models.core.test_model_cli_discovery_stats.TestModelCliDiscoveryStatsCreation" name="test_stats_creation_defaults" time="0.000" /><testcase classname="unit.models.core.test_model_cli_discovery_stats.TestModelCliDiscoveryStatsCreation" name="test_stats_creation_with_values" time="0.000" /><testcase classname="unit.models.core.test_model_cli_discovery_stats.TestHealthPercentageProperty" name="test_health_percentage_all_healthy" time="0.000" /><testcase classname="unit.models.core.test_model_cli_discovery_stats.TestHealthPercentageProperty" name="test_health_percentage_partial_healthy" time="0.000" /><testcase classname="unit.models.core.test_model_cli_discovery_stats.TestHealthPercentageProperty" name="test_health_percentage_none_healthy" time="0.000" /><testcase classname="unit.models.core.test_model_cli_discovery_stats.TestHealthPercentageProperty" name="test_health_percentage_zero_total" time="0.000" /><testcase classname="unit.models.core.test_model_cli_discovery_stats.TestHealthPercentageProperty" name="test_health_percentage_decimal_precision" time="0.000" /><testcase classname="unit.models.core.test_model_cli_discovery_stats.TestHealthPercentageProperty" name="test_health_percentage_single_tool_healthy" time="0.000" /><testcase classname="unit.models.core.test_model_cli_discovery_stats.TestHealthPercentageProperty" name="test_health_percentage_single_tool_unhealthy" time="0.000" /><testcase classname="unit.models.core.test_model_cli_discovery_stats.TestRegistryHealthPercentageProperty" name="test_registry_health_percentage_all_online" time="0.000" /><testcase classname="unit.models.core.test_model_cli_discovery_stats.TestRegistryHealthPercentageProperty" name="test_registry_health_percentage_partial_online" time="0.000" /><testcase classname="unit.models.core.test_model_generic_factory.TestModelGenericFactoryIntegration" name="test_factory_method_chaining_pattern" time="0.007" /><testcase classname="unit.models.core.test_model_generic_factory.TestModelGenericFactoryIntegration" name="test_factory_with_dependency_injection" time="0.001" /><testcase classname="unit.models.core.test_model_generic_factory.TestModelGenericFactoryIntegration" name="test_factory_registration_override" time="0.000" /><testcase classname="unit.models.core.test_model_generic_factory.TestModelGenericFactoryErrorHandling" name="test_factory_method_exception_propagation" time="0.000" /><testcase classname="unit.models.core.test_model_generic_factory.TestModelGenericFactoryErrorHandling" name="test_builder_method_exception_propagation" time="0.000" /><testcase classname="unit.models.core.test_model_generic_factory.TestModelGenericFactoryErrorHandling" name="test_invalid_model_parameters" time="0.000" /><testcase classname="unit.models.core.test_model_generic_factory.TestModelGenericFactoryErrorHandling" name="test_empty_factory_and_builder_lists" time="0.000" /><testcase classname="unit.models.core.test_model_generic_factory.TestModelGenericFactoryErrorHandling" name="test_factory_type_consistency" time="0.000" /><testcase classname="unit.models.core.test_model_generic_factory.TestModelGenericFactoryErrorHandling" name="test_utility_methods_with_incompatible_models" time="0.006" /><testcase classname="unit.models.core.test_model_generic_metadata_generic.TestModelGenericMetadataGeneric" name="test_generic_type_instantiation" time="0.001" /><testcase classname="unit.models.core.test_model_generic_metadata_generic.TestModelGenericMetadataGeneric" name="test_generic_type_with_standard_fields" time="0.002" /><testcase classname="unit.models.core.test_model_generic_metadata_generic.TestModelGenericMetadataGeneric" name="test_generic_custom_fields_operations" time="0.000" /><testcase classname="unit.models.core.test_model_generic_metadata_generic.TestModelGenericMetadataGeneric" name="test_generic_has_field_operation" time="0.000" /><testcase classname="unit.models.core.test_model_cli_execution.TestModelCliExecution" name="test_timeout_seconds_validation" time="0.001" /><testcase classname="unit.models.core.test_model_cli_execution.TestModelCliExecution" name="test_max_memory_mb_validation" time="0.001" /><testcase classname="unit.models.core.test_model_cli_execution.TestModelCliExecution" name="test_retry_validation" time="0.000" /><testcase classname="unit.models.core.test_model_cli_execution.TestModelCliExecution" name="test_default_factory_fields" time="0.000" /><testcase classname="unit.models.core.test_model_cli_execution.TestModelCliExecution" name="test_get_command_name_method" time="0.000" /><testcase classname="unit.models.core.test_model_cli_execution.TestModelCliExecution" name="test_get_target_node_name_method" time="0.000" /><testcase classname="unit.models.core.test_model_cli_execution.TestModelCliExecution" name="test_elapsed_time_methods" time="0.000" /><testcase classname="unit.models.core.test_model_cli_execution.TestModelCliExecution" name="test_status_check_methods" time="0.000" /><testcase classname="unit.models.core.test_model_cli_execution.TestModelCliExecution" name="test_is_timed_out_method" time="0.000" /><testcase classname="unit.models.core.test_model_cli_execution.TestModelCliExecution" name="test_mark_started_method" time="0.001" /><testcase classname="unit.models.core.test_model_item_summary.TestModelItemSummary" name="test_serialize_protocol_method" time="0.003" /><testcase classname="unit.models.core.test_model_item_summary.TestModelItemSummary" name="test_serialize_includes_none_values" time="0.000" /><testcase classname="unit.models.core.test_model_generic_metadata_generic.TestModelGenericMetadataGeneric" name="test_generic_remove_field_operation" time="0.000" /><testcase classname="unit.models.core.test_model_generic_metadata_generic.TestModelGenericMetadataGeneric" name="test_generic_to_dict_operation" time="0.000" /><testcase classname="unit.models.core.test_model_generic_metadata_generic.TestModelGenericMetadataGeneric" name="test_generic_from_dict_factory" time="0.003" /><testcase classname="unit.models.core.test_model_generic_metadata_generic.TestModelGenericMetadataGeneric" name="test_generic_pydantic_validation" time="0.000" /><testcase classname="unit.models.core.test_model_cli_execution.TestModelCliExecution" name="test_mark_completed_method" time="0.000" /><testcase classname="unit.models.core.test_model_cli_execution.TestModelCliExecution" name="test_mark_failed_method" time="0.001" /><testcase classname="unit.models.core.test_model_cli_execution.TestModelCliExecution" name="test_mark_cancelled_method" time="0.001" /><testcase classname="unit.models.core.test_model_cli_execution.TestModelCliExecution" name="test_set_phase_method" time="0.000" /><testcase classname="unit.models.core.test_model_cli_execution.TestModelCliExecution" name="test_set_progress_method" time="0.000" /><testcase classname="unit.models.core.test_model_cli_execution.TestModelCliExecution" name="test_increment_retry_method" time="0.000" /><testcase classname="unit.models.core.test_model_cli_discovery_stats.TestRegistryHealthPercentageProperty" name="test_registry_health_percentage_none_online" time="0.000" /><testcase classname="unit.models.core.test_model_cli_discovery_stats.TestRegistryHealthPercentageProperty" name="test_registry_health_percentage_zero_total" time="0.000" /><testcase classname="unit.models.core.test_model_cli_discovery_stats.TestRegistryHealthPercentageProperty" name="test_registry_health_percentage_decimal_precision" time="0.000" /><testcase classname="unit.models.core.test_model_cli_discovery_stats.TestToSummaryDict" name="test_to_summary_dict_default_values" time="0.000" /><testcase classname="unit.models.core.test_model_cli_discovery_stats.TestToSummaryDict" name="test_to_summary_dict_with_values" time="0.000" /><testcase classname="unit.models.core.test_model_namespace_config.TestModelNamespaceConfigEdgeCases" name="test_configuration_scenarios" time="0.001" /><testcase classname="unit.models.core.test_model_node_status.TestModelNodeStatus" name="test_create_node_status" time="0.000" /><testcase classname="unit.models.core.test_model_node_status.TestModelNodeStatus" name="test_node_status_inheritance" time="0.000" /><testcase classname="unit.models.core.test_model_node_status.TestModelNodeStatus" name="test_node_status_serialization" time="0.000" /><testcase classname="unit.models.core.test_model_configuration_base.TestModelConfigurationBase" name="test_timestamp_update" time="0.013" /><testcase classname="unit.models.core.test_model_node_status.TestModelNodeStatus" name="test_node_status_deserialization" time="0.000" /><testcase classname="unit.models.core.test_model_node_status.TestModelNodeStatus" name="test_node_status_json_serialization" time="0.000" /><testcase classname="unit.models.core.test_model_node_status.TestModelNodeStatus" name="test_node_status_roundtrip" time="0.000" /><testcase classname="unit.models.core.test_model_node_status.TestModelNodeStatus" name="test_node_status_equality" time="0.000" /><testcase classname="unit.models.core.test_model_node_status.TestModelNodeStatus" name="test_node_status_hash" time="0.000" /><testcase classname="unit.models.core.test_model_node_status.TestModelNodeStatus" name="test_node_status_str" time="0.003" /><testcase classname="unit.models.core.test_model_node_status.TestModelNodeStatus" name="test_node_status_repr" time="0.000" /><testcase classname="unit.models.core.test_model_node_status.TestModelNodeStatus" name="test_node_status_attributes" time="0.000" /><testcase classname="unit.models.core.test_model_node_status.TestModelNodeStatus" name="test_node_status_validation" time="0.000" /><testcase classname="unit.models.core.test_model_node_status.TestModelNodeStatus" name="test_node_status_metadata" time="0.000" /><testcase classname="unit.models.core.test_model_node_status.TestModelNodeStatus" name="test_node_status_creation_with_data" time="0.000" /><testcase classname="unit.models.core.test_model_node_status.TestModelNodeStatus" name="test_node_status_copy" time="0.000" /><testcase classname="unit.models.core.test_model_node_status.TestModelNodeStatus" name="test_node_status_immutability" time="0.000" /><testcase classname="unit.models.core.test_model_node_type.TestModelNodeType" name="test_model_instantiation_minimal_data" time="0.000" /><testcase classname="unit.models.core.test_model_node_type.TestModelNodeType" name="test_model_instantiation_with_all_fields" time="0.000" /><testcase classname="unit.models.core.test_model_node_type.TestModelNodeType" name="test_required_fields_validation" time="0.001" /><testcase classname="unit.models.core.test_model_node_type.TestModelNodeType" name="test_name_pattern_validation" time="0.000" /><testcase classname="unit.models.core.test_model_node_type.TestModelNodeType" name="test_category_pattern_validation" time="0.000" /><testcase classname="unit.models.core.test_model_node_type.TestModelNodeType" name="test_execution_priority_validation" time="0.000" /><testcase classname="unit.models.core.test_model_node_type.TestModelNodeType" name="test_field_types_validation" time="0.000" /><testcase classname="unit.models.core.test_model_node_type.TestModelNodeType" name="test_factory_method_contract_to_model" time="0.000" /><testcase classname="unit.models.core.test_model_node_type.TestModelNodeType" name="test_factory_method_multi_doc_model_generator" time="0.000" /><testcase classname="unit.models.core.test_model_node_type.TestModelNodeType" name="test_factory_method_generate_error_codes" time="0.000" /><testcase classname="unit.models.core.test_model_generic_metadata_generic.TestModelGenericMetadataGeneric" name="test_generic_json_serialization" time="0.001" /><testcase classname="unit.models.core.test_model_generic_metadata_generic.TestModelGenericMetadataGeneric" name="test_generic_with_complex_types" time="0.000" /><testcase classname="unit.models.core.test_model_generic_metadata_generic.TestModelGenericMetadataGeneric" name="test_generic_custom_fields_none_handling" time="0.000" /><testcase classname="unit.models.core.test_model_generic_metadata_generic.TestModelGenericMetadataGeneric" name="test_generic_field_name_conflicts" time="0.000" /><testcase classname="unit.models.core.test_model_generic_metadata_generic.TestModelGenericMetadataGeneric" name="test_generic_inheritance_behavior" time="0.000" /><testcase classname="unit.models.core.test_model_generic_metadata_generic.TestModelGenericMetadataGeneric" name="test_generic_type_safety" time="0.000" /><testcase classname="unit.models.core.test_model_generic_metadata_generic.TestModelGenericMetadataGeneric" name="test_generic_round_trip_operations" time="0.000" /><testcase classname="unit.models.core.test_model_generic_metadata_generic.TestModelGenericMetadataGenericEdgeCases" name="test_generic_with_none_type" time="0.000" /><testcase classname="unit.models.core.test_model_generic_metadata_generic.TestModelGenericMetadataGenericEdgeCases" name="test_generic_inheritance_compatibility" time="0.000" /><testcase classname="unit.models.core.test_model_generic_metadata_generic.TestModelGenericMetadataGenericEdgeCases" name="test_generic_with_union_types" time="0.000" /><testcase classname="unit.models.core.test_model_generic_metadata_generic.TestModelGenericMetadataGenericEdgeCases" name="test_generic_custom_fields_initialization" time="0.000" /><testcase classname="unit.models.core.test_model_health_status.TestModelHealthStatus" name="test_initialization_with_required_fields" time="0.000" /><testcase classname="unit.models.core.test_model_health_status.TestModelHealthStatus" name="test_initialization_with_all_fields" time="0.005" /><testcase classname="unit.models.core.test_model_field_accessor.TestModelCustomFieldsAccessor" name="test_custom_field_access" time="0.001" /><testcase classname="unit.models.core.test_model_field_accessor.TestModelCustomFieldsAccessor" name="test_custom_fields_initialization" time="0.003" /><testcase classname="unit.models.core.test_model_field_accessor.TestFieldAccessorIntegration" name="test_cli_output_data_pattern" time="0.005" /><testcase classname="unit.models.core.test_model_field_accessor.TestFieldAccessorIntegration" name="test_environment_properties_pattern" time="0.001" /><testcase classname="unit.models.core.test_model_field_accessor.TestFieldAccessorIntegration" name="test_generic_metadata_pattern" time="0.001" /><testcase classname="unit.models.core.test_model_generic_collection.TestModelGenericCollection" name="test_create_empty_collection" time="0.001" /><testcase classname="unit.models.core.test_model_container.TestModelContainer" name="test_basic_creation_dict" time="0.001" /><testcase classname="unit.models.core.test_model_container.TestModelContainer" name="test_create_class_method" time="0.001" /><testcase classname="unit.models.core.test_model_container.TestModelContainer" name="test_create_validated_class_method" time="0.001" /><testcase classname="unit.models.core.test_model_container.TestModelContainer" name="test_get_value" time="0.000" /><testcase classname="unit.models.core.test_model_container.TestModelContainer" name="test_update_value_basic" time="0.000" /><testcase classname="unit.models.core.test_model_container.TestModelContainer" name="test_update_value_with_validation_notes" time="0.000" /><testcase classname="unit.models.core.test_model_container.TestModelContainer" name="test_update_value_mark_validated" time="0.000" /><testcase classname="unit.models.core.test_model_container.TestModelContainer" name="test_map_value_success" time="0.000" /><testcase classname="unit.models.core.test_model_container.TestModelContainer" name="test_map_value_with_type_change" time="0.000" /><testcase classname="unit.models.core.test_model_container.TestModelContainer" name="test_map_value_failure" time="0.004" /><testcase classname="unit.models.core.test_model_container.TestModelContainer" name="test_validate_with_success" time="0.001" /><testcase classname="unit.models.core.test_model_container.TestModelContainer" name="test_validate_with_failure" time="0.000" /><testcase classname="unit.models.core.test_model_container.TestModelContainer" name="test_validate_with_exception_in_validator" time="0.001" /><testcase classname="unit.models.core.test_model_container.TestModelContainer" name="test_compare_value_with_same_type" time="0.000" /><testcase classname="unit.models.core.test_model_container.TestModelContainer" name="test_compare_value_with_container" time="0.000" /><testcase classname="unit.models.core.test_model_container.TestModelContainer" name="test_equality_operator" time="0.000" /><testcase classname="unit.models.core.test_model_container.TestModelContainer" name="test_string_representation" time="0.000" /><testcase classname="unit.models.core.test_model_container.TestModelContainer" name="test_string_representation_unvalidated" time="0.000" /><testcase classname="unit.models.core.test_model_container.TestModelContainer" name="test_repr_method" time="0.000" /><testcase classname="unit.models.core.test_model_container.TestModelContainerSerialization" name="test_json_serialization" time="0.000" /><testcase classname="unit.models.core.test_model_container.TestModelContainerSerialization" name="test_json_deserialization" time="0.001" /><testcase classname="unit.models.core.test_model_container.TestModelContainerSerialization" name="test_round_trip_serialization" time="0.001" /><testcase classname="unit.models.core.test_model_container.TestModelContainerEdgeCases" name="test_none_value" time="0.000" /><testcase classname="unit.models.core.test_model_container.TestModelContainerEdgeCases" name="test_empty_string_value" time="0.001" /><testcase classname="unit.models.core.test_model_item_summary.TestModelItemSummary" name="test_validate_instance_protocol_method" time="0.000" /><testcase classname="unit.models.core.test_model_item_summary.TestModelItemSummary" name="test_validate_instance_with_data" time="0.000" /><testcase classname="unit.models.core.test_model_item_summary.TestModelItemSummary" name="test_get_name_protocol_method" time="0.000" /><testcase classname="unit.models.core.test_model_item_summary.TestModelItemSummary" name="test_get_name_with_name_field" time="0.000" /><testcase classname="unit.models.core.test_model_item_summary.TestModelItemSummary" name="test_set_name_protocol_method" time="0.000" /><testcase classname="unit.models.core.test_model_item_summary.TestModelItemSummary" name="test_item_type_enum_handling" time="0.000" /><testcase classname="unit.models.core.test_model_item_summary.TestModelItemSummary" name="test_tags_list_operations" time="0.000" /><testcase classname="unit.models.core.test_model_item_summary.TestModelItemSummary" name="test_categories_list_operations" time="0.002" /><testcase classname="unit.models.core.test_model_item_summary.TestModelItemSummary" name="test_string_properties_operations" time="0.000" /><testcase classname="unit.models.core.test_model_item_summary.TestModelItemSummary" name="test_numeric_properties_operations" time="0.000" /><testcase classname="unit.models.core.test_model_item_summary.TestModelItemSummary" name="test_boolean_properties_operations" time="0.000" /><testcase classname="unit.models.core.test_model_item_summary.TestModelItemSummary" name="test_model_config_extra_ignore" time="0.000" /><testcase classname="unit.models.core.test_model_item_summary.TestModelItemSummary" name="test_model_config_validate_assignment" time="0.000" /><testcase classname="unit.models.core.test_model_item_summary.TestModelItemSummary" name="test_timestamps_datetime_handling" time="0.000" /><testcase classname="unit.models.core.test_model_item_summary.TestModelItemSummary" name="test_priority_edge_cases" time="0.000" /><testcase classname="unit.models.core.test_model_item_summary.TestModelItemSummary" name="test_multiple_items_independence" time="0.000" /><testcase classname="unit.models.core.test_model_item_summary.TestModelItemSummary" name="test_empty_collections_are_mutable" time="0.000" /><testcase classname="unit.models.core.test_model_item_summary.TestModelItemSummary" name="test_complex_real_world_scenario" time="0.000" /><testcase classname="unit.models.core.test_model_missing_tool.TestModelMissingToolBasic" name="test_create_missing_tool_basic" time="0.000" /><testcase classname="unit.models.core.test_model_missing_tool.TestModelMissingToolBasic" name="test_create_missing_tool_with_all_fields" time="0.003" /><testcase classname="unit.models.core.test_model_missing_tool.TestModelMissingToolBasic" name="test_missing_tool_validation" time="0.001" /><testcase classname="unit.models.core.test_model_custom_fields_generic.TestModelCustomFieldsAccessorGeneric" name="test_generic_type_safety" time="0.000" /><testcase classname="unit.models.core.test_model_custom_fields_generic.TestModelCustomFieldsAccessorGeneric" name="test_generic_with_complex_types" time="0.001" /><testcase classname="unit.models.core.test_model_custom_fields_generic.TestModelCustomFieldsAccessorGeneric" name="test_generic_field_type_detection" time="0.001" /><testcase classname="unit.models.core.test_model_custom_fields_generic.TestModelCustomFieldsAccessorGeneric" name="test_generic_field_validation" time="0.000" /><testcase classname="unit.models.core.test_model_custom_fields_generic.TestModelCustomFieldsAccessorGeneric" name="test_generic_all_field_operations" time="0.001" /><testcase classname="unit.models.core.test_model_custom_fields_generic.TestModelCustomFieldsAccessorGeneric" name="test_generic_fields_by_type" time="0.000" /><testcase classname="unit.models.core.test_model_custom_fields_generic.TestModelCustomFieldsAccessorGenericEdgeCases" name="test_generic_with_none_type" time="0.001" /><testcase classname="unit.models.core.test_model_custom_fields_generic.TestModelCustomFieldsAccessorGenericEdgeCases" name="test_generic_inheritance_compatibility" time="0.002" /><testcase classname="unit.models.core.test_model_custom_fields_generic.TestModelCustomFieldsAccessorGenericEdgeCases" name="test_generic_separate_type_parameters" time="0.007" /><testcase classname="unit.models.core.test_model_custom_properties.TestModelCustomProperties" name="test_initialization_empty" time="0.000" /><testcase classname="unit.models.core.test_model_custom_properties.TestModelCustomProperties" name="test_set_custom_string" time="0.000" /><testcase classname="unit.models.core.test_model_custom_properties.TestModelCustomProperties" name="test_set_custom_number" time="0.000" /><testcase classname="unit.models.core.test_model_custom_properties.TestModelCustomProperties" name="test_set_custom_flag" time="0.000" /><testcase classname="unit.models.core.test_model_custom_properties.TestModelCustomProperties" name="test_get_custom_value" time="0.000" /><testcase classname="unit.models.core.test_model_custom_properties.TestModelCustomProperties" name="test_has_custom_field" time="0.000" /><testcase classname="unit.models.core.test_model_custom_properties.TestModelCustomProperties" name="test_remove_custom_field" time="0.000" /><testcase classname="unit.models.core.test_model_custom_properties.TestModelCustomProperties" name="test_get_all_custom_fields" time="0.000" /><testcase classname="unit.models.core.test_model_custom_properties.TestModelCustomProperties" name="test_set_custom_value_auto_type" time="0.000" /><testcase classname="unit.models.core.test_model_custom_properties.TestModelCustomProperties" name="test_set_custom_value_invalid_type" time="0.005" /><testcase classname="unit.models.core.test_model_custom_properties.TestModelCustomProperties" name="test_update_from_dict" time="0.000" /><testcase classname="unit.models.core.test_model_custom_properties.TestModelCustomProperties" name="test_clear_all" time="0.001" /><testcase classname="unit.models.core.test_model_health_status.TestModelHealthStatus" name="test_timestamp_datetime_conversion" time="0.000" /><testcase classname="unit.models.core.test_model_health_status.TestModelHealthStatus" name="test_timestamp_string_passthrough" time="0.000" /><testcase classname="unit.models.core.test_model_health_status.TestModelHealthStatus" name="test_timestamp_none_handling" time="0.001" /><testcase classname="unit.models.core.test_model_health_status.TestModelHealthStatus" name="test_timestamp_other_type_conversion" time="0.001" /><testcase classname="unit.models.core.test_model_health_status.TestModelHealthStatus" name="test_different_health_statuses" time="0.000" /><testcase classname="unit.models.core.test_model_health_status.TestModelHealthStatus" name="test_details_default_factory" time="0.000" /><testcase classname="unit.models.core.test_model_health_status.TestModelHealthStatus" name="test_uptime_seconds_precision" time="0.000" /><testcase classname="unit.models.core.test_model_health_status.TestModelHealthStatus" name="test_memory_usage_precision" time="0.000" /><testcase classname="unit.models.core.test_model_health_status.TestModelHealthStatus" name="test_cpu_usage_precision" time="0.000" /><testcase classname="unit.models.core.test_model_cli_execution.TestModelCliExecution" name="test_add_tag_method" time="0.000" /><testcase classname="unit.models.core.test_model_cli_execution.TestModelCliExecution" name="test_context_methods" time="0.000" /><testcase classname="unit.models.core.test_model_cli_execution.TestModelCliExecution" name="test_input_data_methods" time="0.000" /><testcase classname="unit.models.core.test_model_cli_execution.TestModelCliExecution" name="test_get_summary_method" time="0.001" /><testcase classname="unit.models.core.test_model_cli_execution.TestModelCliExecution" name="test_factory_methods" time="0.001" /><testcase classname="unit.models.core.test_model_cli_execution.TestModelCliExecution" name="test_model_serialization" time="0.001" /><testcase classname="unit.models.core.test_model_cli_execution.TestModelCliExecution" name="test_model_deserialization" time="0.001" /><testcase classname="unit.models.core.test_model_cli_execution.TestModelCliExecution" name="test_model_json_serialization" time="0.001" /><testcase classname="unit.models.core.test_model_cli_execution.TestModelCliExecution" name="test_model_equality" time="0.000" /><testcase classname="unit.models.core.test_model_cli_execution.TestModelCliExecutionEdgeCases" name="test_invalid_field_types" time="0.001" /><testcase classname="unit.models.core.test_model_cli_execution.TestModelCliExecutionEdgeCases" name="test_datetime_handling" time="0.000" /><testcase classname="unit.models.core.test_model_cli_execution.TestModelCliExecutionEdgeCases" name="test_large_values" time="0.000" /><testcase classname="unit.models.core.test_model_cli_execution.TestModelCliExecutionEdgeCases" name="test_empty_collections" time="0.000" /><testcase classname="unit.models.core.test_model_cli_execution.TestModelCliExecutionEdgeCases" name="test_unicode_and_special_characters" time="0.000" /><testcase classname="unit.models.core.test_model_cli_execution.TestModelCliExecutionEdgeCases" name="test_none_values_for_optional_fields" time="0.006" /><testcase classname="unit.models.core.test_model_container.TestModelContainerEdgeCases" name="test_zero_value" time="0.000" /><testcase classname="unit.models.core.test_model_container.TestModelContainerEdgeCases" name="test_complex_nested_structure" time="0.000" /><testcase classname="unit.models.core.test_model_container.TestModelContainerEdgeCases" name="test_validation_with_complex_logic" time="0.000" /><testcase classname="unit.models.core.test_model_container.TestModelContainerEdgeCases" name="test_mapping_preserves_source_metadata" time="0.000" /><testcase classname="unit.models.core.test_model_container.TestModelContainerEdgeCases" name="test_invalid_pydantic_data" time="0.001" /><testcase classname="unit.models.core.test_model_container.TestModelContainerEdgeCases" name="test_type_safety_enforcement" time="0.000" /><testcase classname="unit.models.core.test_model_container.TestModelContainerIntegration" name="test_pipeline_processing_pattern" time="0.000" /><testcase classname="unit.models.core.test_model_container.TestModelContainerIntegration" name="test_configuration_value_pattern" time="0.000" /><testcase classname="unit.models.core.test_model_container.TestModelContainerIntegration" name="test_error_context_preservation" time="0.000" /><testcase classname="unit.models.core.test_model_container.TestModelContainerIntegration" name="test_chained_validation" time="0.000" /><testcase classname="unit.models.core.test_model_container.TestModelContainerIntegration" name="test_container_as_cache_value" time="0.000" /><testcase classname="unit.models.core.test_model_custom_fields_accessor.TestModelCustomFieldsAccessor" name="test_initialization_empty" time="0.000" /><testcase classname="unit.models.core.test_model_custom_fields_accessor.TestModelCustomFieldsAccessor" name="test_get_custom_field_no_custom_fields" time="0.000" /><testcase classname="unit.models.core.test_model_health_status.TestModelHealthStatus" name="test_message_optional" time="0.000" /><testcase classname="unit.models.core.test_model_custom_properties.TestModelCustomProperties" name="test_from_dict_class_method" time="0.000" /><testcase classname="unit.models.core.test_model_configuration_base.TestModelTypedConfiguration" name="test_basic_functionality" time="0.000" /><testcase classname="unit.models.core.test_model_configuration_base.TestModelTypedConfiguration" name="test_configuration_merging" time="0.000" /><testcase classname="unit.models.core.test_model_configuration_base.TestModelTypedConfiguration" name="test_configuration_copying" time="0.000" /><testcase classname="unit.models.core.test_model_configuration_base.TestModelTypedConfiguration" name="test_validate_and_enable" time="0.003" /><testcase classname="unit.models.core.test_model_configuration_base.TestModelTypedConfiguration" name="test_disable_with_reason" time="0.001" /><testcase classname="unit.models.core.test_model_configuration_base.TestConfigurationIntegration" name="test_generic_type_preservation" time="0.005" /><testcase classname="unit.models.core.test_model_configuration_base.TestConfigurationIntegration" name="test_inheritance_patterns" time="0.002" /><testcase classname="unit.models.core.test_model_configuration_base.TestConfigurationBaseEdgeCases" name="test_serialize_config_data_with_exception" time="0.001" /><testcase classname="unit.models.core.test_model_configuration_base.TestConfigurationBaseEdgeCases" name="test_serialize_config_data_with_complex_object" time="0.001" /><testcase classname="unit.models.core.test_model_configuration_base.TestConfigurationBaseEdgeCases" name="test_serialize_config_data_with_pydantic_model" time="0.001" /><testcase classname="unit.models.core.test_model_configuration_base.TestConfigurationBaseEdgeCases" name="test_validate_config_data_with_exception_object" time="0.000" /><testcase classname="unit.models.core.test_model_configuration_base.TestConfigurationBaseEdgeCases" name="test_get_config_value_with_unsupported_type" time="0.001" /><testcase classname="unit.models.core.test_model_configuration_base.TestConfigurationBaseEdgeCases" name="test_get_config_value_with_unsupported_type_and_default" time="0.001" /><testcase classname="unit.models.core.test_model_configuration_base.TestConfigurationBaseEdgeCases" name="test_get_config_value_missing_key_without_default" time="0.000" /><testcase classname="unit.models.core.test_model_configuration_base.TestConfigurationBaseEdgeCases" name="test_get_config_value_with_none_config_data" time="0.001" /><testcase classname="unit.models.core.test_model_configuration_base.TestConfigurationBaseEdgeCases" name="test_validate_instance_with_empty_name" time="0.000" /><testcase classname="unit.models.core.test_model_configuration_base.TestConfigurationBaseEdgeCases" name="test_validate_instance_with_whitespace_name" time="0.000" /><testcase classname="unit.models.core.test_model_configuration_base.TestConfigurationBaseEdgeCases" name="test_validate_instance_when_disabled" time="0.000" /><testcase classname="unit.models.core.test_model_configuration_base.TestConfigurationBaseEdgeCases" name="test_validate_instance_with_none_config_data" time="0.000" /><testcase classname="unit.models.core.test_model_configuration_base.TestConfigurationBaseEdgeCases" name="test_validate_instance_success" time="0.000" /><testcase classname="unit.models.core.test_model_configuration_base.TestConfigurationBaseEdgeCases" name="test_configure_method_basic" time="0.000" /><testcase classname="unit.models.core.test_model_configuration_base.TestConfigurationBaseEdgeCases" name="test_configure_method_updates_config_data" time="0.000" /><testcase classname="unit.models.core.test_model_configuration_base.TestConfigurationBaseEdgeCases" name="test_configure_method_updates_timestamp" time="0.013" /><testcase classname="unit.models.core.test_model_generic_collection.TestModelGenericCollection" name="test_class_methods" time="0.001" /><testcase classname="unit.models.core.test_model_generic_collection.TestModelGenericCollection" name="test_timestamp_updates" time="0.000" /><testcase classname="unit.models.core.test_model_generic_collection.TestModelGenericCollection" name="test_collection_display_name_access" time="0.000" /><testcase classname="unit.models.core.test_model_generic_collection.TestModelGenericCollection" name="test_collection_id_uniqueness" time="0.000" /><testcase classname="unit.models.core.test_model_generic_collection.TestModelGenericCollectionEdgeCases" name="test_empty_collection_operations" time="0.000" /><testcase classname="unit.models.core.test_model_generic_collection.TestModelGenericCollectionEdgeCases" name="test_items_without_optional_attributes" time="0.002" /><testcase classname="unit.models.core.test_model_generic_collection.TestModelGenericCollectionEdgeCases" name="test_duplicate_names" time="0.000" /><testcase classname="unit.models.core.test_model_generic_collection_summary.TestModelGenericCollectionSummary" name="test_initialization_with_required_fields" time="0.000" /><testcase classname="unit.models.core.test_model_generic_collection_summary.TestModelGenericCollectionSummary" name="test_initialization_with_optional_fields" time="0.000" /><testcase classname="unit.models.core.test_model_generic_collection_summary.TestModelGenericCollectionSummary" name="test_default_collection_id_generated" time="0.000" /><testcase classname="unit.models.core.test_model_generic_collection_summary.TestModelGenericCollectionSummary" name="test_default_collection_display_name" time="0.000" /><testcase classname="unit.models.core.test_model_generic_collection_summary.TestModelGenericCollectionSummary" name="test_empty_collection_summary" time="0.001" /><testcase classname="unit.models.core.test_model_generic_collection_summary.TestModelGenericCollectionSummary" name="test_configure_protocol_method" time="0.002" /><testcase classname="unit.models.core.test_model_generic_collection_summary.TestModelGenericCollectionSummary" name="test_configure_with_invalid_fields" time="0.001" /><testcase classname="unit.models.core.test_model_generic_collection_summary.TestModelGenericCollectionSummary" name="test_configure_with_exception" time="0.011" /><testcase classname="unit.models.core.test_model_generic_collection_summary.TestModelGenericCollectionSummary" name="test_serialize_protocol_method" time="0.000" /><testcase classname="unit.models.core.test_model_generic_collection_summary.TestModelGenericCollectionSummary" name="test_serialize_includes_all_fields" time="0.000" /><testcase classname="unit.models.core.test_model_generic_collection_summary.TestModelGenericCollectionSummary" name="test_validate_instance_protocol_method" time="0.000" /><testcase classname="unit.models.core.test_model_generic_collection_summary.TestModelGenericCollectionSummary" name="test_get_name_protocol_method" time="0.000" /><testcase classname="unit.models.core.test_model_generic_collection_summary.TestModelGenericCollectionSummary" name="test_get_name_with_display_name" time="0.000" /><testcase classname="unit.models.core.test_model_generic_collection_summary.TestModelGenericCollectionSummary" name="test_set_name_protocol_method" time="0.001" /><testcase classname="unit.models.core.test_model_generic_collection_summary.TestModelGenericCollectionSummary" name="test_model_config_extra_ignore" time="0.001" /><testcase classname="unit.models.core.test_model_generic_collection_summary.TestModelGenericCollectionSummary" name="test_model_config_validate_assignment" time="0.001" /><testcase classname="unit.models.core.test_model_generic_collection_summary.TestModelGenericCollectionSummary" name="test_statistics_consistency" time="0.000" /><testcase classname="unit.models.core.test_model_generic_collection_summary.TestModelGenericCollectionSummary" name="test_has_items_flag_consistency" time="0.000" /><testcase classname="unit.models.core.test_model_generic_collection_summary.TestModelGenericCollectionSummary" name="test_timestamp_handling" time="0.001" /><testcase classname="unit.models.core.test_model_generic_collection.TestModelGenericCollection" name="test_create_named_collection" time="0.000" /><testcase classname="unit.models.core.test_model_generic_collection.TestModelGenericCollection" name="test_add_item" time="0.000" /><testcase classname="unit.models.core.test_model_generic_collection.TestModelGenericCollection" name="test_remove_item_by_id" time="0.000" /><testcase classname="unit.models.core.test_model_generic_collection.TestModelGenericCollection" name="test_remove_item_by_index" time="0.000" /><testcase classname="unit.models.core.test_model_generic_collection.TestModelGenericCollection" name="test_get_item_by_id" time="0.000" /><testcase classname="unit.models.core.test_model_cli_discovery_stats.TestToSummaryDict" name="test_to_summary_dict_rounds_health_percentage" time="0.000" /><testcase classname="unit.models.core.test_model_cli_discovery_stats.TestToSummaryDict" name="test_to_summary_dict_format_registries" time="0.000" /><testcase classname="unit.models.core.test_model_cli_discovery_stats.TestToSummaryDict" name="test_to_summary_dict_returns_dict" time="0.000" /><testcase classname="unit.models.core.test_model_cli_discovery_stats.TestToSummaryDict" name="test_to_summary_dict_has_expected_keys" time="0.000" /><testcase classname="unit.models.core.test_model_cli_discovery_stats.TestDiscoveryStatsEdgeCases" name="test_stats_with_large_numbers" time="0.000" /><testcase classname="unit.models.core.test_model_cli_discovery_stats.TestDiscoveryStatsEdgeCases" name="test_stats_with_zero_values" time="0.000" /><testcase classname="unit.models.core.test_model_node_type.TestModelNodeType" name="test_get_id_returns_type_id" time="0.022" /><testcase classname="unit.models.core.test_model_cli_execution.TestModelCliExecutionEdgeCases" name="test_edge_case_retry_logic" time="0.001" /><testcase classname="unit.models.core.test_model_configuration_base.TestModelConfigurationBase" name="test_basic_creation" time="0.006" /><testcase classname="unit.models.core.test_model_configuration_base.TestModelConfigurationBase" name="test_creation_with_data" time="0.001" /><testcase classname="unit.models.core.test_model_configuration_base.TestModelConfigurationBase" name="test_empty_configuration" time="0.000" /><testcase classname="unit.models.core.test_model_generic_collection.TestModelGenericCollection" name="test_get_item_by_name" time="0.001" /><testcase classname="unit.models.core.test_model_generic_collection.TestModelGenericCollection" name="test_get_item_by_index" time="0.001" /><testcase classname="unit.models.core.test_model_generic_collection.TestModelGenericCollection" name="test_filter_items" time="0.001" /><testcase classname="unit.models.core.test_model_generic_collection.TestModelGenericCollection" name="test_get_enabled_items" time="0.000" /><testcase classname="unit.models.core.test_model_generic_collection.TestModelGenericCollection" name="test_get_enabled_items_without_enabled_field" time="0.003" /><testcase classname="unit.models.core.test_model_generic_collection.TestModelGenericCollection" name="test_get_valid_items" time="0.000" /><testcase classname="unit.models.core.test_model_generic_collection.TestModelGenericCollection" name="test_get_items_by_tag" time="0.000" /><testcase classname="unit.models.core.test_model_generic_collection.TestModelGenericCollection" name="test_counting_methods" time="0.000" /><testcase classname="unit.models.core.test_model_generic_collection.TestModelGenericCollection" name="test_clear_all" time="0.000" /><testcase classname="unit.models.core.test_model_generic_collection.TestModelGenericCollection" name="test_sort_by_priority" time="0.000" /><testcase classname="unit.models.core.test_model_generic_collection.TestModelGenericCollection" name="test_sort_by_name" time="0.000" /><testcase classname="unit.models.core.test_model_generic_collection.TestModelGenericCollection" name="test_sort_by_created_at" time="0.000" /><testcase classname="unit.models.core.test_model_generic_collection.TestModelGenericCollection" name="test_get_item_names" time="0.000" /><testcase classname="unit.models.core.test_model_generic_collection.TestModelGenericCollection" name="test_has_item_methods" time="0.000" /><testcase classname="unit.models.core.test_model_generic_collection.TestModelGenericCollection" name="test_get_summary" time="0.001" /><testcase classname="unit.models.core.test_model_generic_collection.TestModelGenericCollection" name="test_extend_items" time="0.000" /><testcase classname="unit.models.core.test_model_custom_fields_accessor.TestModelCustomFieldsAccessor" name="test_set_custom_field_initializes_custom_fields" time="0.000" /><testcase classname="unit.models.core.test_model_custom_fields_accessor.TestModelCustomFieldsAccessor" name="test_custom_field_string_values" time="0.000" /><testcase classname="unit.models.core.test_model_custom_fields_accessor.TestModelCustomFieldsAccessor" name="test_custom_field_numeric_values" time="0.000" /><testcase classname="unit.models.core.test_model_custom_fields_accessor.TestModelCustomFieldsAccessor" name="test_custom_field_boolean_values" time="0.000" /><testcase classname="unit.models.core.test_model_custom_fields_accessor.TestModelCustomFieldsAccessor" name="test_custom_field_list_values" time="0.000" /><testcase classname="unit.models.core.test_model_node_type.TestModelNodeType" name="test_get_id_stable_across_calls" time="0.000" /><testcase classname="unit.models.core.test_model_node_type.TestModelNodeType" name="test_all_factory_methods_coverage" time="0.010" /><testcase classname="unit.models.core.test_model_node_type.TestModelNodeTypeEdgeCases" name="test_empty_string_fields" time="0.001" /><testcase classname="unit.models.core.test_model_node_type.TestModelNodeTypeEdgeCases" name="test_whitespace_handling" time="0.001" /><testcase classname="unit.models.core.test_model_node_type.TestModelNodeTypeEdgeCases" name="test_unicode_characters" time="0.000" /><testcase classname="unit.models.core.test_model_node_type.TestModelNodeTypeEdgeCases" name="test_very_long_strings" time="0.000" /><testcase classname="unit.models.core.test_model_node_type.TestModelNodeTypeEdgeCases" name="test_none_values_for_optional_fields" time="0.000" /><testcase classname="unit.models.core.test_model_node_type.TestModelNodeTypeEdgeCases" name="test_large_priority_values" time="0.000" /><testcase classname="unit.models.core.test_model_node_type.TestModelNodeTypeEdgeCases" name="test_complex_dependencies" time="0.000" /><testcase classname="unit.models.core.test_model_node_type.TestModelNodeTypeEdgeCases" name="test_version_compatibility_edge_cases" time="0.000" /><testcase classname="unit.models.core.test_model_project_metadata_block.TestModelProjectMetadataBlock" name="test_minimal_instantiation" time="0.001" /><testcase classname="unit.models.core.test_model_project_metadata_block.TestModelProjectMetadataBlock" name="test_instantiation_with_all_fields" time="0.000" /><testcase classname="unit.models.core.test_model_project_metadata_block.TestModelProjectMetadataBlock" name="test_parse_entrypoint_with_uri_string" time="0.000" /><testcase classname="unit.models.core.test_model_project_metadata_block.TestModelProjectMetadataBlock" name="test_parse_entrypoint_with_entrypoint_block" time="0.000" /><testcase classname="unit.models.core.test_model_project_metadata_block.TestModelProjectMetadataBlock" name="test_parse_entrypoint_invalid_value" time="0.000" /><testcase classname="unit.models.core.test_model_project_metadata_block.TestModelProjectMetadataBlock" name="test_from_dict_with_uri_string_entrypoint" time="0.000" /><testcase classname="unit.models.core.test_model_project_metadata_block.TestModelProjectMetadataBlock" name="test_from_dict_with_entrypoint_block" time="0.000" /><testcase classname="unit.models.core.test_model_project_metadata_block.TestModelProjectMetadataBlock" name="test_from_dict_invalid_entrypoint_type" time="0.000" /><testcase classname="unit.models.core.test_model_project_metadata_block.TestModelProjectMetadataBlock" name="test_from_dict_converts_version_fields" time="0.000" /><testcase classname="unit.models.core.test_model_project_metadata_block.TestModelProjectMetadataBlock" name="test_from_dict_missing_copyright_raises_error" time="0.000" /><testcase classname="unit.models.core.test_model_project_metadata_block.TestModelProjectMetadataBlock" name="test_to_serializable_dict_basic" time="0.001" /><testcase classname="unit.models.core.test_model_project_metadata_block.TestModelProjectMetadataBlock" name="test_to_serializable_dict_excludes_none_values" time="0.001" /><testcase classname="unit.models.core.test_model_project_metadata_block.TestModelProjectMetadataBlock" name="test_to_serializable_dict_preserves_tools" time="0.001" /><testcase classname="unit.models.core.test_model_cli_discovery_stats.TestDiscoveryStatsEdgeCases" name="test_stats_with_negative_duration_allowed" time="0.000" /><testcase classname="unit.models.core.test_model_cli_discovery_stats.TestDiscoveryStatsEdgeCases" name="test_stats_with_cache_hit_rate_100" time="0.000" /><testcase classname="unit.models.core.test_model_cli_discovery_stats.TestDiscoveryStatsEdgeCases" name="test_stats_with_cache_hit_rate_0" time="0.000" /><testcase classname="unit.models.core.test_model_cli_discovery_stats.TestDiscoveryStatsEdgeCases" name="test_stats_with_very_long_error_message" time="0.000" /><testcase classname="unit.models.core.test_model_cli_discovery_stats.TestDiscoveryStatsTimestamps" name="test_stats_with_iso_timestamps" time="0.001" /><testcase classname="unit.models.core.test_model_cli_discovery_stats.TestDiscoveryStatsTimestamps" name="test_stats_with_different_timestamp_formats" time="0.001" /><testcase classname="unit.models.core.test_model_node_type.TestModelNodeType" name="test_factory_method_validation_engine" time="0.000" /><testcase classname="unit.models.core.test_model_node_type.TestModelNodeType" name="test_factory_method_node_generator" time="0.000" /><testcase classname="unit.models.core.test_model_node_type.TestModelNodeType" name="test_factory_method_template_engine" time="0.000" /><testcase classname="unit.models.core.test_model_node_type.TestModelNodeType" name="test_factory_method_file_generator" time="0.000" /><testcase classname="unit.models.core.test_model_node_type.TestModelNodeType" name="test_factory_method_standards_compliance_fixer" time="0.000" /><testcase classname="unit.models.core.test_model_node_type.TestModelNodeType" name="test_factory_method_node_discovery" time="0.000" /><testcase classname="unit.models.core.test_model_generic_collection_summary.TestModelGenericCollectionSummary" name="test_multiple_summaries_independence" time="0.001" /><testcase classname="unit.models.core.test_model_generic_collection_summary.TestModelGenericCollectionSummary" name="test_complex_real_world_scenario" time="0.000" /><testcase classname="unit.models.core.test_model_generic_collection_summary.TestModelGenericCollectionSummary" name="test_edge_case_all_disabled" time="0.001" /><testcase classname="unit.models.core.test_model_generic_collection_summary.TestModelGenericCollectionSummary" name="test_edge_case_all_invalid" time="0.001" /><testcase classname="unit.models.core.test_model_generic_factory.TestModelGenericFactory" name="test_factory_initialization" time="0.000" /><testcase classname="unit.models.core.test_model_generic_factory.TestModelGenericFactory" name="test_register_factory_method" time="0.000" /><testcase classname="unit.models.core.test_model_generic_factory.TestModelGenericFactory" name="test_register_builder_method" time="0.000" /><testcase classname="unit.models.core.test_model_generic_factory.TestModelGenericFactory" name="test_create_instance_success" time="0.000" /><testcase classname="unit.models.core.test_model_generic_factory.TestModelGenericFactory" name="test_create_instance_unknown_factory" time="0.000" /><testcase classname="unit.models.core.test_model_generic_factory.TestModelGenericFactory" name="test_build_instance_success" time="0.000" /><testcase classname="unit.models.core.test_model_node_type.TestModelNodeType" name="test_factory_method_node_manager_runner" time="0.000" /><testcase classname="unit.models.core.test_model_node_type.TestModelNodeType" name="test_factory_method_logger_emit_log_event" time="0.000" /><testcase classname="unit.models.core.test_model_node_type.TestModelNodeType" name="test_factory_method_scenario_runner" time="0.000" /><testcase classname="unit.models.core.test_model_node_type.TestModelNodeType" name="test_from_string_method_known_types" time="0.000" /><testcase classname="unit.models.core.test_model_node_type.TestModelNodeType" name="test_from_string_method_unknown_type" time="0.002" /><testcase classname="unit.models.core.test_model_node_type.TestModelNodeType" name="test_string_representation" time="0.000" /><testcase classname="unit.models.core.test_model_node_type.TestModelNodeType" name="test_equality_comparison" time="0.000" /><testcase classname="unit.models.core.test_model_node_type.TestModelNodeType" name="test_model_serialization" time="0.000" /><testcase classname="unit.models.core.test_model_node_type.TestModelNodeType" name="test_model_deserialization" time="0.000" /><testcase classname="unit.models.core.test_model_generic_factory.TestModelGenericFactory" name="test_build_instance_unknown_builder" time="0.000" /><testcase classname="unit.models.core.test_model_generic_factory.TestModelGenericFactory" name="test_multiple_factories_and_builders" time="0.000" /><testcase classname="unit.models.core.test_model_generic_factory.TestModelGenericFactoryUtilities" name="test_create_success_result" time="0.000" /><testcase classname="unit.models.core.test_model_generic_factory.TestModelGenericFactoryUtilities" name="test_create_success_result_no_data" time="0.000" /><testcase classname="unit.models.core.test_model_generic_factory.TestModelGenericFactoryUtilities" name="test_create_error_result" time="0.000" /><testcase classname="unit.models.core.test_model_generic_factory.TestModelGenericFactoryUtilities" name="test_create_error_result_enum_severity" time="0.000" /><testcase classname="unit.models.core.test_model_project_metadata_block.TestModelProjectMetadataBlockEdgeCases" name="test_empty_namespace" time="0.000" /><testcase classname="unit.models.core.test_model_project_metadata_block.TestModelProjectMetadataBlockEdgeCases" name="test_unicode_in_fields" time="0.000" /><testcase classname="unit.models.core.test_model_project_metadata_block.TestModelProjectMetadataBlockEdgeCases" name="test_very_long_strings" time="0.000" /><testcase classname="unit.models.core.test_model_project_metadata_block.TestModelProjectMetadataBlockEdgeCases" name="test_lifecycle_enum_values" time="0.000" /><testcase classname="unit.models.core.test_model_project_metadata_block.TestModelProjectMetadataBlockEdgeCases" name="test_extra_fields_allowed" time="0.000" /><testcase classname="unit.models.core.test_model_project_metadata_block.TestModelProjectMetadataBlockEdgeCases" name="test_from_dict_partial_version_fields" time="0.000" /><testcase classname="unit.models.core.test_model_result_accessor.TestModelResultAccessor" name="test_initialization_empty" time="0.000" /><testcase classname="unit.models.core.test_model_result_accessor.TestModelResultAccessor" name="test_get_result_value_from_results" time="0.000" /><testcase classname="unit.models.core.test_model_result_accessor.TestModelResultAccessor" name="test_get_result_value_from_metadata_fallback" time="0.000" /><testcase classname="unit.models.core.test_model_result_accessor.TestModelResultAccessor" name="test_get_result_value_priority_results_over_metadata" time="0.000" /><testcase classname="unit.models.core.test_model_result_accessor.TestModelResultAccessor" name="test_get_result_value_with_default" time="0.000" /><testcase classname="unit.models.core.test_model_result_accessor.TestModelResultAccessor" name="test_set_result_value" time="0.000" /><testcase classname="unit.models.core.test_model_result_accessor.TestModelResultAccessor" name="test_set_metadata_value" time="0.000" /><testcase classname="unit.models.core.test_model_result_accessor.TestModelResultAccessor" name="test_mixed_results_and_metadata_operations" time="0.000" /><testcase classname="unit.models.core.test_model_result_accessor.TestModelResultAccessor" name="test_type_validation_string_values" time="0.010" /><testcase classname="unit.models.core.test_model_result_accessor.TestModelResultAccessor" name="test_type_validation_numeric_values" time="0.000" /><testcase classname="unit.models.core.test_model_result_accessor.TestModelResultAccessor" name="test_type_validation_boolean_values" time="0.000" /><testcase classname="unit.models.core.test_model_result_accessor.TestModelResultAccessor" name="test_invalid_type_handling" time="0.000" /><testcase classname="unit.models.core.test_model_result_accessor.TestModelResultAccessor" name="test_inheritance_from_field_accessor" time="0.000" /><testcase classname="unit.models.core.test_model_health_status.TestModelHealthStatus" name="test_serialization" time="0.003" /><testcase classname="unit.models.core.test_model_health_status.TestModelHealthStatus" name="test_deserialization" time="0.001" /><testcase classname="unit.models.core.test_model_cli_discovery_stats.TestDiscoveryStatsTimestamps" name="test_stats_timestamp_none_by_default" time="0.000" /><testcase classname="unit.models.core.test_model_cli_discovery_stats.TestDiscoveryStatsPerformanceMetrics" name="test_stats_with_performance_metrics" time="0.000" /><testcase classname="unit.models.core.test_model_cli_discovery_stats.TestDiscoveryStatsPerformanceMetrics" name="test_stats_duration_none_by_default" time="0.000" /><testcase classname="unit.models.core.test_model_cli_discovery_stats.TestDiscoveryStatsPerformanceMetrics" name="test_stats_cache_hit_rate_none_by_default" time="0.000" /><testcase classname="unit.models.core.test_model_cli_discovery_stats.TestDiscoveryStatsPerformanceMetrics" name="test_stats_with_zero_duration" time="0.000" /><testcase classname="unit.models.core.test_model_cli_discovery_stats.TestDiscoveryStatsErrorTracking" name="test_stats_with_errors" time="0.000" /><testcase classname="unit.models.core.test_model_cli_discovery_stats.TestDiscoveryStatsErrorTracking" name="test_stats_error_count_default_zero" time="0.000" /><testcase classname="unit.models.core.test_model_cli_discovery_stats.TestDiscoveryStatsErrorTracking" name="test_stats_error_message_default_none" time="0.001" /><testcase classname="unit.models.core.test_model_configuration_base.TestConfigurationBaseEdgeCases" name="test_get_display_name_with_none_name" time="0.000" /><testcase classname="unit.models.core.test_model_configuration_base.TestConfigurationBaseEdgeCases" name="test_get_display_name_with_set_name" time="0.000" /><testcase classname="unit.models.core.test_model_configuration_base.TestConfigurationBaseEdgeCases" name="test_serialize_method" time="0.001" /><testcase classname="unit.models.core.test_model_configuration_base.TestConfigurationBaseEdgeCases" name="test_serialize_excludes_none_false" time="0.000" /><testcase classname="unit.models.core.test_model_configuration_base.TestConfigurationBaseEdgeCases" name="test_get_name_protocol_method" time="0.000" /><testcase classname="unit.models.core.test_model_configuration_base.TestConfigurationBaseEdgeCases" name="test_get_name_with_none_name" time="0.000" /><testcase classname="unit.models.core.test_model_configuration_base.TestConfigurationBaseEdgeCases" name="test_set_name_protocol_method" time="0.001" /><testcase classname="unit.models.core.test_model_configuration_base.TestConfigurationBaseEdgeCases" name="test_set_name_updates_timestamp" time="0.013" /><testcase classname="unit.models.core.test_model_configuration_base.TestConfigurationBaseEdgeCases" name="test_version_or_default_with_none" time="0.000" /><testcase classname="unit.models.core.test_model_configuration_base.TestConfigurationBaseEdgeCases" name="test_version_or_default_with_set_version" time="0.000" /><testcase classname="unit.models.core.test_model_configuration_base.TestConfigurationBaseEdgeCases" name="test_model_validator_default_implementation" time="0.000" /><testcase classname="unit.models.core.test_model_configuration_base.TestConfigurationBaseProtocolCompliance" name="test_serializable_protocol_serialize" time="0.000" /><testcase classname="unit.models.core.test_model_configuration_base.TestConfigurationBaseProtocolCompliance" name="test_configurable_protocol_configure" time="0.000" /><testcase classname="unit.models.core.test_model_configuration_base.TestConfigurationBaseProtocolCompliance" name="test_nameable_protocol_get_name" time="0.000" /><testcase classname="unit.models.core.test_model_configuration_base.TestConfigurationBaseProtocolCompliance" name="test_nameable_protocol_set_name" time="0.000" /><testcase classname="unit.models.core.test_model_configuration_base.TestConfigurationBaseProtocolCompliance" name="test_validatable_protocol_validate_instance" time="0.000" /><testcase classname="unit.models.core.test_model_configuration_base.TestConfigurationBaseProtocolCompliance" name="test_validatable_protocol_invalid_instance" time="0.000" /><testcase classname="unit.models.core.test_model_missing_tool.TestModelMissingToolBasic" name="test_missing_tool_serialization" time="0.001" /><testcase classname="unit.models.core.test_model_result_factory.TestResultFactoryEdgeCases" name="test_none_values" time="0.000" /><testcase classname="unit.models.core.test_model_result_factory.TestResultFactoryEdgeCases" name="test_error_message_variations" time="0.000" /><testcase classname="unit.models.core.test_model_result_generic.TestResultGeneric" name="test_result_ok_creation" time="0.000" /><testcase classname="unit.models.core.test_model_result_generic.TestResultGeneric" name="test_result_err_creation" time="0.000" /><testcase classname="unit.models.core.test_model_result_generic.TestResultGeneric" name="test_result_unwrap_operations" time="0.000" /><testcase classname="unit.models.core.test_model_result_generic.TestResultGeneric" name="test_result_unwrap_or_operations" time="0.000" /><testcase classname="unit.models.core.test_model_result_generic.TestResultGeneric" name="test_result_unwrap_or_else_operations" time="0.000" /><testcase classname="unit.models.core.test_model_result_generic.TestResultGeneric" name="test_result_expect_operations" time="0.000" /><testcase classname="unit.models.core.test_model_result_generic.TestResultGeneric" name="test_result_map_operations" time="0.000" /><testcase classname="unit.models.core.test_model_result_generic.TestResultGeneric" name="test_result_map_err_operations" time="0.000" /><testcase classname="unit.models.core.test_model_result_generic.TestResultGeneric" name="test_result_and_then_operations" time="0.001" /><testcase classname="unit.models.core.test_model_result_generic.TestResultGeneric" name="test_result_or_else_operations" time="0.001" /><testcase classname="unit.models.core.test_model_result_generic.TestResultGeneric" name="test_result_boolean_conversion" time="0.000" /><testcase classname="unit.models.core.test_model_result_generic.TestResultGeneric" name="test_result_string_representations" time="0.000" /><testcase classname="unit.models.core.test_model_result_generic.TestResultGeneric" name="test_result_explicit_generic_types" time="0.000" /><testcase classname="unit.models.core.test_model_result_generic.TestResultGeneric" name="test_result_factory_functions" time="0.000" /><testcase classname="unit.models.core.test_model_result_generic.TestResultGeneric" name="test_try_result_function" time="0.000" /><testcase classname="unit.models.core.test_model_result_generic.TestResultGeneric" name="test_collect_results_function" time="0.000" /><testcase classname="unit.models.core.test_model_result_generic.TestResultGeneric" name="test_result_pydantic_validation" time="0.000" /><testcase classname="unit.models.core.test_model_result_generic.TestResultGeneric" name="test_result_validation_errors" time="0.000" /><testcase classname="unit.models.core.test_model_result_generic.TestResultGenericComplexTypes" name="test_result_with_nested_generics" time="0.000" /><testcase classname="unit.models.core.test_model_result_generic.TestResultGenericComplexTypes" name="test_result_chaining_with_complex_types" time="0.001" /><testcase classname="unit.models.core.test_model_result_generic.TestResultGenericComplexTypes" name="test_result_with_custom_classes" time="0.000" /><testcase classname="unit.models.core.test_model_result_generic.TestResultGenericEdgeCases" name="test_result_with_none_values" time="0.000" /><testcase classname="unit.models.core.test_model_result_generic.TestResultGenericEdgeCases" name="test_result_recursive_operations" time="0.001" /><testcase classname="unit.models.core.test_model_custom_properties.TestModelCustomProperties" name="test_from_metadata" time="0.001" /><testcase classname="unit.models.core.test_model_route_hop.TestModelRouteHop" name="test_model_route_hop_metadata_types" time="0.001" /><testcase classname="unit.models.core.test_model_result_generic.TestResultGenericEdgeCases" name="test_result_exception_in_operations" time="0.000" /><testcase classname="unit.models.core.test_model_route_hop.TestModelRouteHop" name="test_model_route_hop_creation_minimal" time="0.000" /><testcase classname="unit.models.core.test_model_route_hop.TestModelRouteHop" name="test_model_route_hop_creation_complete" time="0.000" /><testcase classname="unit.models.core.test_model_route_hop.TestModelRouteHop" name="test_model_route_hop_creation_with_error" time="0.000" /><testcase classname="unit.models.core.test_model_route_hop.TestModelRouteHop" name="test_model_route_hop_hop_types" time="0.000" /><testcase classname="unit.models.core.test_model_route_hop.TestModelRouteHop" name="test_model_route_hop_service_names" time="0.000" /><testcase classname="unit.models.core.test_model_route_hop.TestModelRouteHop" name="test_model_route_hop_processing_duration" time="0.000" /><testcase classname="unit.models.core.test_model_route_hop.TestModelRouteHop" name="test_model_route_hop_routing_decisions" time="0.000" /><testcase classname="unit.models.core.test_model_route_hop.TestModelRouteHop" name="test_model_route_hop_empty_metadata" time="0.001" /><testcase classname="unit.models.core.test_model_route_hop.TestModelRouteHop" name="test_model_route_hop_nested_metadata" time="0.000" /><testcase classname="unit.models.core.test_model_route_hop.TestModelRouteHop" name="test_model_route_hop_timestamp_formats" time="0.000" /><testcase classname="unit.models.core.test_model_route_hop.TestModelRouteHop" name="test_model_route_hop_serialization" time="0.000" /><testcase classname="unit.models.core.test_model_route_hop.TestModelRouteHop" name="test_model_route_hop_deserialization" time="0.000" /><testcase classname="unit.models.core.test_model_route_hop.TestModelRouteHop" name="test_model_route_hop_validation" time="0.000" /><testcase classname="unit.models.core.test_model_route_hop.TestModelRouteHop" name="test_model_route_hop_immutability" time="0.000" /><testcase classname="unit.models.core.test_model_route_hop.TestModelRouteHop" name="test_model_route_hop_equality" time="0.000" /><testcase classname="unit.models.core.test_model_route_hop.TestModelRouteHop" name="test_model_route_hop_str_representation" time="0.000" /><testcase classname="unit.models.core.test_model_route_hop.TestModelRouteHop" name="test_model_route_hop_repr_representation" time="0.000" /><testcase classname="unit.models.core.test_model_route_hop.TestModelRouteHop" name="test_model_route_hop_field_descriptions" time="0.000" /><testcase classname="unit.models.core.test_model_route_hop.TestModelRouteHop" name="test_model_route_hop_default_factory" time="0.000" /><testcase classname="unit.models.core.test_model_route_hop.TestModelRouteHop" name="test_model_route_hop_timestamp_default_factory" time="0.000" /><testcase classname="unit.models.core.test_model_route_hop.TestModelRouteHop" name="test_model_route_hop_edge_cases" time="0.001" /><testcase classname="unit.models.core.test_model_typed_accessor.TestModelTypedAccessor" name="test_initialization" time="0.000" /><testcase classname="unit.models.core.test_model_typed_accessor.TestModelTypedAccessor" name="test_get_typed_field_string_success" time="0.000" /><testcase classname="unit.models.core.test_model_typed_accessor.TestModelTypedAccessor" name="test_get_typed_field_string_default" time="0.000" /><testcase classname="unit.models.core.test_model_typed_accessor.TestModelTypedAccessor" name="test_get_typed_field_string_type_mismatch" time="0.000" /><testcase classname="unit.models.core.test_model_typed_accessor.TestModelTypedAccessor" name="test_get_typed_field_int_success" time="0.000" /><testcase classname="unit.models.core.test_model_typed_accessor.TestModelTypedAccessor" name="test_get_typed_field_int_default" time="0.000" /><testcase classname="unit.models.core.test_model_typed_accessor.TestModelTypedAccessor" name="test_get_typed_field_float_success" time="0.000" /><testcase classname="unit.models.core.test_model_typed_accessor.TestModelTypedAccessor" name="test_get_typed_field_bool_success" time="0.000" /><testcase classname="unit.models.core.test_model_typed_accessor.TestModelTypedAccessor" name="test_get_typed_field_none_value" time="0.000" /><testcase classname="unit.models.core.test_model_typed_accessor.TestModelTypedAccessor" name="test_set_typed_field_string_success" time="0.000" /><testcase classname="unit.models.core.test_model_typed_accessor.TestModelTypedAccessor" name="test_set_typed_field_int_success" time="0.000" /><testcase classname="unit.models.core.test_model_typed_accessor.TestModelTypedAccessor" name="test_set_typed_field_float_success" time="0.000" /><testcase classname="unit.models.core.test_model_typed_accessor.TestModelTypedAccessor" name="test_set_typed_field_bool_success" time="0.000" /><testcase classname="unit.models.core.test_model_typed_accessor.TestModelTypedAccessor" name="test_set_typed_field_type_mismatch" time="0.000" /><testcase classname="unit.models.core.test_model_typed_accessor.TestModelTypedAccessor" name="test_set_typed_field_with_schema_value" time="0.000" /><testcase classname="unit.models.core.test_model_typed_accessor.TestModelTypedAccessor" name="test_multiple_typed_fields" time="0.001" /><testcase classname="unit.models.core.test_model_typed_accessor.TestModelTypedAccessor" name="test_overwrite_typed_field" time="0.001" /><testcase classname="unit.models.core.test_model_typed_accessor.TestModelTypedAccessor" name="test_configure_protocol_method" time="0.001" /><testcase classname="unit.models.core.test_model_cli_discovery_stats.TestDiscoveryStatsErrorTracking" name="test_stats_with_multiple_errors" time="0.001" /><testcase classname="unit.models.core.test_model_typed_configuration.TestModelTypedConfiguration" name="test_set_name_protocol" time="0.005" /><testcase classname="unit.models.core.test_model_generic_collection.TestModelGenericCollection" name="test_find_items" time="0.000" /><testcase classname="unit.models.core.test_model_typed_accessor.TestModelTypedAccessor" name="test_serialize_protocol_method" time="0.001" /><testcase classname="unit.models.core.test_model_typed_accessor.TestModelTypedAccessor" name="test_serialize_with_data" time="0.000" /><testcase classname="unit.models.core.test_model_typed_accessor.TestModelTypedAccessor" name="test_serialize_excludes_private_attributes" time="0.000" /><testcase classname="unit.models.core.test_model_typed_accessor.TestModelTypedAccessor" name="test_serialize_handles_non_serializable_types" time="0.000" /><testcase classname="unit.models.core.test_model_typed_accessor.TestModelTypedAccessor" name="test_validate_instance_protocol_method" time="0.000" /><testcase classname="unit.models.core.test_model_typed_accessor.TestModelTypedAccessor" name="test_validate_instance_with_data" time="0.001" /><testcase classname="unit.models.core.test_model_typed_configuration.TestModelTypedConfiguration" name="test_different_type_parameters" time="0.003" /><testcase classname="unit.models.core.test_model_typed_configuration.TestModelTypedConfiguration" name="test_update_timestamp_called" time="0.001" /><testcase classname="unit.models.core.test_model_typed_configuration.TestModelTypedConfigurationEdgeCases" name="test_empty_configuration" time="0.000" /><testcase classname="unit.models.core.test_model_typed_configuration.TestModelTypedConfigurationEdgeCases" name="test_none_config_data" time="0.000" /><testcase classname="unit.models.core.test_model_typed_configuration.TestModelTypedConfigurationEdgeCases" name="test_merge_same_configuration" time="0.000" /><testcase classname="unit.models.core.test_model_typed_configuration.TestModelTypedConfigurationEdgeCases" name="test_special_characters_in_strings" time="0.000" /><testcase classname="unit.models.core.test_model_typed_configuration.TestModelTypedConfigurationEdgeCases" name="test_large_custom_properties" time="0.000" /><testcase classname="unit.models.core.test_model_typed_configuration.TestModelTypedConfigurationEdgeCases" name="test_configure_with_invalid_attributes" time="0.000" /><testcase classname="unit.models.core.test_model_typed_accessor.TestModelTypedAccessor" name="test_get_name_protocol_method" time="0.001" /><testcase classname="unit.models.core.test_model_typed_accessor.TestModelTypedAccessor" name="test_set_name_protocol_method" time="0.000" /><testcase classname="unit.models.core.test_model_typed_accessor.TestModelTypedAccessor" name="test_inheritance_from_field_accessor" time="0.000" /><testcase classname="unit.models.core.test_model_health_status.TestModelHealthStatus" name="test_zero_values" time="0.000" /><testcase classname="unit.models.core.test_model_validation_result.TestModelValidationResult" name="test_validation_result_validation" time="0.000" /><testcase classname="unit.models.core.test_model_configuration_base.TestModelConfigurationBase" name="test_disabled_configuration" time="0.000" /><testcase classname="unit.models.core.test_model_uri.TestModelOnexUri" name="test_type_literal_validation" time="0.000" /><testcase classname="unit.models.core.test_model_typed_accessor.TestModelTypedAccessor" name="test_nested_path_access" time="0.000" /><testcase classname="unit.models.core.test_model_typed_accessor.TestModelTypedAccessor" name="test_list_type_handling" time="0.000" /><testcase classname="unit.models.core.test_model_typed_accessor.TestModelTypedAccessor" name="test_dict_type_handling" time="0.000" /><testcase classname="unit.models.core.test_model_typed_accessor.TestModelTypedAccessor" name="test_edge_case_empty_string" time="0.000" /><testcase classname="unit.models.core.test_model_typed_accessor.TestModelTypedAccessor" name="test_edge_case_zero_value" time="0.000" /><testcase classname="unit.models.core.test_model_typed_accessor.TestModelTypedAccessor" name="test_edge_case_false_value" time="0.000" /><testcase classname="unit.models.core.test_model_typed_accessor.TestModelTypedAccessor" name="test_type_parameter_in_serialize" time="0.000" /><testcase classname="unit.models.core.test_model_typed_accessor.TestModelTypedAccessor" name="test_complex_scenario_mixed_types" time="0.000" /><testcase classname="unit.models.core.test_model_typed_accessor.TestModelTypedAccessor" name="test_generic_type_constraints" time="0.000" /><testcase classname="unit.models.core.test_model_validation_result.TestModelValidationResult" name="test_validation_result_metadata" time="0.000" /><testcase classname="unit.models.core.test_model_validation_result.TestModelValidationResult" name="test_validation_result_creation_with_data" time="0.000" /><testcase classname="unit.models.core.test_model_validation_result.TestModelValidationResult" name="test_validation_result_copy" time="0.000" /><testcase classname="unit.models.core.test_model_validation_result.TestModelValidationResult" name="test_validation_result_immutability" time="0.000" /><testcase classname="unit.models.core.test_model_validation_result.TestModelValidationResult" name="test_validation_result_docstring" time="0.000" /><testcase classname="unit.models.core.test_model_validation_result.TestModelValidationResult" name="test_validation_result_class_name" time="0.001" /><testcase classname="unit.models.core.test_model_validation_result.TestModelValidationResult" name="test_validation_result_module" time="0.000" /><testcase classname="unit.models.core.test_model_typed_configuration.TestModelTypedConfigurationEdgeCases" name="test_disable_multiple_times" time="0.000" /><testcase classname="unit.models.core.test_model_uri.TestModelOnexUri" name="test_field_types_validation" time="0.000" /><testcase classname="unit.models.core.test_model_uri.TestModelOnexUri" name="test_various_namespace_formats" time="0.001" /><testcase classname="unit.models.core.test_model_uri.TestModelOnexUri" name="test_various_version_specs" time="0.001" /><testcase classname="unit.models.core.test_model_yaml_list.TestModelYamlList" name="test_initialization_empty" time="0.000" /><testcase classname="unit.models.core.test_model_yaml_list.TestModelYamlList" name="test_initialization_with_list" time="0.000" /><testcase classname="unit.models.core.test_model_yaml_list.TestModelYamlList" name="test_initialization_with_dict_list" time="0.000" /><testcase classname="unit.models.core.test_model_uri.TestModelOnexUri" name="test_original_uri_formats" time="0.001" /><testcase classname="unit.models.core.test_model_yaml_list.TestModelYamlList" name="test_initialization_with_mixed_types" time="0.000" /><testcase classname="unit.models.core.test_model_yaml_list.TestModelYamlList" name="test_initialization_with_none_data" time="0.001" /><testcase classname="unit.models.core.test_model_uri.TestModelOnexUri" name="test_real_world_uri_examples" time="0.001" /><testcase classname="unit.models.core.test_model_yaml_list.TestModelYamlList" name="test_initialization_with_kwargs_only" time="0.000" /><testcase classname="unit.models.core.test_model_yaml_list.TestModelYamlList" name="test_initialization_data_and_kwargs" time="0.000" /><testcase classname="unit.models.core.test_model_yaml_list.TestModelYamlList" name="test_initialization_with_nested_lists" time="0.000" /><testcase classname="unit.models.core.test_model_yaml_list.TestModelYamlList" name="test_extra_fields_allowed" time="0.000" /><testcase classname="unit.models.core.test_model_yaml_list.TestModelYamlList" name="test_model_dump" time="0.000" /><testcase classname="unit.models.core.test_model_yaml_list.TestModelYamlList" name="test_model_dump_json" time="0.000" /><testcase classname="unit.models.core.test_model_uri.TestModelOnexUri" name="test_model_serialization" time="0.001" /><testcase classname="unit.models.core.test_model_yaml_list.TestModelYamlList" name="test_empty_list" time="0.001" /><testcase classname="unit.models.core.test_model_yaml_list.TestModelYamlList" name="test_single_item_list" time="0.000" /><testcase classname="unit.models.core.test_model_yaml_list.TestModelYamlList" name="test_large_list" time="0.000" /><testcase classname="unit.models.core.test_model_yaml_list.TestModelYamlList" name="test_list_with_none_values" time="0.000" /><testcase classname="unit.models.core.test_model_uri.TestModelOnexUri" name="test_model_deserialization" time="0.000" /><testcase classname="unit.models.core.test_model_uri.TestModelOnexUri" name="test_model_json_serialization" time="0.000" /><testcase classname="unit.models.core.test_model_uri.TestModelOnexUri" name="test_model_equality" time="0.000" /><testcase classname="unit.models.core.test_model_uri.TestModelOnexUri" name="test_model_instantiation_explicit_typing" time="0.000" /><testcase classname="unit.models.core.test_model_uri.TestModelOnexUriEdgeCases" name="test_empty_string_fields" time="0.000" /><testcase classname="unit.models.core.test_model_node_type.TestModelNodeType" name="test_model_json_serialization" time="0.001" /><testcase classname="unit.models.core.test_model_yaml_list.TestModelYamlListEdgeCases" name="test_initialization_not_list" time="0.000" /><testcase classname="unit.models.core.test_model_yaml_list.TestModelYamlListEdgeCases" name="test_initialization_dict_data" time="0.000" /><testcase classname="unit.models.core.test_model_yaml_list.TestModelYamlList" name="test_list_modification" time="0.000" /><testcase classname="unit.models.core.test_model_yaml_list.TestModelYamlList" name="test_list_with_complex_objects" time="0.000" /><testcase classname="unit.models.core.test_model_yaml_list.TestModelYamlListEdgeCases" name="test_unicode_strings" time="0.000" /><testcase classname="unit.models.core.test_model_yaml_list.TestModelYamlListEdgeCases" name="test_special_characters" time="0.000" /><testcase classname="unit.models.core.test_model_yaml_list.TestModelYamlListEdgeCases" name="test_numeric_strings" time="0.000" /><testcase classname="unit.models.core.test_model_uri.TestModelOnexUriEdgeCases" name="test_whitespace_handling" time="0.000" /><testcase classname="unit.models.core.test_model_uri.TestModelOnexUriEdgeCases" name="test_unicode_characters" time="0.000" /><testcase classname="unit.models.core.test_model_uri.TestModelOnexUriEdgeCases" name="test_very_long_strings" time="0.001" /><testcase classname="unit.models.core.test_model_uri.TestModelOnexUriEdgeCases" name="test_special_characters_in_fields" time="0.000" /><testcase classname="unit.models.core.test_model_uri.TestModelOnexUriEdgeCases" name="test_type_field_edge_cases" time="0.000" /><testcase classname="unit.models.core.test_model_yaml_list.TestModelYamlListEdgeCases" name="test_boolean_values" time="0.000" /><testcase classname="unit.models.core.test_model_missing_tool.TestModelMissingToolSerialization" name="test_roundtrip_serialization" time="0.006" /><testcase classname="unit.models.core.test_model_missing_tool.TestModelMissingToolSerialization" name="test_partial_serialization" time="0.000" /><testcase classname="unit.models.core.test_model_namespace_config.TestModelNamespaceConfig" name="test_model_instantiation_with_defaults" time="0.000" /><testcase classname="unit.models.core.test_model_namespace_config.TestModelNamespaceConfig" name="test_model_instantiation_with_all_fields" time="0.000" /><testcase classname="unit.models.core.test_model_namespace_config.TestModelNamespaceConfig" name="test_all_valid_strategy_values" time="0.001" /><testcase classname="unit.models.core.test_model_yaml_list.TestModelYamlListEdgeCases" name="test_model_copy" time="0.000" /><testcase classname="unit.models.core.test_model_yaml_list.TestModelYamlListEdgeCases" name="test_model_copy_deep" time="0.000" /><testcase classname="unit.models.core.test_model_yaml_list.TestModelYamlListEdgeCases" name="test_model_validate" time="0.000" /><testcase classname="unit.models.core.test_model_yaml_list.TestModelYamlListEdgeCases" name="test_empty_dict_in_list" time="0.000" /><testcase classname="unit.models.discovery.test_discovery_events.TestNodeIntrospectionEvent" name="test_create_basic_introspection_event" time="0.000" /><testcase classname="unit.models.discovery.test_discovery_events.TestNodeIntrospectionEvent" name="test_factory_method_create_from_node_info" time="0.000" /><testcase classname="unit.models.discovery.test_discovery_events.TestToolDiscoveryRequest" name="test_create_basic_discovery_request" time="0.000" /><testcase classname="unit.models.core.test_model_uri.TestModelOnexUriEdgeCases" name="test_none_values_not_allowed" time="0.002" /><testcase classname="unit.models.core.test_model_yaml_list.TestModelYamlListEdgeCases" name="test_very_long_strings" time="0.001" /><testcase classname="unit.models.core.test_model_uri.TestModelOnexUriEdgeCases" name="test_mixed_case_type_validation" time="0.001" /><testcase classname="unit.models.core.test_model_typed_configuration.TestModelTypedConfigurationBranchCoverage" name="test_merge_configuration_none_name_branch" time="0.001" /><testcase classname="unit.models.core.test_model_typed_configuration.TestModelTypedConfigurationBranchCoverage" name="test_merge_configuration_non_none_name_branch" time="0.000" /><testcase classname="unit.models.discovery.test_discovery_events.TestToolDiscoveryRequest" name="test_factory_method_create_mcp_request" time="0.008" /><testcase classname="unit.models.discovery.test_discovery_events.TestToolDiscoveryResponse" name="test_create_basic_discovery_response" time="0.000" /><testcase classname="unit.models.discovery.test_discovery_events.TestToolDiscoveryResponse" name="test_factory_method_create_success_response" time="0.000" /><testcase classname="unit.models.discovery.test_discovery_events.TestNodeHealthEvent" name="test_create_basic_health_event" time="0.001" /><testcase classname="unit.models.discovery.test_discovery_events.TestNodeHealthEvent" name="test_factory_method_create_warning_report" time="0.001" /><testcase classname="unit.models.discovery.test_discovery_events.TestNodeShutdownEvent" name="test_create_basic_shutdown_event" time="0.000" /><testcase classname="unit.models.discovery.test_discovery_events.TestNodeShutdownEvent" name="test_factory_method_create_error_shutdown" time="0.000" /><testcase classname="unit.models.discovery.test_discovery_events" name="test_all_events_have_correlation_id_support" time="0.001" /><testcase classname="unit.models.discovery.test_request_response_introspection.TestRequestIntrospectionEvent" name="test_basic_request_creation" time="0.001" /><testcase classname="unit.models.discovery.test_request_response_introspection.TestRequestIntrospectionEvent" name="test_factory_methods" time="0.001" /><testcase classname="unit.models.discovery.test_request_response_introspection.TestRequestIntrospectionEvent" name="test_filters" time="0.000" /><testcase classname="unit.models.discovery.test_request_response_introspection.TestIntrospectionResponseEvent" name="test_basic_response_creation" time="0.000" /><testcase classname="unit.models.discovery.test_request_response_introspection.TestIntrospectionResponseEvent" name="test_factory_methods" time="0.001" /><testcase classname="unit.models.discovery.test_request_response_introspection.TestIntrospectionResponseEvent" name="test_detailed_response_models" time="0.000" /><testcase classname="unit.models.discovery.test_request_response_introspection.TestMixinRequestResponseIntrospection" name="test_setup_and_teardown" time="0.002" /><testcase classname="unit.models.discovery.test_request_response_introspection.TestMixinRequestResponseIntrospection" name="test_filter_matching" time="0.001" /><testcase classname="unit.models.discovery.test_request_response_introspection.TestMixinRequestResponseIntrospection" name="test_current_status_detection" time="0.001" /><testcase classname="unit.models.discovery.test_request_response_introspection.TestMixinRequestResponseIntrospection" name="test_handle_introspection_request" time="0.001" /><testcase classname="unit.models.discovery.test_request_response_introspection.TestMixinRequestResponseIntrospection" name="test_handle_filtered_request" time="0.000" /><testcase classname="unit.models.discovery.test_request_response_introspection.TestMixinRequestResponseIntrospection" name="test_error_handling" time="0.001" /><testcase classname="unit.models.core.test_model_typed_configuration.TestModelTypedConfigurationBranchCoverage" name="test_merge_configuration_none_description_branch" time="0.001" /><testcase classname="unit.models.core.test_model_typed_configuration.TestModelTypedConfiguration" name="test_initialization_defaults" time="0.046" /><testcase classname="unit.models.core.test_model_typed_configuration.TestModelTypedConfiguration" name="test_initialization_with_values" time="0.001" /><testcase classname="unit.models.core.test_model_typed_configuration.TestModelTypedConfiguration" name="test_merge_configuration_basic" time="0.001" /><testcase classname="unit.models.core.test_model_typed_configuration.TestModelTypedConfiguration" name="test_merge_configuration_custom_properties" time="0.001" /><testcase classname="unit.models.core.test_model_typed_configuration.TestModelTypedConfiguration" name="test_merge_configuration_none_values" time="0.000" /><testcase classname="unit.models.core.test_model_typed_configuration.TestModelTypedConfiguration" name="test_copy_configuration" time="0.000" /><testcase classname="unit.models.core.test_model_typed_configuration.TestModelTypedConfiguration" name="test_copy_configuration_deep" time="0.000" /><testcase classname="unit.models.core.test_model_typed_configuration.TestModelTypedConfiguration" name="test_validate_and_enable_with_config_data" time="0.000" /><testcase classname="unit.models.core.test_model_namespace_config.TestModelNamespaceConfig" name="test_strategy_literal_validation" time="0.005" /><testcase classname="unit.models.core.test_model_namespace_config.TestModelNamespaceConfig" name="test_enabled_field_validation" time="0.001" /><testcase classname="unit.models.core.test_model_namespace_config.TestModelNamespaceConfig" name="test_field_types_validation" time="0.000" /><testcase classname="unit.models.core.test_model_namespace_config.TestModelNamespaceConfig" name="test_model_serialization" time="0.000" /><testcase classname="unit.models.core.test_model_namespace_config.TestModelNamespaceConfig" name="test_model_deserialization" time="0.001" /><testcase classname="unit.models.core.test_model_namespace_config.TestModelNamespaceConfig" name="test_model_json_serialization" time="0.000" /><testcase classname="unit.models.core.test_model_namespace_config.TestModelNamespaceConfig" name="test_model_equality" time="0.000" /><testcase classname="unit.models.core.test_model_namespace_config.TestModelNamespaceConfig" name="test_default_values_behavior" time="0.001" /><testcase classname="unit.models.core.test_model_namespace_config.TestModelNamespaceConfig" name="test_strategy_combinations" time="0.000" /><testcase classname="unit.models.core.test_model_namespace_config.TestModelNamespaceConfig" name="test_repr_and_str" time="0.000" /><testcase classname="unit.models.core.test_model_namespace_config.TestModelNamespaceConfigEdgeCases" name="test_none_values" time="0.000" /><testcase classname="unit.models.core.test_model_namespace_config.TestModelNamespaceConfigEdgeCases" name="test_empty_and_whitespace_strategy" time="0.000" /><testcase classname="unit.models.core.test_model_namespace_config.TestModelNamespaceConfigEdgeCases" name="test_unicode_strategy_values" time="0.000" /><testcase classname="unit.models.core.test_model_namespace_config.TestModelNamespaceConfigEdgeCases" name="test_case_sensitivity_strategy" time="0.000" /><testcase classname="unit.models.core.test_model_namespace_config.TestModelNamespaceConfigEdgeCases" name="test_boolean_edge_cases" time="0.000" /><testcase classname="unit.models.core.test_model_namespace_config.TestModelNamespaceConfigEdgeCases" name="test_serialization_round_trip" time="0.001" /><testcase classname="unit.models.core.test_model_uri.TestModelOnexUriEdgeCases" name="test_comprehensive_uri_scenarios" time="0.001" /><testcase classname="unit.models.core.test_model_validation_result.TestModelValidationResult" name="test_create_validation_result" time="0.000" /><testcase classname="unit.models.core.test_model_validation_result.TestModelValidationResult" name="test_validation_result_inheritance" time="0.000" /><testcase classname="unit.models.core.test_model_validation_result.TestModelValidationResult" name="test_validation_result_serialization" time="0.001" /><testcase classname="unit.models.core.test_model_typed_configuration.TestModelTypedConfigurationBranchCoverage" name="test_merge_configuration_non_none_description_branch" time="0.000" /><testcase classname="unit.models.core.test_model_typed_configuration.TestModelTypedConfigurationBranchCoverage" name="test_merge_configuration_none_version_branch" time="0.001" /><testcase classname="unit.models.core.test_model_typed_configuration.TestModelTypedConfigurationBranchCoverage" name="test_merge_configuration_non_none_version_branch" time="0.001" /><testcase classname="unit.models.core.test_model_typed_configuration.TestModelTypedConfigurationBranchCoverage" name="test_merge_configuration_none_config_data_branch" time="0.001" /><testcase classname="unit.models.core.test_model_typed_configuration.TestModelTypedConfigurationBranchCoverage" name="test_merge_configuration_non_none_config_data_branch" time="0.000" /><testcase classname="unit.models.core.test_model_typed_configuration.TestModelTypedConfigurationBranchCoverage" name="test_validate_and_enable_none_config_data_branch" time="0.000" /><testcase classname="unit.models.core.test_model_typed_configuration.TestModelTypedConfigurationBranchCoverage" name="test_validate_and_enable_non_none_config_data_branch" time="0.000" /><testcase classname="unit.models.core.test_model_typed_configuration.TestModelTypedConfigurationBranchCoverage" name="test_disable_with_reason_none_description_branch" time="0.000" /><testcase classname="unit.models.core.test_model_typed_configuration.TestModelTypedConfigurationBranchCoverage" name="test_disable_with_reason_existing_description_branch" time="0.000" /><testcase classname="unit.models.core.test_model_typed_configuration.TestModelTypedConfigurationBranchCoverage" name="test_configure_hasattr_true_branch" time="0.000" /><testcase classname="unit.models.core.test_model_typed_configuration.TestModelTypedConfigurationBranchCoverage" name="test_configure_hasattr_false_branch" time="0.000" /><testcase classname="unit.models.core.test_model_typed_configuration.TestModelTypedConfigurationBranchCoverage" name="test_get_name_with_name_field" time="0.000" /><testcase classname="unit.models.core.test_model_typed_configuration.TestModelTypedConfigurationBranchCoverage" name="test_get_name_with_none_name_field" time="0.000" /><testcase classname="unit.models.core.test_model_typed_configuration.TestModelTypedConfigurationBranchCoverage" name="test_get_name_fallback_branch" time="0.077" /><testcase classname="unit.models.core.test_model_typed_configuration.TestModelTypedConfiguration" name="test_validate_and_enable_without_config_data" time="0.000" /><testcase classname="unit.models.core.test_model_typed_configuration.TestModelTypedConfiguration" name="test_disable_with_reason" time="0.000" /><testcase classname="unit.models.core.test_model_typed_configuration.TestModelTypedConfiguration" name="test_configure_protocol" time="0.000" /><testcase classname="unit.models.core.test_model_typed_configuration.TestModelTypedConfiguration" name="test_serialize_protocol" time="0.000" /><testcase classname="unit.models.core.test_model_typed_configuration.TestModelTypedConfiguration" name="test_validate_instance_protocol" time="0.000" /><testcase classname="unit.models.core.test_model_typed_configuration.TestModelTypedConfiguration" name="test_get_name_protocol" time="0.000" /><testcase classname="unit.models.core.test_model_validation_result.TestModelValidationResult" name="test_validation_result_deserialization" time="0.000" /><testcase classname="unit.models.core.test_model_validation_result.TestModelValidationResult" name="test_validation_result_json_serialization" time="0.000" /><testcase classname="unit.models.core.test_model_validation_result.TestModelValidationResult" name="test_validation_result_roundtrip" time="0.000" /><testcase classname="unit.models.core.test_model_validation_result.TestModelValidationResult" name="test_validation_result_equality" time="0.000" /><testcase classname="unit.models.core.test_model_validation_result.TestModelValidationResult" name="test_validation_result_hash" time="0.000" /><testcase classname="unit.models.core.test_model_validation_result.TestModelValidationResult" name="test_validation_result_str" time="0.000" /><testcase classname="unit.models.core.test_model_validation_result.TestModelValidationResult" name="test_validation_result_repr" time="0.000" /><testcase classname="unit.models.core.test_model_namespace_config.TestModelNamespaceConfigEdgeCases" name="test_partial_updates" time="0.074" /><testcase classname="unit.models.core.test_model_typed_configuration.TestModelTypedConfigurationBranchCoverage" name="test_set_name_hasattr_true_branch" time="0.001" /><testcase classname="unit.models.core.test_model_typed_configuration.TestModelTypedConfigurationBranchCoverage" name="test_set_name_first_matching_field" time="0.000" /><testcase classname="unit.models.core.test_model_uri.TestModelOnexUri" name="test_model_instantiation_valid_data" time="0.001" /><testcase classname="unit.models.core.test_model_uri.TestModelOnexUri" name="test_model_instantiation_all_valid_types" time="0.000" /><testcase classname="unit.models.core.test_model_namespace_config.TestModelNamespaceConfigEdgeCases" name="test_immutability_behavior" time="0.001" /><testcase classname="unit.models.core.test_model_result_accessor.TestModelResultAccessor" name="test_overwrite_values" time="0.002" /><testcase classname="unit.models.core.test_model_result_accessor.TestModelResultAccessor" name="test_edge_case_zero_values" time="0.000" /><testcase classname="unit.models.core.test_model_result_accessor.TestModelResultAccessor" name="test_edge_case_false_values" time="0.001" /><testcase classname="unit.models.core.test_model_result_accessor.TestModelResultAccessor" name="test_edge_case_empty_strings" time="0.000" /><testcase classname="unit.models.core.test_model_result_accessor.TestModelResultAccessor" name="test_performance_result_scenario" time="0.001" /><testcase classname="unit.models.core.test_model_result_accessor.TestModelResultAccessor" name="test_pydantic_compatibility" time="0.000" /><testcase classname="unit.models.core.test_model_result_accessor.TestModelResultAccessor" name="test_configure_protocol_method" time="0.000" /><testcase classname="unit.models.core.test_model_result_accessor.TestModelResultAccessor" name="test_configure_with_invalid_attribute" time="0.000" /><testcase classname="unit.models.core.test_model_result_accessor.TestModelResultAccessor" name="test_configure_with_exception" time="0.000" /><testcase classname="unit.models.core.test_model_result_accessor.TestModelResultAccessor" name="test_serialize_protocol_method" time="0.000" /><testcase classname="unit.models.core.test_model_result_accessor.TestModelResultAccessor" name="test_serialize_includes_data_attributes" time="0.000" /><testcase classname="unit.models.core.test_model_result_accessor.TestModelResultAccessor" name="test_serialize_excludes_private_attributes" time="0.000" /><testcase classname="unit.models.core.test_model_result_accessor.TestModelResultAccessor" name="test_validate_instance_protocol_method" time="0.000" /><testcase classname="unit.models.core.test_model_result_accessor.TestModelResultAccessor" name="test_validate_instance_with_data" time="0.000" /><testcase classname="unit.models.core.test_model_result_accessor.TestModelResultAccessor" name="test_get_name_protocol_method" time="0.001" /><testcase classname="unit.models.core.test_model_result_accessor.TestModelResultAccessor" name="test_set_name_protocol_method" time="0.000" /><testcase classname="unit.models.core.test_model_custom_fields_accessor.TestModelCustomFieldsAccessor" name="test_has_custom_field" time="0.001" /><testcase classname="unit.models.events.test_model_config.TestModelConfigModule" name="test_module_structure" time="0.002" /><testcase classname="unit.models.events.test_model_config.TestModelConfigModule" name="test_base_model_functionality" time="0.001" /><testcase classname="unit.models.events.test_model_config.TestModelConfigModule" name="test_module_availability" time="0.000" /><testcase classname="unit.models.events.test_model_config.TestModelConfigModule" name="test_import_path" time="0.000" /><testcase classname="unit.models.events.test_model_config.TestModelConfigModule" name="test_base_model_validation" time="0.001" /><testcase classname="unit.models.events.test_model_config.TestModelConfigModule" name="test_base_model_serialization" time="0.000" /><testcase classname="unit.models.events.test_model_config.TestModelConfigModule" name="test_base_model_inheritance" time="0.001" /><testcase classname="unit.models.events.test_model_event_envelope.TestModelEventEnvelopeInstantiation" name="test_instantiation_minimal_data" time="0.000" /><testcase classname="unit.models.events.test_model_event_envelope.TestModelEventEnvelopeInstantiation" name="test_instantiation_with_all_fields" time="0.000" /><testcase classname="unit.models.events.test_model_event_envelope.TestModelEventEnvelopeInstantiation" name="test_instantiation_with_onex_event_payload" time="0.000" /><testcase classname="unit.models.events.test_model_event_envelope.TestModelEventEnvelopeInstantiation" name="test_generic_payload_support" time="0.000" /><testcase classname="unit.models.events.test_model_event_envelope.TestModelEventEnvelopeValidation" name="test_priority_validation_valid_range" time="0.000" /><testcase classname="unit.models.events.test_model_event_envelope.TestModelEventEnvelopeValidation" name="test_priority_validation_out_of_range" time="0.000" /><testcase classname="unit.models.events.test_model_event_envelope.TestModelEventEnvelopeValidation" name="test_timeout_seconds_validation" time="0.000" /><testcase classname="unit.models.events.test_model_event_envelope.TestModelEventEnvelopeValidation" name="test_retry_count_validation" time="0.000" /><testcase classname="unit.models.events.test_model_event_envelope.TestModelEventEnvelopeCorrelation" name="test_with_correlation_id" time="0.000" /><testcase classname="unit.models.events.test_model_event_envelope.TestModelEventEnvelopeCorrelation" name="test_is_correlated" time="0.000" /><testcase classname="unit.models.events.test_model_event_envelope.TestModelEventEnvelopeMetadata" name="test_with_metadata_merge" time="0.000" /><testcase classname="unit.models.events.test_model_event_envelope.TestModelEventEnvelopeMetadata" name="test_get_metadata_value" time="0.000" /><testcase classname="unit.models.events.test_model_event_envelope.TestModelEventEnvelopeSecurity" name="test_with_security_context" time="0.000" /><testcase classname="unit.models.events.test_model_event_envelope.TestModelEventEnvelopeSecurity" name="test_has_security_context" time="0.000" /><testcase classname="unit.models.events.test_model_event_envelope.TestModelEventEnvelopeRouting" name="test_set_routing_both_tools" time="0.000" /><testcase classname="unit.models.events.test_model_event_envelope.TestModelEventEnvelopeRouting" name="test_set_routing_source_only" time="0.000" /><testcase classname="unit.models.events.test_model_event_envelope.TestModelEventEnvelopeRouting" name="test_set_routing_target_only" time="0.000" /><testcase classname="unit.models.events.test_model_event_envelope.TestModelEventEnvelopeTracing" name="test_with_tracing_all_ids" time="0.000" /><testcase classname="unit.models.events.test_model_event_envelope.TestModelEventEnvelopeTracing" name="test_with_tracing_without_request_id" time="0.000" /><testcase classname="unit.models.events.test_model_event_envelope.TestModelEventEnvelopeTracing" name="test_has_trace_context" time="0.000" /><testcase classname="unit.models.events.test_model_event_envelope.TestModelEventEnvelopeTracing" name="test_get_trace_context" time="0.000" /><testcase classname="unit.models.events.test_model_event_envelope.TestModelEventEnvelopeQoS" name="test_with_priority" time="0.000" /><testcase classname="unit.models.core.test_model_result_factory.TestModelResultFactory" name="test_initialization" time="0.000" /><testcase classname="unit.models.core.test_model_result_factory.TestModelResultFactory" name="test_build_success_result_defaults" time="0.000" /><testcase classname="unit.models.core.test_model_result_factory.TestModelResultFactory" name="test_build_success_result_with_data" time="0.000" /><testcase classname="unit.models.core.test_model_result_factory.TestModelResultFactory" name="test_build_success_result_custom_exit_code" time="0.000" /><testcase classname="unit.models.core.test_model_result_factory.TestModelResultFactory" name="test_build_error_result_defaults" time="0.000" /><testcase classname="unit.models.core.test_model_result_factory.TestModelResultFactory" name="test_build_error_result_with_message" time="0.000" /><testcase classname="unit.models.core.test_model_result_factory.TestModelResultFactory" name="test_build_error_result_custom_exit_code" time="0.000" /><testcase classname="unit.models.core.test_model_result_factory.TestModelResultFactory" name="test_build_error_result_with_data" time="0.000" /><testcase classname="unit.models.core.test_model_result_factory.TestModelResultFactory" name="test_build_validation_error_defaults" time="0.000" /><testcase classname="unit.models.core.test_model_result_factory.TestModelResultFactory" name="test_build_validation_error_with_message" time="0.000" /><testcase classname="unit.models.core.test_model_result_factory.TestModelResultFactory" name="test_build_validation_error_custom_exit_code" time="0.000" /><testcase classname="unit.models.core.test_model_result_factory.TestModelResultFactory" name="test_build_with_minimal_model" time="0.000" /><testcase classname="unit.models.core.test_model_result_factory.TestModelResultFactory" name="test_field_filtering_success" time="0.000" /><testcase classname="unit.models.core.test_model_result_factory.TestModelResultFactory" name="test_field_filtering_error" time="0.001" /><testcase classname="unit.models.core.test_model_result_factory.TestModelResultFactory" name="test_inheritance_from_generic_factory" time="0.000" /><testcase classname="unit.models.core.test_model_result_factory.TestModelResultFactory" name="test_create_method_for_success" time="0.000" /><testcase classname="unit.models.core.test_model_result_factory.TestModelResultFactory" name="test_builder_pattern_consistency" time="0.000" /><testcase classname="unit.models.core.test_model_result_factory.TestModelResultFactory" name="test_multiple_factories_independence" time="0.000" /><testcase classname="unit.models.core.test_model_container.TestModelContainer" name="test_basic_creation_string" time="0.005" /><testcase classname="unit.models.events.test_model_event_envelope.TestModelEventEnvelopeQoS" name="test_increment_retry_count" time="0.003" /><testcase classname="unit.models.core.test_model_generic_factory.TestModelGenericFactoryIntegration" name="test_factory_with_complex_initialization" time="0.001" /><testcase classname="unit.models.events.test_model_event_envelope.TestModelEventEnvelopeQoS" name="test_is_retry" time="0.000" /><testcase classname="unit.models.fsm.test_model_fsm_data.TestModelFsmDataValidation" name="test_required_fields_validation" time="0.001" /><testcase classname="unit.models.events.test_model_event_envelope.TestModelEventEnvelopeQoS" name="test_is_expired" time="1.106" /><testcase classname="unit.models.fsm.test_model_fsm_data.TestModelFsmDataValidation" name="test_states_list_type_validation" time="0.000" /><testcase classname="unit.models.fsm.test_model_fsm_data.TestModelFsmDataValidation" name="test_transitions_list_type_validation" time="0.000" /><testcase classname="unit.models.fsm.test_model_fsm_data.TestModelFsmDataStateQueries" name="test_get_state_by_name_existing" time="0.000" /><testcase classname="unit.models.fsm.test_model_fsm_data.TestModelFsmDataStateQueries" name="test_get_state_by_name_nonexistent" time="0.000" /><testcase classname="unit.models.fsm.test_model_fsm_data.TestModelFsmDataStateQueries" name="test_get_state_by_name_empty_states" time="0.000" /><testcase classname="unit.models.fsm.test_model_fsm_data.TestModelFsmDataTransitionQueries" name="test_get_transitions_from_state" time="0.000" /><testcase classname="unit.models.fsm.test_model_fsm_data.TestModelFsmDataTransitionQueries" name="test_get_transitions_from_state_no_transitions" time="0.001" /><testcase classname="unit.models.fsm.test_model_fsm_data.TestModelFsmDataTransitionQueries" name="test_get_transitions_to_state" time="0.001" /><testcase classname="unit.models.fsm.test_model_fsm_data.TestModelFsmDataTransitionQueries" name="test_get_transitions_to_state_no_incoming" time="0.001" /><testcase classname="unit.models.fsm.test_model_fsm_data.TestModelFsmDataStructureValidation" name="test_validate_fsm_structure_valid" time="0.000" /><testcase classname="unit.models.core.test_model_result_accessor.TestModelResultAccessor" name="test_complex_cli_result_scenario" time="0.001" /><testcase classname="unit.models.fsm.test_model_fsm_data.TestModelFsmDataEdgeCases" name="test_empty_variables_and_metadata" time="0.001" /><testcase classname="unit.models.fsm.test_model_fsm_data.TestModelFsmDataEdgeCases" name="test_extra_fields_ignored" time="0.001" /><testcase classname="unit.models.fsm.test_model_fsm_data.TestModelFsmDataStructureValidation" name="test_validate_fsm_structure_missing_initial_state" time="0.000" /><testcase classname="unit.models.fsm.test_model_fsm_data.TestModelFsmDataStructureValidation" name="test_validate_fsm_structure_no_final_state" time="0.000" /><testcase classname="unit.models.fsm.test_model_fsm_data.TestModelFsmDataStructureValidation" name="test_validate_fsm_structure_invalid_transition_from" time="0.000" /><testcase classname="unit.models.fsm.test_model_fsm_data.TestModelFsmDataStructureValidation" name="test_validate_fsm_structure_invalid_transition_to" time="0.001" /><testcase classname="unit.models.fsm.test_model_fsm_data.TestModelFsmDataStructureValidation" name="test_validate_fsm_structure_multiple_errors" time="0.000" /><testcase classname="unit.models.fsm.test_model_fsm_data.TestModelFsmDataProtocols" name="test_execute_protocol" time="0.000" /><testcase classname="unit.models.fsm.test_model_fsm_data.TestModelFsmDataProtocols" name="test_serialize_protocol" time="0.001" /><testcase classname="unit.models.fsm.test_model_fsm_data.TestModelFsmDataProtocols" name="test_validate_instance_protocol" time="0.000" /><testcase classname="unit.models.fsm.test_model_fsm_data.TestModelFsmDataSerialization" name="test_model_dump" time="0.000" /><testcase classname="unit.models.fsm.test_model_fsm_data.TestModelFsmDataSerialization" name="test_model_validate" time="0.000" /><testcase classname="unit.models.fsm.test_model_fsm_state.TestModelFsmStateInstantiation" name="test_model_instantiation_minimal" time="0.000" /><testcase classname="unit.models.fsm.test_model_fsm_data.TestModelFsmDataSerialization" name="test_model_dump_json" time="0.000" /><testcase classname="unit.models.fsm.test_model_fsm_state.TestModelFsmStateInstantiation" name="test_model_instantiation_full" time="0.001" /><testcase classname="unit.models.fsm.test_model_fsm_data.TestModelFsmDataEdgeCases" name="test_empty_state_machine_name" time="0.000" /><testcase classname="unit.models.fsm.test_model_fsm_data.TestModelFsmDataEdgeCases" name="test_single_state_fsm" time="0.000" /><testcase classname="unit.models.fsm.test_model_fsm_data.TestModelFsmDataEdgeCases" name="test_self_transitions" time="0.000" /><testcase classname="unit.models.fsm.test_model_fsm_data.TestModelFsmDataEdgeCases" name="test_multiple_final_states" time="0.000" /><testcase classname="unit.models.fsm.test_model_fsm_state.TestModelFsmStateInstantiation" name="test_initial_state_creation" time="0.000" /><testcase classname="unit.models.fsm.test_model_fsm_data.TestModelFsmDataEdgeCases" name="test_disconnected_states" time="0.000" /><testcase classname="unit.models.fsm.test_model_fsm_state.TestModelFsmStateInstantiation" name="test_final_state_creation" time="0.001" /><testcase classname="unit.models.fsm.test_model_fsm_state.TestModelFsmStateInstantiation" name="test_state_with_entry_actions" time="0.003" /><testcase classname="unit.models.fsm.test_model_fsm_state.TestModelFsmStateInstantiation" name="test_state_with_exit_actions" time="0.000" /><testcase classname="unit.models.fsm.test_model_fsm_state.TestModelFsmStateInstantiation" name="test_state_with_properties" time="0.000" /><testcase classname="unit.models.fsm.test_model_fsm_state.TestModelFsmStateValidation" name="test_required_fields_validation" time="0.001" /><testcase classname="unit.models.fsm.test_model_fsm_state.TestModelFsmStateValidation" name="test_name_field_type_validation" time="0.000" /><testcase classname="unit.models.fsm.test_model_fsm_state.TestModelFsmStateValidation" name="test_boolean_fields_type_validation" time="0.000" /><testcase classname="unit.models.fsm.test_model_fsm_state.TestModelFsmStateValidation" name="test_entry_actions_list_validation" time="0.000" /><testcase classname="unit.models.fsm.test_model_fsm_state.TestModelFsmStateValidation" name="test_exit_actions_list_validation" time="0.000" /><testcase classname="unit.models.fsm.test_model_fsm_state.TestModelFsmStateValidation" name="test_properties_dict_validation" time="0.001" /><testcase classname="unit.models.fsm.test_model_fsm_state.TestModelFsmStateProtocols" name="test_execute_protocol_basic" time="0.000" /><testcase classname="unit.models.fsm.test_model_fsm_state.TestModelFsmStateProtocols" name="test_execute_protocol_with_updates" time="0.000" /><testcase classname="unit.models.fsm.test_model_fsm_state.TestModelFsmStateProtocols" name="test_execute_protocol_invalid_field" time="0.000" /><testcase classname="unit.models.fsm.test_model_fsm_state.TestModelFsmStateProtocols" name="test_serialize_protocol" time="0.001" /><testcase classname="unit.models.fsm.test_model_fsm_state.TestModelFsmStateProtocols" name="test_serialize_protocol_minimal" time="0.001" /><testcase classname="unit.models.fsm.test_model_fsm_state.TestModelFsmStateProtocols" name="test_validate_instance_protocol" time="0.000" /><testcase classname="unit.models.fsm.test_model_fsm_state.TestModelFsmStateProtocols" name="test_validate_instance_protocol_complex" time="0.000" /><testcase classname="unit.models.fsm.test_model_fsm_state.TestModelFsmStateSerialization" name="test_model_dump" time="0.000" /><testcase classname="unit.models.fsm.test_model_fsm_state.TestModelFsmStateSerialization" name="test_model_validate" time="0.000" /><testcase classname="unit.models.fsm.test_model_fsm_state.TestModelFsmStateSerialization" name="test_model_dump_json" time="0.001" /><testcase classname="unit.models.fsm.test_model_fsm_state.TestModelFsmStateSerialization" name="test_model_validate_json" time="0.000" /><testcase classname="unit.models.fsm.test_model_fsm_state.TestModelFsmStateEdgeCases" name="test_empty_string_name" time="0.000" /><testcase classname="unit.models.core.test_model_route_hop.TestModelRouteHop" name="test_model_route_hop_error_messages" time="0.001" /><testcase classname="unit.models.fsm.test_model_fsm_state.TestModelFsmStateEdgeCases" name="test_name_with_special_characters" time="0.001" /><testcase classname="unit.models.fsm.test_model_fsm_state.TestModelFsmStateEdgeCases" name="test_both_initial_and_final" time="0.000" /><testcase classname="unit.models.fsm.test_model_fsm_state.TestModelFsmStateEdgeCases" name="test_empty_actions_lists" time="0.000" /><testcase classname="unit.models.fsm.test_model_fsm_state.TestModelFsmStateEdgeCases" name="test_duplicate_actions" time="0.000" /><testcase classname="unit.models.fsm.test_model_fsm_state.TestModelFsmStateEdgeCases" name="test_empty_properties_dict" time="0.000" /><testcase classname="unit.models.fsm.test_model_fsm_state.TestModelFsmStateEdgeCases" name="test_property_with_empty_values" time="0.000" /><testcase classname="unit.models.fsm.test_model_fsm_state.TestModelFsmStateEdgeCases" name="test_model_equality" time="0.000" /><testcase classname="unit.models.fsm.test_model_fsm_state.TestModelFsmStateEdgeCases" name="test_validate_assignment_config" time="0.000" /><testcase classname="unit.models.fsm.test_model_fsm_state.TestModelFsmStateEdgeCases" name="test_extra_fields_ignored" time="0.000" /><testcase classname="unit.models.fsm.test_model_fsm_transition.TestModelFsmTransitionInstantiation" name="test_model_instantiation_minimal" time="0.000" /><testcase classname="unit.models.fsm.test_model_fsm_transition.TestModelFsmTransitionInstantiation" name="test_model_instantiation_full" time="0.000" /><testcase classname="unit.models.fsm.test_model_fsm_transition.TestModelFsmTransitionInstantiation" name="test_transition_with_conditions" time="0.000" /><testcase classname="unit.models.fsm.test_model_fsm_transition.TestModelFsmTransitionInstantiation" name="test_transition_with_actions" time="0.000" /><testcase classname="unit.models.fsm.test_model_fsm_transition.TestModelFsmTransitionInstantiation" name="test_self_transition" time="0.000" /><testcase classname="unit.models.fsm.test_model_fsm_transition.TestModelFsmTransitionValidation" name="test_required_fields_validation" time="0.000" /><testcase classname="unit.models.fsm.test_model_fsm_transition.TestModelFsmTransitionValidation" name="test_from_state_field_type_validation" time="0.000" /><testcase classname="unit.models.fsm.test_model_fsm_transition.TestModelFsmTransitionValidation" name="test_to_state_field_type_validation" time="0.000" /><testcase classname="unit.models.fsm.test_model_fsm_transition.TestModelFsmTransitionValidation" name="test_trigger_field_type_validation" time="0.000" /><testcase classname="unit.models.fsm.test_model_fsm_transition.TestModelFsmTransitionValidation" name="test_conditions_list_validation" time="0.000" /><testcase classname="unit.models.fsm.test_model_fsm_transition.TestModelFsmTransitionValidation" name="test_actions_list_validation" time="0.000" /><testcase classname="unit.models.fsm.test_model_fsm_transition.TestModelFsmTransitionProtocols" name="test_execute_protocol_basic" time="0.000" /><testcase classname="unit.models.fsm.test_model_fsm_transition.TestModelFsmTransitionProtocols" name="test_execute_protocol_with_updates" time="0.000" /><testcase classname="unit.models.fsm.test_model_fsm_transition.TestModelFsmTransitionProtocols" name="test_execute_protocol_invalid_field" time="0.001" /><testcase classname="unit.models.fsm.test_model_fsm_transition.TestModelFsmTransitionProtocols" name="test_serialize_protocol" time="0.001" /><testcase classname="unit.models.fsm.test_model_fsm_transition.TestModelFsmTransitionProtocols" name="test_serialize_protocol_minimal" time="0.001" /><testcase classname="unit.models.core.test_model_typed_accessor.TestModelTypedAccessor" name="test_configure_with_exception" time="0.002" /><testcase classname="unit.models.fsm.test_model_fsm_transition.TestModelFsmTransitionProtocols" name="test_validate_instance_protocol" time="0.001" /><testcase classname="unit.models.fsm.test_model_fsm_transition.TestModelFsmTransitionSerialization" name="test_model_dump" time="0.000" /><testcase classname="unit.models.fsm.test_model_fsm_transition.TestModelFsmTransitionSerialization" name="test_model_validate" time="0.001" /><testcase classname="unit.models.fsm.test_model_fsm_transition.TestModelFsmTransitionSerialization" name="test_model_dump_json" time="0.000" /><testcase classname="unit.models.fsm.test_model_fsm_transition.TestModelFsmTransitionSerialization" name="test_model_validate_json" time="0.000" /><testcase classname="unit.models.fsm.test_model_fsm_transition.TestModelFsmTransitionEdgeCases" name="test_empty_string_states" time="0.000" /><testcase classname="unit.models.fsm.test_model_fsm_transition.TestModelFsmTransitionEdgeCases" name="test_empty_string_trigger" time="0.000" /><testcase classname="unit.models.fsm.test_model_fsm_transition.TestModelFsmTransitionEdgeCases" name="test_very_long_state_names" time="0.000" /><testcase classname="unit.models.fsm.test_model_fsm_transition.TestModelFsmTransitionEdgeCases" name="test_state_names_with_special_characters" time="0.000" /><testcase classname="unit.models.fsm.test_model_fsm_transition.TestModelFsmTransitionEdgeCases" name="test_trigger_with_special_characters" time="0.000" /><testcase classname="unit.models.fsm.test_model_fsm_transition.TestModelFsmTransitionEdgeCases" name="test_empty_conditions_list" time="0.000" /><testcase classname="unit.models.fsm.test_model_fsm_transition.TestModelFsmTransitionEdgeCases" name="test_empty_actions_list" time="0.000" /><testcase classname="unit.models.fsm.test_model_fsm_transition.TestModelFsmTransitionEdgeCases" name="test_duplicate_conditions" time="0.000" /><testcase classname="unit.models.fsm.test_model_fsm_transition.TestModelFsmTransitionEdgeCases" name="test_duplicate_actions" time="0.000" /><testcase classname="unit.models.fsm.test_model_fsm_transition.TestModelFsmTransitionEdgeCases" name="test_model_equality" time="0.000" /><testcase classname="unit.models.fsm.test_model_fsm_transition.TestModelFsmTransitionEdgeCases" name="test_validate_assignment_config" time="0.001" /><testcase classname="unit.models.fsm.test_model_fsm_transition.TestModelFsmTransitionEdgeCases" name="test_extra_fields_ignored" time="0.000" /><testcase classname="unit.models.fsm.test_model_fsm_transition.TestModelFsmTransitionEdgeCases" name="test_circular_transitions" time="0.000" /><testcase classname="unit.models.fsm.test_model_fsm_transition.TestModelFsmTransitionEdgeCases" name="test_bidirectional_transitions" time="0.000" /><testcase classname="unit.models.health.test_model_health_check.TestModelHealthCheckBasics" name="test_http_get_initialization" time="0.001" /><testcase classname="unit.models.health.test_model_health_check.TestModelHealthCheckBasics" name="test_http_post_initialization" time="0.000" /><testcase classname="unit.models.health.test_model_health_check.TestModelHealthCheckBasics" name="test_command_initialization" time="0.000" /><testcase classname="unit.models.health.test_model_health_check.TestModelHealthCheckBasics" name="test_initialization_with_full_url" time="0.001" /><testcase classname="unit.models.health.test_model_health_check.TestModelHealthCheckBasics" name="test_initialization_with_headers" time="0.000" /><testcase classname="unit.models.health.test_model_health_check.TestModelHealthCheckValidation" name="test_endpoint_path_auto_prefix" time="0.001" /><testcase classname="unit.models.health.test_model_health_check.TestModelHealthCheckValidation" name="test_endpoint_path_with_slash" time="0.000" /><testcase classname="unit.models.health.test_model_health_check.TestModelHealthCheckValidation" name="test_command_required_for_command_type" time="0.000" /><testcase classname="unit.models.core.test_model_uri.TestModelOnexUri" name="test_required_fields_validation" time="0.001" /><testcase classname="unit.models.health.test_model_health_check.TestModelHealthCheckValidation" name="test_url_or_endpoint_required_for_http_get" time="0.004" /><testcase classname="unit.models.core.test_model_typed_configuration.TestModelTypedConfiguration" name="test_get_name_protocol_fallback" time="0.001" /><testcase classname="unit.models.health.test_model_health_check.TestModelHealthCheckValidation" name="test_url_or_endpoint_required_for_http_post" time="0.000" /><testcase classname="unit.models.health.test_model_health_check.TestModelHealthCheckValidation" name="test_status_code_validation" time="0.000" /><testcase classname="unit.models.health.test_model_health_check.TestModelHealthCheckValidation" name="test_timeout_validation" time="0.000" /><testcase classname="unit.models.health.test_model_health_check.TestModelHealthCheckCommandType" name="test_command_check_with_expected_pattern" time="0.001" /><testcase classname="unit.models.health.test_model_health_check.TestModelHealthCheckURLGeneration" name="test_get_effective_url_with_full_url" time="0.000" /><testcase classname="unit.models.health.test_model_health_check.TestModelHealthCheckURLGeneration" name="test_get_effective_url_with_endpoint_and_base" time="0.000" /><testcase classname="unit.models.health.test_model_health_check.TestModelHealthCheckURLGeneration" name="test_get_effective_url_with_trailing_slash" time="0.000" /><testcase classname="unit.models.health.test_model_health_check.TestModelHealthCheckURLGeneration" name="test_get_effective_url_endpoint_only" time="0.000" /><testcase classname="unit.models.health.test_model_health_check_config.TestModelHealthCheckConfigBasics" name="test_default_initialization" time="0.001" /><testcase classname="unit.models.health.test_model_health_check.TestModelHealthCheckURLGeneration" name="test_get_effective_url_no_url" time="0.000" /><testcase classname="unit.models.health.test_model_health_check.TestModelHealthCheckTypeChecking" name="test_is_http_check_http_get" time="0.000" /><testcase classname="unit.models.health.test_model_health_check.TestModelHealthCheckTypeChecking" name="test_is_http_check_http_post" time="0.000" /><testcase classname="unit.models.health.test_model_health_check.TestModelHealthCheckTypeChecking" name="test_is_http_check_command" time="0.000" /><testcase classname="unit.models.health.test_model_health_check_config.TestModelHealthCheckConfigBasics" name="test_custom_initialization" time="0.001" /><testcase classname="unit.models.health.test_model_health_check.TestModelHealthCheckTimeout" name="test_get_effective_timeout_default" time="0.000" /><testcase classname="unit.models.health.test_model_health_check.TestModelHealthCheckTimeout" name="test_get_effective_timeout_custom" time="0.000" /><testcase classname="unit.models.health.test_model_health_check_config.TestModelHealthCheckConfigValidation" name="test_interval_validation" time="0.001" /><testcase classname="unit.models.health.test_model_health_check.TestModelHealthCheckConfiguration" name="test_expected_response_pattern" time="0.000" /><testcase classname="unit.models.health.test_model_health_check_config.TestModelHealthCheckConfigValidation" name="test_timeout_validation" time="0.000" /><testcase classname="unit.models.health.test_model_health_check.TestModelHealthCheckConfiguration" name="test_custom_headers" time="0.000" /><testcase classname="unit.models.health.test_model_health_check.TestModelHealthCheckConfiguration" name="test_metadata_configuration" time="0.000" /><testcase classname="unit.models.health.test_model_health_check_config.TestModelHealthCheckConfigValidation" name="test_threshold_validation" time="0.000" /><testcase classname="unit.models.health.test_model_health_check_config.TestModelHealthCheckConfigValidation" name="test_method_validation" time="0.000" /><testcase classname="unit.models.health.test_model_health_check_config.TestModelHealthCheckConfigResponseValidation" name="test_is_response_healthy_disabled" time="0.000" /><testcase classname="unit.models.health.test_model_health_check_config.TestModelHealthCheckConfigResponseValidation" name="test_is_response_healthy_status_code" time="0.000" /><testcase classname="unit.models.health.test_model_health_check.TestModelHealthCheckEdgeCases" name="test_empty_endpoint_path_with_full_url" time="0.000" /><testcase classname="unit.models.health.test_model_health_check.TestModelHealthCheckEdgeCases" name="test_both_endpoint_and_full_url" time="0.000" /><testcase classname="unit.models.health.test_model_health_check.TestModelHealthCheckEdgeCases" name="test_minimum_timeout" time="0.000" /><testcase classname="unit.models.health.test_model_health_check.TestModelHealthCheckEdgeCases" name="test_maximum_timeout" time="0.000" /><testcase classname="unit.models.health.test_model_health_check.TestModelHealthCheckEdgeCases" name="test_default_timeout" time="0.000" /><testcase classname="unit.models.health.test_model_health_check.TestModelHealthCheckEdgeCases" name="test_default_expected_status_code" time="0.000" /><testcase classname="unit.models.health.test_model_health_check.TestModelHealthCheckEdgeCases" name="test_complex_url_construction" time="0.000" /><testcase classname="unit.models.health.test_model_health_check.TestModelHealthCheckCommandType" name="test_command_check_with_valid_command" time="0.000" /><testcase classname="unit.models.health.test_model_health_check_config.TestModelHealthCheckConfigResponseValidation" name="test_is_response_healthy_with_body" time="0.000" /><testcase classname="unit.models.health.test_model_health_check_config.TestModelHealthCheckConfigResponseValidation" name="test_is_response_healthy_both_checks" time="0.000" /><testcase classname="unit.models.health.test_model_health_check_config.TestModelHealthCheckConfigURLGeneration" name="test_get_check_url" time="0.000" /><testcase classname="unit.models.health.test_model_health_check_config.TestModelHealthCheckConfigURLGeneration" name="test_get_check_url_trailing_slash" time="0.000" /><testcase classname="unit.models.health.test_model_health_check_config.TestModelHealthCheckConfigURLGeneration" name="test_get_check_url_leading_slash" time="0.000" /><testcase classname="unit.models.health.test_model_health_check_config.TestModelHealthCheckConfigHeaders" name="test_get_check_headers_with_defaults" time="0.001" /><testcase classname="unit.models.health.test_model_health_check_config.TestModelHealthCheckConfigHeaders" name="test_get_check_headers_custom" time="0.000" /><testcase classname="unit.models.health.test_model_health_check_config.TestModelHealthCheckConfigTiming" name="test_should_check_now_enabled" time="0.000" /><testcase classname="unit.models.health.test_model_health_check_config.TestModelHealthCheckConfigTiming" name="test_should_check_now_disabled" time="0.000" /><testcase classname="unit.models.health.test_model_health_check_config.TestModelHealthCheckConfigHealthStatus" name="test_calculate_health_status_unhealthy" time="0.000" /><testcase classname="unit.models.health.test_model_health_check_config.TestModelHealthCheckConfigHealthStatus" name="test_calculate_health_status_healthy" time="0.000" /><testcase classname="unit.models.health.test_model_health_check_config.TestModelHealthCheckConfigHealthStatus" name="test_calculate_health_status_degraded" time="0.000" /><testcase classname="unit.models.health.test_model_health_check_config.TestModelHealthCheckConfigTimeout" name="test_get_effective_timeout_normal" time="0.000" /><testcase classname="unit.models.health.test_model_health_check_config.TestModelHealthCheckConfigTimeout" name="test_get_effective_timeout_exceeds_interval" time="0.000" /><testcase classname="unit.models.core.test_model_yaml_list.TestModelYamlListEdgeCases" name="test_deeply_nested_structures" time="0.001" /><testcase classname="unit.models.health.test_model_health_check_config.TestModelHealthCheckConfigFactoryMethods" name="test_create_fast_checks" time="0.000" /><testcase classname="unit.models.health.test_model_health_check_config.TestModelHealthCheckConfigFactoryMethods" name="test_create_production_checks" time="0.001" /><testcase classname="unit.models.health.test_model_health_check_config.TestModelHealthCheckConfigFactoryMethods" name="test_create_development_checks" time="0.000" /><testcase classname="unit.models.health.test_model_health_check_config.TestModelHealthCheckConfigFactoryMethods" name="test_create_disabled" time="0.000" /><testcase classname="unit.models.health.test_model_health_issue.TestModelHealthIssueBasics" name="test_basic_initialization" time="0.003" /><testcase classname="unit.models.health.test_model_health_issue.TestModelHealthIssueValidation" name="test_severity_pattern_validation" time="0.000" /><testcase classname="unit.models.health.test_model_health_issue.TestModelHealthIssueValidation" name="test_category_pattern_validation" time="0.000" /><testcase classname="unit.models.health.test_model_health_issue.TestModelHealthIssueValidation" name="test_count_minimum_validation" time="0.000" /><testcase classname="unit.models.health.test_model_health_issue.TestModelHealthIssueChecks" name="test_is_critical" time="0.000" /><testcase classname="unit.models.health.test_model_health_issue.TestModelHealthIssueChecks" name="test_is_recurring_default_threshold" time="0.000" /><testcase classname="unit.models.health.test_model_health_issue.TestModelHealthIssueChecks" name="test_is_recurring_custom_threshold" time="0.000" /><testcase classname="unit.models.health.test_model_health_issue.TestModelHealthIssueChecks" name="test_get_duration_seconds" time="0.107" /><testcase classname="unit.models.health.test_model_health_issue.TestModelHealthIssueFactoryMethods" name="test_create_performance_issue" time="0.001" /><testcase classname="unit.models.health.test_model_health_issue.TestModelHealthIssueFactoryMethods" name="test_create_performance_issue_default_severity" time="0.001" /><testcase classname="unit.models.health.test_model_health_issue.TestModelHealthIssueFactoryMethods" name="test_create_connectivity_issue" time="0.000" /><testcase classname="unit.models.health.test_model_health_issue.TestModelHealthIssueFactoryMethods" name="test_create_connectivity_issue_default_severity" time="0.000" /><testcase classname="unit.models.health.test_model_health_issue.TestModelHealthIssueFactoryMethods" name="test_create_resource_issue" time="0.000" /><testcase classname="unit.models.health.test_model_health_issue.TestModelHealthIssueFactoryMethods" name="test_create_resource_issue_default_severity" time="0.000" /><testcase classname="unit.models.health.test_model_health_issue.TestModelHealthIssueRecovery" name="test_auto_recoverable_issue" time="0.000" /><testcase classname="unit.models.health.test_model_health_issue.TestModelHealthIssueRecovery" name="test_non_recoverable_issue" time="0.000" /><testcase classname="unit.models.health.test_model_health_metadata.TestModelHealthMetadataBasics" name="test_default_initialization" time="0.000" /><testcase classname="unit.models.health.test_model_health_metadata.TestModelHealthMetadataBasics" name="test_custom_initialization" time="0.000" /><testcase classname="unit.models.health.test_model_health_metadata.TestModelHealthMetadataValidation" name="test_check_interval_validation" time="0.000" /><testcase classname="unit.models.health.test_model_health_metadata.TestModelHealthMetadataValidation" name="test_retention_days_validation" time="0.000" /><testcase classname="unit.models.health.test_model_health_metadata.TestModelHealthMetadataValidation" name="test_algorithm_validation" time="0.000" /><testcase classname="unit.models.core.test_model_validation_result.TestModelValidationResult" name="test_validation_result_attributes" time="0.001" /><testcase classname="unit.models.health.test_model_health_metadata.TestModelHealthMetadataEnvironmentChecking" name="test_is_development_environment" time="0.001" /><testcase classname="unit.models.health.test_model_health_metadata.TestModelHealthMetadataAutoHeal" name="test_should_auto_heal_enabled" time="0.000" /><testcase classname="unit.models.health.test_model_health_metadata.TestModelHealthMetadataAutoHeal" name="test_should_auto_heal_disabled" time="0.000" /><testcase classname="unit.models.events.test_model_config.TestModelConfigModule" name="test_module_imports" time="0.001" /><testcase classname="unit.models.health.test_model_health_metadata.TestModelHealthMetadataAutoHeal" name="test_should_auto_heal_maintenance" time="0.000" /><testcase classname="unit.models.health.test_model_health_metadata.TestModelHealthMetadataNotifications" name="test_should_send_notifications_enabled" time="0.000" /><testcase classname="unit.models.health.test_model_health_metadata.TestModelHealthMetadataNotifications" name="test_should_send_notifications_disabled" time="0.000" /><testcase classname="unit.models.health.test_model_health_metadata.TestModelHealthMetadataNotifications" name="test_should_send_notifications_maintenance" time="0.000" /><testcase classname="unit.models.health.test_model_health_metadata.TestModelHealthMetadataCustomAttributes" name="test_get_custom_attribute_not_set" time="0.000" /><testcase classname="unit.models.health.test_model_health_metadata.TestModelHealthMetadataCustomAttributes" name="test_get_custom_attribute_with_default" time="0.000" /><testcase classname="unit.models.health.test_model_health_metadata.TestModelHealthMetadataCustomAttributes" name="test_ensure_custom_attributes" time="0.000" /><testcase classname="unit.models.health.test_model_health_metadata.TestModelHealthMetadataCheckInterval" name="test_get_effective_check_interval_normal" time="0.000" /><testcase classname="unit.models.health.test_model_health_metric.TestModelHealthMetricThresholds" name="test_is_warning_no_threshold" time="0.001" /><testcase classname="unit.models.health.test_model_health_metric.TestModelHealthMetricThresholds" name="test_is_critical_with_threshold" time="0.001" /><testcase classname="unit.models.health.test_model_health_metadata.TestModelHealthMetadataCheckInterval" name="test_get_effective_check_interval_maintenance" time="0.000" /><testcase classname="unit.models.health.test_model_health_metadata.TestModelHealthMetadataCheckInterval" name="test_get_effective_check_interval_maintenance_capped" time="0.000" /><testcase classname="unit.models.health.test_model_health_metadata.TestModelHealthMetadataFactoryMethods" name="test_create_production" time="0.000" /><testcase classname="unit.models.health.test_model_health_metric.TestModelHealthMetricThresholds" name="test_is_critical_below_threshold" time="0.000" /><testcase classname="unit.models.health.test_model_health_metric.TestModelHealthMetricThresholds" name="test_is_critical_no_threshold" time="0.000" /><testcase classname="unit.models.health.test_model_health_metric.TestModelHealthMetricTrends" name="test_is_degrading" time="0.000" /><testcase classname="unit.models.health.test_model_health_metric.TestModelHealthMetricFormatting" name="test_get_formatted_value" time="0.000" /><testcase classname="unit.models.health.test_model_health_metric.TestModelHealthMetricFormatting" name="test_get_formatted_value_with_ms" time="0.000" /><testcase classname="unit.models.health.test_model_health_metric.TestModelHealthMetricStatus" name="test_get_status_critical" time="0.000" /><testcase classname="unit.models.health.test_model_health_metric.TestModelHealthMetricStatus" name="test_get_status_warning" time="0.000" /><testcase classname="unit.models.health.test_model_health_metric.TestModelHealthMetricStatus" name="test_get_status_degrading" time="0.000" /><testcase classname="unit.models.health.test_model_health_metric.TestModelHealthMetricStatus" name="test_get_status_normal" time="0.000" /><testcase classname="unit.models.health.test_model_health_metric.TestModelHealthMetricUpdates" name="test_update_value_basic" time="0.000" /><testcase classname="unit.models.health.test_model_health_metric.TestModelHealthMetricUpdates" name="test_update_value_updates_min_max" time="0.000" /><testcase classname="unit.models.health.test_model_health_metric.TestModelHealthMetricUpdates" name="test_update_value_trend_for_response_time" time="0.000" /><testcase classname="unit.models.health.test_model_health_metadata.TestModelHealthMetadataFactoryMethods" name="test_create_production_with_additional_args" time="0.000" /><testcase classname="unit.models.health.test_model_health_metadata.TestModelHealthMetadataFactoryMethods" name="test_create_development" time="0.000" /><testcase classname="unit.models.health.test_model_health_metadata.TestModelHealthMetadataFactoryMethods" name="test_create_development_with_additional_args" time="0.000" /><testcase classname="unit.models.health.test_model_health_metadata.TestModelHealthMetadataFactoryMethods" name="test_create_maintenance_mode" time="0.000" /><testcase classname="unit.models.health.test_model_health_metadata.TestModelHealthMetadataFactoryMethods" name="test_create_maintenance_mode_with_additional_args" time="0.000" /><testcase classname="unit.models.health.test_model_health_metric.TestModelHealthMetricUpdates" name="test_update_value_trend_for_throughput" time="0.001" /><testcase classname="unit.models.health.test_model_health_metric.TestModelHealthMetricBasics" name="test_basic_initialization" time="0.000" /><testcase classname="unit.models.health.test_model_health_metric.TestModelHealthMetricBasics" name="test_initialization_with_thresholds" time="0.000" /><testcase classname="unit.models.health.test_model_health_metric.TestModelHealthMetricValidation" name="test_trend_pattern_validation" time="0.000" /><testcase classname="unit.models.health.test_model_health_metric.TestModelHealthMetricThresholds" name="test_is_warning_with_threshold" time="0.000" /><testcase classname="unit.models.health.test_model_health_metric.TestModelHealthMetricUpdates" name="test_update_value_stable_trend" time="0.000" /><testcase classname="unit.models.health.test_model_health_metric.TestModelHealthMetricFactoryMethods" name="test_create_cpu_metric" time="0.000" /><testcase classname="unit.models.health.test_model_health_metric.TestModelHealthMetricFactoryMethods" name="test_create_memory_metric" time="0.000" /><testcase classname="unit.models.health.test_model_health_metric.TestModelHealthMetricFactoryMethods" name="test_create_response_time_metric" time="0.000" /><testcase classname="unit.models.health.test_model_health_metric.TestModelHealthMetricEdgeCases" name="test_metric_with_no_min_max" time="0.000" /><testcase classname="unit.models.health.test_model_health_metric.TestModelHealthMetricEdgeCases" name="test_metric_with_min_max" time="0.000" /><testcase classname="unit.models.health.test_model_health_metric.TestModelHealthMetricEdgeCases" name="test_metric_with_average" time="0.000" /><testcase classname="unit.models.health.test_model_health_metric.TestModelHealthMetricEdgeCases" name="test_update_value_preserves_timestamp" time="0.000" /><testcase classname="unit.models.core.test_model_result_factory.TestResultFactoryEdgeCases" name="test_empty_kwargs" time="0.001" /><testcase classname="unit.models.health.test_model_health_metric.TestModelHealthMetricComplexScenarios" name="test_multiple_updates_track_min_max" time="0.002" /><testcase classname="unit.models.health.test_model_health_metrics.TestModelHealthMetricsBasics" name="test_default_initialization" time="0.001" /><testcase classname="unit.models.health.test_model_health_metrics.TestModelHealthMetricsBasics" name="test_custom_initialization" time="0.000" /><testcase classname="unit.models.health.test_model_health_metrics.TestModelHealthMetricsValidation" name="test_cpu_usage_validation" time="0.000" /><testcase classname="unit.models.health.test_model_health_metrics.TestModelHealthMetricsValidation" name="test_memory_usage_validation" time="0.000" /><testcase classname="unit.models.health.test_model_health_metrics.TestModelHealthMetricsValidation" name="test_error_rate_validation" time="0.000" /><testcase classname="unit.models.health.test_model_health_metrics.TestModelHealthMetricsValidation" name="test_success_rate_validation" time="0.001" /><testcase classname="unit.models.events.test_model_event_envelope.TestModelEventEnvelopeQoS" name="test_is_high_priority" time="0.001" /><testcase classname="unit.models.health.test_model_health_metrics.TestModelHealthMetricsValidation" name="test_negative_values_validation" time="0.001" /><testcase classname="unit.models.health.test_model_health_metrics.TestModelHealthMetricsCustomMetrics" name="test_add_custom_metric" time="0.001" /><testcase classname="unit.models.health.test_model_health_metrics.TestModelHealthMetricsHealthChecking" name="test_is_healthy_default" time="0.000" /><testcase classname="unit.models.health.test_model_health_metrics.TestModelHealthMetricsHealthChecking" name="test_is_healthy_with_good_metrics" time="0.000" /><testcase classname="unit.models.health.test_model_health_metrics.TestModelHealthMetricsHealthChecking" name="test_is_healthy_cpu_threshold" time="0.000" /><testcase classname="unit.models.health.test_model_health_metrics.TestModelHealthMetricsHealthChecking" name="test_is_healthy_memory_threshold" time="0.000" /><testcase classname="unit.models.health.test_model_health_metrics.TestModelHealthMetricsCustomMetrics" name="test_update_custom_metric" time="0.000" /><testcase classname="unit.models.health.test_model_health_metrics.TestModelHealthMetricsHealthChecking" name="test_is_healthy_error_threshold" time="0.000" /><testcase classname="unit.models.health.test_model_health_metrics.TestModelHealthMetricsHealthChecking" name="test_is_healthy_consecutive_errors" time="0.000" /><testcase classname="unit.models.health.test_model_health_metrics.TestModelHealthMetricsCustomMetrics" name="test_get_custom_metric" time="0.001" /><testcase classname="unit.models.health.test_model_health_metrics.TestModelHealthMetricsHealthChecking" name="test_is_healthy_custom_status_string" time="0.000" /><testcase classname="unit.models.health.test_model_health_metrics.TestModelHealthMetricsHealthChecking" name="test_is_healthy_custom_status_numeric" time="0.000" /><testcase classname="unit.models.health.test_model_health_metrics.TestModelHealthMetricsHealthScore" name="test_get_health_score_perfect" time="0.000" /><testcase classname="unit.models.health.test_model_health_metrics.TestModelHealthMetricsHealthScore" name="test_get_health_score_high_cpu" time="0.000" /><testcase classname="unit.models.health.test_model_health_metrics.TestModelHealthMetricsCustomMetrics" name="test_get_custom_metric_default" time="0.001" /><testcase classname="unit.models.health.test_model_health_metrics.TestModelHealthMetricsHealthScore" name="test_get_health_score_high_memory" time="0.000" /><testcase classname="unit.models.health.test_model_health_metrics.TestModelHealthMetricsHealthScore" name="test_get_health_score_high_error_rate" time="0.000" /><testcase classname="unit.models.health.test_model_health_metrics.TestModelHealthMetricsHealthScore" name="test_get_health_score_slow_response" time="0.000" /><testcase classname="unit.models.health.test_model_health_metrics.TestModelHealthMetricsHealthScore" name="test_get_health_score_consecutive_errors_penalty" time="0.000" /><testcase classname="unit.models.health.test_model_health_metrics.TestModelHealthMetricsCustomMetrics" name="test_multiple_custom_metrics" time="0.000" /><testcase classname="unit.models.health.test_model_health_metrics.TestModelHealthMetricsStatusProperty" name="test_status_string_value" time="0.000" /><testcase classname="unit.models.health.test_model_health_metrics.TestModelHealthMetricsStatusProperty" name="test_status_numeric_healthy" time="0.000" /><testcase classname="unit.models.health.test_model_health_metrics.TestModelHealthMetricsStatusProperty" name="test_status_numeric_warning" time="0.000" /><testcase classname="unit.models.health.test_model_health_metrics.TestModelHealthMetricsStatusProperty" name="test_status_numeric_critical" time="0.000" /><testcase classname="unit.models.health.test_model_health_metrics.TestModelHealthMetricsStatusProperty" name="test_status_inferred_from_metrics" time="0.000" /><testcase classname="unit.models.health.test_model_health_metrics.TestModelHealthMetricsEdgeCases" name="test_zero_values" time="0.000" /><testcase classname="unit.models.health.test_model_health_metrics.TestModelHealthMetricsEdgeCases" name="test_maximum_values" time="0.000" /><testcase classname="unit.models.health.test_model_health_metrics.TestModelHealthMetricsEdgeCases" name="test_timestamp_handling" time="0.000" /><testcase classname="unit.models.health.test_model_health_metrics.TestModelHealthMetricsEdgeCases" name="test_custom_metrics_with_various_types" time="0.000" /><testcase classname="unit.models.health.test_model_health_status.TestModelHealthStatusBasics" name="test_basic_initialization" time="0.000" /><testcase classname="unit.models.health.test_model_health_status.TestModelHealthStatusBasics" name="test_initialization_with_metrics" time="0.000" /><testcase classname="unit.models.health.test_model_health_status.TestModelHealthStatusBasics" name="test_initialization_with_issues" time="0.000" /><testcase classname="unit.models.health.test_model_health_status.TestModelHealthStatusValidation" name="test_status_pattern_validation" time="0.000" /><testcase classname="unit.models.health.test_model_health_status.TestModelHealthStatusValidation" name="test_health_score_range_validation" time="0.000" /><testcase classname="unit.models.health.test_model_health_status.TestModelHealthStatusValidation" name="test_check_duration_validation" time="0.000" /><testcase classname="unit.models.health.test_model_health_status.TestModelHealthStatusValidation" name="test_uptime_validation" time="0.000" /><testcase classname="unit.models.health.test_model_health_status.TestModelHealthStatusHealthChecking" name="test_is_healthy_default_threshold" time="0.000" /><testcase classname="unit.models.fsm.test_model_fsm_data.TestModelFsmDataEdgeCases" name="test_complex_fsm_structure" time="0.001" /><testcase classname="unit.models.health.test_model_health_status.TestModelHealthStatusHealthChecking" name="test_is_degraded_default" time="0.002" /><testcase classname="unit.models.health.test_model_health_status.TestModelHealthStatusHealthChecking" name="test_is_degraded_custom_threshold" time="0.000" /><testcase classname="unit.models.health.test_model_health_status.TestModelHealthStatusHealthChecking" name="test_is_critical_low_score" time="0.000" /><testcase classname="unit.models.health.test_model_health_status.TestModelHealthStatusHealthChecking" name="test_is_critical_with_critical_issues" time="0.000" /><testcase classname="unit.models.health.test_model_health_status.TestModelHealthStatusHealthChecking" name="test_is_critical_unhealthy_status" time="0.000" /><testcase classname="unit.models.health.test_model_health_status.TestModelHealthStatusIssueManagement" name="test_get_critical_issues" time="0.001" /><testcase classname="unit.models.health.test_model_health_status.TestModelHealthStatusIssueManagement" name="test_get_high_issues" time="0.000" /><testcase classname="unit.models.health.test_model_health_status.TestModelHealthStatusMetricManagement" name="test_get_metric_by_name_found" time="0.000" /><testcase classname="unit.models.health.test_model_health_status.TestModelHealthStatusMetricManagement" name="test_get_metric_by_name_not_found" time="0.000" /><testcase classname="unit.models.health.test_model_health_status.TestModelHealthStatusSubsystems" name="test_subsystem_health_tracking" time="0.000" /><testcase classname="unit.models.health.test_model_health_status.TestModelHealthStatusSubsystems" name="test_get_subsystem_health_summary" time="0.000" /><testcase classname="unit.models.health.test_model_health_status.TestModelHealthStatusScoreCalculation" name="test_calculate_overall_health_score_no_subsystems" time="0.000" /><testcase classname="unit.models.health.test_model_health_status.TestModelHealthStatusScoreCalculation" name="test_calculate_overall_health_score_with_subsystems" time="0.000" /><testcase classname="unit.models.health.test_model_health_status.TestModelHealthStatusScoreCalculation" name="test_calculate_overall_health_score_with_issues" time="0.000" /><testcase classname="unit.models.health.test_model_health_status.TestModelHealthStatusAttentionNeeded" name="test_needs_attention_critical" time="0.000" /><testcase classname="unit.models.health.test_model_health_status.TestModelHealthStatusAttentionNeeded" name="test_needs_attention_critical_issues" time="0.000" /><testcase classname="unit.models.health.test_model_health_status.TestModelHealthStatusAttentionNeeded" name="test_needs_attention_many_high_issues" time="0.000" /><testcase classname="unit.models.health.test_model_health_status.TestModelHealthStatusAttentionNeeded" name="test_needs_attention_low_score" time="0.000" /><testcase classname="unit.models.health.test_model_health_status.TestModelHealthStatusAttentionNeeded" name="test_needs_attention_healthy" time="0.000" /><testcase classname="unit.models.health.test_model_health_status.TestModelHealthStatusSummary" name="test_get_health_summary_critical" time="0.000" /><testcase classname="unit.models.health.test_model_health_status.TestModelHealthStatusSummary" name="test_get_health_summary_degraded" time="0.000" /><testcase classname="unit.models.fsm.test_model_fsm_state.TestModelFsmStateEdgeCases" name="test_very_long_name" time="0.000" /><testcase classname="unit.models.health.test_model_health_status.TestModelHealthStatusFactoryMethods" name="test_create_healthy" time="0.001" /><testcase classname="unit.models.health.test_model_health_status.TestModelHealthStatusFactoryMethods" name="test_create_degraded" time="0.001" /><testcase classname="unit.models.health.test_model_health_status.TestModelHealthStatusFactoryMethods" name="test_create_unhealthy" time="0.001" /><testcase classname="unit.models.infrastructure.progress.test_model_progress_core.TestModelProgressCoreInstantiation" name="test_default_initialization" time="0.001" /><testcase classname="unit.models.infrastructure.progress.test_model_progress_core.TestModelProgressCoreInstantiation" name="test_create_with_total_steps" time="0.001" /><testcase classname="unit.models.infrastructure.progress.test_model_progress_core.TestModelProgressCoreInstantiation" name="test_create_with_initial_percentage" time="0.000" /><testcase classname="unit.models.infrastructure.progress.test_model_progress_core.TestModelProgressCoreInstantiation" name="test_create_with_phase" time="0.000" /><testcase classname="unit.models.infrastructure.progress.test_model_progress_core.TestModelProgressCoreValidation" name="test_percentage_min_validation" time="0.001" /><testcase classname="unit.models.fsm.test_model_fsm_transition.TestModelFsmTransitionProtocols" name="test_validate_instance_protocol_complex" time="0.001" /><testcase classname="unit.models.infrastructure.progress.test_model_progress_core.TestModelProgressCoreStepUpdates" name="test_update_step_clamped_max" time="0.001" /><testcase classname="unit.models.infrastructure.progress.test_model_progress_core.TestModelProgressCoreValidation" name="test_percentage_max_validation" time="0.002" /><testcase classname="unit.models.infrastructure.progress.test_model_progress_core.TestModelProgressCoreValidation" name="test_current_step_negative_validation" time="0.000" /><testcase classname="unit.models.infrastructure.progress.test_model_progress_core.TestModelProgressCoreValidation" name="test_total_steps_zero_validation" time="0.000" /><testcase classname="unit.models.infrastructure.progress.test_model_progress_core.TestModelProgressCoreValidation" name="test_current_step_exceeds_total" time="0.000" /><testcase classname="unit.models.infrastructure.progress.test_model_progress_core.TestModelProgressCoreProperties" name="test_is_completed_true" time="0.000" /><testcase classname="unit.models.health.test_model_health_check.TestModelHealthCheckCommandType" name="test_command_check_complex_command" time="0.001" /><testcase classname="unit.models.infrastructure.progress.test_model_progress_metrics.TestModelProgressMetricsCounters" name="test_get_metrics_count" time="0.001" /><testcase classname="unit.models.health.test_model_health_check.TestModelHealthCheckValidation" name="test_command_optional_for_http_types" time="0.000" /><testcase classname="unit.models.infrastructure.progress.test_model_progress_core.TestModelProgressCoreEdgeCases" name="test_percentage_at_boundary_100" time="0.001" /><testcase classname="unit.models.infrastructure.progress.test_model_progress_core.TestModelProgressCoreEdgeCases" name="test_percentage_just_below_100" time="0.000" /><testcase classname="unit.models.infrastructure.progress.test_model_progress_core.TestModelProgressCoreEdgeCases" name="test_step_calculation_with_one_step" time="0.000" /><testcase classname="unit.models.infrastructure.progress.test_model_progress_metrics.TestModelProgressMetricsInstantiation" name="test_default_initialization" time="0.000" /><testcase classname="unit.models.infrastructure.progress.test_model_progress_metrics.TestModelProgressMetricsInstantiation" name="test_create_with_tags" time="0.000" /><testcase classname="unit.models.infrastructure.progress.test_model_progress_metrics.TestModelProgressMetricsCustomMetrics" name="test_add_custom_metric" time="0.001" /><testcase classname="unit.models.infrastructure.progress.test_model_progress_core.TestModelProgressCoreStepUpdates" name="test_update_step_clamped_min" time="0.002" /><testcase classname="unit.models.infrastructure.progress.test_model_progress_core.TestModelProgressCoreStepUpdates" name="test_increment_step" time="0.000" /><testcase classname="unit.models.infrastructure.progress.test_model_progress_core.TestModelProgressCoreStepUpdates" name="test_increment_step_with_amount" time="0.000" /><testcase classname="unit.models.infrastructure.progress.test_model_progress_core.TestModelProgressCorePhaseManagement" name="test_set_phase" time="0.000" /><testcase classname="unit.models.infrastructure.progress.test_model_progress_core.TestModelProgressCorePhaseManagement" name="test_set_phase_without_percentage" time="0.000" /><testcase classname="unit.models.infrastructure.progress.test_model_progress_core.TestModelProgressCoreProperties" name="test_is_completed_false" time="0.000" /><testcase classname="unit.models.infrastructure.progress.test_model_progress_core.TestModelProgressCoreProperties" name="test_is_started_true" time="0.000" /><testcase classname="unit.models.infrastructure.progress.test_model_progress_core.TestModelProgressCoreProperties" name="test_is_started_false" time="0.000" /><testcase classname="unit.models.infrastructure.progress.test_model_progress_core.TestModelProgressCoreProperties" name="test_completion_ratio" time="0.000" /><testcase classname="unit.models.infrastructure.progress.test_model_progress_core.TestModelProgressCorePercentageUpdates" name="test_update_percentage" time="0.001" /><testcase classname="unit.models.infrastructure.progress.test_model_progress_core.TestModelProgressCorePercentageUpdates" name="test_update_percentage_clamped_max" time="0.001" /><testcase classname="unit.models.infrastructure.progress.test_model_progress_core.TestModelProgressCorePercentageUpdates" name="test_update_percentage_clamped_min" time="0.000" /><testcase classname="unit.models.infrastructure.progress.test_model_progress_core.TestModelProgressCorePercentageUpdates" name="test_percentage_from_steps" time="0.000" /><testcase classname="unit.models.infrastructure.progress.test_model_progress_metrics.TestModelProgressMetricsCounters" name="test_has_custom_metrics_false" time="0.000" /><testcase classname="unit.models.infrastructure.progress.test_model_progress_metrics.TestModelProgressMetricsSummary" name="test_get_metrics_summary_empty" time="0.001" /><testcase classname="unit.models.infrastructure.progress.test_model_progress_metrics.TestModelProgressMetricsStandardMetrics" name="test_update_standard_metrics" time="0.001" /><testcase classname="unit.models.infrastructure.progress.test_model_progress_core.TestModelProgressCorePhaseManagement" name="test_update_phase_percentage" time="0.000" /><testcase classname="unit.models.infrastructure.progress.test_model_progress_core.TestModelProgressCorePhaseManagement" name="test_update_phase_percentage_clamped_max" time="0.000" /><testcase classname="unit.models.infrastructure.progress.test_model_progress_core.TestModelProgressCorePhaseManagement" name="test_update_phase_percentage_clamped_min" time="0.000" /><testcase classname="unit.models.infrastructure.progress.test_model_progress_core.TestModelProgressCoreStatusManagement" name="test_set_status" time="0.000" /><testcase classname="unit.models.infrastructure.progress.test_model_progress_core.TestModelProgressCoreStatusManagement" name="test_set_status_without_detailed_info" time="0.000" /><testcase classname="unit.models.infrastructure.progress.test_model_progress_core.TestModelProgressCoreStatusManagement" name="test_set_status_preserves_existing_info" time="0.000" /><testcase classname="unit.models.infrastructure.progress.test_model_progress_core.TestModelProgressCoreReset" name="test_reset" time="0.000" /><testcase classname="unit.models.infrastructure.progress.test_model_progress_core.TestModelProgressCoreFactoryMethods" name="test_create_simple" time="0.000" /><testcase classname="unit.models.infrastructure.progress.test_model_progress_core.TestModelProgressCoreFactoryMethods" name="test_create_simple_default" time="0.000" /><testcase classname="unit.models.infrastructure.progress.test_model_progress_core.TestModelProgressCoreFactoryMethods" name="test_create_phased" time="0.000" /><testcase classname="unit.models.infrastructure.progress.test_model_progress_core.TestModelProgressCoreFactoryMethods" name="test_create_phased_empty_phases" time="0.000" /><testcase classname="unit.models.infrastructure.progress.test_model_progress_core.TestModelProgressCoreProtocols" name="test_execute_protocol" time="0.000" /><testcase classname="unit.models.infrastructure.progress.test_model_progress_core.TestModelProgressCoreProtocols" name="test_configure_protocol" time="0.000" /><testcase classname="unit.models.infrastructure.progress.test_model_progress_core.TestModelProgressCoreProtocols" name="test_serialize_protocol" time="0.001" /><testcase classname="unit.models.infrastructure.progress.test_model_progress_core.TestModelProgressCoreEdgeCases" name="test_detailed_info_max_length" time="0.000" /><testcase classname="unit.models.infrastructure.progress.test_model_progress_metrics.TestModelProgressMetricsCustomMetrics" name="test_add_custom_metric_updates_timestamp" time="0.001" /><testcase classname="unit.models.infrastructure.progress.test_model_progress_metrics.TestModelProgressMetricsCustomMetrics" name="test_get_custom_metric_nonexistent" time="0.001" /><testcase classname="unit.models.infrastructure.progress.test_model_progress_metrics.TestModelProgressMetricsCustomMetrics" name="test_remove_custom_metric" time="0.001" /><testcase classname="unit.models.infrastructure.progress.test_model_progress_metrics.TestModelProgressMetricsCustomMetrics" name="test_remove_custom_metric_nonexistent" time="0.000" /><testcase classname="unit.models.infrastructure.progress.test_model_progress_metrics.TestModelProgressMetricsReset" name="test_reset" time="0.000" /><testcase classname="unit.models.infrastructure.progress.test_model_progress_metrics.TestModelProgressMetricsReset" name="test_reset_tags_only" time="0.001" /><testcase classname="unit.models.infrastructure.progress.test_model_progress_metrics.TestModelProgressMetricsTags" name="test_add_tag" time="0.000" /><testcase classname="unit.models.infrastructure.progress.test_model_progress_metrics.TestModelProgressMetricsTags" name="test_add_tag_duplicate" time="0.000" /><testcase classname="unit.models.infrastructure.progress.test_model_progress_metrics.TestModelProgressMetricsFactoryMethods" name="test_create_with_tags_factory" time="0.000" /><testcase classname="unit.models.infrastructure.progress.test_model_progress_metrics.TestModelProgressMetricsTags" name="test_add_tag_updates_timestamp" time="0.001" /><testcase classname="unit.models.infrastructure.progress.test_model_progress_metrics.TestModelProgressMetricsFactoryMethods" name="test_create_with_metrics_factory" time="0.000" /><testcase classname="unit.models.infrastructure.progress.test_model_progress_metrics.TestModelProgressMetricsProtocols" name="test_execute_protocol" time="0.001" /><testcase classname="unit.models.infrastructure.progress.test_model_progress_metrics.TestModelProgressMetricsTags" name="test_remove_tag" time="0.000" /><testcase classname="unit.models.infrastructure.progress.test_model_progress_metrics.TestModelProgressMetricsTags" name="test_remove_tag_nonexistent" time="0.000" /><testcase classname="unit.models.infrastructure.progress.test_model_progress_metrics.TestModelProgressMetricsTags" name="test_has_tag" time="0.000" /><testcase classname="unit.models.infrastructure.progress.test_model_progress_metrics.TestModelProgressMetricsProtocols" name="test_configure_protocol" time="0.000" /><testcase classname="unit.models.infrastructure.progress.test_model_progress_metrics.TestModelProgressMetricsTags" name="test_add_tags_multiple" time="0.000" /><testcase classname="unit.models.infrastructure.progress.test_model_progress_metrics.TestModelProgressMetricsProtocols" name="test_serialize_protocol" time="0.001" /><testcase classname="unit.models.infrastructure.progress.test_model_progress_metrics.TestModelProgressMetricsTags" name="test_remove_tags_multiple" time="0.001" /><testcase classname="unit.models.infrastructure.progress.test_model_progress_metrics.TestModelProgressMetricsTags" name="test_clear_tags" time="0.000" /><testcase classname="unit.models.infrastructure.progress.test_model_progress_metrics.TestModelProgressMetricsEdgeCases" name="test_add_same_tag_multiple_times" time="0.001" /><testcase classname="unit.models.infrastructure.progress.test_model_progress_metrics.TestModelProgressMetricsTags" name="test_clear_tags_empty" time="0.001" /><testcase classname="unit.models.infrastructure.progress.test_model_progress_metrics.TestModelProgressMetricsEdgeCases" name="test_timestamp_updates_on_changes" time="0.001" /><testcase classname="unit.models.infrastructure.test_cache_coderabbit_fixes.TestIssue10EnumUsage" name="test_config_uses_enum_not_string_pattern" time="0.000" /><testcase classname="unit.models.infrastructure.test_cache_coderabbit_fixes.TestIssue10EnumUsage" name="test_config_accepts_string_enum_values" time="0.000" /><testcase classname="unit.models.infrastructure.test_cache_coderabbit_fixes.TestIssue10EnumUsage" name="test_config_default_is_enum" time="0.000" /><testcase classname="unit.models.infrastructure.test_cache_coderabbit_fixes.TestIssue11ValidationAtConstruction" name="test_valid_enum_passes" time="0.001" /><testcase classname="unit.models.infrastructure.test_cache_coderabbit_fixes.TestIssue11ValidationAtConstruction" name="test_valid_string_coerces_to_enum" time="0.000" /><testcase classname="unit.models.infrastructure.test_cache_coderabbit_fixes.TestIssue11ValidationAtConstruction" name="test_invalid_string_raises_error" time="0.000" /><testcase classname="unit.models.infrastructure.test_cache_coderabbit_fixes.TestIssue12TTLPrecision" name="test_ttl_seconds_no_truncation_short_durations" time="0.000" /><testcase classname="unit.models.health.test_model_health_metadata.TestModelHealthMetadataEnvironmentChecking" name="test_is_production_environment" time="0.001" /><testcase classname="unit.models.health.test_model_health_check_config.TestModelHealthCheckConfigFactoryMethods" name="test_create_thorough_checks" time="0.000" /><testcase classname="unit.models.infrastructure.test_cache_coderabbit_fixes.TestIssue12TTLPrecision" name="test_ttl_uses_timedelta_not_integer_division" time="0.001" /><testcase classname="unit.models.infrastructure.test_cache_coderabbit_fixes.TestIssue13LRUvsLFU" name="test_lru_uses_monotonic_timestamp" time="0.063" /><testcase classname="unit.models.infrastructure.test_model_duration.TestModelDurationConversions" name="test_to_seconds" time="0.001" /><testcase classname="unit.models.infrastructure.test_model_duration.TestModelDurationConversions" name="test_to_minutes" time="0.001" /><testcase classname="unit.models.infrastructure.test_model_duration.TestModelDurationConversions" name="test_to_hours" time="0.000" /><testcase classname="unit.models.infrastructure.test_model_duration.TestModelDurationConversions" name="test_to_days" time="0.000" /><testcase classname="unit.models.infrastructure.test_model_duration.TestModelDurationConversions" name="test_fractional_conversions" time="0.111" /><testcase classname="unit.models.infrastructure.test_cache_coderabbit_fixes.TestIssue13LRUvsLFU" name="test_lfu_uses_access_count" time="0.000" /><testcase classname="unit.models.infrastructure.test_cache_coderabbit_fixes.TestIssue13LRUvsLFU" name="test_lru_evicts_by_recency_not_frequency" time="0.035" /><testcase classname="unit.models.infrastructure.test_cache_coderabbit_fixes.TestIssue13LRUvsLFU" name="test_lfu_evicts_by_frequency_not_recency" time="0.026" /><testcase classname="unit.models.infrastructure.test_cache_coderabbit_fixes.TestIssue13LRUvsLFU" name="test_fifo_evicts_oldest_insertion" time="0.025" /><testcase classname="unit.models.infrastructure.test_cache_coderabbit_fixes.TestCacheInternalStorage" name="test_lru_internal_storage_uses_float_timestamp" time="0.000" /><testcase classname="unit.models.infrastructure.test_cache_coderabbit_fixes.TestCacheInternalStorage" name="test_lfu_internal_storage_uses_int_count" time="0.000" /><testcase classname="unit.models.infrastructure.test_cache_coderabbit_fixes.TestCacheInternalStorage" name="test_fifo_internal_storage_uses_insertion_order" time="0.000" /><testcase classname="unit.models.health.test_model_health_metric.TestModelHealthMetricThresholds" name="test_is_warning_below_threshold" time="0.000" /><testcase classname="unit.models.infrastructure.test_model_duration.TestModelDurationEdgeCases" name="test_float_milliseconds" time="0.000" /><testcase classname="unit.models.infrastructure.test_model_duration.TestModelDurationInstantiation" name="test_create_from_milliseconds" time="0.001" /><testcase classname="unit.models.infrastructure.test_model_duration.TestModelDurationEdgeCases" name="test_float_seconds" time="0.000" /><testcase classname="unit.models.infrastructure.test_model_duration.TestModelDurationEdgeCases" name="test_zero_milliseconds" time="0.000" /><testcase classname="unit.models.infrastructure.test_model_duration.TestModelDurationInstantiation" name="test_create_from_seconds" time="0.000" /><testcase classname="unit.models.infrastructure.test_model_duration.TestModelDurationEdgeCases" name="test_large_duration" time="0.000" /><testcase classname="unit.models.infrastructure.test_model_duration.TestModelDurationEdgeCases" name="test_very_small_duration" time="0.000" /><testcase classname="unit.models.infrastructure.test_model_execution_duration.TestModelExecutionDurationInstantiation" name="test_default_initialization" time="0.000" /><testcase classname="unit.models.infrastructure.test_model_duration.TestModelDurationInstantiation" name="test_create_from_minutes" time="0.001" /><testcase classname="unit.models.infrastructure.test_model_duration.TestModelDurationInstantiation" name="test_create_from_hours" time="0.000" /><testcase classname="unit.models.infrastructure.test_model_duration.TestModelDurationInstantiation" name="test_create_from_days" time="0.000" /><testcase classname="unit.models.infrastructure.test_model_execution_duration.TestModelExecutionDurationInstantiation" name="test_create_with_milliseconds" time="0.000" /><testcase classname="unit.models.infrastructure.test_model_duration.TestModelDurationInstantiation" name="test_default_initialization" time="0.000" /><testcase classname="unit.models.infrastructure.test_model_duration.TestModelDurationFactoryMethods" name="test_from_milliseconds" time="0.000" /><testcase classname="unit.models.infrastructure.test_model_execution_duration.TestModelExecutionDurationInstantiation" name="test_create_with_zero" time="0.001" /><testcase classname="unit.models.infrastructure.test_model_duration.TestModelDurationFactoryMethods" name="test_from_seconds" time="0.000" /><testcase classname="unit.models.infrastructure.test_model_duration.TestModelDurationFactoryMethods" name="test_from_minutes" time="0.000" /><testcase classname="unit.models.infrastructure.test_model_duration.TestModelDurationFactoryMethods" name="test_from_hours" time="0.000" /><testcase classname="unit.models.infrastructure.test_model_execution_duration.TestModelExecutionDurationInstantiation" name="test_validation_negative_milliseconds" time="0.000" /><testcase classname="unit.models.infrastructure.test_model_execution_duration.TestModelExecutionDurationConversions" name="test_total_milliseconds" time="0.000" /><testcase classname="unit.models.infrastructure.test_model_execution_duration.TestModelExecutionDurationConversions" name="test_total_seconds_from_milliseconds" time="0.000" /><testcase classname="unit.models.infrastructure.test_model_execution_duration.TestModelExecutionDurationConversions" name="test_total_seconds_fractional" time="0.000" /><testcase classname="unit.models.infrastructure.test_model_execution_duration.TestModelExecutionDurationConversions" name="test_total_seconds_zero" time="0.000" /><testcase classname="unit.models.infrastructure.test_model_execution_duration.TestModelExecutionDurationStringRepresentation" name="test_str_zero_milliseconds" time="0.000" /><testcase classname="unit.models.infrastructure.test_model_execution_duration.TestModelExecutionDurationStringRepresentation" name="test_str_milliseconds_only" time="0.001" /><testcase classname="unit.models.infrastructure.test_model_execution_duration.TestModelExecutionDurationStringRepresentation" name="test_str_seconds_only" time="0.001" /><testcase classname="unit.models.infrastructure.test_model_execution_duration.TestModelExecutionDurationStringRepresentation" name="test_str_fractional_seconds" time="0.000" /><testcase classname="unit.models.health.test_model_health_metric.TestModelHealthMetricComplexScenarios" name="test_metric_lifecycle" time="0.000" /><testcase classname="unit.models.infrastructure.test_model_execution_duration.TestModelExecutionDurationStringRepresentation" name="test_str_multiple_minutes" time="0.000" /><testcase classname="unit.models.infrastructure.test_model_execution_duration.TestModelExecutionDurationStringRepresentation" name="test_str_minutes_and_seconds" time="0.000" /><testcase classname="unit.models.infrastructure.test_model_execution_duration.TestModelExecutionDurationSerialization" name="test_model_dump" time="0.001" /><testcase classname="unit.models.infrastructure.test_model_execution_duration.TestModelExecutionDurationSerialization" name="test_model_dump_zero" time="0.000" /><testcase classname="unit.models.infrastructure.test_model_execution_duration.TestModelExecutionDurationSerialization" name="test_model_dump_exclude_none" time="0.000" /><testcase classname="unit.models.infrastructure.test_model_execution_duration.TestModelExecutionDurationEdgeCases" name="test_very_large_duration" time="0.000" /><testcase classname="unit.models.infrastructure.test_model_execution_duration.TestModelExecutionDurationEdgeCases" name="test_one_millisecond" time="0.000" /><testcase classname="unit.models.infrastructure.test_model_execution_duration.TestModelExecutionDurationEdgeCases" name="test_boundary_999_milliseconds" time="0.000" /><testcase classname="unit.models.infrastructure.test_model_execution_duration.TestModelExecutionDurationEdgeCases" name="test_boundary_1000_milliseconds" time="0.000" /><testcase classname="unit.models.infrastructure.test_model_execution_duration.TestModelExecutionDurationEdgeCases" name="test_boundary_59999_milliseconds" time="0.000" /><testcase classname="unit.models.infrastructure.test_model_execution_duration.TestModelExecutionDurationEdgeCases" name="test_boundary_60000_milliseconds" time="0.000" /><testcase classname="unit.models.health.test_model_health_metrics.TestModelHealthMetricsHealthScore" name="test_get_health_score_bounds" time="0.000" /><testcase classname="unit.models.infrastructure.test_model_execution_duration.TestModelExecutionDurationModelConfig" name="test_extra_fields_ignored" time="0.000" /><testcase classname="unit.models.infrastructure.test_model_progress.TestModelProgressCorePropertiesAccess" name="test_total_steps_property_read" time="0.001" /><testcase classname="unit.models.infrastructure.test_model_execution_duration.TestModelExecutionDurationModelConfig" name="test_validate_assignment" time="0.000" /><testcase classname="unit.models.infrastructure.test_model_progress.TestModelProgressCorePropertiesAccess" name="test_total_steps_property_write" time="0.000" /><testcase classname="unit.models.infrastructure.test_model_execution_duration.TestModelExecutionDurationModelConfig" name="test_validate_assignment_negative_fails" time="0.000" /><testcase classname="unit.models.infrastructure.test_model_progress.TestModelProgressTimingPropertiesAccess" name="test_start_time_property" time="0.000" /><testcase classname="unit.models.infrastructure.test_model_progress.TestModelProgressTimingPropertiesAccess" name="test_last_update_time_property" time="0.001" /><testcase classname="unit.models.infrastructure.test_model_progress.TestModelProgressInstantiation" name="test_default_initialization" time="0.001" /><testcase classname="unit.models.infrastructure.test_model_progress.TestModelProgressTimingPropertiesAccess" name="test_elapsed_time_property" time="0.001" /><testcase classname="unit.models.health.test_model_health_status.TestModelHealthStatusHealthChecking" name="test_is_healthy_custom_threshold" time="0.001" /><testcase classname="unit.models.infrastructure.test_model_progress.TestModelProgressInstantiation" name="test_initialization_syncs_components" time="0.000" /><testcase classname="unit.models.infrastructure.test_model_progress.TestModelProgressCorePropertiesAccess" name="test_percentage_property_read" time="0.000" /><testcase classname="unit.models.infrastructure.test_model_progress.TestModelProgressMetricsMethods" name="test_add_custom_metric" time="0.001" /><testcase classname="unit.models.infrastructure.test_model_progress.TestModelProgressCorePropertiesAccess" name="test_percentage_property_write" time="0.000" /><testcase classname="unit.models.infrastructure.test_model_progress.TestModelProgressCorePropertiesAccess" name="test_current_step_property_read" time="0.000" /><testcase classname="unit.models.infrastructure.test_model_progress.TestModelProgressMetricsMethods" name="test_add_tag" time="0.001" /><testcase classname="unit.models.infrastructure.test_model_progress.TestModelProgressTimingPropertiesAccess" name="test_elapsed_seconds_property" time="0.000" /><testcase classname="unit.models.infrastructure.test_model_progress.TestModelProgressStatusProperties" name="test_is_completed_property" time="0.001" /><testcase classname="unit.models.infrastructure.test_model_progress.TestModelProgressStatusProperties" name="test_is_started_property" time="0.000" /><testcase classname="unit.models.infrastructure.test_model_progress.TestModelProgressStatusProperties" name="test_current_phase_property" time="0.000" /><testcase classname="unit.models.infrastructure.test_model_progress.TestModelProgressStatusProperties" name="test_status_message_property" time="0.000" /><testcase classname="unit.models.infrastructure.test_model_progress.TestModelProgressMetricsMethods" name="test_remove_tag" time="0.000" /><testcase classname="unit.models.infrastructure.test_model_progress.TestModelProgressUpdateMethods" name="test_update_percentage_syncs_components" time="0.000" /><testcase classname="unit.models.infrastructure.test_model_progress.TestModelProgressMetricsMethods" name="test_custom_metrics_property" time="0.000" /><testcase classname="unit.models.infrastructure.test_model_progress.TestModelProgressUpdateMethods" name="test_update_step_syncs_components" time="0.000" /><testcase classname="unit.models.infrastructure.test_model_progress.TestModelProgressUpdateMethods" name="test_increment_step_syncs_components" time="0.000" /><testcase classname="unit.models.infrastructure.test_model_progress.TestModelProgressUpdateMethods" name="test_set_phase" time="0.001" /><testcase classname="unit.models.health.test_model_health_status.TestModelHealthStatusSummary" name="test_get_health_summary_healthy" time="0.001" /><testcase classname="unit.models.infrastructure.test_model_progress.TestModelProgressMetricsMethods" name="test_tags_property" time="0.000" /><testcase classname="unit.models.infrastructure.test_model_regex_flags.TestModelRegexFlagsInstantiation" name="test_create_multiline" time="0.000" /><testcase classname="unit.models.infrastructure.test_model_progress.TestModelProgressUpdateMethods" name="test_update_phase_percentage" time="0.001" /><testcase classname="unit.models.infrastructure.test_model_progress.TestModelProgressReset" name="test_reset_resets_all_components" time="0.001" /><testcase classname="unit.models.infrastructure.test_model_progress.TestModelProgressUpdateMethods" name="test_set_status" time="0.000" /><testcase classname="unit.models.infrastructure.test_model_progress.TestModelProgressMilestones" name="test_add_milestone" time="0.000" /><testcase classname="unit.models.infrastructure.test_model_progress.TestModelProgressMilestones" name="test_remove_milestone" time="0.000" /><testcase classname="unit.models.infrastructure.test_model_progress.TestModelProgressSummary" name="test_get_summary" time="0.002" /><testcase classname="unit.models.infrastructure.test_model_regex_flags.TestModelRegexFlagsInstantiation" name="test_direct_instantiation" time="0.000" /><testcase classname="unit.models.infrastructure.test_model_regex_flags.TestModelRegexFlagsCombined" name="test_combined_two_flags" time="0.000" /><testcase classname="unit.models.infrastructure.test_model_regex_flags.TestModelRegexFlagsCombined" name="test_combined_three_flags" time="0.000" /><testcase classname="unit.models.infrastructure.test_model_regex_flags.TestModelRegexFlagsCombined" name="test_dotall_ignorecase_multiline" time="0.000" /><testcase classname="unit.models.infrastructure.test_model_regex_flags.TestModelRegexFlagsCombined" name="test_ignorecase_multiline" time="0.001" /><testcase classname="unit.models.infrastructure.test_model_progress.TestModelProgressFactoryMethods" name="test_create_simple" time="0.001" /><testcase classname="unit.models.events.test_model_event_envelope.TestModelEventEnvelopeQoS" name="test_get_elapsed_time" time="0.105" /><testcase classname="unit.models.infrastructure.test_model_regex_flags.TestModelRegexFlagsCombined" name="test_dotall_multiline" time="0.000" /><testcase classname="unit.models.infrastructure.test_model_regex_flags.TestModelRegexFlagsValidation" name="test_invalid_flag_value_for_dotall" time="0.001" /><testcase classname="unit.models.infrastructure.progress.test_model_progress_core.TestModelProgressCoreStepUpdates" name="test_update_step" time="0.001" /><testcase classname="unit.models.infrastructure.test_model_progress.TestModelProgressFactoryMethods" name="test_create_with_milestones" time="0.001" /><testcase classname="unit.models.infrastructure.test_model_regex_flags.TestModelRegexFlagsValidation" name="test_invalid_flag_value_for_ignorecase" time="0.001" /><testcase classname="unit.models.infrastructure.test_model_regex_flags.TestModelRegexFlagsSerialization" name="test_model_dump" time="0.001" /><testcase classname="unit.models.infrastructure.test_model_progress.TestModelProgressFactoryMethods" name="test_create_phased" time="0.001" /><testcase classname="unit.models.infrastructure.test_model_regex_flags.TestModelRegexFlagsSerialization" name="test_serialize_protocol" time="0.001" /><testcase classname="unit.models.infrastructure.test_model_regex_flags.TestModelRegexFlagsValidation" name="test_invalid_flag_value_for_multiline" time="0.001" /><testcase classname="unit.models.infrastructure.test_model_progress.TestModelProgressProtocols" name="test_execute_protocol" time="0.000" /><testcase classname="unit.models.infrastructure.test_model_progress.TestModelProgressProtocols" name="test_configure_protocol" time="0.000" /><testcase classname="unit.models.infrastructure.test_model_regex_flags.TestModelRegexFlagsValidation" name="test_invalid_combined_flag_value" time="0.000" /><testcase classname="unit.models.infrastructure.test_model_regex_flags.TestModelRegexFlagsProtocols" name="test_execute_protocol" time="0.000" /><testcase classname="unit.models.infrastructure.test_model_regex_flags.TestModelRegexFlagsProtocols" name="test_configure_protocol" time="0.000" /><testcase classname="unit.models.infrastructure.test_model_regex_flags.TestModelRegexFlagsEdgeCases" name="test_combined_with_single_flag" time="0.000" /><testcase classname="unit.models.infrastructure.test_model_regex_flags.TestModelRegexFlagsEdgeCases" name="test_combined_with_no_flags" time="0.000" /><testcase classname="unit.models.infrastructure.test_model_regex_flags.TestModelRegexFlagsEdgeCases" name="test_flag_value_preservation" time="0.000" /><testcase classname="unit.models.infrastructure.test_model_regex_flags.TestModelRegexFlagsValidation" name="test_invalid_combined_flag_negative" time="0.000" /><testcase classname="unit.models.infrastructure.test_model_regex_flags.TestModelRegexFlagsUsage" name="test_get_flag" time="0.003" /><testcase classname="unit.models.infrastructure.test_model_regex_flags.TestModelRegexFlagsEdgeCases" name="test_all_factory_methods_produce_valid_flags" time="0.000" /><testcase classname="unit.models.infrastructure.test_model_progress.TestModelProgressProtocols" name="test_serialize_protocol" time="0.000" /><testcase classname="unit.models.infrastructure.test_model_progress.TestModelProgressEdgeCases" name="test_percentage_updates_sync" time="0.000" /><testcase classname="unit.models.infrastructure.test_model_progress.TestModelProgressEdgeCases" name="test_step_updates_sync" time="0.000" /><testcase classname="unit.models.infrastructure.test_model_progress.TestModelProgressEdgeCases" name="test_total_steps_updates_sync" time="0.000" /><testcase classname="unit.models.infrastructure.test_model_regex_flags.TestModelRegexFlagsInstantiation" name="test_create_dotall" time="0.001" /><testcase classname="unit.models.infrastructure.test_model_regex_flags.TestModelRegexFlagsUsage" name="test_as_int" time="0.001" /><testcase classname="unit.models.infrastructure.test_model_regex_flags.TestModelRegexFlagsUsage" name="test_use_in_regex_dotall" time="0.000" /><testcase classname="unit.models.infrastructure.test_model_result.TestModelResultCreation" name="test_ok_creation_class_method" time="0.001" /><testcase classname="unit.models.infrastructure.test_model_regex_flags.TestModelRegexFlagsUsage" name="test_use_in_regex_ignorecase" time="0.001" /><testcase classname="unit.models.infrastructure.test_model_result.TestModelResultCreation" name="test_err_creation_class_method" time="0.001" /><testcase classname="unit.models.infrastructure.test_model_regex_flags.TestModelRegexFlagsUsage" name="test_use_in_regex_multiline" time="0.005" /><testcase classname="unit.models.infrastructure.test_model_result.TestModelResultCreation" name="test_constructor_success_valid" time="0.001" /><testcase classname="unit.models.infrastructure.test_model_result.TestModelResultCreation" name="test_constructor_error_valid" time="0.001" /><testcase classname="unit.models.infrastructure.test_model_result.TestModelResultCreation" name="test_constructor_success_without_value_fails" time="0.001" /><testcase classname="unit.models.infrastructure.test_model_result.TestModelResultCreation" name="test_constructor_error_without_error_fails" time="0.000" /><testcase classname="unit.models.infrastructure.test_model_result.TestModelResultCreation" name="test_constructor_success_with_error_fails" time="0.000" /><testcase classname="unit.models.infrastructure.progress.test_model_progress_metrics.TestModelProgressMetricsTags" name="test_get_tags_count" time="0.000" /><testcase classname="unit.models.infrastructure.test_model_result.TestModelResultCreation" name="test_err_with_various_types" time="0.001" /><testcase classname="unit.models.infrastructure.test_model_result.TestModelResultUnwrapping" name="test_unwrap_success" time="0.001" /><testcase classname="unit.models.infrastructure.test_model_result.TestModelResultUnwrapping" name="test_unwrap_error_fails" time="0.000" /><testcase classname="unit.models.infrastructure.test_model_result.TestModelResultUnwrapping" name="test_unwrap_or_success" time="0.001" /><testcase classname="unit.models.infrastructure.test_model_result.TestModelResultUnwrapping" name="test_unwrap_or_error" time="0.000" /><testcase classname="unit.models.infrastructure.test_model_result.TestModelResultUnwrapping" name="test_unwrap_or_else_success" time="0.000" /><testcase classname="unit.models.infrastructure.test_model_result.TestModelResultUnwrapping" name="test_unwrap_or_else_error" time="0.000" /><testcase classname="unit.models.infrastructure.test_model_result.TestModelResultUnwrapping" name="test_expect_success" time="0.000" /><testcase classname="unit.models.infrastructure.test_model_result.TestModelResultUnwrapping" name="test_expect_error_fails" time="0.001" /><testcase classname="unit.models.infrastructure.test_model_result.TestModelResultMonadicOperations" name="test_map_success" time="0.000" /><testcase classname="unit.models.infrastructure.test_model_result.TestModelResultMonadicOperations" name="test_map_error_passthrough" time="0.000" /><testcase classname="unit.models.infrastructure.test_model_result.TestModelResultMonadicOperations" name="test_map_function_exception" time="0.000" /><testcase classname="unit.models.infrastructure.test_model_result.TestModelResultMonadicOperations" name="test_map_chaining" time="0.000" /><testcase classname="unit.models.infrastructure.test_model_result.TestModelResultMonadicOperations" name="test_map_err_success_passthrough" time="0.000" /><testcase classname="unit.models.infrastructure.test_model_result.TestModelResultMonadicOperations" name="test_map_err_error" time="0.000" /><testcase classname="unit.models.infrastructure.test_model_result.TestModelResultMonadicOperations" name="test_map_err_function_exception" time="0.000" /><testcase classname="unit.models.infrastructure.test_model_result.TestModelResultCreation" name="test_constructor_error_with_value_fails" time="0.002" /><testcase classname="unit.models.events.test_model_event_envelope.TestModelEventEnvelopeFactoryMethods" name="test_create_broadcast" time="0.001" /><testcase classname="unit.models.events.test_model_event_envelope.TestModelEventEnvelopeFactoryMethods" name="test_create_broadcast_default_priority" time="0.000" /><testcase classname="unit.models.events.test_model_event_envelope.TestModelEventEnvelopeFactoryMethods" name="test_create_directed" time="0.000" /><testcase classname="unit.models.events.test_model_event_envelope.TestModelEventEnvelopeFactoryMethods" name="test_create_directed_default_priority" time="0.001" /><testcase classname="unit.models.events.test_model_event_envelope.TestModelEventEnvelopePayloadExtraction" name="test_extract_payload_simple" time="0.001" /><testcase classname="unit.models.events.test_model_event_envelope.TestModelEventEnvelopePayloadExtraction" name="test_extract_payload_complex" time="0.001" /><testcase classname="unit.models.events.test_model_event_envelope.TestModelEventEnvelopePayloadExtraction" name="test_extract_payload_onex_event" time="0.004" /><testcase classname="unit.models.events.test_model_event_envelope.TestModelEventEnvelopeLazyEvaluation" name="test_to_dict_lazy_with_pydantic_payload" time="0.001" /><testcase classname="unit.models.events.test_model_event_envelope.TestModelEventEnvelopeLazyEvaluation" name="test_to_dict_lazy_with_non_pydantic_payload" time="0.001" /><testcase classname="unit.models.events.test_model_event_envelope.TestModelEventEnvelopeLazyEvaluation" name="test_to_dict_lazy_uuid_conversion" time="0.001" /><testcase classname="unit.models.events.test_model_event_envelope.TestModelEventEnvelopeLazyEvaluation" name="test_to_dict_lazy_timestamp_conversion" time="0.000" /><testcase classname="unit.models.events.test_model_event_envelope.TestModelEventEnvelopeLazyEvaluation" name="test_to_dict_lazy_version_conversion" time="0.000" /><testcase classname="unit.models.events.test_model_event_envelope.TestModelEventEnvelopeSerialization" name="test_model_dump" time="0.001" /><testcase classname="unit.models.events.test_model_event_envelope.TestModelEventEnvelopeSerialization" name="test_model_dump_json" time="0.000" /><testcase classname="unit.models.events.test_model_event_envelope.TestModelEventEnvelopeSerialization" name="test_model_validate_json" time="0.008" /><testcase classname="unit.models.events.test_model_event_envelope.TestModelEventEnvelopeEdgeCases" name="test_none_payload" time="0.000" /><testcase classname="unit.models.events.test_model_event_envelope.TestModelEventEnvelopeEdgeCases" name="test_empty_metadata" time="0.000" /><testcase classname="unit.models.events.test_model_event_envelope.TestModelEventEnvelopeEdgeCases" name="test_empty_security_context" time="0.000" /><testcase classname="unit.models.events.test_model_event_envelope.TestModelEventEnvelopeEdgeCases" name="test_immutability_pattern" time="0.000" /><testcase classname="unit.models.events.test_model_event_envelope.TestModelEventEnvelopeEdgeCases" name="test_chaining_methods" time="0.001" /><testcase classname="unit.models.events.test_model_event_envelope.TestModelEventEnvelopeEdgeCases" name="test_large_metadata" time="0.001" /><testcase classname="unit.models.events.test_model_event_envelope.TestModelEventEnvelopeEdgeCases" name="test_unicode_in_fields" time="0.000" /><testcase classname="unit.models.events.test_model_event_envelope.TestModelEventEnvelopeEdgeCases" name="test_multiple_retries" time="0.000" /><testcase classname="unit.models.fsm.test_model_fsm_data.TestModelFsmDataInstantiation" name="test_model_instantiation_minimal" time="0.000" /><testcase classname="unit.models.infrastructure.test_model_duration.TestModelDurationValidation" name="test_invalid_milliseconds_type" time="0.002" /><testcase classname="unit.models.infrastructure.test_model_duration.TestModelDurationValidation" name="test_invalid_seconds_type" time="0.000" /><testcase classname="unit.models.infrastructure.test_model_duration.TestModelDurationValidation" name="test_invalid_minutes_type" time="0.001" /><testcase classname="unit.models.infrastructure.test_model_duration.TestModelDurationValidation" name="test_invalid_hours_type" time="0.001" /><testcase classname="unit.models.infrastructure.test_model_duration.TestModelDurationValidation" name="test_invalid_days_type" time="0.001" /><testcase classname="unit.models.infrastructure.test_model_duration.TestModelDurationProperties" name="test_is_zero" time="0.000" /><testcase classname="unit.models.infrastructure.test_model_duration.TestModelDurationProperties" name="test_is_not_zero" time="0.001" /><testcase classname="unit.models.infrastructure.test_model_duration.TestModelDurationProperties" name="test_is_positive" time="0.001" /><testcase classname="unit.models.infrastructure.test_model_duration.TestModelDurationProperties" name="test_is_positive_zero" time="0.000" /><testcase classname="unit.models.infrastructure.test_model_duration.TestModelDurationProperties" name="test_get_time_based" time="0.003" /><testcase classname="unit.models.infrastructure.test_model_duration.TestModelDurationSerialization" name="test_model_dump" time="0.001" /><testcase classname="unit.models.infrastructure.test_model_duration.TestModelDurationSerialization" name="test_serialize_protocol" time="0.086" /><testcase classname="unit.models.infrastructure.progress.test_model_progress_core.TestModelProgressCoreEdgeCases" name="test_detailed_info_at_max_length" time="0.000" /><testcase classname="unit.models.infrastructure.test_model_result.TestModelResultMonadicOperations" name="test_and_then_success_to_error" time="0.002" /><testcase classname="unit.models.infrastructure.test_model_result.TestModelResultMonadicOperations" name="test_and_then_error_passthrough" time="0.001" /><testcase classname="unit.models.infrastructure.test_model_result.TestModelResultMonadicOperations" name="test_and_then_function_exception" time="0.001" /><testcase classname="unit.models.infrastructure.test_model_result.TestModelResultMonadicOperations" name="test_or_else_success_passthrough" time="0.002" /><testcase classname="unit.models.infrastructure.test_model_result.TestModelResultMonadicOperations" name="test_or_else_error_recovery" time="0.001" /><testcase classname="unit.models.infrastructure.test_model_result.TestModelResultMonadicOperations" name="test_or_else_error_to_error" time="0.001" /><testcase classname="unit.models.infrastructure.test_model_result.TestModelResultMonadicOperations" name="test_or_else_function_exception" time="0.000" /><testcase classname="unit.models.infrastructure.test_model_result.TestModelResultUtilityFunctions" name="test_ok_factory_function" time="0.000" /><testcase classname="unit.models.infrastructure.test_model_result.TestModelResultUtilityFunctions" name="test_err_factory_function" time="0.000" /><testcase classname="unit.models.infrastructure.test_model_result.TestModelResultUtilityFunctions" name="test_try_result_success" time="0.000" /><testcase classname="unit.models.infrastructure.test_model_result.TestModelResultUtilityFunctions" name="test_try_result_exception" time="0.000" /><testcase classname="unit.models.infrastructure.test_model_result.TestModelResultUtilityFunctions" name="test_try_result_with_side_effects" time="0.001" /><testcase classname="unit.models.infrastructure.test_model_result.TestModelResultUtilityFunctions" name="test_collect_results_all_success" time="0.000" /><testcase classname="unit.models.infrastructure.test_model_result.TestModelResultUtilityFunctions" name="test_collect_results_all_errors" time="0.000" /><testcase classname="unit.models.infrastructure.test_model_result.TestModelResultUtilityFunctions" name="test_collect_results_mixed" time="0.000" /><testcase classname="unit.models.infrastructure.test_model_result.TestModelResultUtilityFunctions" name="test_collect_results_empty_list" time="0.000" /><testcase classname="unit.models.infrastructure.test_cache_coderabbit_fixes.TestIssue12TTLPrecision" name="test_ttl_timedelta_precision_in_put" time="0.001" /><testcase classname="unit.models.infrastructure.test_model_result.TestModelResultStringRepresentation" name="test_repr_error" time="0.000" /><testcase classname="unit.models.infrastructure.test_model_result.TestModelResultStringRepresentation" name="test_str_success" time="0.000" /><testcase classname="unit.models.infrastructure.test_model_result.TestModelResultStringRepresentation" name="test_str_error" time="0.001" /><testcase classname="unit.models.infrastructure.test_model_result.TestModelResultStringRepresentation" name="test_bool_conversion_success" time="0.000" /><testcase classname="unit.models.infrastructure.test_model_result.TestModelResultStringRepresentation" name="test_bool_conversion_error" time="0.000" /><testcase classname="unit.models.infrastructure.test_model_result.TestModelResultSerialization" name="test_json_serialization_success" time="0.001" /><testcase classname="unit.models.infrastructure.test_model_duration.TestModelDurationFactoryMethods" name="test_zero" time="0.001" /><testcase classname="unit.models.infrastructure.test_model_result.TestModelResultSerialization" name="test_json_serialization_error" time="0.001" /><testcase classname="unit.models.infrastructure.test_model_time_based.TestEnumTimeUnit" name="test_milliseconds_multipliers" time="0.001" /><testcase classname="unit.models.infrastructure.test_model_time_based.TestModelTimeBasedBasic" name="test_creation_with_int" time="0.000" /><testcase classname="unit.models.infrastructure.test_model_result.TestModelResultSerialization" name="test_json_deserialization_success" time="0.001" /><testcase classname="unit.models.infrastructure.test_model_result.TestModelResultSerialization" name="test_json_deserialization_error" time="0.000" /><testcase classname="unit.models.infrastructure.test_model_time_based.TestModelTimeBasedBasic" name="test_creation_with_float" time="0.000" /><testcase classname="unit.models.infrastructure.test_model_execution_duration.TestModelExecutionDurationStringRepresentation" name="test_str_exact_minute" time="0.000" /><testcase classname="unit.models.infrastructure.test_model_time_based.TestModelTimeBasedBasic" name="test_default_unit" time="0.001" /><testcase classname="unit.models.infrastructure.test_model_result.TestModelResultSerialization" name="test_round_trip_serialization" time="0.002" /><testcase classname="unit.models.infrastructure.test_model_time_based.TestModelTimeBasedProperties" name="test_string_representation" time="0.001" /><testcase classname="unit.models.infrastructure.test_model_time_based.TestModelTimeBasedBasic" name="test_metadata" time="0.000" /><testcase classname="unit.models.infrastructure.test_model_time_based.TestModelTimeBasedTimeout" name="test_get_deadline" time="0.001" /><testcase classname="unit.models.infrastructure.test_model_time_based.TestModelTimeBasedBasic" name="test_runtime_category_auto_assignment" time="0.000" /><testcase classname="unit.models.infrastructure.test_model_result.TestModelResultComplexScenarios" name="test_result_chaining_pipeline" time="0.004" /><testcase classname="unit.models.infrastructure.test_model_time_based.TestModelTimeBasedTimeout" name="test_get_warning_time" time="0.001" /><testcase classname="unit.models.infrastructure.test_model_time_based.TestModelTimeBasedConversions" name="test_milliseconds_conversion" time="0.000" /><testcase classname="unit.models.infrastructure.test_model_time_based.TestModelTimeBasedConversions" name="test_seconds_conversion" time="0.000" /><testcase classname="unit.models.infrastructure.test_model_time_based.TestModelTimeBasedTimeout" name="test_get_warning_time_none" time="0.000" /><testcase classname="unit.models.infrastructure.test_model_time_based.TestModelTimeBasedConversions" name="test_minutes_conversion" time="0.000" /><testcase classname="unit.models.infrastructure.test_model_time_based.TestModelTimeBasedConversions" name="test_hours_conversion" time="0.000" /><testcase classname="unit.models.infrastructure.test_model_time_based.TestModelTimeBasedConversions" name="test_days_conversion" time="0.000" /><testcase classname="unit.models.infrastructure.test_model_time_based.TestModelTimeBasedTimeout" name="test_is_expired" time="0.000" /><testcase classname="unit.models.infrastructure.test_model_time_based.TestModelTimeBasedConversions" name="test_timedelta_conversion" time="0.000" /><testcase classname="unit.models.infrastructure.test_model_time_based.TestModelTimeBasedValidation" name="test_warning_threshold_validation" time="0.005" /><testcase classname="unit.models.infrastructure.test_model_result.TestModelResultComplexScenarios" name="test_error_recovery_pattern" time="0.005" /><testcase classname="unit.models.infrastructure.test_model_time_based.TestModelTimeBasedTimeout" name="test_is_warning_triggered" time="0.000" /><testcase classname="unit.models.infrastructure.test_model_time_based.TestModelTimeBasedTimeout" name="test_get_remaining_seconds" time="0.000" /><testcase classname="unit.models.infrastructure.test_model_time_based.TestModelTimeBasedTimeout" name="test_get_elapsed_seconds" time="0.000" /><testcase classname="unit.models.infrastructure.test_model_time_based.TestModelTimeBasedTimeout" name="test_get_progress_percentage" time="0.000" /><testcase classname="unit.models.infrastructure.test_model_time_based.TestModelTimeBasedTimeout" name="test_extend_time" time="0.000" /><testcase classname="unit.models.infrastructure.test_model_time_based.TestModelTimeBasedFactoryMethods" name="test_duration_factory" time="0.000" /><testcase classname="unit.models.infrastructure.test_model_time_based.TestModelTimeBasedFactoryMethods" name="test_timeout_factory" time="0.000" /><testcase classname="unit.models.infrastructure.test_model_time_based.TestModelTimeBasedValidation" name="test_extension_limit_validation" time="0.000" /><testcase classname="unit.models.infrastructure.test_model_result.TestModelResultComplexScenarios" name="test_parallel_processing_pattern" time="0.000" /><testcase classname="unit.models.infrastructure.test_model_time_based.TestModelTimeBasedFactoryMethods" name="test_from_milliseconds" time="0.000" /><testcase classname="unit.models.infrastructure.test_model_time_based.TestModelTimeBasedProperties" name="test_is_zero" time="0.000" /><testcase classname="unit.models.infrastructure.test_model_time_based.TestModelTimeBasedFactoryMethods" name="test_from_seconds" time="0.000" /><testcase classname="unit.models.infrastructure.test_model_time_based.TestModelTimeBasedFactoryMethods" name="test_from_minutes" time="0.000" /><testcase classname="unit.models.infrastructure.test_model_result.TestModelResultComplexScenarios" name="test_configuration_validation_pattern" time="0.002" /><testcase classname="unit.models.infrastructure.test_model_duration.TestModelDurationProtocols" name="test_execute_protocol" time="0.014" /><testcase classname="unit.models.infrastructure.test_model_time_based.TestEnumTimeUnit" name="test_string_representation" time="0.001" /><testcase classname="unit.models.infrastructure.test_model_duration.TestModelDurationProtocols" name="test_configure_protocol" time="0.001" /><testcase classname="unit.models.infrastructure.test_model_progress.TestModelProgressCorePropertiesAccess" name="test_current_step_property_write" time="0.001" /><testcase classname="unit.models.infrastructure.test_model_time_based.TestModelTimeBasedFactoryMethods" name="test_from_days" time="0.001" /><testcase classname="unit.models.infrastructure.test_model_time_based.TestModelTimeBasedFactoryMethods" name="test_zero" time="0.001" /><testcase classname="unit.models.infrastructure.test_model_time_based.TestModelTimeBasedFactoryMethods" name="test_from_timedelta" time="0.000" /><testcase classname="unit.models.infrastructure.test_model_time_based.TestModelTimeBasedFactoryMethods" name="test_from_runtime_category" time="0.001" /><testcase classname="unit.models.infrastructure.test_model_time_based.TestExplicitGenericTypes" name="test_float_based_duration" time="0.000" /><testcase classname="unit.models.infrastructure.test_model_time_based.TestExplicitGenericTypes" name="test_int_based_timeout" time="0.000" /><testcase classname="unit.models.infrastructure.test_model_time_based.TestExplicitGenericTypes" name="test_int_based_millisecond_duration" time="0.000" /><testcase classname="unit.models.infrastructure.test_model_time_based.TestModelTimeBasedEdgeCases" name="test_very_large_values" time="0.000" /><testcase classname="unit.models.infrastructure.test_model_time_based.TestModelTimeBasedEdgeCases" name="test_very_small_values" time="0.001" /><testcase classname="unit.models.infrastructure.test_model_time_based.TestModelTimeBasedEdgeCases" name="test_runtime_category_update_on_extension" time="0.000" /><testcase classname="unit.models.infrastructure.test_model_time_based.TestModelTimeBasedIntegration" name="test_compatibility_with_datetime_operations" time="0.000" /><testcase classname="unit.models.infrastructure.test_model_time_based.TestModelTimeBasedIntegration" name="test_serialization_compatibility" time="0.000" /><testcase classname="unit.models.infrastructure.test_model_time_based.TestModelTimeBasedIntegration" name="test_multiple_time_units_consistency" time="0.000" /><testcase classname="unit.models.infrastructure.test_model_timeout.TestModelTimeoutInstantiation" name="test_default_initialization" time="0.001" /><testcase classname="unit.models.infrastructure.test_model_progress.TestModelProgressMilestones" name="test_get_next_milestone" time="0.001" /><testcase classname="unit.models.infrastructure.test_model_timeout.TestModelTimeoutInstantiation" name="test_create_with_description" time="0.001" /><testcase classname="unit.models.infrastructure.test_model_regex_flags.TestModelRegexFlagsInstantiation" name="test_create_ignorecase" time="0.001" /><testcase classname="unit.models.infrastructure.test_model_timeout.TestModelTimeoutInstantiation" name="test_create_with_warning_threshold" time="0.001" /><testcase classname="unit.models.infrastructure.test_model_timeout.TestModelTimeoutProperties" name="test_warning_threshold_timedelta_property" time="0.001" /><testcase classname="unit.models.infrastructure.test_model_timeout.TestModelTimeoutInstantiation" name="test_create_with_extension" time="0.001" /><testcase classname="unit.models.infrastructure.test_model_regex_flags.TestModelRegexFlagsUsage" name="test_use_combined_flags" time="0.000" /><testcase classname="unit.models.infrastructure.test_model_timeout.TestModelTimeoutProperties" name="test_warning_threshold_timedelta_none" time="0.001" /><testcase classname="unit.models.infrastructure.test_model_timeout.TestModelTimeoutValidation" name="test_invalid_timeout_seconds_type" time="0.004" /><testcase classname="unit.models.infrastructure.test_model_timeout.TestModelTimeoutExpirationChecks" name="test_is_warning_triggered_true" time="0.000" /><testcase classname="unit.models.infrastructure.test_model_timeout.TestModelTimeoutExpirationChecks" name="test_get_remaining_seconds" time="0.000" /><testcase classname="unit.models.infrastructure.test_model_timeout.TestModelTimeoutProperties" name="test_extension_limit_timedelta_property" time="0.000" /><testcase classname="unit.models.infrastructure.test_model_timeout.TestModelTimeoutExpirationChecks" name="test_get_elapsed_seconds" time="0.000" /><testcase classname="unit.models.infrastructure.test_model_timeout.TestModelTimeoutExpirationChecks" name="test_get_progress_percentage" time="0.000" /><testcase classname="unit.models.infrastructure.test_model_timeout.TestModelTimeoutProperties" name="test_extension_limit_timedelta_none" time="0.000" /><testcase classname="unit.models.infrastructure.test_model_timeout.TestModelTimeoutExtension" name="test_extend_timeout_allowed" time="0.000" /><testcase classname="unit.models.infrastructure.test_model_timeout.TestModelTimeoutProperties" name="test_max_total_seconds_without_extension" time="0.000" /><testcase classname="unit.models.infrastructure.test_model_timeout.TestModelTimeoutExtension" name="test_extend_timeout_not_allowed" time="0.000" /><testcase classname="unit.models.infrastructure.test_model_timeout.TestModelTimeoutCustomMetadata" name="test_set_custom_metadata" time="0.000" /><testcase classname="unit.models.infrastructure.test_model_timeout.TestModelTimeoutProperties" name="test_max_total_seconds_with_extension" time="0.001" /><testcase classname="unit.models.infrastructure.test_model_timeout.TestModelTimeoutValidation" name="test_invalid_warning_threshold_type" time="0.000" /><testcase classname="unit.models.infrastructure.test_model_timeout.TestModelTimeoutValidation" name="test_invalid_is_strict_type" time="0.000" /><testcase classname="unit.models.infrastructure.test_model_timeout.TestModelTimeoutValidation" name="test_invalid_allow_extension_type" time="0.000" /><testcase classname="unit.models.infrastructure.test_model_timeout.TestModelTimeoutValidation" name="test_invalid_extension_limit_type" time="0.000" /><testcase classname="unit.models.infrastructure.test_model_timeout.TestModelTimeoutValidation" name="test_invalid_runtime_category_type" time="0.000" /><testcase classname="unit.models.infrastructure.test_model_timeout.TestModelTimeoutValidation" name="test_invalid_description_type" time="0.000" /><testcase classname="unit.models.infrastructure.test_model_timeout.TestModelTimeoutProperties" name="test_runtime_category_property" time="0.001" /><testcase classname="unit.models.infrastructure.test_model_timeout.TestModelTimeoutCustomMetadata" name="test_get_custom_metadata_none" time="0.000" /><testcase classname="unit.models.infrastructure.test_model_timeout.TestModelTimeoutCustomMetadata" name="test_custom_metadata_in_constructor" time="0.000" /><testcase classname="unit.models.infrastructure.test_model_timeout.TestModelTimeoutCustomMetadata" name="test_custom_properties" time="0.000" /><testcase classname="unit.models.infrastructure.test_model_timeout.TestModelTimeoutFactoryMethods" name="test_from_seconds" time="0.000" /><testcase classname="unit.models.infrastructure.test_model_timeout.TestModelTimeoutFactoryMethods" name="test_from_minutes" time="0.001" /><testcase classname="unit.models.infrastructure.test_model_timeout.TestModelTimeoutValidation" name="test_invalid_custom_metadata_type" time="0.000" /><testcase classname="unit.models.infrastructure.test_model_timeout.TestModelTimeoutFactoryMethods" name="test_from_hours" time="0.000" /><testcase classname="unit.models.infrastructure.test_model_timeout.TestModelTimeoutProperties" name="test_timeout_seconds_property" time="0.000" /><testcase classname="unit.models.infrastructure.test_model_timeout.TestModelTimeoutProperties" name="test_timeout_minutes_property" time="0.000" /><testcase classname="unit.models.infrastructure.test_model_timeout.TestModelTimeoutProperties" name="test_runtime_category_default" time="0.001" /><testcase classname="unit.models.infrastructure.test_model_timeout.TestModelTimeoutProperties" name="test_timeout_hours_property" time="0.000" /><testcase classname="unit.models.infrastructure.test_model_timeout.TestModelTimeoutDeadlineCalculations" name="test_get_deadline_from_now" time="0.001" /><testcase classname="unit.models.infrastructure.test_model_timeout.TestModelTimeoutDeadlineCalculations" name="test_get_deadline_from_specific_time" time="0.001" /><testcase classname="unit.models.infrastructure.test_model_timeout.TestModelTimeoutDeadlineCalculations" name="test_get_warning_time" time="0.000" /><testcase classname="unit.models.infrastructure.test_model_timeout.TestModelTimeoutDeadlineCalculations" name="test_get_warning_time_none" time="0.001" /><testcase classname="unit.models.infrastructure.test_model_timeout.TestModelTimeoutExpirationChecks" name="test_is_expired_false" time="0.000" /><testcase classname="unit.models.infrastructure.test_model_timeout.TestModelTimeoutExpirationChecks" name="test_is_expired_true" time="0.000" /><testcase classname="unit.models.infrastructure.test_model_result.TestModelResultCreation" name="test_ok_with_various_types" time="0.001" /><testcase classname="unit.models.infrastructure.test_model_timeout.TestModelTimeoutFactoryMethods" name="test_from_runtime_category_use_max_estimate" time="0.002" /><testcase classname="unit.models.infrastructure.test_model_timeout.TestModelTimeoutSerialization" name="test_to_typed_data" time="0.001" /><testcase classname="unit.models.infrastructure.test_model_timeout.TestModelTimeoutSerialization" name="test_model_validate_typed" time="0.000" /><testcase classname="unit.models.infrastructure.test_model_timeout.TestModelTimeoutSerialization" name="test_serialize_protocol" time="0.000" /><testcase classname="unit.models.infrastructure.test_model_timeout.TestModelTimeoutProtocols" name="test_execute_protocol" time="0.000" /><testcase classname="unit.models.infrastructure.test_model_timeout.TestModelTimeoutProtocols" name="test_configure_protocol" time="0.000" /><testcase classname="unit.models.infrastructure.test_model_timeout.TestModelTimeoutProtocols" name="test_validate_instance_protocol" time="0.000" /><testcase classname="unit.models.infrastructure.test_model_timeout.TestModelTimeoutEdgeCases" name="test_zero_warning_threshold_becomes_none" time="0.000" /><testcase classname="unit.models.infrastructure.test_model_timeout.TestModelTimeoutEdgeCases" name="test_empty_description_becomes_none" time="0.000" /><testcase classname="unit.models.infrastructure.test_model_timeout.TestModelTimeoutEdgeCases" name="test_float_timeout_seconds" time="0.000" /><testcase classname="unit.models.infrastructure.test_model_timeout.TestModelTimeoutEdgeCases" name="test_very_large_timeout" time="0.000" /><testcase classname="unit.models.infrastructure.test_model_timeout.TestModelTimeoutEdgeCases" name="test_custom_metadata_with_schema_value" time="0.000" /><testcase classname="unit.models.logging.test_model_log_node_identifier.TestModelLogNodeIdentifierUUID" name="test_create_uuid_identifier" time="0.000" /><testcase classname="unit.models.infrastructure.test_model_result.TestModelResultMonadicOperations" name="test_and_then_success" time="0.003" /><testcase classname="unit.models.logging.test_model_log_node_identifier.TestModelLogNodeIdentifierUUID" name="test_uuid_identifier_validation" time="0.001" /><testcase classname="unit.models.logging.test_model_log_node_identifier.TestModelLogNodeIdentifierUUID" name="test_uuid_identifier_serialization" time="0.000" /><testcase classname="unit.models.logging.test_model_log_node_identifier.TestModelLogNodeIdentifierUUID" name="test_uuid_identifier_deserialization" time="0.000" /><testcase classname="unit.models.logging.test_model_log_node_identifier.TestModelLogNodeIdentifierString" name="test_create_string_identifier" time="0.000" /><testcase classname="unit.models.logging.test_model_log_node_identifier.TestModelLogNodeIdentifierString" name="test_string_identifier_with_module_name" time="0.000" /><testcase classname="unit.models.logging.test_model_log_node_identifier.TestModelLogNodeIdentifierString" name="test_string_identifier_with_class_name" time="0.000" /><testcase classname="unit.models.logging.test_model_log_node_identifier.TestModelLogNodeIdentifierString" name="test_string_identifier_serialization" time="0.000" /><testcase classname="unit.models.logging.test_model_log_node_identifier.TestModelLogNodeIdentifierString" name="test_string_identifier_deserialization" time="0.000" /><testcase classname="unit.models.logging.test_model_log_node_identifier.TestModelLogNodeIdentifierUnion" name="test_uuid_identifier_union" time="0.000" /><testcase classname="unit.models.logging.test_model_log_node_identifier.TestModelLogNodeIdentifierUnion" name="test_string_identifier_union" time="0.000" /><testcase classname="unit.models.logging.test_model_log_node_identifier.TestModelLogNodeIdentifierUnion" name="test_union_discrimination" time="0.000" /><testcase classname="unit.models.logging.test_model_log_node_identifier.TestModelLogNodeIdentifierUnion" name="test_union_serialization_roundtrip" time="0.000" /><testcase classname="unit.models.logging.test_model_log_node_identifier.TestModelLogNodeIdentifierEdgeCases" name="test_empty_string_identifier" time="0.000" /><testcase classname="unit.models.fsm.test_model_fsm_data.TestModelFsmDataInstantiation" name="test_model_instantiation_full" time="0.001" /><testcase classname="unit.models.logging.test_model_log_node_identifier.TestModelLogNodeIdentifierEdgeCases" name="test_long_string_identifier" time="0.001" /><testcase classname="unit.models.logging.test_model_log_node_identifier.TestModelLogNodeIdentifierEdgeCases" name="test_uuid_identifier_with_nil_uuid" time="0.000" /><testcase classname="unit.models.logging.test_model_log_node_identifier.TestModelLogNodeIdentifierEdgeCases" name="test_identifier_type_immutability" time="0.000" /><testcase classname="unit.models.infrastructure.test_model_duration.TestModelDurationProtocols" name="test_str_representation" time="0.000" /><testcase classname="unit.models.logging.test_model_log_node_identifier.TestModelLogNodeIdentifierIntegration" name="test_logging_context_uuid" time="0.000" /><testcase classname="unit.models.metadata.analytics.test_model_analytics_core.TestModelAnalyticsCoreProperties" name="test_active_node_ratio_zero_total" time="0.000" /><testcase classname="unit.models.logging.test_model_log_node_identifier.TestModelLogNodeIdentifierIntegration" name="test_logging_context_string" time="0.000" /><testcase classname="unit.models.metadata.analytics.test_model_analytics_core.TestModelAnalyticsCoreProperties" name="test_active_node_ratio_all_active" time="0.000" /><testcase classname="unit.models.metadata.analytics.test_model_analytics_core.TestModelAnalyticsCoreProperties" name="test_deprecated_node_ratio_normal" time="0.000" /><testcase classname="unit.models.logging.test_model_log_node_identifier.TestModelLogNodeIdentifierIntegration" name="test_identifier_comparison" time="0.000" /><testcase classname="unit.models.metadata.analytics.test_model_analytics_core.TestModelAnalyticsCoreProperties" name="test_deprecated_node_ratio_zero_total" time="0.000" /><testcase classname="unit.models.logging.test_model_log_node_identifier.TestModelLogNodeIdentifierIntegration" name="test_identifier_hash" time="0.000" /><testcase classname="unit.models.metadata.analytics.test_model_analytics_core.TestModelAnalyticsCoreProperties" name="test_disabled_node_ratio_normal" time="0.000" /><testcase classname="unit.models.metadata.analytics.test_model_analytics_core.TestModelAnalyticsCoreProperties" name="test_disabled_node_ratio_zero_total" time="0.000" /><testcase classname="unit.models.metadata.analytics.test_model_analytics_core.TestModelAnalyticsCoreInstantiation" name="test_create_with_defaults" time="0.000" /><testcase classname="unit.models.metadata.analytics.test_model_analytics_core.TestModelAnalyticsCoreInstantiation" name="test_create_with_collection_info" time="0.000" /><testcase classname="unit.models.metadata.analytics.test_model_analytics_core.TestModelAnalyticsCoreInstantiation" name="test_create_with_node_counts" time="0.000" /><testcase classname="unit.models.infrastructure.test_model_result.TestModelResultStringRepresentation" name="test_repr_success" time="0.001" /><testcase classname="unit.models.metadata.analytics.test_model_analytics_core.TestModelAnalyticsCorePredicates" name="test_has_nodes_true" time="0.001" /><testcase classname="unit.models.metadata.analytics.test_model_analytics_core.TestModelAnalyticsCoreInstantiation" name="test_create_with_all_fields" time="0.000" /><testcase classname="unit.models.metadata.analytics.test_model_analytics_core.TestModelAnalyticsCoreProperties" name="test_collection_name_property" time="0.000" /><testcase classname="unit.models.metadata.analytics.test_model_analytics_core.TestModelAnalyticsCoreProperties" name="test_collection_name_property_none" time="0.000" /><testcase classname="unit.models.metadata.analytics.test_model_analytics_core.TestModelAnalyticsCorePredicates" name="test_has_nodes_false" time="0.000" /><testcase classname="unit.models.metadata.analytics.test_model_analytics_core.TestModelAnalyticsCorePredicates" name="test_has_issues_false" time="0.001" /><testcase classname="unit.models.metadata.analytics.test_model_analytics_core.TestModelAnalyticsCorePredicates" name="test_has_active_nodes_true" time="0.000" /><testcase classname="unit.models.metadata.analytics.test_model_analytics_core.TestModelAnalyticsCorePredicates" name="test_has_active_nodes_false" time="0.000" /><testcase classname="unit.models.metadata.analytics.test_model_analytics_core.TestModelAnalyticsCorePredicates" name="test_has_issues_with_deprecated" time="0.000" /><testcase classname="unit.models.metadata.analytics.test_model_analytics_core.TestModelAnalyticsCorePredicates" name="test_has_issues_with_disabled" time="0.000" /><testcase classname="unit.models.metadata.analytics.test_model_analytics_core.TestModelAnalyticsCoreUpdateMethods" name="test_update_node_counts" time="0.000" /><testcase classname="unit.models.metadata.analytics.test_model_analytics_core.TestModelAnalyticsCoreUpdateMethods" name="test_update_node_counts_negative_values" time="0.000" /><testcase classname="unit.models.metadata.analytics.test_model_analytics_core.TestModelAnalyticsCoreUpdateMethods" name="test_update_node_counts_replaces_existing" time="0.000" /><testcase classname="unit.models.metadata.analytics.test_model_analytics_core.TestModelAnalyticsCoreUpdateMethods" name="test_add_nodes_basic" time="0.000" /><testcase classname="unit.models.metadata.analytics.test_model_analytics_core.TestModelAnalyticsCoreUpdateMethods" name="test_add_nodes_all_types" time="0.000" /><testcase classname="unit.models.metadata.analytics.test_model_analytics_core.TestModelAnalyticsCoreUpdateMethods" name="test_add_nodes_negative_values" time="0.000" /><testcase classname="unit.models.metadata.analytics.test_model_analytics_core.TestModelAnalyticsCoreUpdateMethods" name="test_add_nodes_zero_values" time="0.000" /><testcase classname="unit.models.metadata.analytics.test_model_analytics_core.TestModelAnalyticsCoreFactoryMethods" name="test_create_for_collection" time="0.000" /><testcase classname="unit.models.metadata.analytics.test_model_analytics_core.TestModelAnalyticsCoreFactoryMethods" name="test_create_with_counts" time="0.000" /><testcase classname="unit.models.metadata.analytics.test_model_analytics_core.TestModelAnalyticsCoreFactoryMethods" name="test_create_with_counts_minimal" time="0.000" /><testcase classname="unit.models.metadata.analytics.test_model_analytics_core.TestModelAnalyticsCoreFactoryMethods" name="test_create_with_counts_deterministic_id" time="0.000" /><testcase classname="unit.models.infrastructure.test_model_time_based.TestEnumTimeUnit" name="test_display_names" time="0.001" /><testcase classname="unit.models.metadata.analytics.test_model_analytics_core.TestModelAnalyticsCoreProtocols" name="test_set_metadata" time="0.002" /><testcase classname="unit.models.metadata.analytics.test_model_analytics_core.TestModelAnalyticsCoreProtocols" name="test_set_metadata_with_exception" time="0.000" /><testcase classname="unit.models.metadata.analytics.test_model_analytics_core.TestModelAnalyticsCoreProtocols" name="test_serialize" time="0.000" /><testcase classname="unit.models.metadata.analytics.test_model_analytics_core.TestModelAnalyticsCoreProtocols" name="test_validate_instance" time="0.000" /><testcase classname="unit.models.metadata.analytics.test_model_analytics_core.TestModelAnalyticsCoreSerialization" name="test_model_dump" time="0.000" /><testcase classname="unit.models.metadata.analytics.test_model_analytics_core.TestModelAnalyticsCoreSerialization" name="test_model_dump_exclude_none" time="0.000" /><testcase classname="unit.models.metadata.analytics.test_model_analytics_core.TestModelAnalyticsCoreEdgeCases" name="test_very_large_node_counts" time="0.000" /><testcase classname="unit.models.metadata.analytics.test_model_analytics_core.TestModelAnalyticsCoreEdgeCases" name="test_ratios_with_rounding" time="0.000" /><testcase classname="unit.models.metadata.analytics.test_model_analytics_core.TestModelAnalyticsCoreEdgeCases" name="test_empty_collection_name" time="0.000" /><testcase classname="unit.models.metadata.analytics.test_model_analytics_core.TestModelAnalyticsCoreEdgeCases" name="test_unicode_collection_name" time="0.000" /><testcase classname="unit.models.metadata.analytics.test_model_analytics_core.TestModelAnalyticsCoreEdgeCases" name="test_simultaneous_updates" time="0.000" /><testcase classname="unit.models.metadata.analytics.test_model_analytics_core.TestModelAnalyticsCoreEdgeCases" name="test_all_nodes_deprecated" time="0.000" /><testcase classname="unit.models.infrastructure.test_model_time_based.TestModelTimeBasedFactoryMethods" name="test_from_hours" time="0.001" /><testcase classname="unit.models.infrastructure.test_model_time_based.TestModelTimeBasedProperties" name="test_is_positive" time="0.001" /><testcase classname="unit.models.metadata.node_info.test_model_node_core.TestModelNodeCoreInstantiation" name="test_create_with_defaults" time="0.000" /><testcase classname="unit.models.metadata.node_info.test_model_node_core.TestModelNodeCoreInstantiation" name="test_create_with_node_info" time="0.000" /><testcase classname="unit.models.metadata.node_info.test_model_node_core.TestModelNodeCoreInstantiation" name="test_create_with_node_type" time="0.000" /><testcase classname="unit.models.metadata.node_info.test_model_node_core.TestModelNodeCoreProperties" name="test_is_disabled_true" time="0.001" /><testcase classname="unit.models.metadata.node_info.test_model_node_core.TestModelNodeCoreInstantiation" name="test_create_with_status" time="0.000" /><testcase classname="unit.models.metadata.node_info.test_model_node_core.TestModelNodeCoreInstantiation" name="test_create_with_complexity" time="0.000" /><testcase classname="unit.models.metadata.node_info.test_model_node_core.TestModelNodeCoreInstantiation" name="test_create_with_version" time="0.000" /><testcase classname="unit.models.metadata.node_info.test_model_node_core.TestModelNodeCoreProperties" name="test_node_name_property" time="0.000" /><testcase classname="unit.models.metadata.node_info.test_model_node_core.TestModelNodeCoreProperties" name="test_node_name_property_none" time="0.000" /><testcase classname="unit.models.metadata.node_info.test_model_node_core.TestModelNodeCoreProperties" name="test_is_active_true" time="0.000" /><testcase classname="unit.models.metadata.node_info.test_model_node_core.TestModelNodeCoreProperties" name="test_is_active_false" time="0.000" /><testcase classname="unit.models.metadata.node_info.test_model_node_core.TestModelNodeCoreProperties" name="test_is_disabled_false" time="0.001" /><testcase classname="unit.models.metadata.node_info.test_model_node_core.TestModelNodeCoreProperties" name="test_is_deprecated_true" time="0.000" /><testcase classname="unit.models.metadata.node_info.test_model_node_core.TestModelNodeCoreProperties" name="test_is_simple_true" time="0.001" /><testcase classname="unit.models.metadata.node_info.test_model_node_core.TestModelNodeCoreProperties" name="test_is_simple_false" time="0.000" /><testcase classname="unit.models.metadata.node_info.test_model_node_core.TestModelNodeCoreProperties" name="test_is_complex_true_advanced" time="0.000" /><testcase classname="unit.models.infrastructure.test_model_timeout.TestModelTimeoutInstantiation" name="test_create_with_seconds" time="0.000" /><testcase classname="unit.models.metadata.node_info.test_model_node_core.TestModelNodeCoreProperties" name="test_is_complex_true_expert" time="0.000" /><testcase classname="unit.models.metadata.node_info.test_model_node_core.TestModelNodeCoreProperties" name="test_is_complex_false" time="0.001" /><testcase classname="unit.models.metadata.node_info.test_model_node_core.TestModelNodeCoreUpdateMethods" name="test_update_version_minor_only" time="0.001" /><testcase classname="unit.models.metadata.node_info.test_model_node_core.TestModelNodeCoreUpdateMethods" name="test_update_version_patch_only" time="0.000" /><testcase classname="unit.models.metadata.node_info.test_model_node_core.TestModelNodeCoreUpdateMethods" name="test_increment_version_patch" time="0.001" /><testcase classname="unit.models.metadata.node_info.test_model_node_core.TestModelNodeCoreProperties" name="test_version_string_property" time="0.000" /><testcase classname="unit.models.metadata.node_info.test_model_node_core.TestModelNodeCoreUpdateMethods" name="test_increment_version_minor" time="0.001" /><testcase classname="unit.models.metadata.node_info.test_model_node_core.TestModelNodeCoreUpdateMethods" name="test_increment_version_major" time="0.001" /><testcase classname="unit.models.metadata.node_info.test_model_node_core.TestModelNodeCoreUpdateMethods" name="test_update_status" time="0.001" /><testcase classname="unit.models.metadata.node_info.test_model_node_core.TestModelNodeCoreUpdateMethods" name="test_update_complexity" time="0.002" /><testcase classname="unit.models.metadata.node_info.test_model_node_core.TestModelNodeCoreUpdateMethods" name="test_increment_version_default" time="0.000" /><testcase classname="unit.models.metadata.node_info.test_model_node_core.TestModelNodeCoreUpdateMethods" name="test_update_version_all_components" time="0.000" /><testcase classname="unit.models.metadata.node_info.test_model_node_core.TestModelNodeCorePredicates" name="test_has_description_true" time="0.000" /><testcase classname="unit.models.metadata.node_info.test_model_node_core.TestModelNodeCorePredicates" name="test_has_description_false_none" time="0.000" /><testcase classname="unit.models.metadata.node_info.test_model_node_core.TestModelNodeCorePredicates" name="test_has_description_false_empty" time="0.000" /><testcase classname="unit.models.metadata.node_info.test_model_node_core.TestModelNodeCorePredicates" name="test_has_description_false_whitespace" time="0.000" /><testcase classname="unit.models.metadata.node_info.test_model_node_core.TestModelNodeCorePredicates" name="test_get_complexity_level" time="0.000" /><testcase classname="unit.models.infrastructure.test_model_timeout.TestModelTimeoutFactoryMethods" name="test_from_runtime_category" time="0.001" /><testcase classname="unit.models.metadata.node_info.test_model_node_core.TestModelNodeCoreFactoryMethods" name="test_create_for_node_no_description" time="0.000" /><testcase classname="unit.models.infrastructure.test_model_timeout.TestModelTimeoutProperties" name="test_timeout_timedelta_property" time="0.001" /><testcase classname="unit.models.metadata.node_info.test_model_node_core.TestModelNodeCoreFactoryMethods" name="test_create_minimal_node" time="0.001" /><testcase classname="unit.models.metadata.node_info.test_model_node_core.TestModelNodeCoreFactoryMethods" name="test_create_minimal_node_default_type" time="0.000" /><testcase classname="unit.models.infrastructure.test_model_timeout.TestModelTimeoutExpirationChecks" name="test_is_warning_triggered_false" time="0.000" /><testcase classname="unit.models.metadata.test_model_example_string_reduction_improvements.TestStringFieldReductionImprovements" name="test_demonstrate_benefits" time="0.000" /><testcase classname="unit.models.metadata.node_info.test_model_node_core.TestModelNodeCoreFactoryMethods" name="test_create_complex_node" time="0.001" /><testcase classname="unit.models.metadata.test_model_example_string_reduction_improvements.TestStringFieldReductionImprovements" name="test_demonstration_functions_exist" time="0.000" /><testcase classname="unit.models.metadata.test_model_example_string_reduction_improvements.TestStringFieldReductionImprovements" name="test_demonstration_functions_return_none" time="0.001" /><testcase classname="unit.models.metadata.node_info.test_model_node_core.TestModelNodeCoreEdgeCases" name="test_empty_node_display_name" time="0.001" /><testcase classname="unit.models.metadata.node_info.test_model_node_core.TestModelNodeCoreEdgeCases" name="test_unicode_node_name" time="0.000" /><testcase classname="unit.models.metadata.node_info.test_model_node_core.TestModelNodeCoreEdgeCases" name="test_very_long_description" time="0.000" /><testcase classname="unit.models.metadata.node_info.test_model_node_core.TestModelNodeCoreEdgeCases" name="test_version_increment_multiple_times" time="0.000" /><testcase classname="unit.models.metadata.node_info.test_model_node_core.TestModelNodeCoreEdgeCases" name="test_status_transitions" time="0.000" /><testcase classname="unit.models.metadata.node_info.test_model_node_core.TestModelNodeCoreEdgeCases" name="test_complexity_transitions" time="0.001" /><testcase classname="unit.models.metadata.node_info.test_model_node_core.TestModelNodeCoreFactoryMethods" name="test_create_minimal_node_deterministic_id" time="0.000" /><testcase classname="unit.models.metadata.node_info.test_model_node_core.TestModelNodeCoreProtocols" name="test_get_metadata" time="0.000" /><testcase classname="unit.models.metadata.node_info.test_model_node_core.TestModelNodeCoreProtocols" name="test_set_metadata" time="0.001" /><testcase classname="unit.models.metadata.test_model_field_identity.TestModelFieldIdentityInstantiation" name="test_create_with_required_fields" time="0.000" /><testcase classname="unit.models.metadata.test_model_field_identity.TestModelFieldIdentityInstantiation" name="test_create_with_display_names" time="0.000" /><testcase classname="unit.models.metadata.test_model_field_identity.TestModelFieldIdentityInstantiation" name="test_create_with_description" time="0.000" /><testcase classname="unit.models.metadata.test_model_field_identity.TestModelFieldIdentityInstantiation" name="test_create_with_all_fields" time="0.000" /><testcase classname="unit.models.metadata.test_model_field_identity.TestModelFieldIdentityValidation" name="test_identity_display_name_pattern_valid_uppercase" time="0.000" /><testcase classname="unit.models.metadata.test_model_field_identity.TestModelFieldIdentityValidation" name="test_identity_display_name_pattern_valid_with_numbers" time="0.000" /><testcase classname="unit.models.metadata.node_info.test_model_node_core.TestModelNodeCoreProtocols" name="test_set_metadata_with_exception" time="0.000" /><testcase classname="unit.models.metadata.node_info.test_model_node_core.TestModelNodeCoreEdgeCases" name="test_all_node_types" time="0.000" /><testcase classname="unit.models.metadata.node_info.test_model_node_core.TestModelNodeCoreEdgeCases" name="test_all_statuses" time="0.000" /><testcase classname="unit.models.metadata.node_info.test_model_node_core.TestModelNodeCoreEdgeCases" name="test_all_complexities" time="0.000" /><testcase classname="unit.models.metadata.test_model_field_identity.TestModelFieldIdentityValidation" name="test_identity_display_name_pattern_invalid_lowercase_start" time="0.000" /><testcase classname="unit.models.metadata.node_info.test_model_node_core.TestModelNodeCoreProtocols" name="test_serialize" time="0.000" /><testcase classname="unit.models.metadata.node_info.test_model_node_core.TestModelNodeCoreEdgeCases" name="test_version_zero" time="0.000" /><testcase classname="unit.models.metadata.node_info.test_model_node_core.TestModelNodeCoreProtocols" name="test_validate_instance" time="0.000" /><testcase classname="unit.models.metadata.node_info.test_model_node_core.TestModelNodeCoreSerialization" name="test_model_dump" time="0.000" /><testcase classname="unit.models.logging.test_model_log_node_identifier.TestModelLogNodeIdentifierUUID" name="test_create_uuid_identifier_with_string_uuid" time="0.000" /><testcase classname="unit.models.metadata.test_model_field_identity.TestModelFieldIdentityGetDisplayName" name="test_get_display_name_with_identity_display_name" time="0.000" /><testcase classname="unit.models.metadata.test_model_field_identity.TestModelFieldIdentityGetDisplayName" name="test_get_display_name_without_identity_display_name" time="0.000" /><testcase classname="unit.models.metadata.test_model_field_identity.TestModelFieldIdentityGetDisplayName" name="test_get_display_name_with_underscores" time="0.000" /><testcase classname="unit.models.metadata.test_model_field_identity.TestModelFieldIdentityGetDisplayName" name="test_get_display_name_with_numbers" time="0.000" /><testcase classname="unit.models.metadata.test_model_field_identity.TestModelFieldIdentityMatchesName" name="test_matches_name_identity_display_name_uppercase" time="0.001" /><testcase classname="unit.models.metadata.test_model_field_identity.TestModelFieldIdentityMatchesName" name="test_matches_name_field_display_name_lowercase" time="0.000" /><testcase classname="unit.models.metadata.test_model_field_identity.TestModelFieldIdentityMatchesName" name="test_matches_name_no_match" time="0.000" /><testcase classname="unit.models.metadata.test_model_field_identity.TestModelFieldIdentityMatchesName" name="test_matches_name_without_display_names" time="0.000" /><testcase classname="unit.models.metadata.test_model_field_identity.TestModelFieldIdentityProtocols" name="test_get_metadata" time="0.000" /><testcase classname="unit.models.metadata.test_model_field_identity.TestModelFieldIdentityProtocols" name="test_set_metadata" time="0.000" /><testcase classname="unit.models.logging.test_model_log_node_identifier.TestModelLogNodeIdentifierEdgeCases" name="test_unicode_string_identifier" time="0.000" /><testcase classname="unit.models.metadata.test_model_field_identity.TestModelFieldIdentityProtocols" name="test_validate_instance" time="0.000" /><testcase classname="unit.models.metadata.test_model_field_identity.TestModelFieldIdentitySerialization" name="test_model_dump" time="0.000" /><testcase classname="unit.models.metadata.analytics.test_model_analytics_core.TestModelAnalyticsCoreProperties" name="test_active_node_ratio_normal" time="0.000" /><testcase classname="unit.models.metadata.analytics.test_model_analytics_core.TestModelAnalyticsCorePredicates" name="test_has_issues_with_both" time="0.000" /><testcase classname="unit.models.metadata.test_model_field_validation_rules.TestModelFieldValidationRulesHasValidation" name="test_has_string_validation_false" time="0.000" /><testcase classname="unit.models.metadata.test_model_field_validation_rules.TestModelFieldValidationRulesHasValidation" name="test_has_numeric_validation_with_min" time="0.000" /><testcase classname="unit.models.metadata.test_model_field_identity.TestModelFieldIdentitySerialization" name="test_model_dump_exclude_none" time="0.000" /><testcase classname="unit.models.metadata.test_model_field_identity.TestModelFieldIdentityEdgeCases" name="test_empty_description" time="0.000" /><testcase classname="unit.models.metadata.test_model_field_identity.TestModelFieldIdentityEdgeCases" name="test_long_description" time="0.000" /><testcase classname="unit.models.metadata.test_model_field_identity.TestModelFieldIdentityEdgeCases" name="test_single_character_identity_display_name" time="0.000" /><testcase classname="unit.models.metadata.test_model_field_identity.TestModelFieldIdentityEdgeCases" name="test_very_long_identity_display_name" time="0.000" /><testcase classname="unit.models.metadata.test_model_field_identity.TestModelFieldIdentityEdgeCases" name="test_multiple_underscores_in_display_name" time="0.000" /><testcase classname="unit.models.metadata.test_model_field_identity.TestModelFieldIdentityEdgeCases" name="test_special_uuid_values" time="0.000" /><testcase classname="unit.models.metadata.test_model_field_identity.TestModelFieldIdentityEdgeCases" name="test_same_identity_and_field_id" time="0.000" /><testcase classname="unit.models.metadata.test_model_field_identity.TestModelFieldIdentityErrorBranches" name="test_get_metadata_without_common_fields" time="0.001" /><testcase classname="unit.models.metadata.test_model_field_identity.TestModelFieldIdentityErrorBranches" name="test_set_metadata_with_invalid_keys" time="0.000" /><testcase classname="unit.models.metadata.test_model_field_identity.TestModelFieldIdentityErrorBranches" name="test_set_metadata_with_validation_error" time="0.002" /><testcase classname="unit.models.metadata.test_model_field_validation_rules.TestModelFieldValidationRulesHasValidation" name="test_has_numeric_validation_with_max" time="0.000" /><testcase classname="unit.models.metadata.test_model_field_identity.TestModelFieldIdentityErrorBranches" name="test_set_metadata_with_type_error" time="0.000" /><testcase classname="unit.models.metadata.test_model_field_validation_rules.TestModelFieldValidationRulesInstantiation" name="test_create_default_rules" time="0.000" /><testcase classname="unit.models.metadata.test_model_field_validation_rules.TestModelFieldValidationRulesInstantiation" name="test_create_with_string_validation" time="0.000" /><testcase classname="unit.models.metadata.test_model_field_validation_rules.TestModelFieldValidationRulesHasValidation" name="test_has_numeric_validation_false" time="0.000" /><testcase classname="unit.models.metadata.test_model_field_validation_rules.TestModelFieldValidationRulesStringValidation" name="test_is_valid_string_with_min_length_pass" time="0.000" /><testcase classname="unit.models.metadata.test_model_field_validation_rules.TestModelFieldValidationRulesStringValidation" name="test_is_valid_string_with_min_length_fail" time="0.000" /><testcase classname="unit.models.metadata.test_model_field_validation_rules.TestModelFieldValidationRulesStringValidation" name="test_is_valid_string_with_max_length_pass" time="0.000" /><testcase classname="unit.models.metadata.test_model_field_validation_rules.TestModelFieldValidationRulesStringValidation" name="test_is_valid_string_with_max_length_fail" time="0.000" /><testcase classname="unit.models.metadata.test_model_field_validation_rules.TestModelFieldValidationRulesStringValidation" name="test_is_valid_string_with_pattern_pass" time="0.000" /><testcase classname="unit.models.metadata.test_model_field_validation_rules.TestModelFieldValidationRulesInstantiation" name="test_create_with_numeric_validation" time="0.000" /><testcase classname="unit.models.metadata.test_model_field_validation_rules.TestModelFieldValidationRulesInstantiation" name="test_create_with_allow_empty_false" time="0.000" /><testcase classname="unit.models.metadata.test_model_field_validation_rules.TestModelFieldValidationRulesHasValidation" name="test_has_string_validation_with_pattern" time="0.000" /><testcase classname="unit.models.metadata.test_model_field_validation_rules.TestModelFieldValidationRulesHasValidation" name="test_has_string_validation_with_min_length" time="0.000" /><testcase classname="unit.models.metadata.analytics.test_model_analytics_core.TestModelAnalyticsCoreProtocols" name="test_get_metadata" time="0.001" /><testcase classname="unit.models.metadata.test_model_field_validation_rules.TestModelFieldValidationRulesStringValidation" name="test_is_valid_string_with_allow_empty_false" time="0.001" /><testcase classname="unit.models.metadata.test_model_field_validation_rules.TestModelFieldValidationRulesStringValidation" name="test_is_valid_string_with_allow_empty_true" time="0.000" /><testcase classname="unit.models.metadata.test_model_field_validation_rules.TestModelFieldValidationRulesStringValidation" name="test_is_valid_string_with_invalid_pattern" time="0.000" /><testcase classname="unit.models.metadata.test_model_field_validation_rules.TestModelFieldValidationRulesStringValidation" name="test_is_valid_string_combined_rules" time="0.000" /><testcase classname="unit.models.metadata.test_model_field_validation_rules.TestModelFieldValidationRulesNumericValidation" name="test_is_valid_numeric_with_min_value_pass" time="0.001" /><testcase classname="unit.models.metadata.test_model_field_validation_rules.TestModelFieldValidationRulesNumericValidation" name="test_is_valid_numeric_with_min_value_fail" time="0.000" /><testcase classname="unit.models.metadata.test_model_field_validation_rules.TestModelFieldValidationRulesNumericValidation" name="test_is_valid_numeric_with_max_value_pass" time="0.000" /><testcase classname="unit.models.metadata.test_model_field_validation_rules.TestModelFieldValidationRulesNumericValidation" name="test_is_valid_numeric_with_max_value_fail" time="0.000" /><testcase classname="unit.models.metadata.test_model_field_validation_rules.TestModelFieldValidationRulesNumericValidation" name="test_is_valid_numeric_with_float_values" time="0.000" /><testcase classname="unit.models.metadata.node_info.test_model_node_core.TestModelNodeCoreProperties" name="test_is_deprecated_false" time="0.001" /><testcase classname="unit.models.metadata.analytics.test_model_analytics_core.TestModelAnalyticsCoreEdgeCases" name="test_counts_exceed_total" time="0.001" /><testcase classname="unit.models.metadata.test_model_field_validation_rules.TestModelFieldValidationRulesNumericValidation" name="test_is_valid_numeric_boundary_max" time="0.000" /><testcase classname="unit.models.metadata.test_model_field_validation_rules.TestModelFieldValidationRulesNumericValidation" name="test_is_valid_numeric_combined_rules" time="0.000" /><testcase classname="unit.models.metadata.test_model_field_validation_rules.TestModelFieldValidationRulesSetters" name="test_set_min_value" time="0.000" /><testcase classname="unit.models.metadata.test_model_field_validation_rules.TestModelFieldValidationRulesSetters" name="test_set_max_value" time="0.000" /><testcase classname="unit.models.metadata.node_info.test_model_node_core.TestModelNodeCoreUpdateMethods" name="test_update_version_major_only" time="0.001" /><testcase classname="unit.models.metadata.test_model_field_validation_rules.TestModelFieldValidationRulesSerialization" name="test_model_dump_with_all_fields" time="0.000" /><testcase classname="unit.models.metadata.test_model_field_validation_rules.TestModelFieldValidationRulesSetters" name="test_set_min_max_values" time="0.000" /><testcase classname="unit.models.metadata.test_model_field_validation_rules.TestModelFieldValidationRulesGetters" name="test_get_min_value_with_value" time="0.000" /><testcase classname="unit.models.metadata.test_model_field_validation_rules.TestModelFieldValidationRulesGetters" name="test_get_min_value_without_value" time="0.000" /><testcase classname="unit.models.metadata.test_model_field_validation_rules.TestModelFieldValidationRulesGetters" name="test_get_max_value_with_value" time="0.000" /><testcase classname="unit.models.metadata.test_model_field_validation_rules.TestModelFieldValidationRulesGetters" name="test_get_max_value_without_value" time="0.000" /><testcase classname="unit.models.metadata.test_model_field_validation_rules.TestModelFieldValidationRulesProtocols" name="test_set_metadata" time="0.001" /><testcase classname="unit.models.metadata.test_model_field_validation_rules.TestModelFieldValidationRulesProtocols" name="test_serialize" time="0.000" /><testcase classname="unit.models.metadata.test_model_field_validation_rules.TestModelFieldValidationRulesProtocols" name="test_validate_instance" time="0.000" /><testcase classname="unit.models.metadata.test_model_field_validation_rules.TestModelFieldValidationRulesEdgeCases" name="test_zero_min_length" time="0.000" /><testcase classname="unit.models.metadata.test_model_field_validation_rules.TestModelFieldValidationRulesEdgeCases" name="test_zero_max_length" time="0.000" /><testcase classname="unit.models.metadata.test_model_field_validation_rules.TestModelFieldValidationRulesEdgeCases" name="test_negative_numeric_values" time="0.000" /><testcase classname="unit.models.metadata.test_model_field_validation_rules.TestModelFieldValidationRulesEdgeCases" name="test_very_large_numeric_values" time="0.000" /><testcase classname="unit.models.metadata.test_model_field_validation_rules.TestModelFieldValidationRulesEdgeCases" name="test_unicode_string_validation" time="0.000" /><testcase classname="unit.models.metadata.test_model_field_validation_rules.TestModelFieldValidationRulesSerialization" name="test_model_dump_exclude_none" time="0.000" /><testcase classname="unit.models.metadata.test_model_field_validation_rules.TestModelFieldValidationRulesErrorBranches" name="test_get_metadata_with_none_values" time="0.000" /><testcase classname="unit.models.metadata.test_model_field_validation_rules.TestModelFieldValidationRulesErrorBranches" name="test_get_metadata_without_common_fields" time="0.000" /><testcase classname="unit.models.metadata.test_model_field_validation_rules.TestModelFieldValidationRulesErrorBranches" name="test_set_metadata_with_invalid_keys" time="0.000" /><testcase classname="unit.models.metadata.test_model_field_validation_rules.TestModelFieldValidationRulesErrorBranches" name="test_set_metadata_with_validation_error" time="0.002" /><testcase classname="unit.models.metadata.test_model_field_validation_rules.TestModelFieldValidationRulesErrorBranches" name="test_set_metadata_with_type_conversion_error" time="0.000" /><testcase classname="unit.models.metadata.test_model_field_validation_rules.TestModelFieldValidationRulesErrorBranches" name="test_set_metadata_with_invalid_numeric_value" time="0.000" /><testcase classname="unit.models.metadata.test_model_field_validation_rules.TestModelFieldValidationRulesEdgeCases" name="test_empty_pattern" time="0.000" /><testcase classname="unit.models.metadata.node_info.test_model_node_core.TestModelNodeCoreFactoryMethods" name="test_create_for_node" time="0.001" /><testcase classname="unit.models.metadata.test_model_function_node_data.TestModelFunctionNodeData" name="test_create_function_node" time="0.001" /><testcase classname="unit.models.metadata.test_model_function_node_data.TestModelFunctionNodeData" name="test_add_string_property" time="0.001" /><testcase classname="unit.models.metadata.test_model_function_node_data.TestModelFunctionNodeData" name="test_add_numeric_property" time="0.001" /><testcase classname="unit.models.metadata.test_model_function_node_data.TestModelFunctionNodeData" name="test_add_boolean_property" time="0.001" /><testcase classname="unit.models.metadata.test_model_function_node_data.TestModelFunctionNodeData" name="test_add_configuration" time="0.000" /><testcase classname="unit.models.metadata.test_model_function_node_data.TestModelFunctionNodeData" name="test_update_display_name" time="0.000" /><testcase classname="unit.models.metadata.test_model_function_node_data.TestModelFunctionNodeData" name="test_update_description_purpose" time="0.000" /><testcase classname="unit.models.metadata.test_model_function_node_data.TestModelFunctionNodeData" name="test_add_tag" time="0.000" /><testcase classname="unit.models.metadata.test_model_example_string_reduction_improvements.TestStringFieldReductionImprovements" name="test_demonstrate_string_field_improvements" time="0.003" /><testcase classname="unit.models.metadata.node_info.test_model_node_core.TestModelNodeCoreSerialization" name="test_model_dump_exclude_none" time="0.001" /><testcase classname="unit.models.metadata.test_model_function_node_data.TestModelFunctionNodeData" name="test_has_tag" time="0.001" /><testcase classname="unit.models.metadata.test_model_function_node_data.TestModelFunctionNodeData" name="test_get_metadata" time="0.001" /><testcase classname="unit.models.metadata.test_model_field_identity.TestModelFieldIdentityValidation" name="test_identity_display_name_pattern_invalid_special_chars" time="0.000" /><testcase classname="unit.models.metadata.test_model_generic_metadata.TestModelGenericMetadataFieldOperations" name="test_get_typed_field_wrong_type_returns_default" time="0.000" /><testcase classname="unit.models.metadata.test_model_generic_metadata.TestModelGenericMetadataFieldOperations" name="test_set_field_string" time="0.001" /><testcase classname="unit.models.metadata.test_model_function_node_data.TestModelFunctionNodeData" name="test_set_metadata" time="0.000" /><testcase classname="unit.models.metadata.test_model_function_node_data.TestModelFunctionNodeData" name="test_serialize" time="0.000" /><testcase classname="unit.models.metadata.test_model_generic_metadata.TestModelGenericMetadataFieldOperations" name="test_get_typed_field_nonexistent_returns_default" time="0.000" /><testcase classname="unit.models.metadata.test_model_generic_metadata.TestModelGenericMetadataFieldOperations" name="test_set_typed_field_primitive_types" time="0.000" /><testcase classname="unit.models.metadata.test_model_generic_metadata.TestModelGenericMetadataFieldOperations" name="test_set_typed_field_unsupported_type_fails" time="0.000"><skipped type="pytest.skip" message="Validation not implemented - custom types are currently allowed">/Volumes/PRO-G40/Code/omnibase_core/tests/unit/models/metadata/test_model_generic_metadata.py:195: Validation not implemented - custom types are currently allowed</skipped></testcase><testcase classname="unit.models.metadata.test_model_generic_metadata.TestModelGenericMetadataFieldOperations" name="test_has_field" time="0.000" /><testcase classname="unit.models.metadata.test_model_generic_metadata.TestModelGenericMetadataFieldOperations" name="test_has_field_no_custom_fields" time="0.000" /><testcase classname="unit.models.metadata.test_model_function_node_data.TestModelFunctionNodeData" name="test_validate_instance" time="0.000" /><testcase classname="unit.models.metadata.test_model_function_node_data.TestModelFunctionNodeData" name="test_model_config" time="0.000" /><testcase classname="unit.models.metadata.test_model_generic_metadata.TestModelGenericMetadataFieldOperations" name="test_set_field_int" time="0.001" /><testcase classname="unit.models.metadata.test_model_generic_metadata.TestModelGenericMetadataFieldOperations" name="test_set_field_bool" time="0.000" /><testcase classname="unit.models.metadata.test_model_generic_metadata.TestModelGenericMetadataFieldOperations" name="test_set_field_float" time="0.000" /><testcase classname="unit.models.metadata.test_model_generic_metadata.TestModelGenericMetadataFieldOperations" name="test_remove_field_existing" time="0.000" /><testcase classname="unit.models.metadata.test_model_generic_metadata.TestModelGenericMetadataFieldOperations" name="test_remove_field_nonexistent" time="0.000" /><testcase classname="unit.models.metadata.test_model_generic_metadata.TestModelGenericMetadataCreation" name="test_default_creation" time="0.000" /><testcase classname="unit.models.metadata.test_model_generic_metadata.TestModelGenericMetadataFieldOperations" name="test_set_field_invalid_type_fails" time="0.000"><skipped type="pytest.skip" message="Validation not implemented - dict types are currently allowed">/Volumes/PRO-G40/Code/omnibase_core/tests/unit/models/metadata/test_model_generic_metadata.py:112: Validation not implemented - dict types are currently allowed</skipped></testcase><testcase classname="unit.models.metadata.test_model_generic_metadata.TestModelGenericMetadataFieldOperations" name="test_get_field_existing" time="0.000" /><testcase classname="unit.models.metadata.test_model_generic_metadata.TestModelGenericMetadataCreation" name="test_creation_with_all_fields" time="0.001" /><testcase classname="unit.models.metadata.test_model_generic_metadata.TestModelGenericMetadataFieldOperations" name="test_get_field_nonexistent" time="0.000" /><testcase classname="unit.models.metadata.test_model_generic_metadata.TestModelGenericMetadataFieldOperations" name="test_get_field_no_custom_fields" time="0.000" /><testcase classname="unit.models.metadata.test_model_field_identity.TestModelFieldIdentityProtocols" name="test_serialize" time="0.001" /><testcase classname="unit.models.metadata.test_model_generic_metadata.TestModelGenericMetadataVersionHandling" name="test_version_assignment" time="0.001" /><testcase classname="unit.models.metadata.test_model_field_identity.TestModelFieldIdentityErrorBranches" name="test_get_metadata_with_none_values" time="0.000" /><testcase classname="unit.models.metadata.test_model_generic_metadata.TestModelGenericMetadataVersionHandling" name="test_version_serialization" time="0.000" /><testcase classname="unit.models.metadata.test_model_generic_metadata.TestModelGenericMetadataSerialization" name="test_json_deserialization" time="0.000" /><testcase classname="unit.models.metadata.test_model_generic_metadata.TestModelGenericMetadataSerialization" name="test_round_trip_serialization" time="0.000" /><testcase classname="unit.models.metadata.test_model_generic_metadata.TestModelGenericMetadataComplexScenarios" name="test_metadata_field_management_workflow" time="0.000" /><testcase classname="unit.models.metadata.test_model_generic_metadata.TestModelGenericMetadataVersionHandling" name="test_version_deserialization" time="0.000" /><testcase classname="unit.models.metadata.test_model_generic_metadata.TestModelGenericMetadataTagsHandling" name="test_tags_default_empty" time="0.000" /><testcase classname="unit.models.metadata.test_model_generic_metadata.TestModelGenericMetadataTagsHandling" name="test_tags_assignment" time="0.000" /><testcase classname="unit.models.metadata.test_model_generic_metadata.TestModelGenericMetadataTagsHandling" name="test_tags_modification" time="0.000" /><testcase classname="unit.models.metadata.test_model_generic_metadata.TestModelGenericMetadataTagsHandling" name="test_tags_serialization" time="0.000" /><testcase classname="unit.models.metadata.test_model_generic_metadata.TestModelGenericMetadataComplexScenarios" name="test_metadata_versioning_workflow" time="0.000" /><testcase classname="unit.models.metadata.test_model_generic_metadata.TestModelGenericMetadataComplexScenarios" name="test_metadata_tagging_and_categorization" time="0.000" /><testcase classname="unit.models.metadata.test_model_generic_metadata.TestModelGenericMetadataComplexScenarios" name="test_metadata_inheritance_pattern" time="0.001" /><testcase classname="unit.models.metadata.test_model_generic_metadata.TestModelGenericMetadataSerialization" name="test_json_serialization_minimal" time="0.000" /><testcase classname="unit.models.metadata.test_model_generic_metadata.TestModelGenericMetadataComplexScenarios" name="test_metadata_validation_pattern" time="0.001" /><testcase classname="unit.models.metadata.test_model_field_validation_rules.TestModelFieldValidationRulesHasValidation" name="test_has_string_validation_with_max_length" time="0.000" /><testcase classname="unit.models.metadata.test_model_input_state.TestModelInputStateModule" name="test_module_all_exports" time="0.001" /><testcase classname="unit.models.metadata.test_model_field_validation_rules.TestModelFieldValidationRulesStringValidation" name="test_is_valid_string_with_pattern_fail" time="0.001" /><testcase classname="unit.models.metadata.test_model_input_state.TestModelInputStateModule" name="test_typed_dict_input_state_fields" time="0.000" /><testcase classname="unit.models.metadata.test_model_input_state_class.TestModelInputState" name="test_has_version_false" time="0.000" /><testcase classname="unit.models.metadata.test_model_input_state_class.TestModelInputState" name="test_get_field_version" time="0.000" /><testcase classname="unit.models.metadata.test_model_input_state_class.TestModelInputState" name="test_get_field_additional" time="0.000" /><testcase classname="unit.models.metadata.test_model_input_state_class.TestModelInputState" name="test_get_metadata" time="0.000" /><testcase classname="unit.models.metadata.test_model_input_state_class.TestModelInputState" name="test_set_metadata" time="0.000" /><testcase classname="unit.models.metadata.test_model_input_state.TestModelInputStateModule" name="test_typed_dict_input_state_source_type" time="0.000" /><testcase classname="unit.models.metadata.test_model_input_state_class.TestModelInputState" name="test_serialize" time="0.000" /><testcase classname="unit.models.metadata.test_model_input_state.TestModelInputStateModule" name="test_model_input_state" time="0.000" /><testcase classname="unit.models.metadata.test_model_input_state_class.TestModelInputState" name="test_validate_instance" time="0.000" /><testcase classname="unit.models.metadata.test_model_input_state.TestModelInputStateModule" name="test_module_docstring" time="0.000" /><testcase classname="unit.models.metadata.test_model_input_state_class.TestModelInputState" name="test_create_default_instance" time="0.000" /><testcase classname="unit.models.metadata.test_model_input_state_class.TestModelInputState" name="test_create_with_version" time="0.000" /><testcase classname="unit.models.metadata.test_model_field_validation_rules.TestModelFieldValidationRulesNumericValidation" name="test_is_valid_numeric_boundary_min" time="0.001" /><testcase classname="unit.models.metadata.test_model_input_state_class.TestModelInputState" name="test_additional_fields_type" time="0.000" /><testcase classname="unit.models.metadata.test_model_input_state_class.TestModelInputState" name="test_model_docstring" time="0.000" /><testcase classname="unit.models.metadata.test_model_metadata_field_info.TestModelMetadataFieldInfoInstantiation" name="test_create_with_required_fields" time="0.000" /><testcase classname="unit.models.metadata.test_model_metadata_field_info.TestModelMetadataFieldInfoInstantiation" name="test_create_with_field_type" time="0.000" /><testcase classname="unit.models.metadata.test_model_metadata_field_info.TestModelMetadataFieldInfoInstantiation" name="test_create_with_default_value" time="0.000" /><testcase classname="unit.models.metadata.test_model_metadata_field_info.TestModelMetadataFieldInfoInstantiation" name="test_create_with_validation_rules" time="0.001" /><testcase classname="unit.models.metadata.test_model_metadata_field_info.TestModelMetadataFieldInfoFactoryMetadataVersion" name="test_metadata_version_factory" time="0.001" /><testcase classname="unit.models.metadata.test_model_field_validation_rules.TestModelFieldValidationRulesProtocols" name="test_get_metadata" time="0.000" /><testcase classname="unit.models.metadata.test_model_metadata_field_info.TestModelMetadataFieldInfoFactoryProtocolVersion" name="test_protocol_version_factory" time="0.000" /><testcase classname="unit.models.metadata.test_model_metadata_field_info.TestModelMetadataFieldInfoFactoryProtocolVersion" name="test_protocol_version_default_value" time="0.000" /><testcase classname="unit.models.metadata.test_model_metadata_field_info.TestModelMetadataFieldInfoFactoryName" name="test_name_field_factory" time="0.000" /><testcase classname="unit.models.metadata.test_model_metadata_field_info.TestModelMetadataFieldInfoFactoryName" name="test_name_field_no_default" time="0.000" /><testcase classname="unit.models.metadata.test_model_metadata_field_info.TestModelMetadataFieldInfoFactoryVersion" name="test_version_factory" time="0.000" /><testcase classname="unit.models.metadata.test_model_metadata_field_info.TestModelMetadataFieldInfoFactoryVersion" name="test_version_default_value" time="0.000" /><testcase classname="unit.models.metadata.test_model_field_validation_rules.TestModelFieldValidationRulesEdgeCases" name="test_complex_regex_pattern" time="0.001" /><testcase classname="unit.models.metadata.test_model_metadata_field_info.TestModelMetadataFieldInfoFactoryUUID" name="test_uuid_factory" time="0.000" /><testcase classname="unit.models.metadata.test_model_metadata_field_info.TestModelMetadataFieldInfoFactoryAuthor" name="test_author_factory" time="0.000" /><testcase classname="unit.models.metadata.test_model_metadata_field_info.TestModelMetadataFieldInfoFactoryCreatedAt" name="test_created_at_factory" time="0.001" /><testcase classname="unit.models.metadata.test_model_function_node_data.TestModelFunctionNodeData" name="test_create_default_instance" time="0.002" /><testcase classname="unit.models.metadata.test_model_metadata_field_info.TestModelMetadataFieldInfoFactoryLastModifiedAt" name="test_last_modified_at_factory" time="0.000" /><testcase classname="unit.models.metadata.test_model_function_node_data.TestModelFunctionNodeData" name="test_remove_tag" time="0.001" /><testcase classname="unit.models.metadata.test_model_metadata_field_info.TestModelMetadataFieldInfoFactoryHash" name="test_hash_factory" time="0.001" /><testcase classname="unit.models.metadata.test_model_metadata_field_info.TestModelMetadataFieldInfoFactoryHash" name="test_hash_validation_pattern" time="0.000" /><testcase classname="unit.models.metadata.test_model_metadata_field_info.TestModelMetadataFieldInfoGetOptionalFields" name="test_get_optional_fields_only_optional" time="0.001" /><testcase classname="unit.models.metadata.test_model_metadata_field_info.TestModelMetadataFieldInfoGetAllFields" name="test_get_all_fields_contains_standard_fields" time="0.001" /><testcase classname="unit.models.metadata.test_model_metadata_field_info.TestModelMetadataFieldInfoFactoryEntrypoint" name="test_entrypoint_factory" time="0.000" /><testcase classname="unit.models.metadata.test_model_metadata_field_info.TestModelMetadataFieldInfoFactoryNamespace" name="test_namespace_factory" time="0.001" /><testcase classname="unit.models.metadata.test_model_metadata_field_info.TestModelMetadataFieldInfoGetOptionalFields" name="test_get_optional_fields_includes_metadata_version" time="0.000" /><testcase classname="unit.models.metadata.test_model_metadata_field_info.TestModelMetadataFieldInfoGetVolatileFields" name="test_get_volatile_fields_returns_list" time="0.000" /><testcase classname="unit.models.metadata.test_model_metadata_field_info.TestModelMetadataFieldInfoGetVolatileFields" name="test_get_volatile_fields_only_volatile" time="0.000" /><testcase classname="unit.models.metadata.test_model_metadata_field_info.TestModelMetadataFieldInfoGetVolatileFields" name="test_get_volatile_fields_includes_hash" time="0.000" /><testcase classname="unit.models.metadata.test_model_metadata_field_info.TestModelMetadataFieldInfoGetVolatileFields" name="test_get_volatile_fields_includes_last_modified_at" time="0.000" /><testcase classname="unit.models.metadata.test_model_generic_metadata.TestModelGenericMetadataFieldOperations" name="test_remove_field_no_custom_fields" time="0.001" /><testcase classname="unit.models.metadata.test_model_metadata_field_info.TestModelMetadataFieldInfoGetAllFields" name="test_get_all_fields_returns_field_info_objects" time="0.000" /><testcase classname="unit.models.metadata.test_model_metadata_field_info.TestModelMetadataFieldInfoGetRequiredFields" name="test_get_required_fields_returns_list" time="0.000" /><testcase classname="unit.models.metadata.test_model_metadata_field_info.TestModelMetadataFieldInfoGetRequiredFields" name="test_get_required_fields_only_required" time="0.000" /><testcase classname="unit.models.metadata.test_model_metadata_field_info.TestModelMetadataFieldInfoGetRequiredFields" name="test_get_required_fields_includes_name" time="0.000" /><testcase classname="unit.models.metadata.test_model_metadata_field_info.TestModelMetadataFieldInfoFromString" name="test_from_string_name" time="0.001" /><testcase classname="unit.models.metadata.test_model_metadata_field_info.TestModelMetadataFieldInfoFromString" name="test_from_string_lowercase" time="0.001" /><testcase classname="unit.models.metadata.test_model_generic_metadata.TestModelGenericMetadataCreation" name="test_creation_with_various_generic_types" time="0.001" /><testcase classname="unit.models.metadata.test_model_metadata_field_info.TestModelMetadataFieldInfoGetRequiredFields" name="test_get_required_fields_excludes_optional" time="0.000" /><testcase classname="unit.models.metadata.test_model_metadata_field_info.TestModelMetadataFieldInfoEquality" name="test_eq_with_string_field_display_name" time="0.001" /><testcase classname="unit.models.metadata.test_model_metadata_field_info.TestModelMetadataFieldInfoFromString" name="test_from_string_unknown_field" time="0.000" /><testcase classname="unit.models.metadata.test_model_metadata_field_info.TestModelMetadataFieldInfoEquality" name="test_eq_with_string_identity_display_name" time="0.001" /><testcase classname="unit.models.metadata.test_model_metadata_field_info.TestModelMetadataFieldInfoFromString" name="test_from_string_all_standard_fields" time="0.001" /><testcase classname="unit.models.metadata.test_model_generic_metadata.TestModelGenericMetadataFieldOperations" name="test_get_typed_field_correct_type" time="0.001" /><testcase classname="unit.models.metadata.test_model_metadata_field_info.TestModelMetadataFieldInfoEquality" name="test_eq_with_another_field_info_same" time="0.001" /><testcase classname="unit.models.metadata.test_model_metadata_field_info.TestModelMetadataFieldInfoProtocols" name="test_serialize" time="0.001" /><testcase classname="unit.models.metadata.test_model_metadata_field_info.TestModelMetadataFieldInfoStringRepresentation" name="test_str_with_field_display_name" time="0.000" /><testcase classname="unit.models.metadata.test_model_metadata_field_info.TestModelMetadataFieldInfoStringRepresentation" name="test_str_with_version_field" time="0.000" /><testcase classname="unit.models.metadata.test_model_generic_metadata.TestModelGenericMetadataSerialization" name="test_json_serialization_complete" time="0.001" /><testcase classname="unit.models.metadata.test_model_metadata_node_collection.TestModelMetadataNodeCollectionInstantiation" name="test_create_empty_collection" time="0.001" /><testcase classname="unit.models.metadata.test_model_input_state.TestModelInputStateModule" name="test_module_imports" time="0.001" /><testcase classname="unit.models.metadata.test_model_metadata_node_collection.TestModelMetadataNodeCollectionAnalytics" name="test_analytics_creation_with_data" time="0.000" /><testcase classname="unit.models.metadata.test_model_metadata_node_collection.TestModelMetadataNodeCollectionNodeInfo" name="test_node_info_initialized_automatically" time="0.000" /><testcase classname="unit.models.metadata.test_model_metadata_node_collection.TestModelMetadataNodeCollectionNodeInfo" name="test_node_info_preserved_when_provided" time="0.000" /><testcase classname="unit.models.metadata.test_model_metadata_field_info.TestModelMetadataFieldInfoProtocols" name="test_validate_instance" time="0.001" /><testcase classname="unit.models.metadata.test_model_metadata_field_info.TestModelMetadataFieldInfoEdgeCases" name="test_field_with_all_flags_false" time="0.000" /><testcase classname="unit.models.metadata.test_model_metadata_field_info.TestModelMetadataFieldInfoEdgeCases" name="test_field_with_all_flags_true" time="0.000" /><testcase classname="unit.models.metadata.test_model_metadata_field_info.TestModelMetadataFieldInfoEdgeCases" name="test_field_type_variations" time="0.000" /><testcase classname="unit.models.metadata.test_model_metadata_field_info.TestModelMetadataFieldInfoSerialization" name="test_model_dump_with_all_fields" time="0.000" /><testcase classname="unit.models.metadata.test_model_metadata_node_collection.TestModelMetadataNodeCollectionNodeInfo" name="test_node_info_creation_with_data" time="0.000" /><testcase classname="unit.models.metadata.test_model_metadata_node_collection.TestModelMetadataNodeCollectionProtocols" name="test_get_metadata" time="0.000" /><testcase classname="unit.models.metadata.test_model_metadata_node_collection.TestModelMetadataNodeCollectionInstantiation" name="test_create_with_root_dict" time="0.000" /><testcase classname="unit.models.metadata.test_model_metadata_field_info.TestModelMetadataFieldInfoEquality" name="test_eq_with_another_field_info_different" time="0.001" /><testcase classname="unit.models.metadata.test_model_metadata_field_info.TestModelMetadataFieldInfoEquality" name="test_eq_with_non_string_non_field_info" time="0.001" /><testcase classname="unit.models.metadata.test_model_metadata_field_info.TestModelMetadataFieldInfoProtocols" name="test_get_metadata" time="0.000" /><testcase classname="unit.models.metadata.test_model_metadata_node_collection.TestModelMetadataNodeCollectionInstantiation" name="test_create_with_none_root" time="0.000" /><testcase classname="unit.models.metadata.test_model_metadata_node_collection.TestModelMetadataNodeCollectionInstantiation" name="test_create_with_invalid_root_type" time="0.001" /><testcase classname="unit.models.metadata.test_model_input_state_class.TestModelInputState" name="test_model_creation_with_version" time="0.001" /><testcase classname="unit.models.metadata.test_model_metadata_node_collection.TestModelMetadataNodeCollectionInstantiation" name="test_create_with_invalid_root_list" time="0.001" /><testcase classname="unit.models.metadata.test_model_metadata_node_collection.TestModelMetadataNodeCollectionProtocols" name="test_serialize" time="0.001" /><testcase classname="unit.models.metadata.test_model_metadata_node_collection.TestModelMetadataNodeCollectionAnalytics" name="test_analytics_initialized_automatically" time="0.001" /><testcase classname="unit.models.metadata.test_model_metadata_node_collection.TestModelMetadataNodeCollectionProtocols" name="test_validate_instance" time="0.000" /><testcase classname="unit.models.metadata.test_model_input_state_class.TestModelInputState" name="test_get_version_data_none" time="0.001" /><testcase classname="unit.models.metadata.test_model_metadata_node_collection.TestModelMetadataNodeCollectionCustomData" name="test_add_custom_node_data" time="0.000" /><testcase classname="unit.models.metadata.test_model_metadata_field_info.TestModelMetadataFieldInfoFactoryMetadataVersion" name="test_metadata_version_default_value" time="0.000" /><testcase classname="unit.models.metadata.test_model_metadata_node_collection.TestModelMetadataNodeCollectionCustomData" name="test_multiple_custom_nodes" time="0.000" /><testcase classname="unit.models.metadata.test_model_metadata_node_collection.TestModelMetadataNodeCollectionModification" name="test_update_analytics" time="0.001" /><testcase classname="unit.models.metadata.test_model_metadata_node_collection.TestModelMetadataNodeCollectionAccess" name="test_access_analytics_directly" time="0.001" /><testcase classname="unit.models.metadata.test_model_metadata_node_collection.TestModelMetadataNodeCollectionAccess" name="test_access_node_info_directly" time="0.000" /><testcase classname="unit.models.metadata.test_model_metadata_node_collection.TestModelMetadataNodeCollectionCustomData" name="test_nested_structure" time="0.001" /><testcase classname="unit.models.metadata.test_model_metadata_node_collection.TestModelMetadataNodeCollectionAccess" name="test_iterate_over_root" time="0.000" /><testcase classname="unit.models.metadata.test_model_metadata_node_collection.TestModelMetadataNodeCollectionModification" name="test_modify_existing_node" time="0.000" /><testcase classname="unit.models.metadata.test_model_metadata_node_collection.TestModelMetadataNodeCollectionEdgeCases" name="test_empty_nested_dict" time="0.000" /><testcase classname="unit.models.metadata.test_model_metadata_node_collection.TestModelMetadataNodeCollectionEdgeCases" name="test_very_large_collection" time="0.003" /><testcase classname="unit.models.metadata.test_model_metadata_node_collection.TestModelMetadataNodeCollectionModification" name="test_add_new_node_after_creation" time="0.000" /><testcase classname="unit.models.metadata.test_model_metadata_field_info.TestModelMetadataFieldInfoFactoryUUID" name="test_uuid_validation_pattern" time="0.001" /><testcase classname="unit.models.metadata.test_model_metadata_node_collection.TestModelMetadataNodeCollectionEdgeCases" name="test_mixed_value_types" time="0.001" /><testcase classname="unit.models.metadata.test_model_metadata_node_collection.TestModelMetadataNodeCollectionEdgeCases" name="test_special_characters_in_keys" time="0.000" /><testcase classname="unit.models.metadata.test_model_metadata_node_collection.TestModelMetadataNodeCollectionEdgeCases" name="test_unicode_keys" time="0.000" /><testcase classname="unit.models.metadata.test_model_metadata_node_collection.TestModelMetadataNodeCollectionSerialization" name="test_model_dump_with_data" time="0.001" /><testcase classname="unit.models.metadata.test_model_metadata_node_collection.TestModelMetadataNodeCollectionSerialization" name="test_model_dump_exclude_none" time="0.000" /><testcase classname="unit.models.metadata.test_model_metadata_field_info.TestModelMetadataFieldInfoGetAllFields" name="test_get_all_fields_returns_list" time="0.001" /><testcase classname="unit.models.metadata.test_model_metadata_field_info.TestModelMetadataFieldInfoFromString" name="test_from_string_metadata_version" time="0.000" /><testcase classname="unit.models.metadata.test_model_metadata_node_collection.TestModelMetadataNodeCollectionSerialization" name="test_serialize_and_deserialize" time="0.001" /><testcase classname="unit.models.metadata.test_model_metadata_node_collection.TestModelMetadataNodeCollectionSpecialKeys" name="test_overwrite_analytics_with_new_instance" time="0.001" /><testcase classname="unit.models.metadata.test_model_nested_configuration.TestModelNestedConfiguration" name="test_create_instance_with_all_fields" time="0.000" /><testcase classname="unit.models.metadata.test_model_nested_configuration.TestModelNestedConfiguration" name="test_model_config" time="0.000" /><testcase classname="unit.models.metadata.test_model_metadata_node_collection.TestModelMetadataNodeCollectionSpecialKeys" name="test_overwrite_node_info_with_new_instance" time="0.000" /><testcase classname="unit.models.metadata.test_model_metadata_node_collection.TestModelMetadataNodeCollectionComplexScenarios" name="test_collection_with_all_features" time="0.000" /><testcase classname="unit.models.metadata.test_model_metadata_field_info.TestModelMetadataFieldInfoGetOptionalFields" name="test_get_optional_fields_returns_list" time="0.001" /><testcase classname="unit.models.metadata.test_model_nested_configuration.TestModelNestedConfiguration" name="test_get_metadata" time="0.000" /><testcase classname="unit.models.metadata.test_model_nested_configuration.TestModelNestedConfiguration" name="test_set_metadata" time="0.001" /><testcase classname="unit.models.metadata.test_model_metadata_node_collection.TestModelMetadataNodeCollectionComplexScenarios" name="test_deeply_nested_modifications" time="0.000" /><testcase classname="unit.models.metadata.test_model_metadata_node_collection.TestModelMetadataNodeCollectionComplexScenarios" name="test_collection_as_root_model" time="0.000" /><testcase classname="unit.models.metadata.test_model_nested_configuration.TestModelNestedConfiguration" name="test_serialize" time="0.000" /><testcase classname="unit.models.metadata.test_model_metadata_node_collection.TestModelMetadataNodeCollectionSpecialKeys" name="test_cannot_remove_analytics_completely" time="0.000" /><testcase classname="unit.models.metadata.test_model_nested_configuration.TestModelNestedConfiguration" name="test_settings_manipulation" time="0.001" /><testcase classname="unit.models.metadata.test_model_metadata_field_info.TestModelMetadataFieldInfoStringRepresentation" name="test_str_with_uuid_field" time="0.002" /><testcase classname="unit.models.metadata.test_model_nested_configuration.TestModelNestedConfiguration" name="test_different_config_types" time="0.000" /><testcase classname="unit.models.metadata.test_model_nested_configuration.TestModelNestedConfiguration" name="test_model_docstring" time="0.000" /><testcase classname="unit.models.metadata.test_model_nested_configuration.TestModelNestedConfiguration" name="test_all_exports" time="0.000" /><testcase classname="unit.models.metadata.test_model_metadata_node_collection.TestModelMetadataNodeCollectionProtocols" name="test_set_metadata_success" time="0.000" /><testcase classname="unit.models.metadata.test_model_typed_metrics.TestModelTypedMetricsIntMetric" name="test_int_metric_with_unit" time="0.002" /><testcase classname="unit.models.metadata.test_model_typed_metrics.TestModelTypedMetricsInstantiation" name="test_create_with_required_fields_string" time="0.000" /><testcase classname="unit.models.metadata.test_model_metadata_node_collection.TestModelMetadataNodeCollectionAnalytics" name="test_analytics_preserved_when_provided" time="0.000" /><testcase classname="unit.models.metadata.test_model_metadata_field_info.TestModelMetadataFieldInfoSerialization" name="test_model_dump_exclude_none" time="0.000" /><testcase classname="unit.models.metadata.test_model_typed_metrics.TestModelTypedMetricsStringMetric" name="test_string_metric_with_description" time="0.001" /><testcase classname="unit.models.metadata.test_model_typed_metrics.TestModelTypedMetricsStringMetric" name="test_string_metric_with_all_fields" time="0.000" /><testcase classname="unit.models.metadata.test_model_typed_metrics.TestModelTypedMetricsStringMetric" name="test_string_metric_id_deterministic" time="0.000" /><testcase classname="unit.models.metadata.test_model_typed_metrics.TestModelTypedMetricsStringMetric" name="test_string_metric_id_different_names" time="0.000" /><testcase classname="unit.models.metadata.test_model_typed_metrics.TestModelTypedMetricsInstantiation" name="test_create_with_required_fields_float" time="0.001" /><testcase classname="unit.models.metadata.test_model_typed_metrics.TestModelTypedMetricsInstantiation" name="test_create_with_required_fields_bool" time="0.000" /><testcase classname="unit.models.metadata.test_model_typed_metrics.TestModelTypedMetricsInstantiation" name="test_create_with_all_fields" time="0.000" /><testcase classname="unit.models.metadata.test_model_typed_metrics.TestModelTypedMetricsStringMetric" name="test_string_metric_basic" time="0.000" /><testcase classname="unit.models.metadata.test_model_metadata_field_info.TestModelMetadataFieldInfoProtocols" name="test_set_metadata" time="0.001" /><testcase classname="unit.models.metadata.test_model_typed_metrics.TestModelTypedMetricsFloatMetric" name="test_float_metric_basic" time="0.001" /><testcase classname="unit.models.metadata.test_model_typed_metrics.TestModelTypedMetricsIntMetric" name="test_int_metric_with_description" time="0.000" /><testcase classname="unit.models.metadata.test_model_typed_metrics.TestModelTypedMetricsIntMetric" name="test_int_metric_zero_value" time="0.000" /><testcase classname="unit.models.metadata.test_model_typed_metrics.TestModelTypedMetricsIntMetric" name="test_int_metric_negative_value" time="0.000" /><testcase classname="unit.models.metadata.test_model_typed_metrics.TestModelTypedMetricsFloatMetric" name="test_float_metric_with_unit" time="0.000" /><testcase classname="unit.models.metadata.test_model_typed_metrics.TestModelTypedMetricsFloatMetric" name="test_float_metric_precision" time="0.000" /><testcase classname="unit.models.metadata.test_model_typed_metrics.TestModelTypedMetricsFloatMetric" name="test_float_metric_with_description" time="0.000" /><testcase classname="unit.models.metadata.test_model_typed_metrics.TestModelTypedMetricsBooleanMetric" name="test_boolean_metric_true" time="0.000" /><testcase classname="unit.models.metadata.test_model_typed_metrics.TestModelTypedMetricsBooleanMetric" name="test_boolean_metric_false" time="0.000" /><testcase classname="unit.models.metadata.test_model_typed_metrics.TestModelTypedMetricsBooleanMetric" name="test_boolean_metric_with_unit" time="0.000" /><testcase classname="unit.models.metadata.test_model_typed_metrics.TestModelTypedMetricsFloatMetric" name="test_float_metric_zero_value" time="0.000" /><testcase classname="unit.models.metadata.test_model_metadata_node_collection.TestModelMetadataNodeCollectionAccess" name="test_access_root_directly" time="0.001" /><testcase classname="unit.models.metadata.test_model_metadata_node_collection.TestModelMetadataNodeCollectionModification" name="test_delete_node" time="0.001" /><testcase classname="unit.models.metadata.test_model_metadata_node_collection.TestModelMetadataNodeCollectionEdgeCases" name="test_numeric_string_keys" time="0.001" /><testcase classname="unit.models.metadata.test_model_typed_metrics.TestModelTypedMetricsProtocols" name="test_get_metadata" time="0.001" /><testcase classname="unit.models.metadata.test_model_typed_metrics.TestModelTypedMetricsSerialization" name="test_model_dump_string_metric" time="0.000" /><testcase classname="unit.models.metadata.test_model_typed_metrics.TestModelTypedMetricsSerialization" name="test_model_dump_int_metric" time="0.001" /><testcase classname="unit.models.metadata.test_model_typed_metrics.TestModelTypedMetricsProtocols" name="test_set_metadata" time="0.000" /><testcase classname="unit.models.metadata.test_model_typed_metrics.TestModelTypedMetricsEdgeCases" name="test_very_long_metric_display_name" time="0.001" /><testcase classname="unit.models.metadata.test_model_typed_metrics.TestModelTypedMetricsSerialization" name="test_model_dump_float_metric" time="0.000" /><testcase classname="unit.models.metadata.test_model_typed_metrics.TestModelTypedMetricsSerialization" name="test_model_dump_bool_metric" time="0.000" /><testcase classname="unit.models.metadata.test_model_typed_metrics.TestModelTypedMetricsEdgeCases" name="test_special_characters_in_value" time="0.000" /><testcase classname="unit.models.metadata.test_model_typed_metrics.TestModelTypedMetricsProtocols" name="test_set_metadata_nonexistent_field" time="0.000" /><testcase classname="unit.models.metadata.test_model_metadata_node_collection.TestModelMetadataNodeCollectionSpecialKeys" name="test_cannot_remove_node_info_completely" time="0.001" /><testcase classname="unit.models.metadata.test_model_typed_metrics.TestModelTypedMetricsEdgeCases" name="test_unicode_in_value" time="0.000" /><testcase classname="unit.models.metadata.test_model_typed_metrics.TestModelTypedMetricsEdgeCases" name="test_empty_string_value" time="0.000" /><testcase classname="unit.models.metadata.test_model_typed_metrics.TestModelTypedMetricsProtocols" name="test_serialize" time="0.000" /><testcase classname="unit.models.metadata.test_model_typed_metrics.TestModelTypedMetricsEdgeCases" name="test_very_small_float_value" time="0.000" /><testcase classname="unit.models.metadata.test_model_typed_metrics.TestModelTypedMetricsEdgeCases" name="test_inf_float_value" time="0.000" /><testcase classname="unit.models.metadata.test_model_typed_metrics.TestModelTypedMetricsEdgeCases" name="test_metric_id_consistency" time="0.001" /><testcase classname="unit.models.metadata.test_model_nested_configuration.TestModelNestedConfiguration" name="test_create_instance_with_required_fields" time="0.000" /><testcase classname="unit.models.metadata.test_model_nested_configuration.TestModelNestedConfiguration" name="test_validate_instance" time="0.001" /><testcase classname="unit.models.nodes.node_services.test_model_service_compute_health.TestModelServiceComputeHealthStatus" name="test_get_service_health_active_invocations" time="0.005" /><testcase classname="unit.models.metadata.test_model_typed_metrics.TestModelTypedMetricsInstantiation" name="test_create_with_required_fields_int" time="0.003" /><testcase classname="unit.models.nodes.node_services.test_model_service_compute_health.TestModelServiceComputeHealthStatus" name="test_get_service_health_basic" time="0.004" /><testcase classname="unit.models.nodes.node_services.test_model_service_compute_health.TestModelServiceComputeHealthMonitoring" name="test_health_monitor_loop_handles_exceptions" time="0.008" /><testcase classname="unit.models.nodes.node_services.test_model_service_compute_health.TestModelServiceComputeGracefulShutdown" name="test_shutdown_callbacks_executed" time="0.011" /><testcase classname="unit.models.metadata.test_model_typed_metrics.TestModelTypedMetricsIntMetric" name="test_int_metric_basic" time="0.001" /><testcase classname="unit.models.nodes.node_services.test_model_service_compute_health.TestModelServiceComputeHealthStatus" name="test_get_service_health_success_rate" time="0.004" /><testcase classname="unit.models.nodes.node_services.test_model_service_compute_health.TestModelServiceComputeHealthMonitoring" name="test_health_monitor_loop_runs_while_active" time="0.004" /><testcase classname="unit.models.nodes.node_services.test_model_service_compute_health.TestModelServiceComputeGracefulShutdown" name="test_stop_service_mode_basic" time="0.005" /><testcase classname="unit.models.metadata.test_model_typed_metrics.TestModelTypedMetricsIntMetric" name="test_int_metric_large_value" time="0.001" /><testcase classname="unit.models.nodes.node_services.test_model_service_compute_integration.TestModelServiceComputeIntegration" name="test_mro_correctness" time="0.004" /><testcase classname="unit.models.metadata.test_model_typed_metrics.TestModelTypedMetricsStringMetric" name="test_string_metric_with_unit" time="0.001" /><testcase classname="unit.models.nodes.node_services.test_model_service_compute_health.TestModelServiceComputeHealthEdgeCases" name="test_get_service_health_status_unhealthy_when_shutdown_requested" time="0.007" /><testcase classname="unit.models.nodes.node_services.test_model_service_compute_health.TestModelServiceComputeGracefulShutdown" name="test_shutdown_callback_exception_handling" time="0.008" /><testcase classname="unit.models.metadata.test_model_typed_metrics.TestModelTypedMetricsEdgeCases" name="test_very_large_int_value" time="0.002" /><testcase classname="unit.models.nodes.node_services.test_model_service_compute_health.TestModelServiceComputeGracefulShutdown" name="test_shutdown_during_active_invocations" time="0.217" /><testcase classname="unit.models.metadata.test_model_typed_metrics.TestModelTypedMetricsProtocols" name="test_validate_instance" time="0.001" /><testcase classname="unit.models.nodes.node_services.test_model_service_compute_health.TestModelServiceComputeHealthMonitoring" name="test_health_monitor_loop_logs_periodically" time="0.006" /><testcase classname="unit.models.metadata.test_model_typed_metrics.TestModelTypedMetricsBooleanMetric" name="test_boolean_metric_with_description" time="0.001" /><testcase classname="unit.models.nodes.node_services.test_model_service_compute_health.TestModelServiceComputeGracefulShutdown" name="test_wait_for_active_invocations_timeout" time="0.218" /><testcase classname="unit.models.metadata.test_model_typed_metrics.TestModelTypedMetricsEdgeCases" name="test_empty_metric_display_name" time="0.001" /><testcase classname="unit.models.metadata.test_model_typed_metrics.TestModelTypedMetricsFloatMetric" name="test_float_metric_negative_value" time="0.000" /><testcase classname="unit.models.nodes.node_services.test_model_service_compute_integration.TestModelServiceComputeMRODetails" name="test_no_diamond_problem" time="0.007" /><testcase classname="unit.models.nodes.node_services.test_model_service_compute_health.TestModelServiceComputeHealthStatus" name="test_get_service_health_uptime_calculation" time="0.009" /><testcase classname="unit.models.nodes.node_services.test_model_service_compute_integration.TestModelServiceComputeMRODetails" name="test_mro_method_resolution" time="0.001" /><testcase classname="unit.models.nodes.node_services.test_model_service_compute_invocation.TestModelServiceComputeInputStateConversion" name="test_convert_event_to_input_state_with_class" time="0.012" /><testcase classname="unit.models.nodes.node_services.test_model_service_compute_invocation.TestModelServiceComputeBasicInvocation" name="test_target_node_validation_by_id" time="0.014" /><testcase classname="unit.models.nodes.node_services.test_model_service_compute_integration.TestModelServiceComputeMRODetails" name="test_cooperative_multiple_inheritance" time="0.007"><failure message="AttributeError: Mock object has no attribute 'compute_cache_config'">tests/unit/models/nodes/node_services/test_model_service_compute_integration.py:660: in test_cooperative_multiple_inheritance
    service = ComputeNodeForIntegrationTest(container, node_id, event_bus)
              ^^^^^^^^^^^^^^^^^^^^^^^^^^^^^^^^^^^^^^^^^^^^^^^^^^^^^^^^^^^^
tests/unit/models/nodes/node_services/test_model_service_compute_integration.py:44: in __init__
    super().__init__(container)
src/omnibase_core/models/nodes/node_services/model_service_compute.py:118: in __init__
    super().__init__(container)
src/omnibase_core/mixins/mixin_node_service.py:77: in __init__
    super().__init__(*args, **kwargs)
src/omnibase_core/nodes/node_compute.py:83: in __init__
    cache_config = container.compute_cache_config
                   ^^^^^^^^^^^^^^^^^^^^^^^^^^^^^^
/opt/homebrew/Cellar/python@3.12/3.12.11/Frameworks/Python.framework/Versions/3.12/lib/python3.12/unittest/mock.py:660: in __getattr__
    raise AttributeError("Mock object has no attribute %r" % name)
E   AttributeError: Mock object has no attribute 'compute_cache_config'</failure></testcase><testcase classname="unit.models.nodes.node_services.test_model_service_compute_invocation.TestModelServiceComputeToolExecution" name="test_execute_tool_sync_run_method" time="0.006" /><testcase classname="unit.models.nodes.node_services.test_model_service_compute_invocation.TestModelServiceComputeInputStateConversion" name="test_convert_event_to_input_state_without_class" time="0.005" /><testcase classname="unit.models.nodes.node_services.test_model_service_compute_health.TestModelServiceComputeGracefulShutdown" name="test_register_signal_handlers_success" time="0.002" /><testcase classname="unit.models.nodes.node_services.test_model_service_compute_health.TestModelServiceComputeHealthEdgeCases" name="test_stop_service_mode_idempotent" time="0.013" /><testcase classname="unit.models.nodes.node_services.test_model_service_compute_health.TestModelServiceComputeHealthEdgeCases" name="test_wait_for_active_invocations_none" time="0.002" /><testcase classname="unit.models.nodes.node_services.test_model_service_compute_invocation.TestModelServiceComputeToolExecution" name="test_execute_tool_no_run_method" time="0.004" /><testcase classname="unit.models.nodes.node_services.test_model_service_compute_invocation.TestModelServiceComputeBasicInvocation" name="test_target_node_validation_by_name" time="0.005" /><testcase classname="unit.models.nodes.node_services.test_model_service_compute_invocation.TestModelServiceComputeInputStateConversion" name="test_convert_event_to_input_state_with_complex_params" time="0.002" /><testcase classname="unit.models.nodes.node_services.test_model_service_compute_invocation.TestModelServiceComputeBasicInvocation" name="test_target_node_validation_by_service_name" time="0.002"><skipped type="pytest.skip" message="Service name suffix validation not yet implemented in _is_target_node">/Volumes/PRO-G40/Code/omnibase_core/tests/unit/models/nodes/node_services/test_model_service_compute_invocation.py:221: Service name suffix validation not yet implemented in _is_target_node</skipped></testcase><testcase classname="unit.models.nodes.node_services.test_model_service_compute_invocation.TestModelServiceComputeToolExecution" name="test_execute_tool_with_execution_time" time="0.013" /><testcase classname="unit.models.nodes.node_services.test_model_service_compute_health.TestModelServiceComputeHealthMonitoring" name="test_health_monitor_loop_handles_cancellation" time="0.004" /><testcase classname="unit.models.nodes.node_services.test_model_service_compute_health.TestModelServiceComputeGracefulShutdown" name="test_stop_service_mode_cancels_health_task" time="0.006" /><testcase classname="unit.models.nodes.node_services.test_model_service_compute_invocation.TestModelServiceComputeResultSerialization" name="test_serialize_result_pydantic_model" time="0.004" /><testcase classname="unit.models.nodes.node_services.test_model_service_compute_health.TestModelServiceComputeGracefulShutdown" name="test_stop_service_mode_cleanup_event_handlers" time="0.004" /><testcase classname="unit.models.nodes.node_services.test_model_service_compute_invocation.TestModelServiceComputeResultSerialization" name="test_serialize_result_custom_object" time="0.004" /><testcase classname="unit.models.nodes.node_services.test_model_service_compute_invocation.TestModelServiceComputeResultSerialization" name="test_serialize_result_primitive" time="0.010" /><testcase classname="unit.models.nodes.node_services.test_model_service_compute_health.TestModelServiceComputeGracefulShutdown" name="test_signal_handler_sets_shutdown_flag" time="0.003" /><testcase classname="unit.models.nodes.node_services.test_model_service_compute_health.TestModelServiceComputeHealthEdgeCases" name="test_wait_for_active_invocations_completes_in_time" time="0.106" /><testcase classname="unit.models.nodes.node_services.test_model_service_compute_invocation.TestModelServiceComputeToolExecution" name="test_execute_tool_async_run_method" time="0.004" /><testcase classname="unit.models.nodes.node_services.test_model_service_compute_invocation.TestModelServiceComputeResponseEmission" name="test_emit_tool_response_success" time="0.006" /><testcase classname="unit.models.nodes.node_services.test_model_service_compute_invocation.TestModelServiceComputeResultSerialization" name="test_serialize_result_dict_object" time="0.005" /><testcase classname="unit.models.nodes.node_services.test_model_service_compute_health.TestModelServiceComputeGracefulShutdown" name="test_emit_shutdown_event_success" time="0.004" /><testcase classname="unit.models.nodes.node_services.test_model_service_compute_invocation.TestModelServiceComputeDeterministicOutput" name="test_deterministic_output_verification" time="0.008" /><testcase classname="unit.models.nodes.node_services.test_model_service_compute_invocation.TestModelServiceComputeTargetValidation" name="test_wrong_target_node_ignored" time="0.004" /><testcase classname="unit.models.nodes.node_services.test_model_service_compute_invocation.TestModelServiceComputeResponseEmission" name="test_emit_tool_response_error" time="0.005" /><testcase classname="unit.models.nodes.node_services.test_model_service_compute_lifecycle.TestModelServiceComputeLifecycle" name="test_service_start_publishes_introspection" time="0.112" /><testcase classname="unit.models.nodes.node_services.test_model_service_compute_lifecycle.TestModelServiceComputeLifecycle" name="test_service_start_registers_signal_handlers" time="0.112" /><testcase classname="unit.models.nodes.node_services.test_model_service_compute_lifecycle.TestModelServiceComputeLifecycle" name="test_service_stop_basic" time="0.114" /><testcase classname="unit.models.nodes.node_services.test_model_service_compute_lifecycle.TestModelServiceComputeLifecycle" name="test_service_initialization" time="0.002" /><testcase classname="unit.models.nodes.node_services.test_model_service_compute_invocation.TestModelServiceComputeActiveInvocations" name="test_active_invocation_tracking" time="0.018" /><testcase classname="unit.models.nodes.node_services.test_model_service_compute_lifecycle.TestModelServiceComputeLifecycle" name="test_service_start_subscribes_to_tool_invocations" time="0.107" /><testcase classname="unit.models.nodes.node_services.test_model_service_compute_lifecycle.TestModelServiceComputeLifecycle" name="test_service_start_error_handling" time="0.145"><failure message="omnibase_core.errors.model_onex_error.ModelOnexError: [ONEX_CORE_205_SERVICE_UNAVAILABLE] Event bus not available for subscription">tests/unit/models/nodes/node_services/test_model_service_compute_lifecycle.py:289: in test_service_start_error_handling
    await compute_node.start_service_mode()
src/omnibase_core/mixins/mixin_node_service.py:118: in start_service_mode
    await self._subscribe_to_tool_invocations()
src/omnibase_core/mixins/mixin_node_service.py:341: in _subscribe_to_tool_invocations
    raise ModelOnexError(
E   omnibase_core.errors.model_onex_error.ModelOnexError: [ONEX_CORE_205_SERVICE_UNAVAILABLE] Event bus not available for subscription</failure></testcase><testcase classname="unit.models.nodes.node_services.test_model_service_compute_lifecycle.TestModelServiceComputeLifecycle" name="test_service_stop_emits_shutdown_event" time="0.108" /><testcase classname="unit.models.nodes.node_services.test_model_service_compute_invocation.TestModelServiceComputeConcurrentInvocations" name="test_concurrent_invocations" time="0.039" /><testcase classname="unit.models.nodes.node_services.test_model_service_compute_invocation.TestModelServiceComputeResultSerialization" name="test_serialize_result_none" time="0.013" /><testcase classname="unit.models.nodes.node_services.test_model_service_compute_lifecycle.TestModelServiceComputeLifecycle" name="test_service_start_basic" time="0.107" /><testcase classname="unit.models.nodes.node_services.test_model_service_compute_health.TestModelServiceComputeHealthEdgeCases" name="test_get_service_health_before_start" time="0.001" /><testcase classname="unit.models.nodes.node_services.test_model_service_compute_lifecycle.TestModelServiceComputeLifecycle" name="test_service_stop_waits_for_active_invocations" time="0.105" /><testcase classname="unit.models.nodes.node_services.test_model_service_compute_invocation.TestModelServiceComputeCorrelationTracking" name="test_correlation_id_tracking" time="0.023" /><testcase classname="unit.models.nodes.node_services.test_model_service_compute_lifecycle.TestModelServiceComputeLifecycle" name="test_service_restart_cycles" time="0.465" /><testcase classname="unit.models.nodes.node_services.test_model_service_compute_lifecycle.TestModelServiceComputeHealthMonitoring" name="test_get_service_health_basic" time="0.002" /><testcase classname="unit.models.nodes.node_services.test_model_service_compute_lifecycle.TestModelServiceComputeHealthMonitoring" name="test_get_service_health_running" time="0.002" /><testcase classname="unit.models.nodes.node_services.test_model_service_compute_invocation.TestModelServiceComputePureFunctionSemantics" name="test_pure_function_semantics_validation" time="0.004" /><testcase classname="unit.models.nodes.node_services.test_model_service_compute_lifecycle.TestModelServiceComputeShutdownHandling" name="test_add_multiple_shutdown_callbacks" time="0.002" /><testcase classname="unit.models.nodes.node_services.test_model_service_effect_health.TestServiceHealthRetrieval" name="test_get_service_health_basic" time="0.004" /><testcase classname="unit.models.nodes.node_services.test_model_service_compute_lifecycle.TestModelServiceComputeShutdownHandling" name="test_shutdown_callback_exception_handling" time="0.106" /><testcase classname="unit.models.nodes.node_services.test_model_service_effect_health.TestServiceHealthRetrieval" name="test_get_service_health_status_healthy" time="0.003" /><testcase classname="unit.models.nodes.node_services.test_model_service_effect_health.TestServiceHealthRetrieval" name="test_get_service_health_active_invocations" time="0.003" /><testcase classname="unit.models.nodes.node_services.test_model_service_effect_health.TestServiceHealthRetrieval" name="test_get_service_health_success_rate" time="0.004" /><testcase classname="unit.models.nodes.node_services.test_model_service_effect_health.TestServiceHealthRetrieval" name="test_get_service_health_success_rate_zero_invocations" time="0.003" /><testcase classname="unit.models.nodes.node_services.test_model_service_effect_health.TestServiceHealthRetrieval" name="test_get_service_health_before_start" time="0.004" /><testcase classname="unit.models.nodes.node_services.test_model_service_compute_lifecycle.TestModelServiceComputeLifecycle" name="test_service_start_creates_health_monitoring_task" time="0.108" /><testcase classname="unit.models.nodes.node_services.test_model_service_effect_health.TestHealthMonitoringLoop" name="test_health_monitor_loop_runs_while_active" time="0.003" /><testcase classname="unit.models.nodes.node_services.test_model_service_compute_lifecycle.TestModelServiceComputeLifecycle" name="test_service_stop_cancels_health_task" time="0.107" /><testcase classname="unit.models.nodes.node_services.test_model_service_effect_health.TestHealthMonitoringLoop" name="test_health_monitor_loop_logs_periodically" time="0.005" /><testcase classname="unit.models.nodes.node_services.test_model_service_compute_lifecycle.TestModelServiceComputeLifecycle" name="test_service_stop_runs_shutdown_callbacks" time="0.111" /><testcase classname="unit.models.nodes.node_services.test_model_service_compute_lifecycle.TestModelServiceComputeHealthMonitoring" name="test_get_service_health_with_invocations" time="0.001" /><testcase classname="unit.models.nodes.node_services.test_model_service_effect_health.TestGracefulShutdown" name="test_wait_for_active_invocations_none" time="0.002" /><testcase classname="unit.models.nodes.node_services.test_model_service_compute_lifecycle.TestModelServiceComputeShutdownHandling" name="test_add_shutdown_callback" time="0.002" /><testcase classname="unit.models.nodes.node_services.test_model_service_effect_health.TestGracefulShutdown" name="test_wait_for_active_invocations_completes_in_time" time="0.304" /><testcase classname="unit.models.nodes.node_services.test_model_service_effect_health.TestGracefulShutdown" name="test_wait_for_active_invocations_timeout" time="0.114" /><testcase classname="unit.models.nodes.node_services.test_model_service_effect_health.TestServiceHealthRetrieval" name="test_get_service_health_status_unhealthy" time="0.004" /><testcase classname="unit.models.nodes.node_services.test_model_service_effect_health.TestServiceHealthRetrieval" name="test_get_service_health_uptime_calculation" time="0.005" /><testcase classname="unit.models.nodes.node_services.test_model_service_effect_health.TestShutdownEventEmission" name="test_emit_shutdown_event_success" time="0.003" /><testcase classname="unit.models.nodes.node_services.test_model_service_effect_health.TestShutdownEventEmission" name="test_emit_shutdown_event_without_event_bus" time="0.006" /><testcase classname="unit.models.nodes.node_services.test_model_service_effect_health.TestShutdownEventEmission" name="test_emit_shutdown_event_failure" time="0.003" /><testcase classname="unit.models.nodes.node_services.test_model_service_effect_health.TestHealthMonitoringLoop" name="test_health_monitor_loop_sleep_interval" time="0.004" /><testcase classname="unit.models.nodes.node_services.test_model_service_effect_health.TestHealthMonitoringLoop" name="test_health_monitor_loop_handles_exceptions" time="0.008" /><testcase classname="unit.models.nodes.node_services.test_model_service_effect_health.TestShutdownCallbacks" name="test_add_shutdown_callback" time="0.005" /><testcase classname="unit.models.nodes.node_services.test_model_service_effect_health.TestHealthMonitoringLoop" name="test_health_monitor_loop_handles_cancellation" time="0.007" /><testcase classname="unit.models.nodes.node_services.test_model_service_effect_health.TestHealthMonitoringLoop" name="test_health_monitor_loop_stops_on_shutdown" time="0.008" /><testcase classname="unit.models.nodes.node_services.test_model_service_effect_health.TestShutdownCallbacks" name="test_add_multiple_shutdown_callbacks" time="0.002" /><testcase classname="unit.models.nodes.node_services.test_model_service_compute_lifecycle.TestModelServiceComputeLifecycle" name="test_service_stop_idempotent" time="0.004" /><testcase classname="unit.models.nodes.node_services.test_model_service_effect_health.TestShutdownCallbacks" name="test_shutdown_callbacks_execution_order" time="0.004" /><testcase classname="unit.models.nodes.node_services.test_model_service_effect_health.TestShutdownCallbacks" name="test_shutdown_callbacks_executed" time="0.006" /><testcase classname="unit.models.nodes.node_services.test_model_service_effect_health.TestGracefulShutdown" name="test_wait_for_active_invocations_custom_timeout" time="0.206" /><testcase classname="unit.models.nodes.node_services.test_model_service_effect_health.TestShutdownCallbacks" name="test_shutdown_callback_exception_handling" time="0.004" /><testcase classname="unit.models.nodes.node_services.test_model_service_effect_health.TestSignalHandlers" name="test_register_signal_handlers_success" time="0.119" /><testcase classname="unit.models.nodes.node_services.test_model_service_effect_health.TestSignalHandlers" name="test_register_signal_handlers_failure" time="0.004" /><testcase classname="unit.models.nodes.node_services.test_model_service_effect_health.TestShutdownIntegration" name="test_health_task_cancellation" time="0.004" /><testcase classname="unit.models.nodes.node_services.test_model_service_effect_health.TestSignalHandlers" name="test_signal_handler_logs_signal" time="0.005" /><testcase classname="unit.models.nodes.node_services.test_model_service_effect_integration.TestMROCorrectness" name="test_mro_no_diamond_problem" time="0.001" /><testcase classname="unit.models.nodes.node_services.test_model_service_effect_health.TestShutdownIntegration" name="test_resource_cleanup" time="0.005" /><testcase classname="unit.models.nodes.node_services.test_model_service_effect_integration.TestMROCorrectness" name="test_mro_order_matches_expected" time="0.001" /><testcase classname="unit.models.nodes.node_services.test_model_service_effect_integration.TestMROCorrectness" name="test_mixin_initialization_order" time="0.001" /><testcase classname="unit.models.nodes.node_services.test_model_service_effect_integration.TestMROCorrectness" name="test_super_call_propagation" time="0.001" /><testcase classname="unit.models.nodes.node_services.test_model_service_effect_integration.TestServiceModeEventBusIntegration" name="test_service_subscribes_to_tool_invocations" time="0.205" /><testcase classname="unit.models.nodes.node_services.test_model_service_effect_integration.TestMROCorrectness" name="test_all_mixins_accessible" time="0.001" /><testcase classname="unit.models.nodes.node_services.test_model_service_effect_integration.TestServiceModeHealthCheckIntegration" name="test_service_health_includes_service_metrics" time="0.000" /><testcase classname="unit.models.nodes.node_services.test_model_service_effect_integration.TestServiceModeEventBusIntegration" name="test_tool_response_published_via_event_bus" time="0.004" /><testcase classname="unit.models.nodes.node_services.test_model_service_effect_integration.TestServiceModeHealthCheckIntegration" name="test_health_reflects_active_invocations" time="0.207" /><testcase classname="unit.models.nodes.node_services.test_model_service_effect_integration.TestServiceModeHealthCheckIntegration" name="test_service_health_aggregates_node_health" time="0.002" /><testcase classname="unit.models.nodes.node_services.test_model_service_effect_integration.TestServiceModeMetricsIntegration" name="test_metrics_track_success_rate" time="0.004" /><testcase classname="unit.models.nodes.node_services.test_model_service_effect_integration.TestServiceModeMetricsIntegration" name="test_effect_metrics_include_transaction_status" time="0.002" /><testcase classname="unit.models.nodes.node_services.test_model_service_effect_integration.TestToolInvocationEventPublishing" name="test_successful_invocation_publishes_success_event" time="0.004" /><testcase classname="unit.models.nodes.node_services.test_model_service_effect_integration.TestToolInvocationEventPublishing" name="test_failed_invocation_publishes_error_event" time="0.005" /><testcase classname="unit.models.nodes.node_services.test_model_service_effect_integration.TestEffectSemanticsServiceMode" name="test_transaction_created_for_transactional_effects" time="0.003" /><testcase classname="unit.models.nodes.node_services.test_model_service_effect_integration.TestEffectSemanticsServiceMode" name="test_transaction_committed_on_success" time="0.004" /><testcase classname="unit.models.nodes.node_services.test_model_service_effect_health.TestShutdownIntegration" name="test_shutdown_during_active_invocation" time="0.206" /><testcase classname="unit.models.nodes.node_services.test_model_service_effect_integration.TestEffectSemanticsServiceMode" name="test_transaction_rolled_back_on_error" time="0.002" /><testcase classname="unit.models.nodes.node_services.test_model_service_effect_health.TestGracefulShutdown" name="test_wait_for_active_invocations_partial_completion" time="0.106" /><testcase classname="unit.models.nodes.node_services.test_model_service_compute_integration.TestModelServiceComputeIntegration" name="test_service_mode_caching_integration" time="0.003"><error message="failed on setup with &quot;AttributeError: Mock object has no attribute 'compute_cache_config'&quot;">tests/unit/models/nodes/node_services/test_model_service_compute_integration.py:98: in service_compute
    service = ComputeNodeForIntegrationTest(mock_container, node_id, mock_event_bus)
              ^^^^^^^^^^^^^^^^^^^^^^^^^^^^^^^^^^^^^^^^^^^^^^^^^^^^^^^^^^^^^^^^^^^^^^
tests/unit/models/nodes/node_services/test_model_service_compute_integration.py:44: in __init__
    super().__init__(container)
src/omnibase_core/models/nodes/node_services/model_service_compute.py:118: in __init__
    super().__init__(container)
src/omnibase_core/mixins/mixin_node_service.py:77: in __init__
    super().__init__(*args, **kwargs)
src/omnibase_core/nodes/node_compute.py:83: in __init__
    cache_config = container.compute_cache_config
                   ^^^^^^^^^^^^^^^^^^^^^^^^^^^^^^
/opt/homebrew/Cellar/python@3.12/3.12.11/Frameworks/Python.framework/Versions/3.12/lib/python3.12/unittest/mock.py:660: in __getattr__
    raise AttributeError("Mock object has no attribute %r" % name)
E   AttributeError: Mock object has no attribute 'compute_cache_config'</error></testcase><testcase classname="unit.models.nodes.node_services.test_model_service_effect_health.TestSignalHandlers" name="test_signal_handler_sets_shutdown_flag" time="0.004" /><testcase classname="unit.models.nodes.node_services.test_model_service_effect_integration.TestEndToEndWorkflow" name="test_full_lifecycle_start_invoke_respond_stop" time="0.207" /><testcase classname="unit.models.nodes.node_services.test_model_service_effect_integration.TestCircuitBreakerServiceMode" name="test_circuit_breaker_records_success" time="0.127" /><testcase classname="unit.models.nodes.node_services.test_model_service_compute_lifecycle.TestModelServiceComputeToolInvocation" name="test_handle_tool_invocation_basic" time="0.003" /><testcase classname="unit.models.nodes.node_services.test_model_service_compute_lifecycle.TestModelServiceComputeToolInvocation" name="test_handle_tool_invocation_wrong_target" time="0.002" /><testcase classname="unit.models.nodes.node_services.test_model_service_effect_integration.TestMixinMethodAccessibility" name="test_node_service_methods_accessible" time="0.002" /><testcase classname="unit.models.nodes.node_services.test_model_service_effect_integration.TestMixinMethodAccessibility" name="test_node_effect_methods_accessible" time="0.001" /><testcase classname="unit.models.nodes.node_services.test_model_service_effect_integration.TestMixinMethodAccessibility" name="test_health_check_methods_accessible" time="0.001" /><testcase classname="unit.models.nodes.node_services.test_model_service_effect_integration.TestMixinMethodAccessibility" name="test_event_bus_methods_accessible" time="0.002" /><testcase classname="unit.models.nodes.node_services.test_model_service_effect_integration.TestMixinMethodAccessibility" name="test_metrics_methods_accessible" time="0.001" /><testcase classname="unit.models.nodes.node_services.test_model_service_effect_integration.TestRetryLogicServiceMode" name="test_retry_attempts_on_failure" time="0.075" /><testcase classname="unit.models.nodes.node_services.test_model_service_effect_invocation.TestModelServiceEffectToolInvocation" name="test_handle_tool_invocation_basic" time="0.003" /><testcase classname="unit.models.nodes.node_services.test_model_service_effect_invocation.TestModelServiceEffectToolInvocation" name="test_handle_tool_invocation_tracks_active" time="0.002" /><testcase classname="unit.models.nodes.node_services.test_model_service_effect_invocation.TestModelServiceEffectToolInvocation" name="test_target_validation_by_node_name" time="0.002" /><testcase classname="unit.models.nodes.node_services.test_model_service_effect_invocation.TestModelServiceEffectToolInvocation" name="test_target_validation_by_service_name" time="0.003" /><testcase classname="unit.models.nodes.node_services.test_model_service_effect_invocation.TestModelServiceEffectToolInvocation" name="test_wrong_target_node_ignored" time="0.002" /><testcase classname="unit.models.nodes.node_services.test_model_service_effect_invocation.TestModelServiceEffectToolInvocation" name="test_event_to_input_state_conversion" time="0.002" /><testcase classname="unit.models.nodes.node_services.test_model_service_effect_invocation.TestModelServiceEffectToolInvocation" name="test_tool_execution_async_run" time="0.004" /><testcase classname="unit.models.nodes.node_services.test_model_service_effect_invocation.TestModelServiceEffectToolInvocation" name="test_tool_execution_sync_run" time="0.004" /><testcase classname="unit.models.nodes.node_services.test_model_service_effect_integration.TestRetryLogicServiceMode" name="test_exponential_backoff_between_retries" time="0.308" /><testcase classname="unit.models.nodes.node_services.test_model_service_effect_integration.TestServiceModeEventBusIntegration" name="test_event_emission_during_effect_execution" time="0.003" /><testcase classname="unit.models.nodes.node_services.test_model_service_effect_invocation.TestModelServiceEffectToolInvocation" name="test_missing_run_method_error" time="0.003"><failure message="omnibase_core.errors.model_onex_error.ModelOnexError: [ONEX_CORE_141_METHOD_NOT_IMPLEMENTED] Node does not have a 'run' method for tool execution">tests/unit/models/nodes/node_services/test_model_service_effect_invocation.py:416: in test_missing_run_method_error
    await node._execute_tool(input_state, event)
src/omnibase_core/mixins/mixin_node_service.py:459: in _execute_tool
    raise ModelOnexError(
E   omnibase_core.errors.model_onex_error.ModelOnexError: [ONEX_CORE_141_METHOD_NOT_IMPLEMENTED] Node does not have a 'run' method for tool execution</failure></testcase><testcase classname="unit.models.nodes.node_services.test_model_service_effect_invocation.TestModelServiceEffectToolInvocation" name="test_result_serialization_dict" time="0.003" /><testcase classname="unit.models.nodes.node_services.test_model_service_effect_integration.TestServiceModeMetricsIntegration" name="test_metrics_track_invocation_count" time="0.004" /><testcase classname="unit.models.nodes.node_services.test_model_service_effect_invocation.TestModelServiceEffectToolInvocation" name="test_success_response_emission" time="0.004" /><testcase classname="unit.models.nodes.node_services.test_model_service_effect_invocation.TestModelServiceEffectToolInvocation" name="test_error_response_emission" time="0.002" /><testcase classname="unit.models.nodes.node_services.test_model_service_effect_invocation.TestModelServiceEffectToolInvocation" name="test_correlation_id_tracking" time="0.003" /><testcase classname="unit.models.nodes.node_services.test_model_service_effect_invocation.TestModelServiceEffectToolInvocation" name="test_concurrent_invocations" time="0.006" /><testcase classname="unit.models.nodes.node_services.test_model_service_effect_invocation.TestModelServiceEffectToolInvocation" name="test_execution_timeout_handling" time="0.503" /><testcase classname="unit.models.nodes.node_services.test_model_service_compute_integration.TestModelServiceComputeIntegration" name="test_full_end_to_end_workflow" time="0.009"><error message="failed on setup with &quot;AttributeError: Mock object has no attribute 'compute_cache_config'&quot;">tests/unit/models/nodes/node_services/test_model_service_compute_integration.py:98: in service_compute
    service = ComputeNodeForIntegrationTest(mock_container, node_id, mock_event_bus)
              ^^^^^^^^^^^^^^^^^^^^^^^^^^^^^^^^^^^^^^^^^^^^^^^^^^^^^^^^^^^^^^^^^^^^^^
tests/unit/models/nodes/node_services/test_model_service_compute_integration.py:44: in __init__
    super().__init__(container)
src/omnibase_core/models/nodes/node_services/model_service_compute.py:118: in __init__
    super().__init__(container)
src/omnibase_core/mixins/mixin_node_service.py:77: in __init__
    super().__init__(*args, **kwargs)
src/omnibase_core/nodes/node_compute.py:83: in __init__
    cache_config = container.compute_cache_config
                   ^^^^^^^^^^^^^^^^^^^^^^^^^^^^^^
/opt/homebrew/Cellar/python@3.12/3.12.11/Frameworks/Python.framework/Versions/3.12/lib/python3.12/unittest/mock.py:660: in __getattr__
    raise AttributeError("Mock object has no attribute %r" % name)
E   AttributeError: Mock object has no attribute 'compute_cache_config'</error></testcase><testcase classname="unit.models.nodes.node_services.test_model_service_effect_invocation.TestModelServiceEffectEdgeCases" name="test_empty_parameters" time="0.002" /><testcase classname="unit.models.nodes.node_services.test_model_service_effect_integration.TestCircuitBreakerServiceMode" name="test_circuit_breaker_prevents_execution_when_open" time="0.002" /><testcase classname="unit.models.nodes.node_services.test_model_service_effect_invocation.TestModelServiceEffectToolInvocation" name="test_target_validation_by_node_id" time="0.006" /><testcase classname="unit.models.nodes.node_services.test_model_service_compute_invocation.TestModelServiceComputeBasicInvocation" name="test_basic_tool_invocation_handling" time="0.002" /><testcase classname="unit.models.nodes.node_services.test_model_service_effect_integration.TestEndToEndWorkflow" name="test_graceful_shutdown_waits_for_active_invocations" time="0.363" /><testcase classname="unit.models.nodes.node_services.test_model_service_compute_lifecycle.TestModelServiceComputeLifecycle" name="test_service_start_idempotency" time="0.106" /><testcase classname="unit.models.nodes.node_services.test_model_service_compute_integration.TestModelServiceComputeIntegration" name="test_service_mode_healthcheck_integration" time="0.001"><error message="failed on setup with &quot;AttributeError: Mock object has no attribute 'compute_cache_config'&quot;">tests/unit/models/nodes/node_services/test_model_service_compute_integration.py:98: in service_compute
    service = ComputeNodeForIntegrationTest(mock_container, node_id, mock_event_bus)
              ^^^^^^^^^^^^^^^^^^^^^^^^^^^^^^^^^^^^^^^^^^^^^^^^^^^^^^^^^^^^^^^^^^^^^^
tests/unit/models/nodes/node_services/test_model_service_compute_integration.py:44: in __init__
    super().__init__(container)
src/omnibase_core/models/nodes/node_services/model_service_compute.py:118: in __init__
    super().__init__(container)
src/omnibase_core/mixins/mixin_node_service.py:77: in __init__
    super().__init__(*args, **kwargs)
src/omnibase_core/nodes/node_compute.py:83: in __init__
    cache_config = container.compute_cache_config
                   ^^^^^^^^^^^^^^^^^^^^^^^^^^^^^^
/opt/homebrew/Cellar/python@3.12/3.12.11/Frameworks/Python.framework/Versions/3.12/lib/python3.12/unittest/mock.py:660: in __getattr__
    raise AttributeError("Mock object has no attribute %r" % name)
E   AttributeError: Mock object has no attribute 'compute_cache_config'</error></testcase><testcase classname="unit.models.nodes.node_services.test_model_service_compute_integration.TestModelServiceComputeIntegration" name="test_mixin_initialization_order" time="0.001"><error message="failed on setup with &quot;AttributeError: Mock object has no attribute 'compute_cache_config'&quot;">tests/unit/models/nodes/node_services/test_model_service_compute_integration.py:98: in service_compute
    service = ComputeNodeForIntegrationTest(mock_container, node_id, mock_event_bus)
              ^^^^^^^^^^^^^^^^^^^^^^^^^^^^^^^^^^^^^^^^^^^^^^^^^^^^^^^^^^^^^^^^^^^^^^
tests/unit/models/nodes/node_services/test_model_service_compute_integration.py:44: in __init__
    super().__init__(container)
src/omnibase_core/models/nodes/node_services/model_service_compute.py:118: in __init__
    super().__init__(container)
src/omnibase_core/mixins/mixin_node_service.py:77: in __init__
    super().__init__(*args, **kwargs)
src/omnibase_core/nodes/node_compute.py:83: in __init__
    cache_config = container.compute_cache_config
                   ^^^^^^^^^^^^^^^^^^^^^^^^^^^^^^
/opt/homebrew/Cellar/python@3.12/3.12.11/Frameworks/Python.framework/Versions/3.12/lib/python3.12/unittest/mock.py:660: in __getattr__
    raise AttributeError("Mock object has no attribute %r" % name)
E   AttributeError: Mock object has no attribute 'compute_cache_config'</error></testcase><testcase classname="unit.models.nodes.node_services.test_model_service_compute_integration.TestModelServiceComputeIntegration" name="test_super_call_propagation" time="0.001"><failure message="AttributeError: Mock object has no attribute 'compute_cache_config'">tests/unit/models/nodes/node_services/test_model_service_compute_integration.py:519: in test_super_call_propagation
    service = ComputeNodeForIntegrationTest(mock_container, node_id, mock_event_bus)
              ^^^^^^^^^^^^^^^^^^^^^^^^^^^^^^^^^^^^^^^^^^^^^^^^^^^^^^^^^^^^^^^^^^^^^^
tests/unit/models/nodes/node_services/test_model_service_compute_integration.py:44: in __init__
    super().__init__(container)
src/omnibase_core/models/nodes/node_services/model_service_compute.py:118: in __init__
    super().__init__(container)
src/omnibase_core/mixins/mixin_node_service.py:77: in __init__
    super().__init__(*args, **kwargs)
src/omnibase_core/nodes/node_compute.py:83: in __init__
    cache_config = container.compute_cache_config
                   ^^^^^^^^^^^^^^^^^^^^^^^^^^^^^^
/opt/homebrew/Cellar/python@3.12/3.12.11/Frameworks/Python.framework/Versions/3.12/lib/python3.12/unittest/mock.py:660: in __getattr__
    raise AttributeError("Mock object has no attribute %r" % name)
E   AttributeError: Mock object has no attribute 'compute_cache_config'</failure></testcase><testcase classname="unit.models.nodes.node_services.test_model_service_compute_integration.TestModelServiceComputeIntegration" name="test_tool_invocation_cache_hit_miss" time="0.008"><error message="failed on setup with &quot;AttributeError: Mock object has no attribute 'compute_cache_config'&quot;">tests/unit/models/nodes/node_services/test_model_service_compute_integration.py:98: in service_compute
    service = ComputeNodeForIntegrationTest(mock_container, node_id, mock_event_bus)
              ^^^^^^^^^^^^^^^^^^^^^^^^^^^^^^^^^^^^^^^^^^^^^^^^^^^^^^^^^^^^^^^^^^^^^^
tests/unit/models/nodes/node_services/test_model_service_compute_integration.py:44: in __init__
    super().__init__(container)
src/omnibase_core/models/nodes/node_services/model_service_compute.py:118: in __init__
    super().__init__(container)
src/omnibase_core/mixins/mixin_node_service.py:77: in __init__
    super().__init__(*args, **kwargs)
src/omnibase_core/nodes/node_compute.py:83: in __init__
    cache_config = container.compute_cache_config
                   ^^^^^^^^^^^^^^^^^^^^^^^^^^^^^^
/opt/homebrew/Cellar/python@3.12/3.12.11/Frameworks/Python.framework/Versions/3.12/lib/python3.12/unittest/mock.py:660: in __getattr__
    raise AttributeError("Mock object has no attribute %r" % name)
E   AttributeError: Mock object has no attribute 'compute_cache_config'</error></testcase><testcase classname="unit.models.nodes.node_services.test_model_service_effect_invocation.TestModelServiceEffectToolInvocation" name="test_result_serialization_pydantic_model" time="0.004" /><testcase classname="unit.models.nodes.node_services.test_model_service_compute_integration.TestModelServiceComputeIntegration" name="test_compute_semantics_service_mode" time="0.012"><error message="failed on setup with &quot;AttributeError: Mock object has no attribute 'compute_cache_config'&quot;">tests/unit/models/nodes/node_services/test_model_service_compute_integration.py:98: in service_compute
    service = ComputeNodeForIntegrationTest(mock_container, node_id, mock_event_bus)
              ^^^^^^^^^^^^^^^^^^^^^^^^^^^^^^^^^^^^^^^^^^^^^^^^^^^^^^^^^^^^^^^^^^^^^^
tests/unit/models/nodes/node_services/test_model_service_compute_integration.py:44: in __init__
    super().__init__(container)
src/omnibase_core/models/nodes/node_services/model_service_compute.py:118: in __init__
    super().__init__(container)
src/omnibase_core/mixins/mixin_node_service.py:77: in __init__
    super().__init__(*args, **kwargs)
src/omnibase_core/nodes/node_compute.py:83: in __init__
    cache_config = container.compute_cache_config
                   ^^^^^^^^^^^^^^^^^^^^^^^^^^^^^^
/opt/homebrew/Cellar/python@3.12/3.12.11/Frameworks/Python.framework/Versions/3.12/lib/python3.12/unittest/mock.py:660: in __getattr__
    raise AttributeError("Mock object has no attribute %r" % name)
E   AttributeError: Mock object has no attribute 'compute_cache_config'</error></testcase><testcase classname="unit.models.nodes.node_services.test_model_service_effect_invocation.TestModelServiceEffectEdgeCases" name="test_large_result_serialization" time="0.002" /><testcase classname="unit.models.nodes.node_services.test_model_service_compute_integration.TestModelServiceComputeIntegration" name="test_service_mode_metrics_integration" time="0.002"><error message="failed on setup with &quot;AttributeError: Mock object has no attribute 'compute_cache_config'&quot;">tests/unit/models/nodes/node_services/test_model_service_compute_integration.py:98: in service_compute
    service = ComputeNodeForIntegrationTest(mock_container, node_id, mock_event_bus)
              ^^^^^^^^^^^^^^^^^^^^^^^^^^^^^^^^^^^^^^^^^^^^^^^^^^^^^^^^^^^^^^^^^^^^^^
tests/unit/models/nodes/node_services/test_model_service_compute_integration.py:44: in __init__
    super().__init__(container)
src/omnibase_core/models/nodes/node_services/model_service_compute.py:118: in __init__
    super().__init__(container)
src/omnibase_core/mixins/mixin_node_service.py:77: in __init__
    super().__init__(*args, **kwargs)
src/omnibase_core/nodes/node_compute.py:83: in __init__
    cache_config = container.compute_cache_config
                   ^^^^^^^^^^^^^^^^^^^^^^^^^^^^^^
/opt/homebrew/Cellar/python@3.12/3.12.11/Frameworks/Python.framework/Versions/3.12/lib/python3.12/unittest/mock.py:660: in __getattr__
    raise AttributeError("Mock object has no attribute %r" % name)
E   AttributeError: Mock object has no attribute 'compute_cache_config'</error></testcase><testcase classname="unit.models.nodes.node_services.test_model_service_effect_invocation.TestModelServiceEffectToolInvocation" name="test_result_serialization_primitive" time="0.004" /><testcase classname="unit.models.nodes.node_services.test_model_service_effect_lifecycle.TestModelServiceEffectStartup" name="test_start_service_mode_publishes_introspection" time="0.001"><error message="failed on setup with &quot;ValueError: &quot;ModelServiceEffect&quot; object has no field &quot;cleanup_event_handlers&quot;&quot;">tests/unit/models/nodes/node_services/test_model_service_effect_lifecycle.py:120: in service_effect
    service.cleanup_event_handlers = Mock()
    ^^^^^^^^^^^^^^^^^^^^^^^^^^^^^^
/Users/jonah/Library/Caches/pypoetry/virtualenvs/omnibase-core-Twd7t-Wn-py3.12/lib/python3.12/site-packages/pydantic/main.py:997: in __setattr__
    elif (setattr_handler := self._setattr_handler(name, value)) is not None:
                             ^^^^^^^^^^^^^^^^^^^^^^^^^^^^^^^^^^
/Users/jonah/Library/Caches/pypoetry/virtualenvs/omnibase-core-Twd7t-Wn-py3.12/lib/python3.12/site-packages/pydantic/main.py:1044: in _setattr_handler
    raise ValueError(f'"{cls.__name__}" object has no field "{name}"')
E   ValueError: "ModelServiceEffect" object has no field "cleanup_event_handlers"</error></testcase><testcase classname="unit.models.nodes.node_services.test_model_service_compute_integration.TestModelServiceComputeIntegration" name="test_cache_key_generation_service_mode" time="0.001"><error message="failed on setup with &quot;AttributeError: Mock object has no attribute 'compute_cache_config'&quot;">tests/unit/models/nodes/node_services/test_model_service_compute_integration.py:98: in service_compute
    service = ComputeNodeForIntegrationTest(mock_container, node_id, mock_event_bus)
              ^^^^^^^^^^^^^^^^^^^^^^^^^^^^^^^^^^^^^^^^^^^^^^^^^^^^^^^^^^^^^^^^^^^^^^
tests/unit/models/nodes/node_services/test_model_service_compute_integration.py:44: in __init__
    super().__init__(container)
src/omnibase_core/models/nodes/node_services/model_service_compute.py:118: in __init__
    super().__init__(container)
src/omnibase_core/mixins/mixin_node_service.py:77: in __init__
    super().__init__(*args, **kwargs)
src/omnibase_core/nodes/node_compute.py:83: in __init__
    cache_config = container.compute_cache_config
                   ^^^^^^^^^^^^^^^^^^^^^^^^^^^^^^
/opt/homebrew/Cellar/python@3.12/3.12.11/Frameworks/Python.framework/Versions/3.12/lib/python3.12/unittest/mock.py:660: in __getattr__
    raise AttributeError("Mock object has no attribute %r" % name)
E   AttributeError: Mock object has no attribute 'compute_cache_config'</error></testcase><testcase classname="unit.models.nodes.node_services.test_model_service_effect_lifecycle.TestModelServiceEffectInitialization" name="test_service_initialization" time="0.001"><error message="failed on setup with &quot;ValueError: &quot;ModelServiceEffect&quot; object has no field &quot;cleanup_event_handlers&quot;&quot;">tests/unit/models/nodes/node_services/test_model_service_effect_lifecycle.py:120: in service_effect
    service.cleanup_event_handlers = Mock()
    ^^^^^^^^^^^^^^^^^^^^^^^^^^^^^^
/Users/jonah/Library/Caches/pypoetry/virtualenvs/omnibase-core-Twd7t-Wn-py3.12/lib/python3.12/site-packages/pydantic/main.py:997: in __setattr__
    elif (setattr_handler := self._setattr_handler(name, value)) is not None:
                             ^^^^^^^^^^^^^^^^^^^^^^^^^^^^^^^^^^
/Users/jonah/Library/Caches/pypoetry/virtualenvs/omnibase-core-Twd7t-Wn-py3.12/lib/python3.12/site-packages/pydantic/main.py:1044: in _setattr_handler
    raise ValueError(f'"{cls.__name__}" object has no field "{name}"')
E   ValueError: "ModelServiceEffect" object has no field "cleanup_event_handlers"</error></testcase><testcase classname="unit.models.nodes.node_services.test_model_service_compute_integration.TestModelServiceComputeIntegration" name="test_method_accessibility_from_all_mixins" time="0.001"><error message="failed on setup with &quot;AttributeError: Mock object has no attribute 'compute_cache_config'&quot;">tests/unit/models/nodes/node_services/test_model_service_compute_integration.py:98: in service_compute
    service = ComputeNodeForIntegrationTest(mock_container, node_id, mock_event_bus)
              ^^^^^^^^^^^^^^^^^^^^^^^^^^^^^^^^^^^^^^^^^^^^^^^^^^^^^^^^^^^^^^^^^^^^^^
tests/unit/models/nodes/node_services/test_model_service_compute_integration.py:44: in __init__
    super().__init__(container)
src/omnibase_core/models/nodes/node_services/model_service_compute.py:118: in __init__
    super().__init__(container)
src/omnibase_core/mixins/mixin_node_service.py:77: in __init__
    super().__init__(*args, **kwargs)
src/omnibase_core/nodes/node_compute.py:83: in __init__
    cache_config = container.compute_cache_config
                   ^^^^^^^^^^^^^^^^^^^^^^^^^^^^^^
/opt/homebrew/Cellar/python@3.12/3.12.11/Frameworks/Python.framework/Versions/3.12/lib/python3.12/unittest/mock.py:660: in __getattr__
    raise AttributeError("Mock object has no attribute %r" % name)
E   AttributeError: Mock object has no attribute 'compute_cache_config'</error></testcase><testcase classname="unit.models.nodes.node_services.test_model_service_effect_lifecycle.TestModelServiceEffectInitialization" name="test_service_has_required_mixins" time="0.002"><error message="failed on setup with &quot;ValueError: &quot;ModelServiceEffect&quot; object has no field &quot;cleanup_event_handlers&quot;&quot;">tests/unit/models/nodes/node_services/test_model_service_effect_lifecycle.py:120: in service_effect
    service.cleanup_event_handlers = Mock()
    ^^^^^^^^^^^^^^^^^^^^^^^^^^^^^^
/Users/jonah/Library/Caches/pypoetry/virtualenvs/omnibase-core-Twd7t-Wn-py3.12/lib/python3.12/site-packages/pydantic/main.py:997: in __setattr__
    elif (setattr_handler := self._setattr_handler(name, value)) is not None:
                             ^^^^^^^^^^^^^^^^^^^^^^^^^^^^^^^^^^
/Users/jonah/Library/Caches/pypoetry/virtualenvs/omnibase-core-Twd7t-Wn-py3.12/lib/python3.12/site-packages/pydantic/main.py:1044: in _setattr_handler
    raise ValueError(f'"{cls.__name__}" object has no field "{name}"')
E   ValueError: "ModelServiceEffect" object has no field "cleanup_event_handlers"</error></testcase><testcase classname="unit.models.nodes.node_services.test_model_service_compute_integration.TestModelServiceComputeIntegration" name="test_cached_result_through_tool_invocation" time="0.001"><error message="failed on setup with &quot;AttributeError: Mock object has no attribute 'compute_cache_config'&quot;">tests/unit/models/nodes/node_services/test_model_service_compute_integration.py:98: in service_compute
    service = ComputeNodeForIntegrationTest(mock_container, node_id, mock_event_bus)
              ^^^^^^^^^^^^^^^^^^^^^^^^^^^^^^^^^^^^^^^^^^^^^^^^^^^^^^^^^^^^^^^^^^^^^^
tests/unit/models/nodes/node_services/test_model_service_compute_integration.py:44: in __init__
    super().__init__(container)
src/omnibase_core/models/nodes/node_services/model_service_compute.py:118: in __init__
    super().__init__(container)
src/omnibase_core/mixins/mixin_node_service.py:77: in __init__
    super().__init__(*args, **kwargs)
src/omnibase_core/nodes/node_compute.py:83: in __init__
    cache_config = container.compute_cache_config
                   ^^^^^^^^^^^^^^^^^^^^^^^^^^^^^^
/opt/homebrew/Cellar/python@3.12/3.12.11/Frameworks/Python.framework/Versions/3.12/lib/python3.12/unittest/mock.py:660: in __getattr__
    raise AttributeError("Mock object has no attribute %r" % name)
E   AttributeError: Mock object has no attribute 'compute_cache_config'</error></testcase></testsuite></testsuites>
