<?xml version="1.0" encoding="utf-8"?><testsuites name="pytest tests"><testsuite name="pytest" errors="0" failures="1" skipped="3" tests="3075" time="149.912" timestamp="2025-10-19T15:05:14.122049-04:00" hostname="Stickybeatz.local"><testcase classname="" name="unit.models.discovery.test_unified_discovery_system" time="0.000"><skipped message="collection skipped">('/Volumes/PRO-G40/Code/omnibase_core/tests/unit/models/discovery/test_unified_discovery_system.py', 48, 'Skipped: Tools not yet implemented: ToolDiscoveryCoordinator, ToolUnifiedDiscovery')</skipped></testcase><testcase classname="" name="unit.validation.test_validation_performance" time="0.000"><skipped message="collection skipped">('/Volumes/PRO-G40/Code/omnibase_core/tests/unit/validation/test_validation_performance.py', 36, "Skipped: Could not import validation modules: No module named 'validate_contracts'")</skipped></testcase><testcase classname="unit.contracts.test_model_contract_base.TestModelContractBase" name="test_memory_safety_large_dependency_lists" time="0.006" /><testcase classname="unit.contracts.test_model_external_service_config.TestModelExternalServiceConfigFieldValidation" name="test_timeout_seconds_minimum" time="0.001" /><testcase classname="unit.contracts.test_model_external_service_config.TestModelExternalServiceConfigFieldValidation" name="test_endpoint_url_optional" time="0.000" /><testcase classname="unit.contracts.test_model_external_service_config.TestModelExternalServiceConfigRateLimiting" name="test_rate_limiting_enabled" time="0.000" /><testcase classname="unit.contracts.test_model_external_service_config.TestModelExternalServiceConfigRateLimiting" name="test_rate_limiting_disabled" time="0.000" /><testcase classname="unit.core.test_type_constraints.TestBaseCollectionAndFactory" name="test_base_factory_is_available" time="0.005" /><testcase classname="unit.enums.test_enum_acknowledgment_type.TestEnumAcknowledgmentType" name="test_enum_comparison" time="0.001" /><testcase classname="unit.enums.test_enum_acknowledgment_type.TestEnumAcknowledgmentType" name="test_enum_serialization" time="0.001" /><testcase classname="unit.enums.test_enum_acknowledgment_type.TestEnumAcknowledgmentType" name="test_enum_deserialization" time="0.000" /><testcase classname="unit.enums.test_enum_acknowledgment_type.TestEnumAcknowledgmentType" name="test_enum_invalid_value" time="0.000" /><testcase classname="unit.contracts.test_model_external_service_config.TestModelExternalServiceConfigRateLimiting" name="test_high_rate_limit" time="0.001" /><testcase classname="unit.contracts.test_model_external_service_config.TestModelExternalServiceConfigConnectionPooling" name="test_connection_pooling_enabled" time="0.000" /><testcase classname="unit.contracts.test_model_external_service_config.TestModelExternalServiceConfigConnectionPooling" name="test_connection_pooling_disabled" time="0.000" /><testcase classname="unit.contracts.test_model_contract_base.TestModelContractBase" name="test_memory_safety_large_protocol_interfaces" time="0.001" /><testcase classname="unit.contracts.test_model_contract_base.TestModelContractBase" name="test_memory_safety_large_tags_list" time="0.000" /><testcase classname="unit.contracts.test_model_contract_base.TestModelContractBase" name="test_edge_case_empty_strings_after_whitespace_stripping" time="0.000" /><testcase classname="unit.contracts.test_model_contract_base.TestModelContractBase" name="test_edge_case_unicode_strings" time="0.000" /><testcase classname="unit.contracts.test_model_contract_base.TestModelContractBase" name="test_edge_case_very_long_strings" time="0.000" /><testcase classname="unit.contracts.test_model_contract_base.TestModelContractBase" name="test_abstract_method_validate_node_specific_config" time="0.000" /><testcase classname="unit.contracts.test_model_contract_base.TestModelContractBase" name="test_model_config_extra_fields_ignored" time="0.000" /><testcase classname="unit.contracts.test_model_contract_base.TestModelContractBase" name="test_model_config_enum_values_preservation" time="0.000" /><testcase classname="unit.contracts.test_model_contract_base.TestModelContractBase" name="test_onex_error_exception_chaining_preservation" time="0.027" /><testcase classname="integration.test_cache_config_integration.TestCacheConfigIntegration" name="test_container_to_node_compute_default_config" time="0.019" /><testcase classname="unit.enums.test_enum_analysis_status.TestEnumAnalysisStatus" name="test_enum_docstring" time="0.001" /><testcase classname="unit.enums.test_enum_analysis_status.TestEnumAnalysisStatus" name="test_enum_workflow_progression" time="0.000" /><testcase classname="unit.enums.test_enum_analysis_status.TestEnumAnalysisStatus" name="test_enum_status_transitions" time="0.000" /><testcase classname="unit.enums.test_enum_artifact_type.TestEnumArtifactType" name="test_enum_inherits_from_str_and_enum" time="0.000" /><testcase classname="unit.enums.test_enum_artifact_type.TestEnumArtifactType" name="test_enum_values_exist" time="0.001" /><testcase classname="unit.enums.test_enum_artifact_type.TestEnumArtifactType" name="test_enum_string_values" time="0.000" /><testcase classname="unit.enums.test_enum_artifact_type.TestEnumArtifactType" name="test_enum_can_be_created_from_string" time="0.001" /><testcase classname="unit.enums.test_enum_artifact_type.TestEnumArtifactType" name="test_enum_string_comparison" time="0.000" /><testcase classname="unit.enums.test_enum_artifact_type.TestEnumArtifactType" name="test_enum_member_count" time="0.000" /><testcase classname="unit.enums.test_enum_artifact_type.TestEnumArtifactType" name="test_enum_member_uniqueness" time="0.001" /><testcase classname="unit.enums.test_enum_artifact_type.TestEnumArtifactType" name="test_enum_iteration" time="0.001" /><testcase classname="unit.enums.test_enum_acknowledgment_type.TestEnumAcknowledgmentType" name="test_enum_all_values" time="0.000" /><testcase classname="unit.enums.test_enum_acknowledgment_type.TestEnumAcknowledgmentType" name="test_enum_docstring" time="0.000" /><testcase classname="unit.enums.test_enum_action_category.TestEnumActionCategory" name="test_enum_values" time="0.000" /><testcase classname="unit.enums.test_enum_action_category.TestEnumActionCategory" name="test_string_representation" time="0.000" /><testcase classname="unit.enums.test_enum_action_category.TestEnumActionCategory" name="test_is_management_category" time="0.000" /><testcase classname="unit.enums.test_enum_action_category.TestEnumActionCategory" name="test_is_execution_category" time="0.000" /><testcase classname="unit.enums.test_enum_action_category.TestEnumActionCategory" name="test_is_inspection_category" time="0.000" /><testcase classname="unit.enums.test_enum_action_category.TestEnumActionCategory" name="test_enum_equality" time="0.000" /><testcase classname="unit.enums.test_enum_action_category.TestEnumActionCategory" name="test_enum_membership" time="0.000" /><testcase classname="unit.enums.test_enum_action_category.TestEnumActionCategory" name="test_enum_iteration" time="0.000" /><testcase classname="unit.enums.test_enum_agent_capability.TestEnumAgentCapability" name="test_enum_values_code_related" time="0.000" /><testcase classname="unit.enums.test_enum_agent_capability.TestEnumAgentCapability" name="test_enum_values_reasoning" time="0.000" /><testcase classname="unit.enums.test_enum_agent_capability.TestEnumAgentCapability" name="test_enum_values_documentation" time="0.000" /><testcase classname="unit.enums.test_enum_agent_capability.TestEnumAgentCapability" name="test_enum_values_general" time="0.000" /><testcase classname="unit.enums.test_enum_agent_capability.TestEnumAgentCapability" name="test_enum_values_special" time="0.000" /><testcase classname="unit.enums.test_enum_agent_capability.TestEnumAgentCapability" name="test_enum_values_language" time="0.000" /><testcase classname="unit.enums.test_enum_agent_capability.TestEnumAgentCapability" name="test_string_representation" time="0.000" /><testcase classname="unit.enums.test_enum_agent_capability.TestEnumAgentCapabilityInstanceMethods" name="test_is_code_related_true_cases" time="0.000" /><testcase classname="unit.enums.test_enum_agent_capability.TestEnumAgentCapabilityInstanceMethods" name="test_is_code_related_false_cases" time="0.000" /><testcase classname="unit.enums.test_enum_agent_capability.TestEnumAgentCapabilityInstanceMethods" name="test_is_code_related_prefix_matching" time="0.001" /><testcase classname="integration.test_cache_config_integration.TestCacheConfigIntegration" name="test_container_to_node_compute_custom_config" time="0.005" /><testcase classname="unit.core.test_type_constraints.TestMultiProtocolObjects" name="test_full_protocol_implementation" time="0.000" /><testcase classname="unit.core.test_type_constraints.TestMultiProtocolObjects" name="test_partial_protocol_implementation" time="0.000" /><testcase classname="unit.decorators.test_decorator_allow_any_type.TestAllowAnyTypeBasicBehavior" name="test_allow_any_type_bypasses_validation" time="0.001" /><testcase classname="unit.decorators.test_decorator_allow_any_type.TestAllowAnyTypeBasicBehavior" name="test_allow_any_type_preserves_function" time="0.000" /><testcase classname="unit.decorators.test_decorator_allow_any_type.TestAllowAnyTypeBasicBehavior" name="test_allow_any_type_adds_metadata" time="0.000" /><testcase classname="unit.decorators.test_decorator_allow_any_type.TestAllowAnyTypeWithCustomClasses" name="test_allow_any_type_with_custom_classes" time="0.000" /><testcase classname="unit.decorators.test_decorator_allow_any_type.TestAllowAnyTypeWithCustomClasses" name="test_allow_any_type_with_nested_objects" time="0.000" /><testcase classname="unit.decorators.test_decorator_allow_any_type.TestAllowAnyTypeWithExceptions" name="test_allow_any_type_with_exceptions" time="0.003" /><testcase classname="unit.core.test_type_constraints.TestMetadataProviderProtocol" name="test_is_metadata_provider_with_attribute" time="0.010" /><testcase classname="unit.core.test_type_constraints.TestMetadataProviderProtocol" name="test_is_metadata_provider_with_invalid_object" time="0.000" /><testcase classname="unit.core.test_type_constraints.TestPrimitiveValueValidation" name="test_is_primitive_value_with_string" time="0.000" /><testcase classname="unit.core.test_type_constraints.TestPrimitiveValueValidation" name="test_is_primitive_value_with_int" time="0.000" /><testcase classname="unit.core.test_type_constraints.TestPrimitiveValueValidation" name="test_is_primitive_value_with_float" time="0.000" /><testcase classname="unit.core.test_type_constraints.TestPrimitiveValueValidation" name="test_is_primitive_value_with_bool" time="0.000" /><testcase classname="unit.core.test_type_constraints.TestPrimitiveValueValidation" name="test_is_primitive_value_with_invalid_types" time="0.000" /><testcase classname="unit.core.test_type_constraints.TestPrimitiveValueValidation" name="test_validate_primitive_value_success" time="0.000" /><testcase classname="unit.core.test_type_constraints.TestPrimitiveValueValidation" name="test_validate_primitive_value_failure" time="0.000" /><testcase classname="unit.core.test_type_constraints.TestPrimitiveValueValidation" name="test_validate_primitive_value_with_dict" time="0.000" /><testcase classname="unit.core.test_type_constraints.TestPrimitiveValueValidation" name="test_validate_primitive_value_with_none" time="0.000" /><testcase classname="unit.core.test_type_constraints.TestContextValueValidation" name="test_is_context_value_with_primitives" time="0.002" /><testcase classname="unit.core.test_type_constraints.TestContextValueValidation" name="test_is_context_value_with_list" time="0.000" /><testcase classname="unit.core.test_type_constraints.TestContextValueValidation" name="test_is_context_value_with_dict_string_keys" time="0.000" /><testcase classname="unit.core.test_type_constraints.TestContextValueValidation" name="test_is_context_value_with_dict_non_string_keys" time="0.001" /><testcase classname="unit.container.test_container_service_resolver.TestServiceResolution" name="test_resolve_event_bus_by_string" time="0.007" /><testcase classname="unit.contracts.test_model_external_service_config.TestModelExternalServiceConfigConnectionPooling" name="test_large_connection_pool" time="0.000" /><testcase classname="unit.contracts.test_model_external_service_config.TestModelExternalServiceConfigSerialization" name="test_model_dump" time="0.000" /><testcase classname="unit.contracts.test_model_external_service_config.TestModelExternalServiceConfigSerialization" name="test_model_dump_json" time="0.000" /><testcase classname="unit.contracts.test_model_external_service_config.TestModelExternalServiceConfigSerialization" name="test_round_trip_serialization" time="0.000" /><testcase classname="unit.contracts.test_model_external_service_config.TestModelExternalServiceConfigModelConfig" name="test_extra_fields_ignored" time="0.000" /><testcase classname="unit.contracts.test_model_external_service_config.TestModelExternalServiceConfigModelConfig" name="test_enum_values_not_converted" time="0.000" /><testcase classname="unit.contracts.test_model_external_service_config.TestModelExternalServiceConfigModelConfig" name="test_validate_assignment" time="0.000" /><testcase classname="unit.contracts.test_model_external_service_config.TestModelExternalServiceConfigEdgeCases" name="test_minimum_valid_configuration" time="0.000" /><testcase classname="unit.contracts.test_model_external_service_config.TestModelExternalServiceConfigEdgeCases" name="test_maximum_realistic_values" time="0.000" /><testcase classname="unit.contracts.test_model_external_service_config.TestModelExternalServiceConfigEdgeCases" name="test_all_features_disabled" time="0.000" /><testcase classname="unit.contracts.test_model_external_service_config.TestModelExternalServiceConfigEdgeCases" name="test_all_features_enabled_custom_values" time="0.000" /><testcase classname="unit.contracts.test_model_external_service_config.TestModelExternalServiceConfigEdgeCases" name="test_service_type_with_special_characters" time="0.000" /><testcase classname="unit.contracts.test_model_external_service_config.TestModelExternalServiceConfigEdgeCases" name="test_various_url_formats" time="0.000" /><testcase classname="unit.contracts.test_model_external_service_config.TestModelExternalServiceConfigIntegration" name="test_rest_api_with_bearer_auth_configuration" time="0.001" /><testcase classname="unit.contracts.test_model_external_service_config.TestModelExternalServiceConfigIntegration" name="test_graphql_with_jwt_configuration" time="0.000" /><testcase classname="unit.contracts.test_model_external_service_config.TestModelExternalServiceConfigIntegration" name="test_grpc_with_mtls_configuration" time="0.001" /><testcase classname="unit.contracts.test_model_external_service_config.TestModelExternalServiceConfigIntegration" name="test_public_api_with_no_auth" time="0.000" /><testcase classname="unit.contracts.test_model_trigger_mappings.TestModelTriggerMappings" name="test_valid_construction_defaults" time="0.001" /><testcase classname="unit.contracts.test_model_trigger_mappings.TestModelTriggerMappings" name="test_valid_construction_with_mappings" time="0.000" /><testcase classname="unit.contracts.test_model_trigger_mappings.TestModelTriggerMappings" name="test_correlation_id_auto_generation" time="0.000" /><testcase classname="unit.contracts.test_model_trigger_mappings.TestModelTriggerMappings" name="test_validate_string_mappings_with_valid_data" time="0.000" /><testcase classname="unit.contracts.test_model_trigger_mappings.TestModelTriggerMappings" name="test_validate_string_mappings_with_whitespace_trimming" time="0.000" /><testcase classname="unit.contracts.test_model_trigger_mappings.TestModelTriggerMappings" name="test_validate_string_mappings_skips_empty_keys" time="0.000" /><testcase classname="unit.contracts.test_model_trigger_mappings.TestModelTriggerMappings" name="test_validate_string_mappings_skips_empty_values" time="0.000" /><testcase classname="unit.contracts.test_model_trigger_mappings.TestModelTriggerMappings" name="test_validate_string_mappings_key_too_long" time="0.026" /><testcase classname="unit.decorators.test_pattern_exclusions.TestAllowAnyType" name="test_allow_any_type_with_reviewer" time="0.001" /><testcase classname="unit.decorators.test_pattern_exclusions.TestAllowAnyType" name="test_allow_any_type_function_still_works" time="0.001" /><testcase classname="unit.enums.test_enum_agent_capability.TestEnumAgentCapabilityInstanceMethods" name="test_requires_large_model_true_cases" time="0.001" /><testcase classname="unit.enums.test_enum_agent_capability.TestEnumAgentCapabilityInstanceMethods" name="test_requires_large_model_false_cases" time="0.000" /><testcase classname="unit.enums.test_enum_agent_capability.TestEnumAgentCapabilityInstanceMethods" name="test_combined_method_logic" time="0.001" /><testcase classname="unit.enums.test_enum_agent_capability.TestEnumAgentCapabilityIntegration" name="test_enum_equality" time="0.000" /><testcase classname="unit.enums.test_enum_agent_capability.TestEnumAgentCapabilityIntegration" name="test_enum_membership" time="0.000" /><testcase classname="unit.enums.test_enum_agent_capability.TestEnumAgentCapabilityIntegration" name="test_enum_iteration" time="0.000" /><testcase classname="unit.enums.test_enum_agent_capability.TestEnumAgentCapabilityIntegration" name="test_json_serialization" time="0.000" /><testcase classname="unit.enums.test_enum_agent_capability.TestEnumAgentCapabilityIntegration" name="test_pydantic_integration" time="0.017" /><testcase classname="unit.enums.test_enum_agent_capability.TestEnumAgentCapabilityIntegration" name="test_pydantic_serialization" time="0.001" /><testcase classname="unit.decorators.test_pattern_exclusions.TestAllowDictStrAny" name="test_allow_dict_str_any_basic" time="0.000" /><testcase classname="unit.core.test_model_base_collection.TestConcreteCollectionImplementation" name="test_iter_items" time="0.002" /><testcase classname="unit.contracts.test_model_contract_base.TestModelContractBase" name="test_onex_error_context_details_completeness" time="0.000" /><testcase classname="unit.contracts.test_model_effect_retry_config.TestModelEffectRetryConfigBasic" name="test_default_configuration" time="0.002" /><testcase classname="unit.contracts.test_model_effect_retry_config.TestModelEffectRetryConfigBasic" name="test_custom_configuration" time="0.000" /><testcase classname="unit.contracts.test_model_effect_retry_config.TestModelEffectRetryConfigBasic" name="test_all_backoff_strategies" time="0.000" /><testcase classname="unit.contracts.test_model_effect_retry_config.TestModelEffectRetryConfigEnumValidation" name="test_enum_preserved_not_converted_to_string" time="0.000" /><testcase classname="unit.contracts.test_model_effect_retry_config.TestModelEffectRetryConfigEnumValidation" name="test_invalid_enum_string_value_rejected" time="0.000" /><testcase classname="unit.contracts.test_model_effect_retry_config.TestModelEffectRetryConfigEnumValidation" name="test_invalid_enum_numeric_value_rejected" time="0.003" /><testcase classname="unit.core.test_model_base_processor.TestModelServiceBaseProcessor" name="test_processor_with_state" time="0.038" /><testcase classname="unit.core.test_type_constraints.TestContextValueValidation" name="test_is_context_value_with_invalid_types" time="0.005" /><testcase classname="unit.core.test_type_constraints.TestContextValueValidation" name="test_is_complex_context_value" time="0.000" /><testcase classname="unit.core.test_type_constraints.TestContextValueValidation" name="test_validate_context_value_success" time="0.002" /><testcase classname="unit.core.test_type_constraints.TestContextValueValidation" name="test_validate_context_value_failure" time="0.000" /><testcase classname="unit.core.test_type_constraints.TestContextValueValidation" name="test_validate_context_value_with_object" time="0.000" /><testcase classname="unit.core.test_type_constraints.TestContextValueValidation" name="test_validate_context_value_with_set" time="0.000" /><testcase classname="unit.core.test_type_constraints.TestTypeVariablesAndProtocols" name="test_base_collection_exists" time="0.000" /><testcase classname="unit.core.test_type_constraints.TestTypeVariablesAndProtocols" name="test_base_factory_exists" time="0.000" /><testcase classname="unit.core.test_type_constraints.TestTypeVariablesAndProtocols" name="test_protocols_exist" time="0.000" /><testcase classname="unit.contracts.test_model_effect_retry_config.TestModelEffectRetryConfigEnumValidation" name="test_invalid_enum_object_rejected" time="0.002" /><testcase classname="unit.contracts.test_model_effect_retry_config.TestModelEffectRetryConfigEnumValidation" name="test_enum_by_valid_string_value_accepted" time="0.001" /><testcase classname="unit.contracts.test_model_effect_retry_config.TestModelEffectRetryConfigEnumValidation" name="test_enum_case_sensitivity" time="0.001" /><testcase classname="unit.contracts.test_model_effect_retry_config.TestModelEffectRetryConfigEnumValidation" name="test_partial_enum_string_rejected" time="0.001" /><testcase classname="unit.contracts.test_model_effect_retry_config.TestModelEffectRetryConfigEnumValidation" name="test_all_enum_strategies_by_string" time="0.002" /><testcase classname="unit.enums.test_enum_artifact_type.TestEnumArtifactType" name="test_invalid_enum_value_raises_error" time="0.000" /><testcase classname="unit.enums.test_enum_artifact_type.TestEnumArtifactType" name="test_enum_in_operator" time="0.000" /><testcase classname="unit.enums.test_enum_artifact_type.TestEnumArtifactType" name="test_enum_hash_consistency" time="0.000" /><testcase classname="unit.enums.test_enum_artifact_type.TestEnumArtifactType" name="test_enum_repr" time="0.000" /><testcase classname="unit.enums.test_enum_artifact_type.TestEnumArtifactType" name="test_enum_bool_evaluation" time="0.000" /><testcase classname="unit.enums.test_enum_artifact_type.TestEnumArtifactType" name="test_enum_serialization_json_compatible" time="0.001" /><testcase classname="unit.enums.test_enum_artifact_type.TestEnumArtifactType" name="test_enum_case_sensitivity" time="0.001" /><testcase classname="unit.enums.test_enum_artifact_type.TestEnumArtifactType" name="test_enum_with_pydantic_compatibility" time="0.016" /><testcase classname="unit.enums.test_enum_artifact_type.TestEnumArtifactType" name="test_enum_equality_and_identity" time="0.000" /><testcase classname="unit.enums.test_enum_artifact_type.TestEnumArtifactType" name="test_enum_ordering_behavior" time="0.000" /><testcase classname="unit.enums.test_enum_artifact_type.TestEnumArtifactType" name="test_artifact_type_model_integration" time="0.006" /><testcase classname="unit.enums.test_enum_artifact_type.TestEnumArtifactTypeEdgeCases" name="test_enum_with_none_value" time="0.001" /><testcase classname="unit.enums.test_enum_artifact_type.TestEnumArtifactTypeEdgeCases" name="test_enum_with_empty_string" time="0.000" /><testcase classname="unit.enums.test_enum_artifact_type.TestEnumArtifactTypeEdgeCases" name="test_enum_with_whitespace" time="0.000" /><testcase classname="unit.enums.test_enum_artifact_type.TestEnumArtifactTypeEdgeCases" name="test_enum_pickling" time="0.000" /><testcase classname="unit.enums.test_enum_artifact_type.TestEnumArtifactTypeEdgeCases" name="test_enum_copy_behavior" time="0.001" /><testcase classname="unit.enums.test_enum_assembly_strategy.TestEnumAssemblyStrategy" name="test_enum_values" time="0.000" /><testcase classname="unit.enums.test_enum_assembly_strategy.TestEnumAssemblyStrategy" name="test_enum_inheritance" time="0.000" /><testcase classname="unit.enums.test_enum_assembly_strategy.TestEnumAssemblyStrategy" name="test_enum_string_behavior" time="0.000" /><testcase classname="unit.core.test_model_base_processor.TestModelServiceBaseProcessor" name="test_processor_serialization" time="0.001" /><testcase classname="unit.core.test_model_base_collection.TestConcreteCollectionImplementation" name="test_get_items_returns_copy" time="0.001" /><testcase classname="unit.core.test_model_base_collection.TestConcreteCollectionImplementation" name="test_pydantic_validation" time="0.001" /><testcase classname="unit.core.test_model_base_collection.TestConcreteCollectionImplementation" name="test_model_config_extra_ignore" time="0.001" /><testcase classname="unit.core.test_model_base_collection.TestIntegerCollectionImplementation" name="test_integer_collection_operations" time="0.001" /><testcase classname="unit.core.test_model_base_collection.TestIntegerCollectionImplementation" name="test_integer_collection_iteration" time="0.000" /><testcase classname="unit.core.test_model_base_collection.TestIntegerCollectionImplementation" name="test_remove_first_occurrence" time="0.000" /><testcase classname="unit.core.test_model_base_collection.TestCollectionModelSerialization" name="test_serialize_collection" time="0.000" /><testcase classname="unit.core.test_model_base_collection.TestCollectionModelSerialization" name="test_deserialize_collection" time="0.000" /><testcase classname="unit.core.test_model_base_collection.TestCollectionModelSerialization" name="test_json_serialization" time="0.000" /><testcase classname="unit.core.test_model_base_collection.TestCollectionModelSerialization" name="test_json_deserialization" time="0.000" /><testcase classname="unit.core.test_model_base_collection.TestCollectionEdgeCases" name="test_empty_collection_operations" time="0.000" /><testcase classname="unit.core.test_model_base_collection.TestCollectionEdgeCases" name="test_add_duplicate_items" time="0.000" /><testcase classname="unit.core.test_model_base_collection.TestCollectionEdgeCases" name="test_add_empty_string" time="0.000" /><testcase classname="unit.core.test_model_base_collection.TestCollectionEdgeCases" name="test_large_collection" time="0.000" /><testcase classname="unit.core.test_model_base_collection.TestCollectionEdgeCases" name="test_collection_copy_constructor" time="0.004" /><testcase classname="unit.core.test_model_base_collection.TestCollectionTypeParameter" name="test_string_collection" time="0.000" /><testcase classname="unit.core.test_model_base_collection.TestCollectionTypeParameter" name="test_integer_collection_type" time="0.000" /><testcase classname="unit.core.test_model_base_collection.TestCollectionTypeParameter" name="test_type_hints_preserved" time="0.001" /><testcase classname="unit.core.test_model_base_factory.TestModelBaseFactoryAbstract" name="test_cannot_instantiate_abstract_class" time="0.000" /><testcase classname="unit.core.test_model_base_factory.TestModelBaseFactoryAbstract" name="test_missing_create_method" time="0.015" /><testcase classname="unit.core.test_model_base_factory.TestModelBaseFactoryAbstract" name="test_missing_can_create_method" time="0.000" /><testcase classname="unit.core.test_model_base_factory.TestConcreteFactoryImplementation" name="test_create_basic_product" time="0.000" /><testcase classname="unit.core.test_model_base_factory.TestConcreteFactoryImplementation" name="test_create_product_with_category" time="0.000" /><testcase classname="unit.core.test_model_base_factory.TestConcreteFactoryImplementation" name="test_create_with_custom_default_category" time="0.000" /><testcase classname="unit.core.test_model_base_factory.TestConcreteFactoryImplementation" name="test_can_create_supported_type" time="0.000" /><testcase classname="unit.core.test_model_base_factory.TestConcreteFactoryImplementation" name="test_can_create_unsupported_type" time="0.000" /><testcase classname="unit.core.test_model_base_factory.TestConcreteFactoryImplementation" name="test_factory_configuration" time="0.000" /><testcase classname="unit.core.test_model_base_factory.TestUserFactoryImplementation" name="test_create_user_with_email" time="0.000" /><testcase classname="unit.core.test_model_base_factory.TestUserFactoryImplementation" name="test_create_user_auto_email" time="0.001" /><testcase classname="unit.contracts.test_model_trigger_mappings.TestModelTriggerMappings" name="test_validate_string_mappings_value_too_long" time="0.000" /><testcase classname="unit.contracts.test_model_trigger_mappings.TestModelTriggerMappings" name="test_validate_string_mappings_value_not_string" time="0.000" /><testcase classname="unit.contracts.test_model_trigger_mappings.TestModelTriggerMappings" name="test_validate_all_mapping_types" time="0.000" /><testcase classname="unit.contracts.test_model_trigger_mappings.TestModelTriggerMappings" name="test_get_all_mappings_empty" time="0.000" /><testcase classname="unit.contracts.test_model_trigger_mappings.TestModelTriggerMappings" name="test_get_all_mappings_single_category" time="0.000" /><testcase classname="unit.contracts.test_model_trigger_mappings.TestModelTriggerMappings" name="test_get_all_mappings_multiple_categories" time="0.000" /><testcase classname="unit.contracts.test_model_trigger_mappings.TestModelTriggerMappings" name="test_get_all_mappings_overlapping_keys" time="0.000" /><testcase classname="unit.contracts.test_model_trigger_mappings.TestModelTriggerMappings" name="test_get_all_mappings_comprehensive" time="0.000" /><testcase classname="unit.contracts.test_model_trigger_mappings.TestModelTriggerMappings" name="test_add_mapping_event_pattern" time="0.000" /><testcase classname="unit.contracts.test_model_trigger_mappings.TestModelTriggerMappings" name="test_add_mapping_workflow_start" time="0.000" /><testcase classname="unit.contracts.test_model_trigger_mappings.TestModelTriggerMappings" name="test_add_mapping_workflow_stop" time="0.000" /><testcase classname="unit.contracts.test_model_trigger_mappings.TestModelTriggerMappings" name="test_add_mapping_workflow_pause" time="0.000" /><testcase classname="unit.contracts.test_model_trigger_mappings.TestModelTriggerMappings" name="test_add_mapping_workflow_resume" time="0.000" /><testcase classname="unit.contracts.test_model_trigger_mappings.TestModelTriggerMappings" name="test_add_mapping_error_handling" time="0.000" /><testcase classname="unit.contracts.test_model_trigger_mappings.TestModelTriggerMappings" name="test_add_mapping_compensation" time="0.000" /><testcase classname="unit.contracts.test_model_trigger_mappings.TestModelTriggerMappings" name="test_add_mapping_state_change" time="0.000" /><testcase classname="unit.contracts.test_model_trigger_mappings.TestModelTriggerMappings" name="test_add_mapping_custom_action" time="0.000" /><testcase classname="unit.contracts.test_model_trigger_mappings.TestModelTriggerMappings" name="test_add_mapping_notification" time="0.000" /><testcase classname="unit.contracts.test_model_trigger_mappings.TestModelTriggerMappings" name="test_add_mapping_routing" time="0.000" /><testcase classname="unit.contracts.test_model_trigger_mappings.TestModelTriggerMappings" name="test_add_mapping_invalid_category" time="0.000" /><testcase classname="unit.contracts.test_model_trigger_mappings.TestModelTriggerMappings" name="test_add_mapping_with_whitespace_trimming" time="0.000" /><testcase classname="unit.decorators.test_pattern_exclusions.TestAllowDictStrAny" name="test_allow_dict_str_any_with_reviewer" time="0.000" /><testcase classname="unit.decorators.test_pattern_exclusions.TestAllowMixedTypes" name="test_allow_mixed_types_basic" time="0.001" /><testcase classname="unit.enums.test_enum_assembly_strategy.TestEnumAssemblyStrategy" name="test_enum_iteration" time="0.000" /><testcase classname="unit.enums.test_enum_assembly_strategy.TestEnumAssemblyStrategy" name="test_enum_membership" time="0.001" /><testcase classname="unit.enums.test_enum_assembly_strategy.TestEnumAssemblyStrategy" name="test_enum_comparison" time="0.001" /><testcase classname="unit.enums.test_enum_assembly_strategy.TestEnumAssemblyStrategy" name="test_enum_serialization" time="0.001" /><testcase classname="unit.enums.test_enum_assembly_strategy.TestEnumAssemblyStrategy" name="test_enum_deserialization" time="0.000" /><testcase classname="unit.enums.test_enum_assembly_strategy.TestEnumAssemblyStrategy" name="test_enum_invalid_value" time="0.000" /><testcase classname="unit.enums.test_enum_assembly_strategy.TestEnumAssemblyStrategy" name="test_enum_all_values" time="0.000" /><testcase classname="unit.enums.test_enum_assembly_strategy.TestEnumAssemblyStrategy" name="test_enum_docstring" time="0.000" /><testcase classname="unit.enums.test_enum_assembly_strategy.TestEnumAssemblyStrategy" name="test_enum_assembly_strategies" time="0.000" /><testcase classname="unit.enums.test_enum_auth_type.TestEnumAuthType" name="test_enum_values" time="0.000" /><testcase classname="unit.enums.test_enum_auth_type.TestEnumAuthType" name="test_string_representation" time="0.000" /><testcase classname="unit.enums.test_enum_auth_type.TestEnumAuthType" name="test_requires_credentials" time="0.000" /><testcase classname="unit.enums.test_enum_auth_type.TestEnumAuthType" name="test_is_token_based" time="0.000" /><testcase classname="unit.enums.test_enum_agent_capability.TestEnumAgentCapabilityEdgeCases" name="test_case_sensitivity" time="0.000" /><testcase classname="unit.enums.test_enum_agent_capability.TestEnumAgentCapabilityEdgeCases" name="test_invalid_enum_creation" time="0.000" /><testcase classname="unit.enums.test_enum_agent_capability.TestEnumAgentCapabilityEdgeCases" name="test_yaml_serialization_compatibility" time="0.001" /><testcase classname="unit.enums.test_enum_agent_capability.TestEnumAgentCapabilityEdgeCases" name="test_all_code_capabilities_have_code_prefix" time="0.000" /><testcase classname="unit.enums.test_enum_agent_capability.TestEnumAgentCapabilityComprehensiveScenarios" name="test_agent_capability_selection" time="0.000" /><testcase classname="unit.enums.test_enum_agent_capability.TestEnumAgentCapabilityComprehensiveScenarios" name="test_capability_filtering_by_model_size" time="0.000" /><testcase classname="unit.enums.test_enum_agent_capability.TestEnumAgentCapabilityComprehensiveScenarios" name="test_capability_filtering_by_code_relation" time="0.000" /><testcase classname="unit.enums.test_enum_agent_capability.TestEnumAgentCapabilityComprehensiveScenarios" name="test_multi_capability_agent_profile" time="0.000" /><testcase classname="unit.enums.test_enum_agent_capability.TestEnumAgentCapabilityComprehensiveScenarios" name="test_capability_categorization_coverage" time="0.002" /><testcase classname="unit.enums.test_enum_agent_status_type.TestEnumAgentStatusType" name="test_enum_values" time="0.001" /><testcase classname="unit.enums.test_enum_agent_status_type.TestEnumAgentStatusType" name="test_enum_inheritance" time="0.001" /><testcase classname="unit.enums.test_enum_agent_status_type.TestEnumAgentStatusType" name="test_enum_string_behavior" time="0.000" /><testcase classname="unit.enums.test_enum_agent_status_type.TestEnumAgentStatusType" name="test_enum_iteration" time="0.000" /><testcase classname="unit.enums.test_enum_agent_status_type.TestEnumAgentStatusType" name="test_enum_membership" time="0.000" /><testcase classname="unit.enums.test_enum_agent_status_type.TestEnumAgentStatusType" name="test_enum_comparison" time="0.000" /><testcase classname="unit.enums.test_enum_agent_status_type.TestEnumAgentStatusType" name="test_enum_serialization" time="0.000" /><testcase classname="unit.enums.test_enum_agent_status_type.TestEnumAgentStatusType" name="test_enum_deserialization" time="0.000" /><testcase classname="unit.enums.test_enum_agent_status_type.TestEnumAgentStatusType" name="test_enum_invalid_value" time="0.000" /><testcase classname="unit.enums.test_enum_agent_status_type.TestEnumAgentStatusType" name="test_enum_all_values" time="0.000" /><testcase classname="unit.enums.test_enum_agent_status_type.TestEnumAgentStatusType" name="test_enum_docstring" time="0.000" /><testcase classname="unit.enums.test_enum_agent_status_type.TestEnumAgentStatusType" name="test_enum_workflow_states" time="0.000" /><testcase classname="unit.enums.test_enum_analysis_status.TestEnumAnalysisStatus" name="test_enum_values" time="0.000" /><testcase classname="unit.enums.test_enum_analysis_status.TestEnumAnalysisStatus" name="test_enum_inheritance" time="0.000" /><testcase classname="unit.enums.test_enum_analysis_status.TestEnumAnalysisStatus" name="test_enum_string_behavior" time="0.000" /><testcase classname="unit.enums.test_enum_analysis_status.TestEnumAnalysisStatus" name="test_enum_iteration" time="0.000" /><testcase classname="unit.enums.test_enum_analysis_status.TestEnumAnalysisStatus" name="test_enum_membership" time="0.000" /><testcase classname="unit.enums.test_enum_analysis_status.TestEnumAnalysisStatus" name="test_enum_comparison" time="0.000" /><testcase classname="unit.enums.test_enum_analysis_status.TestEnumAnalysisStatus" name="test_enum_serialization" time="0.001" /><testcase classname="unit.enums.test_enum_analysis_status.TestEnumAnalysisStatus" name="test_enum_deserialization" time="0.000" /><testcase classname="unit.enums.test_enum_analysis_status.TestEnumAnalysisStatus" name="test_enum_invalid_value" time="0.001" /><testcase classname="unit.decorators.test_decorator_allow_any_type.TestAllowAnyTypeWithExceptions" name="test_allow_any_type_with_multiple_return_types" time="0.001" /><testcase classname="unit.decorators.test_decorator_allow_any_type.TestAllowAnyTypeWithPydanticModels" name="test_allow_any_type_with_pydantic_models" time="0.018" /><testcase classname="unit.decorators.test_decorator_allow_any_type.TestAllowAnyTypeWithPydanticModels" name="test_allow_any_type_preserves_serialization" time="0.000" /><testcase classname="unit.decorators.test_decorator_allow_any_type.TestAllowAnyTypeMetadata" name="test_allow_any_type_metadata_is_string" time="0.000" /><testcase classname="unit.decorators.test_decorator_allow_any_type.TestAllowAnyTypeMetadata" name="test_allow_any_type_with_empty_reason" time="0.000" /><testcase classname="unit.decorators.test_decorator_allow_any_type.TestAllowAnyTypeMetadata" name="test_allow_any_type_with_long_reason" time="0.000" /><testcase classname="unit.decorators.test_decorator_allow_any_type.TestAllowAnyTypeMetadata" name="test_allow_any_type_metadata_with_special_characters" time="0.000" /><testcase classname="unit.decorators.test_decorator_allow_any_type.TestAllowAnyTypeFunctionSignatures" name="test_allow_any_type_with_no_parameters" time="0.000" /><testcase classname="unit.decorators.test_decorator_allow_any_type.TestAllowAnyTypeFunctionSignatures" name="test_allow_any_type_with_multiple_parameters" time="0.000" /><testcase classname="unit.decorators.test_decorator_allow_any_type.TestAllowAnyTypeFunctionSignatures" name="test_allow_any_type_with_kwargs" time="0.000" /><testcase classname="unit.decorators.test_decorator_allow_any_type.TestAllowAnyTypeFunctionSignatures" name="test_allow_any_type_with_args_and_kwargs" time="0.006" /><testcase classname="unit.decorators.test_decorator_allow_any_type.TestAllowAnyTypeEdgeCases" name="test_allow_any_type_with_none_value" time="0.000" /><testcase classname="unit.decorators.test_decorator_allow_any_type.TestAllowAnyTypeEdgeCases" name="test_allow_any_type_with_callable" time="0.000" /><testcase classname="unit.decorators.test_decorator_allow_any_type.TestAllowAnyTypeEdgeCases" name="test_allow_any_type_preserves_function_name" time="0.000" /><testcase classname="unit.decorators.test_decorator_allow_any_type.TestAllowAnyTypeEdgeCases" name="test_allow_any_type_can_be_stacked" time="0.000" /><testcase classname="unit.decorators.test_decorator_allow_any_type.TestAllowAnyTypeDocumentation" name="test_allow_any_type_reason_is_required" time="0.000" /><testcase classname="unit.decorators.test_decorator_allow_any_type.TestAllowAnyTypeDocumentation" name="test_allow_any_type_reason_documents_usage" time="0.000" /><testcase classname="unit.decorators.test_error_handling_extended.TestStandardErrorHandling" name="test_standard_error_handling_success" time="0.001" /><testcase classname="unit.decorators.test_error_handling_extended.TestStandardErrorHandling" name="test_standard_error_handling_with_no_args" time="0.000" /><testcase classname="unit.decorators.test_error_handling_extended.TestStandardErrorHandling" name="test_standard_error_handling_propagates_onex_error" time="0.004" /><testcase classname="unit.decorators.test_error_handling_extended.TestStandardErrorHandling" name="test_standard_error_handling_wraps_generic_exception" time="0.001" /><testcase classname="unit.decorators.test_error_handling_extended.TestStandardErrorHandling" name="test_standard_error_handling_preserves_function_metadata" time="0.000" /><testcase classname="unit.decorators.test_error_handling_extended.TestStandardErrorHandling" name="test_standard_error_handling_with_args_and_kwargs" time="0.000" /><testcase classname="unit.decorators.test_error_handling_extended.TestStandardErrorHandling" name="test_standard_error_handling_with_different_exception_types" time="0.000" /><testcase classname="unit.decorators.test_pattern_exclusions.TestAllowMixedTypes" name="test_allow_mixed_types_with_reviewer" time="0.000" /><testcase classname="unit.decorators.test_pattern_exclusions.TestAllowLegacyPattern" name="test_allow_legacy_pattern_basic" time="0.000" /><testcase classname="unit.decorators.test_pattern_exclusions.TestAllowLegacyPattern" name="test_allow_legacy_pattern_custom_patterns" time="0.000" /><testcase classname="unit.decorators.test_pattern_exclusions.TestExcludeFromOnexStandards" name="test_exclude_single_pattern" time="0.001" /><testcase classname="unit.decorators.test_pattern_exclusions.TestExcludeFromOnexStandards" name="test_exclude_multiple_patterns" time="0.001" /><testcase classname="unit.decorators.test_pattern_exclusions.TestExcludeFromOnexStandards" name="test_exclude_empty_patterns" time="0.000" /><testcase classname="unit.decorators.test_pattern_exclusions.TestHasPatternExclusion" name="test_has_pattern_exclusion_true" time="0.000" /><testcase classname="unit.decorators.test_pattern_exclusions.TestHasPatternExclusion" name="test_has_pattern_exclusion_false" time="0.003" /><testcase classname="unit.decorators.test_pattern_exclusions.TestHasPatternExclusion" name="test_has_pattern_exclusion_no_exclusions" time="0.000" /><testcase classname="unit.decorators.test_pattern_exclusions.TestHasPatternExclusion" name="test_has_pattern_exclusion_on_class" time="0.000" /><testcase classname="unit.decorators.test_pattern_exclusions.TestGetExclusionInfo" name="test_get_exclusion_info_complete" time="0.001" /><testcase classname="unit.core.test_model_base_factory.TestUserFactoryImplementation" name="test_create_user_custom_domain" time="0.000" /><testcase classname="unit.core.test_model_base_factory.TestUserFactoryImplementation" name="test_can_create_user_types" time="0.000" /><testcase classname="unit.core.test_model_base_factory.TestFactoryModelConfiguration" name="test_factory_pydantic_validation" time="0.000" /><testcase classname="unit.core.test_model_base_factory.TestFactoryModelConfiguration" name="test_factory_model_config_extra_ignore" time="0.000" /><testcase classname="unit.core.test_model_base_factory.TestFactoryModelConfiguration" name="test_factory_model_config_validate_assignment" time="0.000" /><testcase classname="unit.core.test_model_base_factory.TestFactoryModelConfiguration" name="test_factory_serialization" time="0.000" /><testcase classname="unit.core.test_model_base_factory.TestFactoryCreationPatterns" name="test_create_with_all_parameters" time="0.000" /><testcase classname="unit.core.test_model_base_factory.TestFactoryCreationPatterns" name="test_create_multiple_instances" time="0.000" /><testcase classname="unit.core.test_model_base_factory.TestFactoryCreationPatterns" name="test_create_with_validation_error" time="0.000" /><testcase classname="unit.core.test_model_base_factory.TestFactoryCreationPatterns" name="test_factory_state_independence" time="0.000" /><testcase classname="unit.core.test_model_base_factory.TestFactoryEdgeCases" name="test_create_with_no_kwargs" time="0.000" /><testcase classname="unit.core.test_model_base_factory.TestFactoryEdgeCases" name="test_create_with_many_kwargs" time="0.001" /><testcase classname="unit.core.test_model_base_factory.TestFactoryEdgeCases" name="test_can_create_empty_string" time="0.000" /><testcase classname="unit.core.test_model_base_factory.TestFactoryEdgeCases" name="test_can_create_none_type" time="0.000" /><testcase classname="unit.core.test_model_base_factory.TestFactoryEdgeCases" name="test_factory_reuse" time="0.000" /><testcase classname="unit.core.test_model_base_factory.TestFactoryTypeParameter" name="test_product_factory_type" time="0.000" /><testcase classname="unit.core.test_model_base_factory.TestFactoryTypeParameter" name="test_user_factory_type" time="0.000" /><testcase classname="unit.container.test_container_service_resolver.TestServiceResolution" name="test_resolve_consul_client_by_protocol" time="0.003" /><testcase classname="unit.container.test_container_service_resolver.TestServiceResolution" name="test_resolve_vault_client_by_protocol" time="0.001" /><testcase classname="unit.container.test_container_service_resolver.TestServiceResolution" name="test_resolve_event_bus_by_protocol" time="0.003" /><testcase classname="unit.container.test_container_service_resolver.TestErrorHandling" name="test_raises_error_for_unknown_service_name" time="0.018" /><testcase classname="unit.container.test_container_service_resolver.TestErrorHandling" name="test_raises_error_when_vault_client_unavailable" time="0.002" /><testcase classname="unit.container.test_container_service_resolver.TestErrorHandling" name="test_raises_error_for_invalid_protocol" time="0.001" /><testcase classname="unit.container.test_container_service_resolver.TestMethodBinding" name="test_bind_get_service_method_creates_bound_method" time="0.001" /><testcase classname="unit.container.test_container_service_resolver.TestMethodBinding" name="test_bound_method_can_resolve_services" time="0.018" /><testcase classname="unit.decorators.test_error_handling_extended.TestStandardErrorHandling" name="test_standard_error_handling_with_return_none" time="0.000" /><testcase classname="unit.decorators.test_error_handling_extended.TestStandardErrorHandling" name="test_standard_error_handling_with_complex_return_types" time="0.000" /><testcase classname="unit.decorators.test_error_handling_extended.TestValidationErrorHandling" name="test_validation_error_handling_success" time="0.074" /><testcase classname="unit.core.test_type_constraints.TestTypeVariablesAndProtocols" name="test_type_aliases_exist" time="0.000" /><testcase classname="unit.core.test_type_constraints.TestProtocolIntegration" name="test_pydantic_model_with_metadata" time="0.010" /><testcase classname="unit.core.test_model_generic_factory.TestModelGenericFactory" name="test_init" time="0.000" /><testcase classname="unit.core.test_model_generic_factory.TestModelGenericFactory" name="test_register_factory" time="0.000" /><testcase classname="unit.core.test_model_generic_factory.TestModelGenericFactory" name="test_register_builder" time="0.000" /><testcase classname="unit.core.test_model_generic_factory.TestModelGenericFactory" name="test_create_success" time="0.001" /><testcase classname="unit.core.test_model_generic_factory.TestModelGenericFactory" name="test_create_unknown_factory" time="0.003" /><testcase classname="unit.core.test_model_generic_factory.TestModelGenericFactory" name="test_build_success" time="0.000" /><testcase classname="unit.core.test_model_generic_factory.TestModelGenericFactory" name="test_build_unknown_builder" time="0.001" /><testcase classname="unit.core.test_model_generic_factory.TestModelGenericFactory" name="test_create_success_result_utility" time="0.000" /><testcase classname="unit.core.test_model_generic_factory.TestModelGenericFactory" name="test_create_error_result_utility" time="0.000" /><testcase classname="unit.core.test_model_generic_factory.TestModelResultFactory" name="test_init" time="0.000" /><testcase classname="unit.core.test_model_generic_factory.TestModelResultFactory" name="test_build_success_result" time="0.000" /><testcase classname="unit.core.test_model_generic_factory.TestModelResultFactory" name="test_build_error_result" time="0.000" /><testcase classname="unit.core.test_model_generic_factory.TestModelResultFactory" name="test_build_validation_error_result" time="0.000" /><testcase classname="unit.core.test_model_generic_factory.TestModelCapabilityFactory" name="test_init" time="0.000" /><testcase classname="unit.core.test_model_generic_factory.TestModelCapabilityFactory" name="test_build_standard_capability" time="0.000" /><testcase classname="unit.core.test_model_generic_factory.TestModelCapabilityFactory" name="test_build_deprecated_capability" time="0.001" /><testcase classname="unit.core.test_model_generic_factory.TestModelCapabilityFactory" name="test_build_experimental_capability" time="0.000" /><testcase classname="unit.core.test_model_generic_factory.TestModelValidationErrorFactory" name="test_init" time="0.000" /><testcase classname="unit.core.test_model_generic_factory.TestModelValidationErrorFactory" name="test_build_error" time="0.000" /><testcase classname="unit.core.test_model_generic_factory.TestModelValidationErrorFactory" name="test_build_warning" time="0.000" /><testcase classname="unit.core.test_model_generic_factory.TestModelValidationErrorFactory" name="test_build_critical" time="0.000" /><testcase classname="unit.core.test_model_generic_factory.TestModelValidationErrorFactory" name="test_build_info" time="0.000" /><testcase classname="unit.core.test_protocol_implementations.TestProtocolWithComplexModels" name="test_nested_model_serialization" time="0.012" /><testcase classname="integration.test_cache_config_integration.TestCacheConfigIntegration" name="test_cache_behavior_with_different_ttl_configs" time="0.015" /><testcase classname="integration.test_cache_config_integration.TestCacheConfigIntegration" name="test_cache_statistics_tracking_with_enable_stats" time="0.011" /><testcase classname="integration.test_cache_config_integration.TestCacheConfigIntegration" name="test_eviction_policy_lru_vs_lfu" time="0.005" /><testcase classname="integration.test_cache_config_integration.TestCacheConfigIntegration" name="test_cache_memory_requirements_validation" time="0.001" /><testcase classname="integration.test_cache_config_integration.TestCacheConfigIntegration" name="test_multiple_nodes_share_container_config" time="0.002" /><testcase classname="integration.test_cache_config_integration.TestCacheConfigIntegration" name="test_cache_config_ttl_conversion_backward_compatibility" time="0.002" /><testcase classname="integration.test_cache_config_integration.TestCacheConfigIntegration" name="test_production_deployment_scenario" time="0.570" /><testcase classname="unit.core.test_model_base_factory.TestFactoryTypeParameter" name="test_factory_type_safety" time="0.000" /><testcase classname="unit.core.test_model_base_factory.TestFactoryInheritance" name="test_extend_factory" time="0.001" /><testcase classname="unit.core.test_model_base_factory.TestFactoryInheritance" name="test_override_can_create" time="0.001" /><testcase classname="unit.core.test_model_base_factory.TestFactoryWithComplexTypes" name="test_nested_model_creation" time="0.001" /><testcase classname="unit.core.test_model_base_processor.TestModelServiceBaseProcessor" name="test_cannot_instantiate_abstract_class" time="0.000" /><testcase classname="unit.core.test_model_base_processor.TestModelServiceBaseProcessor" name="test_concrete_implementation_with_both_methods" time="0.000" /><testcase classname="unit.core.test_model_base_processor.TestModelServiceBaseProcessor" name="test_concrete_processor_process_method" time="0.000" /><testcase classname="unit.core.test_model_base_processor.TestModelServiceBaseProcessor" name="test_concrete_processor_can_process_method" time="0.001" /><testcase classname="unit.core.test_model_base_processor.TestModelServiceBaseProcessor" name="test_missing_process_method_fails" time="0.000" /><testcase classname="unit.core.test_model_base_processor.TestModelServiceBaseProcessor" name="test_missing_can_process_method_fails" time="0.000" /><testcase classname="unit.core.test_model_base_processor.TestModelServiceBaseProcessor" name="test_processor_with_pydantic_validation" time="0.000" /><testcase classname="unit.core.test_model_base_processor.TestModelServiceBaseProcessor" name="test_processor_model_config_extra_ignore" time="0.000" /><testcase classname="unit.core.test_model_base_processor.TestModelServiceBaseProcessor" name="test_processor_model_config_validate_assignment" time="0.000" /><testcase classname="unit.core.test_model_base_processor.TestModelServiceBaseProcessor" name="test_processor_model_config_enum_values" time="0.014" /><testcase classname="unit.core.test_model_base_processor.TestModelServiceBaseProcessor" name="test_processor_inheritance_chain" time="0.001" /><testcase classname="unit.core.test_type_constraints.TestProtocolIntegration" name="test_pydantic_model_with_id" time="0.001" /><testcase classname="unit.core.test_type_constraints.TestProtocolIntegration" name="test_combined_protocols" time="0.000" /><testcase classname="unit.core.test_type_constraints.TestEdgeCases" name="test_empty_list_is_context_value" time="0.000" /><testcase classname="unit.core.test_type_constraints.TestEdgeCases" name="test_empty_dict_is_context_value" time="0.000" /><testcase classname="unit.core.test_type_constraints.TestEdgeCases" name="test_zero_is_primitive_value" time="0.000" /><testcase classname="unit.core.test_type_constraints.TestEdgeCases" name="test_empty_string_is_primitive_value" time="0.000" /><testcase classname="unit.core.test_type_constraints.TestEdgeCases" name="test_nested_list_is_context_value" time="0.000" /><testcase classname="unit.core.test_type_constraints.TestEdgeCases" name="test_nested_dict_is_context_value" time="0.000" /><testcase classname="unit.core.test_type_constraints.TestEdgeCases" name="test_mixed_list_is_context_value" time="0.000" /><testcase classname="unit.core.test_type_constraints.TestProtocolImplementationWithPydanticModels" name="test_pydantic_model_implements_serializable" time="0.000" /><testcase classname="unit.decorators.test_pattern_exclusions.TestGetExclusionInfo" name="test_get_exclusion_info_minimal" time="0.000" /><testcase classname="unit.decorators.test_pattern_exclusions.TestGetExclusionInfo" name="test_get_exclusion_info_none" time="0.004" /><testcase classname="unit.decorators.test_pattern_exclusions.TestGetExclusionInfo" name="test_get_exclusion_info_on_class" time="0.001" /><testcase classname="unit.decorators.test_pattern_exclusions.TestIsExcludedFromPatternCheck" name="test_exclusion_via_decorator_in_file" time="0.001" /><testcase classname="unit.decorators.test_pattern_exclusions.TestIsExcludedFromPatternCheck" name="test_exclusion_via_inline_comment" time="0.000" /><testcase classname="unit.contracts.test_model_effect_retry_config.TestModelEffectRetryConfigEnumValidation" name="test_omit_enum_field_uses_default" time="0.001" /><testcase classname="unit.contracts.test_model_effect_retry_config.TestModelEffectRetryConfigEnumValidation" name="test_enum_assignment_validation" time="0.001" /><testcase classname="unit.contracts.test_model_effect_retry_config.TestModelEffectRetryConfigValidation" name="test_max_attempts_minimum_value" time="0.000" /><testcase classname="unit.contracts.test_model_effect_retry_config.TestModelEffectRetryConfigValidation" name="test_base_delay_ms_minimum_value" time="0.000" /><testcase classname="unit.contracts.test_model_effect_retry_config.TestModelEffectRetryConfigValidation" name="test_max_delay_ms_minimum_value" time="0.000" /><testcase classname="unit.contracts.test_model_effect_retry_config.TestModelEffectRetryConfigValidation" name="test_circuit_breaker_threshold_minimum_value" time="0.000" /><testcase classname="unit.contracts.test_model_effect_retry_config.TestModelEffectRetryConfigValidation" name="test_circuit_breaker_timeout_s_minimum_value" time="0.000" /><testcase classname="unit.contracts.test_model_effect_retry_config.TestModelEffectRetryConfigMaxDelayValidator" name="test_max_delay_greater_than_base_delay_valid" time="0.000" /><testcase classname="unit.contracts.test_model_effect_retry_config.TestModelEffectRetryConfigMaxDelayValidator" name="test_max_delay_equal_to_base_delay_invalid" time="0.000" /><testcase classname="unit.contracts.test_model_effect_retry_config.TestModelEffectRetryConfigMaxDelayValidator" name="test_max_delay_less_than_base_delay_invalid" time="0.001" /><testcase classname="unit.contracts.test_model_effect_retry_config.TestModelEffectRetryConfigMaxDelayValidator" name="test_validator_error_context" time="0.001" /><testcase classname="unit.contracts.test_model_effect_retry_config.TestModelEffectRetryConfigMaxDelayValidator" name="test_edge_case_max_delay_one_more_than_base" time="0.001" /><testcase classname="unit.contracts.test_model_effect_retry_config.TestModelEffectRetryConfigMaxDelayValidator" name="test_edge_case_very_large_delays" time="0.000" /><testcase classname="unit.contracts.test_model_effect_retry_config.TestModelEffectRetryConfigMaxDelayValidator" name="test_validator_triggered_on_construction" time="0.000" /><testcase classname="unit.contracts.test_model_effect_retry_config.TestModelEffectRetryConfigCircuitBreaker" name="test_circuit_breaker_enabled" time="0.000" /><testcase classname="unit.decorators.test_pattern_exclusions.TestIsExcludedFromPatternCheck" name="test_exclusion_via_exclude_all_comment" time="0.000" /><testcase classname="unit.decorators.test_pattern_exclusions.TestIsExcludedFromPatternCheck" name="test_no_exclusion_in_file" time="0.000" /><testcase classname="unit.decorators.test_pattern_exclusions.TestIsExcludedFromPatternCheck" name="test_file_not_found" time="0.000" /><testcase classname="unit.decorators.test_pattern_exclusions.TestIsExcludedFromPatternCheck" name="test_lookback_range" time="0.000" /><testcase classname="unit.decorators.test_pattern_exclusions.TestIsExcludedFromPatternCheck" name="test_unicode_handling" time="0.000" /><testcase classname="unit.decorators.test_pattern_exclusions.TestIsExcludedFromPatternCheck" name="test_malformed_file_handling" time="0.000" /><testcase classname="unit.core.test_type_constraints.TestProtocolImplementationWithPydanticModels" name="test_pydantic_model_implements_validatable" time="0.000" /><testcase classname="unit.container.test_container_service_resolver.TestMethodBinding" name="test_bound_method_preserves_container_context" time="0.001" /><testcase classname="unit.decorators.test_pattern_exclusions.TestEdgeCasesAndComplexScenarios" name="test_decorator_preserves_function_callable" time="0.000" /><testcase classname="unit.decorators.test_pattern_exclusions.TestEdgeCasesAndComplexScenarios" name="test_decorator_on_method" time="0.000" /><testcase classname="unit.decorators.test_pattern_exclusions.TestEdgeCasesAndComplexScenarios" name="test_decorator_on_staticmethod" time="0.000" /><testcase classname="unit.decorators.test_pattern_exclusions.TestEdgeCasesAndComplexScenarios" name="test_decorator_on_classmethod" time="0.000" /><testcase classname="unit.decorators.test_pattern_exclusions.TestEdgeCasesAndComplexScenarios" name="test_nested_class_decoration" time="0.000" /><testcase classname="unit.decorators.test_pattern_exclusions.TestEdgeCasesAndComplexScenarios" name="test_exclusion_metadata_doesnt_interfere" time="0.000" /><testcase classname="unit.decorators.test_pattern_exclusions.TestEdgeCasesAndComplexScenarios" name="test_multiple_decorators_order" time="0.000" /><testcase classname="unit.decorators.test_pattern_exclusions.TestEdgeCasesAndComplexScenarios" name="test_exclusion_with_empty_reason" time="0.000" /><testcase classname="unit.decorators.test_pattern_exclusions.TestEdgeCasesAndComplexScenarios" name="test_case_sensitivity_in_comments" time="0.000" /><testcase classname="unit.core.test_type_constraints.TestProtocolImplementationWithPydanticModels" name="test_pydantic_model_implements_configurable" time="0.000" /><testcase classname="unit.core.test_type_constraints.TestProtocolImplementationWithPydanticModels" name="test_pydantic_model_implements_executable" time="0.003" /><testcase classname="unit.core.test_type_constraints.TestProtocolImplementationWithPydanticModels" name="test_pydantic_model_implements_nameable" time="0.001" /><testcase classname="unit.enums.test_enum_auth_type.TestEnumAuthType" name="test_is_certificate_based" time="0.114" /><testcase classname="unit.decorators.test_error_handling_extended.TestValidationErrorHandling" name="test_validation_error_handling_propagates_onex_error" time="0.001" /><testcase classname="unit.decorators.test_error_handling_extended.TestValidationErrorHandling" name="test_validation_error_handling_wraps_validation_error" time="0.002" /><testcase classname="unit.decorators.test_error_handling_extended.TestValidationErrorHandling" name="test_validation_error_handling_detects_validation_in_message" time="0.001" /><testcase classname="unit.decorators.test_error_handling_extended.TestValidationErrorHandling" name="test_validation_error_handling_generic_exception_fallback" time="0.000" /><testcase classname="unit.decorators.test_error_handling_extended.TestValidationErrorHandling" name="test_validation_error_handling_preserves_function_signature" time="0.000" /><testcase classname="unit.decorators.test_error_handling_extended.TestIOErrorHandling" name="test_io_error_handling_success" time="0.000" /><testcase classname="unit.decorators.test_error_handling_extended.TestIOErrorHandling" name="test_io_error_handling_propagates_onex_error" time="0.001" /><testcase classname="unit.decorators.test_error_handling_extended.TestIOErrorHandling" name="test_io_error_handling_file_not_found" time="0.000" /><testcase classname="unit.decorators.test_error_handling_extended.TestIOErrorHandling" name="test_io_error_handling_is_a_directory_error" time="0.001" /><testcase classname="unit.decorators.test_error_handling_extended.TestIOErrorHandling" name="test_io_error_handling_permission_error" time="0.001" /><testcase classname="unit.contracts.test_model_effect_retry_config.TestModelEffectRetryConfigCircuitBreaker" name="test_circuit_breaker_disabled" time="0.000" /><testcase classname="unit.contracts.test_model_effect_retry_config.TestModelEffectRetryConfigSerialization" name="test_model_dump" time="0.001" /><testcase classname="unit.contracts.test_model_effect_retry_config.TestModelEffectRetryConfigSerialization" name="test_model_dump_json" time="0.001" /><testcase classname="unit.contracts.test_model_effect_retry_config.TestModelEffectRetryConfigSerialization" name="test_round_trip_serialization" time="0.000" /><testcase classname="unit.contracts.test_model_effect_retry_config.TestModelEffectRetryConfigModelConfig" name="test_extra_fields_ignored" time="0.000" /><testcase classname="unit.contracts.test_model_effect_retry_config.TestModelEffectRetryConfigModelConfig" name="test_enum_values_not_converted" time="0.001" /><testcase classname="unit.contracts.test_model_effect_retry_config.TestModelEffectRetryConfigModelConfig" name="test_validate_assignment" time="0.001" /><testcase classname="unit.contracts.test_model_effect_retry_config.TestModelEffectRetryConfigEdgeCases" name="test_minimum_valid_configuration" time="0.001" /><testcase classname="unit.contracts.test_model_effect_retry_config.TestModelEffectRetryConfigEdgeCases" name="test_high_retry_attempts" time="0.001" /><testcase classname="unit.contracts.test_model_effect_retry_config.TestModelEffectRetryConfigEdgeCases" name="test_all_features_disabled" time="0.000" /><testcase classname="unit.core.test_protocol_implementations.TestProtocolWithComplexModels" name="test_model_with_validators" time="0.002" /><testcase classname="unit.core.test_protocol_implementations.TestProtocolWithComplexModels" name="test_model_with_complex_metadata" time="0.001" /><testcase classname="unit.core.test_protocol_implementations.TestProtocolWithOptionalFields" name="test_optional_fields_serialization" time="0.001" /><testcase classname="unit.core.test_protocol_implementations.TestProtocolWithOptionalFields" name="test_configurable_with_optional_config" time="0.001" /><testcase classname="unit.core.test_protocol_implementations.TestProtocolChaining" name="test_serialize_validate_chain" time="0.001" /><testcase classname="unit.core.test_protocol_implementations.TestProtocolChaining" name="test_configure_execute_chain" time="0.013" /><testcase classname="unit.core.test_protocol_implementations.TestProtocolErrorHandling" name="test_serialization_with_error_handling" time="0.001" /><testcase classname="unit.core.test_protocol_implementations.TestProtocolErrorHandling" name="test_validation_with_exception_handling" time="0.001" /><testcase classname="unit.core.test_protocol_implementations.TestProtocolWithCustomTypes" name="test_custom_id_type" time="0.000" /><testcase classname="unit.core.test_protocol_implementations.TestProtocolWithCustomTypes" name="test_custom_metadata_type" time="0.000" /><testcase classname="unit.core.test_protocol_implementations.TestProtocolWithStateMachine" name="test_stateful_executable" time="0.000" /><testcase classname="unit.core.test_protocol_implementations.TestProtocolWithStateMachine" name="test_stateful_configurable" time="0.000" /><testcase classname="unit.container.test_container_service_resolver.TestServiceResolutionEdgeCases" name="test_resolve_with_none_service_name" time="0.001" /><testcase classname="unit.container.test_container_service_resolver.TestServiceResolutionEdgeCases" name="test_registry_method_returns_none" time="0.002" /><testcase classname="unit.container.test_container_service_resolver.TestServiceResolutionEdgeCases" name="test_multiple_service_resolutions" time="0.002" /><testcase classname="unit.container.test_container_service_resolver.TestProtocolTypeHandling" name="test_protocol_type_with_name_attribute" time="0.001" /><testcase classname="unit.container.test_container_service_resolver.TestProtocolTypeHandling" name="test_string_protocol_name_in_registry" time="0.061" /><testcase classname="unit.contracts.test_model_compensation_plan.TestModelCompensationPlan" name="test_valid_construction_minimal_fields" time="0.000" /><testcase classname="unit.contracts.test_model_compensation_plan.TestModelCompensationPlan" name="test_valid_construction_all_fields" time="0.000" /><testcase classname="unit.contracts.test_model_compensation_plan.TestModelCompensationPlan" name="test_validate_plan_id_with_valid_uuid_object" time="0.000" /><testcase classname="unit.contracts.test_model_compensation_plan.TestModelCompensationPlan" name="test_validate_plan_id_with_valid_uuid_string" time="0.000" /><testcase classname="unit.contracts.test_model_compensation_plan.TestModelCompensationPlan" name="test_validate_plan_id_with_empty_string" time="0.000" /><testcase classname="unit.contracts.test_model_compensation_plan.TestModelCompensationPlan" name="test_validate_plan_id_with_whitespace_string" time="0.000" /><testcase classname="unit.contracts.test_model_compensation_plan.TestModelCompensationPlan" name="test_validate_plan_id_with_invalid_uuid_string" time="0.000" /><testcase classname="unit.contracts.test_model_compensation_plan.TestModelCompensationPlan" name="test_validate_action_lists_with_valid_identifiers" time="0.000" /><testcase classname="unit.contracts.test_model_compensation_plan.TestModelCompensationPlan" name="test_validate_action_lists_with_empty_entries" time="0.000" /><testcase classname="unit.contracts.test_model_compensation_plan.TestModelCompensationPlan" name="test_validate_action_lists_with_invalid_characters" time="0.000" /><testcase classname="unit.contracts.test_model_compensation_plan.TestModelCompensationPlan" name="test_validate_action_lists_with_special_characters" time="0.000" /><testcase classname="unit.contracts.test_model_compensation_plan.TestModelCompensationPlan" name="test_validate_multiple_action_types" time="0.000" /><testcase classname="unit.contracts.test_model_compensation_plan.TestModelCompensationPlan" name="test_validate_plan_dependencies_with_valid_uuids" time="0.000" /><testcase classname="unit.contracts.test_model_compensation_plan.TestModelCompensationPlan" name="test_validate_plan_dependencies_with_uuid_strings" time="0.000" /><testcase classname="unit.contracts.test_model_compensation_plan.TestModelCompensationPlan" name="test_validate_plan_dependencies_with_mixed_types" time="0.000" /><testcase classname="unit.contracts.test_model_effect_retry_config.TestModelEffectRetryConfigEdgeCases" name="test_all_features_enabled" time="0.000" /><testcase classname="unit.contracts.test_model_external_service_config.TestModelExternalServiceConfigBasic" name="test_minimal_required_configuration" time="0.000" /><testcase classname="unit.contracts.test_model_external_service_config.TestModelExternalServiceConfigBasic" name="test_default_configuration_values" time="0.000" /><testcase classname="unit.contracts.test_model_external_service_config.TestModelExternalServiceConfigBasic" name="test_custom_configuration" time="0.000" /><testcase classname="unit.contracts.test_model_external_service_config.TestModelExternalServiceConfigBasic" name="test_various_service_types" time="0.000" /><testcase classname="unit.contracts.test_model_external_service_config.TestModelExternalServiceConfigEnumAuthType" name="test_all_authentication_methods" time="0.000" /><testcase classname="unit.contracts.test_model_external_service_config.TestModelExternalServiceConfigEnumAuthType" name="test_auth_type_enum_preserved_not_converted" time="0.000" /><testcase classname="unit.contracts.test_model_external_service_config.TestModelExternalServiceConfigEnumAuthType" name="test_invalid_enum_string_value_rejected" time="0.000" /><testcase classname="unit.contracts.test_model_external_service_config.TestModelExternalServiceConfigEnumAuthType" name="test_invalid_enum_numeric_value_rejected" time="0.000" /><testcase classname="unit.contracts.test_model_external_service_config.TestModelExternalServiceConfigEnumAuthType" name="test_omit_enum_field_uses_default" time="0.000" /><testcase classname="unit.contracts.test_model_external_service_config.TestModelExternalServiceConfigEnumAuthType" name="test_auth_type_by_string_value_accepted" time="0.000" /><testcase classname="unit.contracts.test_model_external_service_config.TestModelExternalServiceConfigEnumAuthType" name="test_auth_type_case_sensitivity" time="0.000" /><testcase classname="unit.contracts.test_model_external_service_config.TestModelExternalServiceConfigEnumAuthType" name="test_auth_type_enum_helper_methods" time="0.000" /><testcase classname="unit.contracts.test_model_external_service_config.TestModelExternalServiceConfigFieldValidation" name="test_service_type_required" time="0.000" /><testcase classname="unit.contracts.test_model_external_service_config.TestModelExternalServiceConfigFieldValidation" name="test_service_type_min_length" time="0.000" /><testcase classname="unit.contracts.test_model_external_service_config.TestModelExternalServiceConfigFieldValidation" name="test_rate_limit_requests_per_minute_minimum" time="0.000" /><testcase classname="unit.decorators.test_error_handling_extended.TestIOErrorHandling" name="test_io_error_handling_generic_exception_fallback" time="0.001" /><testcase classname="unit.decorators.test_error_handling_extended.TestIOErrorHandling" name="test_io_error_handling_custom_operation_name" time="0.000" /><testcase classname="unit.decorators.test_error_handling_extended.TestDecoratorStacking" name="test_stacking_standard_and_validation" time="0.000" /><testcase classname="unit.decorators.test_error_handling_extended.TestDecoratorStacking" name="test_multiple_standard_decorators" time="0.000" /><testcase classname="unit.decorators.test_error_handling_extended.TestErrorContextPreservation" name="test_error_context_from_original_exception" time="0.000" /><testcase classname="unit.decorators.test_error_handling_extended.TestErrorContextPreservation" name="test_error_message_includes_original_details" time="0.000" /><testcase classname="unit.decorators.test_error_handling_extended.TestEdgeCases" name="test_decorator_with_class_method" time="0.000" /><testcase classname="unit.decorators.test_error_handling_extended.TestEdgeCases" name="test_decorator_with_static_method" time="0.000" /><testcase classname="unit.decorators.test_error_handling_extended.TestEdgeCases" name="test_decorator_with_generator" time="0.000" /><testcase classname="unit.decorators.test_error_handling_extended.TestEdgeCases" name="test_decorator_with_none_return" time="0.000" /><testcase classname="unit.decorators.test_error_handling_extended.TestEdgeCases" name="test_empty_operation_name" time="0.000" /><testcase classname="unit.decorators.test_pattern_exclusions.TestONEXPatternExclusionClass" name="test_basic_initialization" time="0.000" /><testcase classname="unit.decorators.test_pattern_exclusions.TestONEXPatternExclusionClass" name="test_initialization_with_defaults" time="0.000" /><testcase classname="unit.decorators.test_pattern_exclusions.TestONEXPatternExclusionClass" name="test_apply_to_function" time="0.000" /><testcase classname="unit.decorators.test_pattern_exclusions.TestONEXPatternExclusionClass" name="test_apply_to_class" time="0.000" /><testcase classname="unit.decorators.test_pattern_exclusions.TestONEXPatternExclusionClass" name="test_multiple_pattern_exclusions" time="0.000" /><testcase classname="unit.decorators.test_pattern_exclusions.TestONEXPatternExclusionClass" name="test_overlapping_pattern_exclusions" time="0.000" /><testcase classname="unit.enums.test_enum_auth_type.TestEnumAuthType" name="test_supports_refresh" time="0.001" /><testcase classname="unit.enums.test_enum_auth_type.TestEnumAuthType" name="test_enum_equality" time="0.000" /><testcase classname="unit.enums.test_enum_auth_type.TestEnumAuthType" name="test_enum_membership" time="0.000" /><testcase classname="unit.enums.test_enum_auth_type.TestEnumAuthType" name="test_enum_iteration" time="0.000" /><testcase classname="unit.enums.test_enum_auth_type.TestEnumAuthType" name="test_json_serialization" time="0.000" /><testcase classname="unit.enums.test_enum_auth_type.TestEnumAuthType" name="test_pydantic_integration" time="0.000" /><testcase classname="unit.enums.test_enum_auth_type.TestEnumAuthType" name="test_pydantic_serialization" time="0.000" /><testcase classname="unit.enums.test_enum_auth_type.TestEnumAuthType" name="test_edge_cases" time="0.000" /><testcase classname="unit.enums.test_enum_auth_type.TestEnumAuthType" name="test_comprehensive_security_classification" time="0.000" /><testcase classname="unit.enums.test_enum_base_status.TestEnumBaseStatus" name="test_enum_values" time="0.000" /><testcase classname="unit.core.test_type_constraints.TestProtocolWithInheritance" name="test_inherited_protocol_implementation" time="0.000" /><testcase classname="unit.core.test_type_constraints.TestProtocolWithInheritance" name="test_multiple_protocol_inheritance" time="0.000" /><testcase classname="unit.core.test_type_constraints.TestProtocolWithInheritance" name="test_protocol_implementation_override" time="0.000" /><testcase classname="unit.core.test_type_constraints.TestProtocolTypeGuardsEdgeCases" name="test_serialize_attribute_is_none" time="0.000" /><testcase classname="unit.core.test_type_constraints.TestProtocolTypeGuardsEdgeCases" name="test_configurable_with_non_callable_configure" time="0.000" /><testcase classname="unit.core.test_type_constraints.TestProtocolTypeGuardsEdgeCases" name="test_executable_with_non_callable_execute" time="0.039" /><testcase classname="unit.core.test_type_constraints.TestProtocolTypeGuardsEdgeCases" name="test_metadata_with_none_value" time="0.001" /><testcase classname="unit.core.test_type_constraints.TestProtocolTypeGuardsEdgeCases" name="test_id_with_different_types" time="0.000" /><testcase classname="unit.core.test_type_constraints.TestProtocolWithDynamicAttributes" name="test_dynamic_serializable" time="0.000" /><testcase classname="unit.core.test_type_constraints.TestProtocolWithDynamicAttributes" name="test_dynamic_identifiable" time="0.001" /><testcase classname="unit.core.test_type_constraints.TestProtocolWithDynamicAttributes" name="test_dynamic_nameable" time="0.001" /><testcase classname="unit.core.test_type_constraints.TestPrimitiveValueValidationEdgeCases" name="test_validate_primitive_with_custom_object" time="0.001" /><testcase classname="unit.core.test_type_constraints.TestPrimitiveValueValidationEdgeCases" name="test_validate_primitive_with_lambda" time="0.000" /><testcase classname="unit.core.test_type_constraints.TestPrimitiveValueValidationEdgeCases" name="test_is_primitive_value_with_numeric_edge_cases" time="0.000" /><testcase classname="unit.core.test_type_constraints.TestPrimitiveValueValidationEdgeCases" name="test_is_primitive_value_with_negative_zero" time="0.000" /><testcase classname="unit.core.test_type_constraints.TestContextValueValidationEdgeCases" name="test_validate_context_value_with_tuple" time="0.000" /><testcase classname="unit.core.test_type_constraints.TestContextValueValidationEdgeCases" name="test_is_context_value_with_deeply_nested_structures" time="0.000" /><testcase classname="unit.core.test_type_constraints.TestContextValueValidationEdgeCases" name="test_is_context_value_with_mixed_key_types" time="0.000" /><testcase classname="unit.core.test_type_constraints.TestContextValueValidationEdgeCases" name="test_is_context_value_with_empty_nested_structures" time="0.000" /><testcase classname="unit.core.test_type_constraints.TestContextValueValidationEdgeCases" name="test_validate_context_value_with_frozenset" time="0.000" /><testcase classname="unit.core.test_type_constraints.TestProtocolCompliance" name="test_protocol_type_annotation_compliance" time="0.000" /><testcase classname="unit.core.test_type_constraints.TestProtocolCompliance" name="test_protocol_method_signature_validation" time="0.000" /><testcase classname="unit.core.test_type_constraints.TestProtocolCompliance" name="test_protocol_property_compliance" time="0.000" /><testcase classname="unit.enums.test_enum_analysis_status.TestEnumAnalysisStatus" name="test_enum_all_values" time="0.002" /><testcase classname="integration.test_validation_integration.TestEndToEndWorkflows" name="test_development_workflow_simulation" time="1.792" /><testcase classname="unit.enums.test_enum_base_status.TestEnumBaseStatus" name="test_enum_inheritance" time="0.000" /><testcase classname="unit.enums.test_enum_base_status.TestEnumBaseStatus" name="test_enum_string_behavior" time="0.000" /><testcase classname="unit.enums.test_enum_base_status.TestEnumBaseStatus" name="test_enum_iteration" time="0.000" /><testcase classname="unit.enums.test_enum_base_status.TestEnumBaseStatus" name="test_enum_membership" time="0.000" /><testcase classname="unit.enums.test_enum_base_status.TestEnumBaseStatus" name="test_enum_comparison" time="0.000" /><testcase classname="unit.enums.test_enum_base_status.TestEnumBaseStatus" name="test_enum_serialization" time="0.001" /><testcase classname="unit.enums.test_enum_base_status.TestEnumBaseStatus" name="test_enum_deserialization" time="0.000" /><testcase classname="unit.enums.test_enum_base_status.TestEnumBaseStatus" name="test_enum_invalid_value" time="0.000" /><testcase classname="unit.enums.test_enum_base_status.TestEnumBaseStatus" name="test_enum_all_values" time="0.000" /><testcase classname="unit.enums.test_enum_base_status.TestEnumBaseStatus" name="test_is_active_state_method" time="0.001" /><testcase classname="unit.enums.test_enum_base_status.TestEnumBaseStatus" name="test_is_terminal_state_method" time="0.000" /><testcase classname="unit.enums.test_enum_base_status.TestEnumBaseStatus" name="test_is_error_state_method" time="0.001" /><testcase classname="unit.enums.test_enum_base_status.TestEnumBaseStatus" name="test_is_pending_state_method" time="0.000" /><testcase classname="unit.enums.test_enum_base_status.TestEnumBaseStatus" name="test_is_quality_state_method" time="0.000" /><testcase classname="unit.enums.test_enum_base_status.TestEnumBaseStatus" name="test_status_categorization_completeness" time="0.000" /><testcase classname="unit.enums.test_enum_base_status.TestEnumBaseStatus" name="test_status_logical_groupings" time="0.000" /><testcase classname="unit.enums.test_enum_base_status.TestEnumBaseStatus" name="test_status_workflow_progression" time="0.000" /><testcase classname="unit.enums.test_enum_base_status.TestEnumBaseStatus" name="test_status_state_transitions" time="0.000" /><testcase classname="unit.enums.test_enum_base_status.TestEnumBaseStatus" name="test_base_status_universality" time="0.000" /><testcase classname="unit.enums.test_enum_base_status.TestEnumBaseStatus" name="test_base_status_extensibility" time="0.000" /><testcase classname="unit.enums.test_enum_case_style.TestEnumCaseStyle" name="test_enum_values" time="0.000" /><testcase classname="unit.enums.test_enum_case_style.TestEnumCaseStyle" name="test_enum_inheritance" time="0.000" /><testcase classname="unit.enums.test_enum_case_style.TestEnumCaseStyle" name="test_enum_string_behavior" time="0.000" /><testcase classname="unit.enums.test_enum_case_style.TestEnumCaseStyle" name="test_enum_iteration" time="0.000" /><testcase classname="unit.enums.test_enum_case_style.TestEnumCaseStyle" name="test_enum_membership" time="0.000" /><testcase classname="unit.enums.test_enum_case_style.TestEnumCaseStyle" name="test_enum_comparison" time="0.000" /><testcase classname="unit.enums.test_enum_case_style.TestEnumCaseStyle" name="test_enum_serialization" time="0.000" /><testcase classname="unit.enums.test_enum_case_style.TestEnumCaseStyle" name="test_enum_deserialization" time="0.000" /><testcase classname="unit.enums.test_enum_case_style.TestEnumCaseStyle" name="test_enum_invalid_value" time="0.000" /><testcase classname="unit.enums.test_enum_case_style.TestEnumCaseStyle" name="test_enum_all_values" time="0.000" /><testcase classname="unit.enums.test_enum_case_style.TestEnumCaseStyle" name="test_enum_docstring" time="0.000" /><testcase classname="unit.enums.test_enum_case_style.TestEnumCaseStyle" name="test_enum_case_styles" time="0.000" /><testcase classname="unit.enums.test_enum_category_filter.TestEnumCategoryFilter" name="test_enum_values" time="0.000" /><testcase classname="unit.enums.test_enum_category_filter.TestEnumCategoryFilter" name="test_string_inheritance" time="0.000" /><testcase classname="unit.enums.test_enum_category_filter.TestEnumCategoryFilter" name="test_is_hierarchical" time="0.000" /><testcase classname="unit.enums.test_enum_category_filter.TestEnumCategoryFilter" name="test_is_inclusive" time="0.000" /><testcase classname="unit.enums.test_enum_category_filter.TestEnumCategoryFilter" name="test_is_exclusive" time="0.001" /><testcase classname="unit.core.test_model_base_processor.TestModelServiceBaseProcessor" name="test_processor_with_complex_data_types" time="0.119" /><testcase classname="unit.enums.test_enum_category_filter.TestEnumCategoryFilter" name="test_get_priority_level" time="0.001" /><testcase classname="unit.enums.test_enum_category_filter.TestEnumCategoryFilter" name="test_get_hierarchical_filters" time="0.000" /><testcase classname="unit.enums.test_enum_category_filter.TestEnumCategoryFilter" name="test_is_active_filter" time="0.000" /><testcase classname="unit.enums.test_enum_category_filter.TestEnumCategoryFilter" name="test_str_representation" time="0.000" /><testcase classname="unit.enums.test_enum_cell_type.TestEnumCellType" name="test_enum_values" time="0.000" /><testcase classname="unit.discovery.test_mixin_discovery.TestModelMixinInfo" name="test_mixin_info_creation_with_required_fields" time="0.013" /><testcase classname="unit.enums.test_enum_cell_type.TestEnumCellType" name="test_string_inheritance" time="0.000" /><testcase classname="unit.enums.test_enum_cell_type.TestEnumCellType" name="test_string_representation" time="0.000" /><testcase classname="unit.enums.test_enum_cell_type.TestEnumCellType" name="test_is_executable" time="0.000" /><testcase classname="unit.core.test_type_constraints.TestBaseCollectionAndFactory" name="test_base_collection_is_available" time="0.000" /><testcase classname="unit.enums.test_enum_cell_type.TestEnumCellType" name="test_is_documentation" time="0.000" /><testcase classname="unit.enums.test_enum_cell_type.TestEnumCellType" name="test_supports_syntax_highlighting" time="0.000" /><testcase classname="unit.enums.test_enum_cell_type.TestEnumCellType" name="test_produces_output" time="0.000" /><testcase classname="unit.enums.test_enum_cell_type.TestEnumCellType" name="test_supports_rich_text" time="0.000" /><testcase classname="unit.enums.test_enum_cell_type.TestEnumCellType" name="test_get_cell_description" time="0.000" /><testcase classname="unit.enums.test_enum_cell_type.TestEnumCellType" name="test_get_typical_content" time="0.000" /><testcase classname="unit.enums.test_enum_cell_type.TestEnumCellType" name="test_get_editor_mode" time="0.000" /><testcase classname="unit.enums.test_enum_cell_type.TestEnumCellType" name="test_enum_equality" time="0.000" /><testcase classname="unit.enums.test_enum_cell_type.TestEnumCellType" name="test_enum_membership" time="0.000" /><testcase classname="unit.enums.test_enum_cell_type.TestEnumCellType" name="test_enum_iteration" time="0.000" /><testcase classname="unit.enums.test_enum_cell_type.TestEnumCellType" name="test_json_serialization" time="0.000" /><testcase classname="unit.enums.test_enum_cell_type.TestEnumCellType" name="test_pydantic_integration" time="0.000" /><testcase classname="unit.discovery.test_mixin_discovery.TestModelMixinInfo" name="test_mixin_info_creation_with_all_fields" time="0.001" /><testcase classname="unit.enums.test_enum_cli_context_value_type.TestEnumCliContextValueType" name="test_enum_unique_decorator" time="0.000" /><testcase classname="unit.enums.test_enum_cli_context_value_type.TestEnumCliContextValueType" name="test_enum_context_types" time="0.000" /><testcase classname="unit.enums.test_enum_cli_discovery_action.TestEnumCliDiscoveryAction" name="test_enum_values" time="0.000" /><testcase classname="unit.enums.test_enum_cli_discovery_action.TestEnumCliDiscoveryAction" name="test_enum_inheritance" time="0.000" /><testcase classname="unit.enums.test_enum_cli_discovery_action.TestEnumCliDiscoveryAction" name="test_enum_string_behavior" time="0.000" /><testcase classname="unit.enums.test_enum_cli_discovery_action.TestEnumCliDiscoveryAction" name="test_enum_iteration" time="0.000" /><testcase classname="unit.enums.test_enum_cli_discovery_action.TestEnumCliDiscoveryAction" name="test_enum_membership" time="0.000" /><testcase classname="unit.enums.test_enum_cli_discovery_action.TestEnumCliDiscoveryAction" name="test_enum_comparison" time="0.000" /><testcase classname="unit.enums.test_enum_cli_discovery_action.TestEnumCliDiscoveryAction" name="test_enum_serialization" time="0.000" /><testcase classname="unit.discovery.test_mixin_discovery.TestMixinDiscovery" name="test_mixin_discovery_initialization_default_path" time="0.000" /><testcase classname="unit.discovery.test_mixin_discovery.TestMixinDiscovery" name="test_mixin_discovery_initialization_custom_path" time="0.000" /><testcase classname="unit.enums.test_enum_cli_discovery_action.TestEnumCliDiscoveryAction" name="test_enum_deserialization" time="0.000" /><testcase classname="unit.enums.test_enum_cli_discovery_action.TestEnumCliDiscoveryAction" name="test_enum_invalid_value" time="0.000" /><testcase classname="unit.enums.test_enum_cli_discovery_action.TestEnumCliDiscoveryAction" name="test_enum_all_values" time="0.000" /><testcase classname="unit.enums.test_enum_cli_discovery_action.TestEnumCliDiscoveryAction" name="test_enum_docstring" time="0.000" /><testcase classname="unit.enums.test_enum_cli_discovery_action.TestEnumCliDiscoveryAction" name="test_enum_discovery_actions" time="0.000" /><testcase classname="unit.discovery.test_mixin_discovery.TestMixinDiscovery" name="test_get_all_mixins" time="0.619" /><testcase classname="unit.enums.test_enum_cli_status.TestEnumCliStatus" name="test_enum_inherits_from_str_and_enum" time="0.000" /><testcase classname="unit.enums.test_enum_cli_status.TestEnumCliStatus" name="test_enum_values_exist" time="0.000" /><testcase classname="unit.enums.test_enum_cli_status.TestEnumCliStatus" name="test_enum_string_values" time="0.000" /><testcase classname="unit.enums.test_enum_cli_status.TestEnumCliStatus" name="test_enum_can_be_created_from_string" time="0.000" /><testcase classname="unit.enums.test_enum_cli_status.TestEnumCliStatus" name="test_enum_string_comparison" time="0.000" /><testcase classname="unit.enums.test_enum_cli_status.TestEnumCliStatus" name="test_enum_member_count" time="0.000" /><testcase classname="unit.enums.test_enum_cli_status.TestEnumCliStatus" name="test_enum_member_uniqueness" time="0.001" /><testcase classname="unit.enums.test_enum_cli_status.TestEnumCliStatus" name="test_enum_iteration" time="0.000" /><testcase classname="unit.enums.test_enum_cli_status.TestEnumCliStatus" name="test_invalid_enum_value_raises_error" time="0.000" /><testcase classname="unit.enums.test_enum_cli_status.TestEnumCliStatus" name="test_enum_in_operator" time="0.000" /><testcase classname="unit.enums.test_enum_cli_status.TestEnumCliStatus" name="test_enum_hash_consistency" time="0.000" /><testcase classname="unit.enums.test_enum_cli_status.TestEnumCliStatus" name="test_enum_repr" time="0.000" /><testcase classname="unit.enums.test_enum_cli_status.TestEnumCliStatus" name="test_enum_bool_evaluation" time="0.000" /><testcase classname="unit.enums.test_enum_cli_status.TestEnumCliStatus" name="test_enum_serialization_json_compatible" time="0.000" /><testcase classname="unit.enums.test_enum_base_status.TestEnumBaseStatus" name="test_enum_docstring" time="0.000" /><testcase classname="unit.enums.test_enum_compensation_strategy.TestEnumCompensationStrategy" name="test_requires_state_tracking" time="0.000" /><testcase classname="unit.enums.test_enum_compensation_strategy.TestEnumCompensationStrategy" name="test_get_strategy_description" time="0.000" /><testcase classname="unit.enums.test_enum_compensation_strategy.TestEnumCompensationStrategy" name="test_get_typical_use_case" time="0.000" /><testcase classname="unit.enums.test_enum_compensation_strategy.TestEnumCompensationStrategy" name="test_get_complexity_level" time="0.000" /><testcase classname="unit.enums.test_enum_compensation_strategy.TestEnumCompensationStrategy" name="test_enum_equality" time="0.001" /><testcase classname="unit.enums.test_enum_compensation_strategy.TestEnumCompensationStrategy" name="test_enum_membership" time="0.000" /><testcase classname="unit.enums.test_enum_compensation_strategy.TestEnumCompensationStrategy" name="test_enum_iteration" time="0.000" /><testcase classname="unit.enums.test_enum_cli_status.TestEnumCliStatus" name="test_enum_case_sensitivity" time="0.000" /><testcase classname="unit.enums.test_enum_cli_status.TestEnumCliStatus" name="test_enum_with_pydantic_compatibility" time="0.001" /><testcase classname="unit.enums.test_enum_cli_status.TestEnumCliStatus" name="test_enum_equality_and_identity" time="0.000" /><testcase classname="unit.enums.test_enum_cli_status.TestEnumCliStatus" name="test_enum_ordering_behavior" time="0.000" /><testcase classname="unit.enums.test_enum_cli_status.TestEnumCliStatusEdgeCases" name="test_enum_with_none_value" time="0.000" /><testcase classname="unit.enums.test_enum_compensation_strategy.TestEnumCompensationStrategy" name="test_json_serialization" time="0.000" /><testcase classname="unit.enums.test_enum_compensation_strategy.TestEnumCompensationStrategy" name="test_pydantic_integration" time="0.001" /><testcase classname="unit.enums.test_enum_cli_status.TestEnumCliStatusEdgeCases" name="test_enum_with_empty_string" time="0.000" /><testcase classname="unit.enums.test_enum_cli_status.TestEnumCliStatusEdgeCases" name="test_enum_with_whitespace" time="0.001" /><testcase classname="unit.enums.test_enum_compensation_strategy.TestEnumCompensationStrategy" name="test_pydantic_serialization" time="0.001" /><testcase classname="unit.enums.test_enum_compensation_strategy.TestEnumCompensationStrategy" name="test_strategy_characteristics" time="0.000" /><testcase classname="unit.enums.test_enum_cli_status.TestEnumCliStatusEdgeCases" name="test_enum_pickling" time="0.000" /><testcase classname="unit.enums.test_enum_complexity.TestEnumComplexity" name="test_enum_values" time="0.000" /><testcase classname="unit.enums.test_enum_complexity.TestEnumComplexity" name="test_enum_inheritance" time="0.000" /><testcase classname="unit.enums.test_enum_complexity.TestEnumComplexity" name="test_enum_string_behavior" time="0.000" /><testcase classname="unit.enums.test_enum_complexity.TestEnumComplexity" name="test_enum_iteration" time="0.000" /><testcase classname="unit.enums.test_enum_complexity.TestEnumComplexity" name="test_enum_membership" time="0.000" /><testcase classname="unit.enums.test_enum_complexity.TestEnumComplexity" name="test_enum_comparison" time="0.000" /><testcase classname="unit.enums.test_enum_complexity.TestEnumComplexity" name="test_enum_serialization" time="0.000" /><testcase classname="unit.enums.test_enum_complexity.TestEnumComplexity" name="test_enum_deserialization" time="0.000" /><testcase classname="unit.enums.test_enum_complexity.TestEnumComplexity" name="test_enum_invalid_value" time="0.000" /><testcase classname="unit.enums.test_enum_complexity.TestEnumComplexity" name="test_enum_all_values" time="0.000" /><testcase classname="unit.enums.test_enum_complexity.TestEnumComplexity" name="test_enum_docstring" time="0.000" /><testcase classname="unit.enums.test_enum_complexity.TestEnumComplexity" name="test_enum_str_method" time="0.000" /><testcase classname="unit.enums.test_enum_complexity.TestEnumComplexity" name="test_get_estimated_runtime_seconds" time="0.000" /><testcase classname="unit.enums.test_enum_complexity.TestEnumComplexity" name="test_requires_monitoring" time="0.000" /><testcase classname="unit.enums.test_enum_complexity.TestEnumComplexity" name="test_allows_parallel_execution" time="0.000" /><testcase classname="unit.enums.test_enum_complexity.TestEnumComplexity" name="test_enum_complexity_levels" time="0.000" /><testcase classname="unit.enums.test_enum_complexity_level.TestEnumComplexityLevel" name="test_enum_inheritance" time="0.000" /><testcase classname="unit.enums.test_enum_complexity_level.TestEnumComplexityLevel" name="test_enum_values" time="0.000" /><testcase classname="unit.enums.test_enum_complexity_level.TestEnumComplexityLevel" name="test_enum_string_behavior" time="0.000" /><testcase classname="unit.enums.test_enum_complexity_level.TestEnumComplexityLevel" name="test_enum_iteration" time="0.000" /><testcase classname="unit.enums.test_enum_complexity_level.TestEnumComplexityLevel" name="test_enum_membership" time="0.000" /><testcase classname="unit.enums.test_enum_complexity_level.TestEnumComplexityLevel" name="test_enum_comparison" time="0.000" /><testcase classname="unit.enums.test_enum_complexity_level.TestEnumComplexityLevel" name="test_enum_serialization" time="0.000" /><testcase classname="unit.enums.test_enum_complexity_level.TestEnumComplexityLevel" name="test_enum_deserialization" time="0.000" /><testcase classname="unit.enums.test_enum_complexity_level.TestEnumComplexityLevel" name="test_enum_invalid_value" time="0.000" /><testcase classname="unit.enums.test_enum_complexity_level.TestEnumComplexityLevel" name="test_enum_all_values" time="0.000" /><testcase classname="unit.enums.test_enum_complexity_level.TestEnumComplexityLevel" name="test_enum_docstring" time="0.000" /><testcase classname="unit.enums.test_enum_complexity_level.TestEnumComplexityLevel" name="test_enum_unique_decorator" time="0.000" /><testcase classname="unit.enums.test_enum_complexity_level.TestEnumComplexityLevel" name="test_str_method" time="0.000" /><testcase classname="unit.core.test_protocol_implementations.TestProtocolComposition" name="test_composition_through_delegation" time="0.001" /><testcase classname="unit.core.test_protocol_implementations.TestProtocolWithAsyncPatterns" name="test_executor_with_sync_and_async_patterns" time="0.000" /><testcase classname="unit.core.test_protocol_implementations.TestProtocolWithBuilders" name="test_buildable_configurable" time="0.000" /><testcase classname="unit.core.test_protocol_implementations.TestProtocolBoundaryConditions" name="test_empty_serialization" time="0.000" /><testcase classname="unit.core.test_protocol_implementations.TestProtocolBoundaryConditions" name="test_always_valid_validator" time="0.001" /><testcase classname="unit.core.test_protocol_implementations.TestProtocolBoundaryConditions" name="test_always_false_validator" time="0.005" /><testcase classname="unit.core.test_protocol_implementations.TestProtocolBoundaryConditions" name="test_executor_returning_none" time="0.000" /><testcase classname="unit.core.test_protocol_implementations.TestProtocolBoundaryConditions" name="test_empty_metadata_provider" time="0.000" /><testcase classname="unit.core.test_protocol_implementations.TestProtocolWithGenericTypes" name="test_generic_serializable" time="0.000" /><testcase classname="unit.core.test_type_constraints.TestSerializableProtocol" name="test_is_serializable_with_valid_object" time="0.000" /><testcase classname="unit.core.test_type_constraints.TestSerializableProtocol" name="test_is_serializable_with_invalid_object" time="0.000" /><testcase classname="unit.core.test_type_constraints.TestSerializableProtocol" name="test_is_serializable_with_non_callable_attribute" time="0.000" /><testcase classname="unit.core.test_type_constraints.TestIdentifiableProtocol" name="test_is_identifiable_with_valid_object" time="0.000" /><testcase classname="unit.core.test_type_constraints.TestIdentifiableProtocol" name="test_is_identifiable_with_id_attribute" time="0.000" /><testcase classname="unit.core.test_type_constraints.TestIdentifiableProtocol" name="test_is_identifiable_with_invalid_object" time="0.000" /><testcase classname="unit.core.test_type_constraints.TestNameableProtocol" name="test_is_nameable_with_valid_object" time="0.000" /><testcase classname="unit.core.test_type_constraints.TestNameableProtocol" name="test_is_nameable_missing_get_name" time="0.001" /><testcase classname="unit.core.test_type_constraints.TestNameableProtocol" name="test_is_nameable_missing_set_name" time="0.000" /><testcase classname="unit.contracts.test_model_trigger_mappings.TestModelTriggerMappings" name="test_add_mapping_multiple_times" time="0.001" /><testcase classname="unit.core.test_type_constraints.TestNameableProtocol" name="test_is_nameable_non_callable_methods" time="0.000" /><testcase classname="unit.core.test_type_constraints.TestValidatableProtocol" name="test_is_validatable_with_valid_object" time="0.001" /><testcase classname="unit.contracts.test_model_trigger_mappings.TestModelTriggerMappings" name="test_complex_trigger_mappings_configuration" time="0.001" /><testcase classname="unit.contracts.test_model_trigger_mappings.TestModelTriggerMappings" name="test_model_config_validate_assignment" time="0.000" /><testcase classname="unit.core.test_type_constraints.TestValidatableProtocol" name="test_is_validatable_with_invalid_object" time="0.000" /><testcase classname="unit.core.test_model_base_collection.TestModelBaseCollectionAbstract" name="test_cannot_instantiate_abstract_class" time="0.000" /><testcase classname="unit.core.test_model_base_collection.TestModelBaseCollectionAbstract" name="test_missing_add_item_method" time="0.001" /><testcase classname="unit.core.test_type_constraints.TestValidatableProtocol" name="test_is_validatable_non_callable_attribute" time="0.000" /><testcase classname="unit.core.test_type_constraints.TestConfigurableProtocol" name="test_is_configurable_with_valid_object" time="0.000" /><testcase classname="unit.core.test_type_constraints.TestConfigurableProtocol" name="test_is_configurable_with_invalid_object" time="0.000" /><testcase classname="unit.core.test_model_base_collection.TestModelBaseCollectionAbstract" name="test_missing_remove_item_method" time="0.000" /><testcase classname="unit.core.test_type_constraints.TestExecutableProtocol" name="test_is_executable_with_valid_object" time="0.000" /><testcase classname="unit.core.test_type_constraints.TestExecutableProtocol" name="test_is_executable_with_invalid_object" time="0.000" /><testcase classname="unit.core.test_model_base_collection.TestConcreteCollectionImplementation" name="test_create_empty_collection" time="0.000" /><testcase classname="unit.core.test_model_base_collection.TestConcreteCollectionImplementation" name="test_add_single_item" time="0.001" /><testcase classname="unit.core.test_model_base_collection.TestConcreteCollectionImplementation" name="test_add_multiple_items" time="0.001" /><testcase classname="unit.core.test_model_base_collection.TestConcreteCollectionImplementation" name="test_remove_existing_item" time="0.001" /><testcase classname="unit.core.test_model_base_collection.TestConcreteCollectionImplementation" name="test_remove_nonexistent_item" time="0.000" /><testcase classname="unit.enums.test_enum_cell_type.TestEnumCellType" name="test_comprehensive_cell_type_characteristics" time="0.000" /><testcase classname="unit.enums.test_enum_chain_validation_status.TestEnumChainValidationStatus" name="test_enum_values" time="0.000" /><testcase classname="unit.enums.test_enum_chain_validation_status.TestEnumChainValidationStatus" name="test_enum_inheritance" time="0.000" /><testcase classname="unit.enums.test_enum_chain_validation_status.TestEnumChainValidationStatus" name="test_enum_string_behavior" time="0.000" /><testcase classname="unit.enums.test_enum_chain_validation_status.TestEnumChainValidationStatus" name="test_enum_iteration" time="0.000" /><testcase classname="unit.enums.test_enum_chain_validation_status.TestEnumChainValidationStatus" name="test_enum_membership" time="0.000" /><testcase classname="unit.enums.test_enum_chain_validation_status.TestEnumChainValidationStatus" name="test_enum_comparison" time="0.000" /><testcase classname="unit.enums.test_enum_chain_validation_status.TestEnumChainValidationStatus" name="test_enum_serialization" time="0.000" /><testcase classname="unit.enums.test_enum_chain_validation_status.TestEnumChainValidationStatus" name="test_enum_deserialization" time="0.000" /><testcase classname="unit.enums.test_enum_chain_validation_status.TestEnumChainValidationStatus" name="test_enum_invalid_value" time="0.001" /><testcase classname="unit.enums.test_enum_chain_validation_status.TestEnumChainValidationStatus" name="test_enum_all_values" time="0.000" /><testcase classname="unit.enums.test_enum_chain_validation_status.TestEnumChainValidationStatus" name="test_enum_docstring" time="0.000" /><testcase classname="unit.enums.test_enum_chain_validation_status.TestEnumChainValidationStatus" name="test_enum_validation_states" time="0.000" /><testcase classname="unit.enums.test_enum_checkpoint_status.TestEnumCheckpointStatus" name="test_enum_values" time="0.000" /><testcase classname="unit.enums.test_enum_cli_status.TestEnumCliStatusEdgeCases" name="test_enum_copy_behavior" time="0.000" /><testcase classname="unit.enums.test_enum_collaboration_domain.TestEnumCollaborationDomain" name="test_enum_inheritance" time="0.001" /><testcase classname="unit.enums.test_enum_collaboration_domain.TestEnumCollaborationDomain" name="test_enum_values" time="0.001" /><testcase classname="unit.enums.test_enum_collaboration_domain.TestEnumCollaborationDomain" name="test_enum_string_behavior" time="0.000" /><testcase classname="unit.enums.test_enum_collaboration_domain.TestEnumCollaborationDomain" name="test_enum_iteration" time="0.000" /><testcase classname="unit.enums.test_enum_collaboration_domain.TestEnumCollaborationDomain" name="test_enum_membership" time="0.000" /><testcase classname="unit.enums.test_enum_collaboration_domain.TestEnumCollaborationDomain" name="test_enum_comparison" time="0.000" /><testcase classname="unit.contracts.test_model_compensation_plan.TestModelCompensationPlan" name="test_validate_plan_dependencies_with_empty_entries" time="0.009" /><testcase classname="unit.enums.test_enum_checkpoint_status.TestEnumCheckpointStatus" name="test_enum_inheritance" time="0.000" /><testcase classname="unit.enums.test_enum_checkpoint_status.TestEnumCheckpointStatus" name="test_enum_string_behavior" time="0.000" /><testcase classname="unit.contracts.test_model_compensation_plan.TestModelCompensationPlan" name="test_validate_plan_dependencies_with_invalid_uuid_string" time="0.001" /><testcase classname="unit.contracts.test_model_compensation_plan.TestModelCompensationPlan" name="test_validate_plan_name_length_constraints" time="0.001" /><testcase classname="unit.contracts.test_model_compensation_plan.TestModelCompensationPlan" name="test_validate_timeout_constraints" time="0.001" /><testcase classname="unit.contracts.test_model_compensation_plan.TestModelCompensationPlan" name="test_validate_retry_constraints" time="0.000" /><testcase classname="unit.contracts.test_model_external_service_config.TestModelExternalServiceConfigFieldValidation" name="test_max_connections_minimum" time="0.002" /><testcase classname="unit.contracts.test_model_compensation_plan.TestModelCompensationPlan" name="test_validate_priority_constraints" time="0.001" /><testcase classname="unit.contracts.test_model_compensation_plan.TestModelCompensationPlan" name="test_validate_delay_constraints" time="0.000" /><testcase classname="unit.contracts.test_model_compensation_plan.TestModelCompensationPlan" name="test_validate_log_level_literal_values" time="0.000" /><testcase classname="unit.contracts.test_model_compensation_plan.TestModelCompensationPlan" name="test_validate_compensation_strategy_enum" time="0.046" /><testcase classname="unit.enums.test_enum_collaboration_domain.TestEnumCollaborationDomain" name="test_enum_docstring" time="0.001" /><testcase classname="unit.enums.test_enum_collaboration_domain.TestEnumCollaborationDomain" name="test_development_domains" time="0.001" /><testcase classname="unit.enums.test_enum_collaboration_domain.TestEnumCollaborationDomain" name="test_quality_assurance_domains" time="0.000" /><testcase classname="unit.enums.test_enum_collaboration_domain.TestEnumCollaborationDomain" name="test_analysis_domains" time="0.000" /><testcase classname="unit.enums.test_enum_collaboration_domain.TestEnumCollaborationDomain" name="test_documentation_domains" time="0.000" /><testcase classname="unit.enums.test_enum_collaboration_domain.TestEnumCollaborationDomain" name="test_project_management_domains" time="0.001" /><testcase classname="unit.enums.test_enum_collection_format.TestEnumCollectionFormat" name="test_enum_values" time="0.000" /><testcase classname="unit.enums.test_enum_collection_format.TestEnumCollectionFormat" name="test_string_representation" time="0.000" /><testcase classname="unit.enums.test_enum_collection_format.TestEnumCollectionFormat" name="test_is_structured_format" time="0.000" /><testcase classname="unit.enums.test_enum_collection_format.TestEnumCollectionFormat" name="test_is_tabular_format" time="0.000" /><testcase classname="unit.enums.test_enum_collection_format.TestEnumCollectionFormat" name="test_is_text_format" time="0.000" /><testcase classname="unit.enums.test_enum_collection_format.TestEnumCollectionFormat" name="test_is_binary_format" time="0.000" /><testcase classname="unit.enums.test_enum_collection_format.TestEnumCollectionFormat" name="test_get_default_extension" time="0.000" /><testcase classname="unit.enums.test_enum_collection_format.TestEnumCollectionFormat" name="test_get_mime_type" time="0.000" /><testcase classname="unit.enums.test_enum_collection_format.TestEnumCollectionFormat" name="test_enum_comparison" time="0.000" /><testcase classname="unit.enums.test_enum_collection_format.TestEnumCollectionFormat" name="test_enum_membership" time="0.000" /><testcase classname="unit.enums.test_enum_collection_format.TestEnumCollectionFormat" name="test_enum_iteration" time="0.000" /><testcase classname="unit.enums.test_enum_collection_format.TestEnumCollectionFormat" name="test_json_serialization" time="0.000" /><testcase classname="unit.enums.test_enum_collection_format.TestEnumCollectionFormat" name="test_pydantic_model_integration" time="0.001" /><testcase classname="unit.enums.test_enum_collection_format.TestEnumCollectionFormat" name="test_enum_uniqueness" time="0.001" /><testcase classname="unit.enums.test_enum_collection_format.TestEnumCollectionFormatOverlaps" name="test_text_and_binary_overlap" time="0.001" /><testcase classname="unit.enums.test_enum_collection_format.TestEnumCollectionFormatOverlaps" name="test_structured_formats_are_text" time="0.000" /><testcase classname="unit.enums.test_enum_collection_format.TestEnumCollectionFormatOverlaps" name="test_tabular_csv_tsv_are_text" time="0.000" /><testcase classname="unit.enums.test_enum_collection_format.TestEnumCollectionFormatEdgeCases" name="test_case_sensitivity" time="0.002" /><testcase classname="unit.enums.test_enum_collection_format.TestEnumCollectionFormatEdgeCases" name="test_whitespace_handling" time="0.001" /><testcase classname="unit.enums.test_enum_collection_format.TestEnumCollectionFormatEdgeCases" name="test_all_formats_have_extensions" time="0.000" /><testcase classname="unit.enums.test_enum_collection_format.TestEnumCollectionFormatEdgeCases" name="test_all_formats_have_mime_types" time="0.001" /><testcase classname="unit.enums.test_enum_comparison_operators.TestEnumComparisonOperators" name="test_enum_values" time="0.000" /><testcase classname="unit.enums.test_enum_comparison_operators.TestEnumComparisonOperators" name="test_enum_inheritance" time="0.000" /><testcase classname="unit.enums.test_enum_comparison_operators.TestEnumComparisonOperators" name="test_enum_string_behavior" time="0.000" /><testcase classname="unit.enums.test_enum_comparison_operators.TestEnumComparisonOperators" name="test_enum_iteration" time="0.000" /><testcase classname="unit.enums.test_enum_comparison_operators.TestEnumComparisonOperators" name="test_enum_membership" time="0.000" /><testcase classname="unit.enums.test_enum_comparison_operators.TestEnumComparisonOperators" name="test_enum_comparison" time="0.000" /><testcase classname="unit.enums.test_enum_comparison_operators.TestEnumComparisonOperators" name="test_enum_serialization" time="0.000" /><testcase classname="unit.enums.test_enum_comparison_operators.TestEnumComparisonOperators" name="test_enum_deserialization" time="0.001" /><testcase classname="unit.contracts.test_model_compensation_plan.TestModelCompensationPlan" name="test_validate_execution_order_enum" time="0.000" /><testcase classname="unit.contracts.test_model_compensation_plan.TestModelCompensationPlan" name="test_complex_compensation_plan_configuration" time="0.000" /><testcase classname="unit.contracts.test_model_compensation_plan.TestModelCompensationPlan" name="test_model_config_validate_assignment" time="0.000" /><testcase classname="unit.contracts.test_model_compensation_plan.TestModelCompensationPlan" name="test_default_values" time="0.000" /><testcase classname="unit.contracts.test_model_contract_base.TestModelContractBase" name="test_valid_construction_minimal_required_fields" time="0.001" /><testcase classname="unit.contracts.test_model_contract_base.TestModelContractBase" name="test_valid_construction_all_fields_populated" time="0.000" /><testcase classname="unit.contracts.test_model_contract_base.TestModelContractBase" name="test_required_field_validation_name" time="0.002" /><testcase classname="unit.contracts.test_model_contract_base.TestModelContractBase" name="test_required_field_validation_description" time="0.001" /><testcase classname="unit.contracts.test_model_contract_base.TestModelContractBase" name="test_input_output_model_validation" time="0.000" /><testcase classname="unit.core.test_model_base_processor.TestModelServiceBaseProcessor" name="test_processor_error_handling" time="0.001" /><testcase classname="unit.contracts.test_model_contract_base.TestModelContractBase" name="test_node_type_enum_validation_valid_enum" time="0.000" /><testcase classname="unit.contracts.test_model_contract_base.TestModelContractBase" name="test_node_type_string_conversion_yaml_support" time="0.000" /><testcase classname="unit.contracts.test_model_contract_base.TestModelContractBase" name="test_node_type_invalid_string_raises_onex_error" time="0.000" /><testcase classname="unit.enums.test_enum_compliance_framework.TestEnumComplianceFramework" name="test_enum_values" time="0.000" /><testcase classname="unit.contracts.test_model_contract_base.TestModelContractBase" name="test_node_type_invalid_type_raises_onex_error" time="0.000" /><testcase classname="unit.enums.test_enum_compliance_framework.TestEnumComplianceFramework" name="test_enum_inheritance" time="0.000" /><testcase classname="unit.enums.test_enum_compliance_framework.TestEnumComplianceFramework" name="test_enum_string_behavior" time="0.000" /><testcase classname="unit.contracts.test_model_contract_base.TestModelContractBase" name="test_dependencies_validation_empty_list" time="0.000" /><testcase classname="unit.enums.test_enum_compliance_framework.TestEnumComplianceFramework" name="test_enum_iteration" time="0.000" /><testcase classname="unit.contracts.test_model_contract_base.TestModelContractBase" name="test_dependencies_validation_valid_model_dependency_list" time="0.000" /><testcase classname="unit.enums.test_enum_compliance_framework.TestEnumComplianceFramework" name="test_enum_membership" time="0.000" /><testcase classname="unit.contracts.test_model_contract_base.TestModelContractBase" name="test_dependencies_validation_dict_yaml_conversion" time="0.000" /><testcase classname="unit.contracts.test_model_contract_base.TestModelContractBase" name="test_dependencies_validation_invalid_type_raises_onex_error" time="0.000" /><testcase classname="unit.enums.test_enum_compliance_framework.TestEnumComplianceFramework" name="test_enum_comparison" time="0.000" /><testcase classname="unit.contracts.test_model_contract_base.TestModelContractBase" name="test_dependencies_validation_string_dependency_security_rejection" time="0.000" /><testcase classname="unit.contracts.test_model_contract_base.TestModelContractBase" name="test_dependencies_memory_safety_limit_enforcement" time="0.000" /><testcase classname="unit.enums.test_enum_compliance_framework.TestEnumComplianceFramework" name="test_enum_serialization" time="0.001" /><testcase classname="unit.contracts.test_model_contract_base.TestModelContractBase" name="test_dependencies_batch_validation_mixed_types" time="0.000" /><testcase classname="unit.contracts.test_model_contract_base.TestModelContractBase" name="test_circular_dependency_detection_direct_self_dependency" time="0.001" /><testcase classname="unit.enums.test_enum_compliance_framework.TestEnumComplianceFramework" name="test_enum_deserialization" time="0.000" /><testcase classname="unit.contracts.test_model_contract_base.TestModelContractBase" name="test_circular_dependency_detection_duplicate_dependencies" time="0.000" /><testcase classname="unit.contracts.test_model_contract_base.TestModelContractBase" name="test_circular_dependency_detection_module_reference" time="0.000" /><testcase classname="unit.enums.test_enum_compliance_framework.TestEnumComplianceFramework" name="test_enum_invalid_value" time="0.000" /><testcase classname="unit.contracts.test_model_contract_base.TestModelContractBase" name="test_dependency_complexity_limit_enforcement" time="0.000" /><testcase classname="unit.enums.test_enum_compliance_framework.TestEnumComplianceFramework" name="test_enum_all_values" time="0.000" /><testcase classname="unit.decorators.test_pattern_exclusions.TestAllowAnyType" name="test_allow_any_type_basic" time="0.001" /><testcase classname="unit.enums.test_enum_config_type.TestEnumConfigTypeIntegration" name="test_enum_membership" time="0.001" /><testcase classname="unit.enums.test_enum_config_type.TestEnumConfigTypeIntegration" name="test_enum_iteration" time="0.000" /><testcase classname="unit.enums.test_enum_config_type.TestEnumConfigTypeIntegration" name="test_json_serialization" time="0.000" /><testcase classname="unit.enums.test_enum_config_type.TestEnumConfigTypeIntegration" name="test_pydantic_integration" time="0.001" /><testcase classname="unit.enums.test_enum_config_type.TestEnumConfigTypeIntegration" name="test_pydantic_serialization" time="0.000" /><testcase classname="unit.enums.test_enum_config_type.TestEnumConfigTypeEdgeCases" name="test_case_sensitivity" time="0.000" /><testcase classname="unit.enums.test_enum_config_type.TestEnumConfigTypeEdgeCases" name="test_invalid_enum_creation" time="0.000" /><testcase classname="unit.enums.test_enum_config_type.TestEnumConfigTypeEdgeCases" name="test_unique_decorator_enforcement" time="0.000" /><testcase classname="unit.enums.test_enum_config_type.TestEnumConfigTypeEdgeCases" name="test_yaml_serialization_compatibility" time="0.002" /><testcase classname="unit.enums.test_enum_config_type.TestEnumConfigTypeComprehensiveScenarios" name="test_config_routing_by_category" time="0.000" /><testcase classname="integration.test_multi_module_workflows.TestEnumModelIntegration" name="test_service_health_with_enum_types" time="0.001" /><testcase classname="integration.test_multi_module_workflows.TestEnumModelIntegration" name="test_enum_value_conversion_in_models" time="0.000" /><testcase classname="integration.test_multi_module_workflows.TestEnumModelIntegration" name="test_enum_validation_in_models" time="0.000" /><testcase classname="integration.test_multi_module_workflows.TestEnumModelIntegration" name="test_multiple_enum_types_coordination" time="0.000" /><testcase classname="integration.test_multi_module_workflows.TestErrorHandlingIntegration" name="test_onex_error_with_service_failure" time="0.000" /><testcase classname="integration.test_multi_module_workflows.TestErrorHandlingIntegration" name="test_validation_error_propagation" time="0.002" /><testcase classname="integration.test_multi_module_workflows.TestErrorHandlingIntegration" name="test_chained_error_handling" time="0.000" /><testcase classname="integration.test_multi_module_workflows.TestSemVerIntegration" name="test_service_with_version_tracking" time="0.000" /><testcase classname="integration.test_multi_module_workflows.TestSemVerIntegration" name="test_version_comparison_in_service_management" time="0.000" /><testcase classname="integration.test_multi_module_workflows.TestDataFlowIntegration" name="test_service_health_data_flow" time="0.000" /><testcase classname="integration.test_multi_module_workflows.TestDataFlowIntegration" name="test_enum_based_workflow_routing" time="0.000" /><testcase classname="integration.test_multi_module_workflows.TestConcurrentOperations" name="test_multiple_service_health_checks" time="0.001" /><testcase classname="integration.test_multi_module_workflows.TestConcurrentOperations" name="test_batch_service_operations" time="0.001" /><testcase classname="integration.test_multi_module_workflows.TestComplexWorkflows" name="test_service_deployment_workflow" time="0.000" /><testcase classname="integration.test_multi_module_workflows.TestComplexWorkflows" name="test_disaster_recovery_workflow" time="0.000" /><testcase classname="integration.test_multi_module_workflows.TestComplexWorkflows" name="test_load_balancing_workflow" time="0.000" /><testcase classname="integration.test_multi_module_workflows.TestStateTransitions" name="test_service_state_lifecycle" time="0.000" /><testcase classname="integration.test_multi_module_workflows.TestStateTransitions" name="test_execution_status_workflow" time="0.000" /><testcase classname="unit.enums.test_enum_complexity_level.TestEnumComplexityLevel" name="test_get_numeric_value" time="0.001" /><testcase classname="unit.enums.test_enum_config_type.TestEnumConfigTypeComprehensiveScenarios" name="test_environment_specific_configs" time="0.000" /><testcase classname="unit.enums.test_enum_config_type.TestEnumConfigTypeComprehensiveScenarios" name="test_config_type_classification_coverage" time="0.000" /><testcase classname="unit.enums.test_enum_conflict_resolution_strategy.TestEnumConflictResolutionStrategy" name="test_enum_values" time="0.001" /><testcase classname="unit.enums.test_enum_conflict_resolution_strategy.TestEnumConflictResolutionStrategy" name="test_enum_inheritance" time="0.000" /><testcase classname="unit.enums.test_enum_conflict_resolution_strategy.TestEnumConflictResolutionStrategy" name="test_enum_string_behavior" time="0.000" /><testcase classname="unit.enums.test_enum_conflict_resolution_strategy.TestEnumConflictResolutionStrategy" name="test_enum_iteration" time="0.000" /><testcase classname="unit.enums.test_enum_conflict_resolution_strategy.TestEnumConflictResolutionStrategy" name="test_enum_membership" time="0.000" /><testcase classname="unit.enums.test_enum_conflict_resolution_strategy.TestEnumConflictResolutionStrategy" name="test_enum_comparison" time="0.000" /><testcase classname="unit.enums.test_enum_conflict_resolution_strategy.TestEnumConflictResolutionStrategy" name="test_enum_serialization" time="0.000" /><testcase classname="unit.enums.test_enum_conflict_resolution_strategy.TestEnumConflictResolutionStrategy" name="test_enum_deserialization" time="0.040" /><testcase classname="unit.enums.test_enum_conflict_resolution_strategy.TestEnumConflictResolutionStrategy" name="test_enum_invalid_value" time="0.000" /><testcase classname="unit.enums.test_enum_conflict_resolution_strategy.TestEnumConflictResolutionStrategy" name="test_enum_all_values" time="0.001" /><testcase classname="unit.enums.test_enum_conflict_resolution_strategy.TestEnumConflictResolutionStrategy" name="test_enum_docstring" time="0.000" /><testcase classname="unit.enums.test_enum_conflict_resolution_strategy.TestEnumConflictResolutionStrategy" name="test_enum_conflict_resolution_strategies" time="0.000" /><testcase classname="unit.enums.test_enum_content_type.TestEnumContentType" name="test_enum_values" time="0.000" /><testcase classname="unit.enums.test_enum_content_type.TestEnumContentType" name="test_enum_inheritance" time="0.000" /><testcase classname="unit.enums.test_enum_content_type.TestEnumContentType" name="test_enum_string_behavior" time="0.000" /><testcase classname="unit.enums.test_enum_complexity_level.TestEnumComplexityLevel" name="test_is_simple" time="0.000" /><testcase classname="unit.enums.test_enum_complexity_level.TestEnumComplexityLevel" name="test_is_complex" time="0.000" /><testcase classname="unit.enums.test_enum_complexity_level.TestEnumComplexityLevel" name="test_complexity_levels_ordering" time="0.000" /><testcase classname="unit.enums.test_enum_checkpoint_status.TestEnumCheckpointStatus" name="test_enum_iteration" time="0.001" /><testcase classname="unit.enums.test_enum_checkpoint_status.TestEnumCheckpointStatus" name="test_enum_membership" time="0.000" /><testcase classname="unit.enums.test_enum_checkpoint_status.TestEnumCheckpointStatus" name="test_enum_comparison" time="0.000" /><testcase classname="unit.enums.test_enum_checkpoint_status.TestEnumCheckpointStatus" name="test_enum_serialization" time="0.000" /><testcase classname="unit.enums.test_enum_checkpoint_status.TestEnumCheckpointStatus" name="test_enum_deserialization" time="0.000" /><testcase classname="unit.enums.test_enum_checkpoint_status.TestEnumCheckpointStatus" name="test_enum_invalid_value" time="0.000" /><testcase classname="unit.enums.test_enum_checkpoint_status.TestEnumCheckpointStatus" name="test_enum_all_values" time="0.000" /><testcase classname="unit.enums.test_enum_checkpoint_status.TestEnumCheckpointStatus" name="test_enum_docstring" time="0.000" /><testcase classname="unit.enums.test_enum_checkpoint_status.TestEnumCheckpointStatus" name="test_enum_checkpoint_lifecycle" time="0.000" /><testcase classname="unit.enums.test_enum_checkpoint_type.TestEnumCheckpointType" name="test_enum_values" time="0.000" /><testcase classname="unit.enums.test_enum_checkpoint_type.TestEnumCheckpointType" name="test_enum_inheritance" time="0.000" /><testcase classname="unit.enums.test_enum_checkpoint_type.TestEnumCheckpointType" name="test_enum_string_behavior" time="0.000" /><testcase classname="unit.enums.test_enum_checkpoint_type.TestEnumCheckpointType" name="test_enum_iteration" time="0.000" /><testcase classname="unit.enums.test_enum_checkpoint_type.TestEnumCheckpointType" name="test_enum_membership" time="0.000" /><testcase classname="unit.enums.test_enum_checkpoint_type.TestEnumCheckpointType" name="test_enum_comparison" time="0.000" /><testcase classname="unit.enums.test_enum_checkpoint_type.TestEnumCheckpointType" name="test_enum_serialization" time="0.000" /><testcase classname="unit.enums.test_enum_checkpoint_type.TestEnumCheckpointType" name="test_enum_deserialization" time="0.000" /><testcase classname="unit.enums.test_enum_checkpoint_type.TestEnumCheckpointType" name="test_enum_invalid_value" time="0.000" /><testcase classname="unit.enums.test_enum_checkpoint_type.TestEnumCheckpointType" name="test_enum_all_values" time="0.000" /><testcase classname="unit.enums.test_enum_checkpoint_type.TestEnumCheckpointType" name="test_enum_docstring" time="0.000" /><testcase classname="unit.enums.test_enum_checkpoint_type.TestEnumCheckpointType" name="test_enum_checkpoint_types" time="0.000" /><testcase classname="unit.enums.test_enum_content_type.TestEnumContentType" name="test_enum_iteration" time="0.000" /><testcase classname="unit.enums.test_enum_content_type.TestEnumContentType" name="test_enum_membership" time="0.000" /><testcase classname="unit.enums.test_enum_content_type.TestEnumContentType" name="test_enum_comparison" time="0.000" /><testcase classname="unit.enums.test_enum_content_type.TestEnumContentType" name="test_enum_serialization" time="0.000" /><testcase classname="unit.enums.test_enum_compliance_framework.TestEnumComplianceFramework" name="test_enum_docstring" time="0.000" /><testcase classname="unit.enums.test_enum_compliance_framework.TestEnumComplianceFramework" name="test_enum_compliance_frameworks" time="0.001" /><testcase classname="unit.enums.test_enum_config_category.TestEnumConfigCategory" name="test_enum_values" time="0.001" /><testcase classname="unit.enums.test_enum_config_category.TestEnumConfigCategory" name="test_string_representation" time="0.000" /><testcase classname="unit.enums.test_enum_config_category.TestEnumConfigCategory" name="test_get_system_categories" time="0.000" /><testcase classname="unit.enums.test_enum_config_category.TestEnumConfigCategory" name="test_get_infrastructure_categories" time="0.000" /><testcase classname="unit.enums.test_enum_config_category.TestEnumConfigCategory" name="test_is_system_category" time="0.000" /><testcase classname="unit.enums.test_enum_config_category.TestEnumConfigCategory" name="test_is_infrastructure_category" time="0.000" /><testcase classname="unit.enums.test_enum_config_category.TestEnumConfigCategory" name="test_enum_comparison" time="0.000" /><testcase classname="unit.enums.test_enum_config_category.TestEnumConfigCategory" name="test_enum_membership" time="0.000" /><testcase classname="unit.enums.test_enum_config_category.TestEnumConfigCategory" name="test_enum_iteration" time="0.000" /><testcase classname="unit.enums.test_enum_config_category.TestEnumConfigCategory" name="test_json_serialization" time="0.000" /><testcase classname="unit.enums.test_enum_config_category.TestEnumConfigCategory" name="test_pydantic_model_integration" time="0.001" /><testcase classname="unit.enums.test_enum_config_category.TestEnumConfigCategory" name="test_enum_uniqueness" time="0.000" /><testcase classname="unit.enums.test_enum_config_category.TestEnumConfigCategory" name="test_category_classification_mutually_exclusive" time="0.000" /><testcase classname="unit.enums.test_enum_config_category.TestEnumConfigCategory" name="test_all_categories_classified" time="0.000" /><testcase classname="unit.enums.test_enum_config_category.TestEnumConfigCategoryEdgeCases" name="test_case_sensitivity" time="0.000" /><testcase classname="unit.enums.test_enum_config_category.TestEnumConfigCategoryEdgeCases" name="test_whitespace_handling" time="0.000" /><testcase classname="unit.enums.test_enum_config_category.TestEnumConfigCategoryEdgeCases" name="test_system_and_infrastructure_categories_disjoint" time="0.000" /><testcase classname="unit.enums.test_enum_config_category.TestEnumConfigCategoryEdgeCases" name="test_helper_methods_return_lists" time="0.000" /><testcase classname="unit.enums.test_enum_config_type.TestEnumConfigType" name="test_enum_values_core" time="0.000" /><testcase classname="unit.enums.test_enum_config_type.TestEnumConfigType" name="test_enum_values_infrastructure" time="0.000" /><testcase classname="unit.enums.test_enum_config_type.TestEnumConfigType" name="test_enum_values_application" time="0.088" /><testcase classname="unit.enums.test_enum_config_type.TestEnumConfigType" name="test_enum_values_data" time="0.001" /><testcase classname="integration.test_rollback_failure_integration.TestRollbackFailureIntegration" name="test_file_operation_rollback_failure_workflow" time="0.002" /><testcase classname="integration.test_rollback_failure_integration.TestRollbackFailureIntegration" name="test_multiple_rollback_failures_tracked_correctly" time="0.002" /><testcase classname="integration.test_rollback_failure_integration.TestRollbackFailureIntegration" name="test_partial_rollback_failure_with_multiple_operations" time="0.001" /><testcase classname="unit.enums.test_enum_comparison_operators.TestEnumComparisonOperators" name="test_enum_invalid_value" time="0.001" /><testcase classname="unit.enums.test_enum_comparison_operators.TestEnumComparisonOperators" name="test_enum_all_values" time="0.000" /><testcase classname="unit.enums.test_enum_comparison_operators.TestEnumComparisonOperators" name="test_enum_docstring" time="0.001" /><testcase classname="unit.enums.test_enum_comparison_operators.TestEnumComparisonOperators" name="test_enum_comparison_operators" time="0.002" /><testcase classname="unit.enums.test_enum_collaboration_domain.TestEnumCollaborationDomain" name="test_enum_serialization" time="0.001" /><testcase classname="unit.enums.test_enum_collaboration_domain.TestEnumCollaborationDomain" name="test_enum_deserialization" time="0.000" /><testcase classname="unit.enums.test_enum_collaboration_domain.TestEnumCollaborationDomain" name="test_enum_invalid_value" time="0.000" /><testcase classname="unit.enums.test_enum_config_type.TestEnumConfigType" name="test_enum_values_environment" time="0.000" /><testcase classname="integration.test_rollback_failure_integration.TestRollbackFailureIntegration" name="test_cleanup_handles_rollback_failures" time="0.002" /><testcase classname="unit.enums.test_enum_content_type.TestEnumContentType" name="test_enum_deserialization" time="0.000" /><testcase classname="unit.enums.test_enum_content_type.TestEnumContentType" name="test_enum_invalid_value" time="0.000" /><testcase classname="unit.enums.test_enum_content_type.TestEnumContentType" name="test_enum_all_values" time="0.000" /><testcase classname="unit.enums.test_enum_content_type.TestEnumContentType" name="test_enum_docstring" time="0.000" /><testcase classname="unit.enums.test_enum_content_type.TestEnumContentType" name="test_enum_content_types" time="0.000" /><testcase classname="unit.enums.test_enum_context_position.TestEnumContextPosition" name="test_enum_values" time="0.000" /><testcase classname="unit.enums.test_enum_context_position.TestEnumContextPosition" name="test_enum_inheritance" time="0.000" /><testcase classname="unit.enums.test_enum_context_position.TestEnumContextPosition" name="test_enum_string_behavior" time="0.000" /><testcase classname="unit.enums.test_enum_context_position.TestEnumContextPosition" name="test_enum_iteration" time="0.000" /><testcase classname="unit.enums.test_enum_config_type.TestEnumConfigType" name="test_enum_values_generic" time="0.000" /><testcase classname="unit.enums.test_enum_config_type.TestEnumConfigType" name="test_string_representation" time="0.000" /><testcase classname="unit.enums.test_enum_config_type.TestEnumConfigTypeCategoryMethods" name="test_is_core_config" time="0.001" /><testcase classname="integration.test_rollback_failure_integration.TestRollbackFailureIntegration" name="test_async_rollback_failure_handling" time="0.003" /><testcase classname="unit.enums.test_enum_context_position.TestEnumContextPosition" name="test_enum_membership" time="0.001" /><testcase classname="unit.enums.test_enum_config_type.TestEnumConfigTypeCategoryMethods" name="test_is_infrastructure_config" time="0.000" /><testcase classname="unit.enums.test_enum_context_position.TestEnumContextPosition" name="test_enum_comparison" time="0.001" /><testcase classname="unit.enums.test_enum_config_type.TestEnumConfigTypeCategoryMethods" name="test_is_application_config" time="0.000" /><testcase classname="unit.enums.test_enum_config_type.TestEnumConfigTypeCategoryMethods" name="test_is_data_config" time="0.000" /><testcase classname="unit.enums.test_enum_config_type.TestEnumConfigTypeCategoryMethods" name="test_is_environment_config" time="0.000" /><testcase classname="integration.test_rollback_failure_integration.TestRollbackFailureIntegration" name="test_rollback_failure_metrics_accumulation" time="0.003" /><testcase classname="unit.enums.test_enum_config_type.TestEnumConfigTypeCategoryMethods" name="test_category_mutual_exclusivity" time="0.001" /><testcase classname="integration.test_service_orchestration.TestServiceHealthLifecycle" name="test_healthy_service_creation_and_analysis" time="0.001" /><testcase classname="integration.test_service_orchestration.TestServiceHealthLifecycle" name="test_error_service_creation_and_analysis" time="0.000" /><testcase classname="unit.enums.test_enum_cli_context_value_type.TestEnumCliContextValueType" name="test_enum_inheritance" time="0.001" /><testcase classname="integration.test_service_orchestration.TestServiceHealthLifecycle" name="test_timeout_service_creation_and_analysis" time="0.000" /><testcase classname="integration.test_service_orchestration.TestServiceHealthLifecycle" name="test_service_degradation_scenario" time="0.000" /><testcase classname="integration.test_service_orchestration.TestServiceSecurityAnalysis" name="test_secure_connection_analysis" time="0.000" /><testcase classname="integration.test_service_orchestration.TestServiceSecurityAnalysis" name="test_security_recommendations" time="0.001" /><testcase classname="unit.enums.test_enum_cli_context_value_type.TestEnumCliContextValueType" name="test_enum_values" time="0.001" /><testcase classname="unit.enums.test_enum_cli_context_value_type.TestEnumCliContextValueType" name="test_enum_string_behavior" time="0.000" /><testcase classname="unit.enums.test_enum_cli_context_value_type.TestEnumCliContextValueType" name="test_enum_iteration" time="0.000" /><testcase classname="integration.test_service_orchestration.TestServiceSecurityAnalysis" name="test_credential_masking_detection" time="0.000" /><testcase classname="unit.enums.test_enum_cli_context_value_type.TestEnumCliContextValueType" name="test_enum_membership" time="0.000" /><testcase classname="unit.enums.test_enum_cli_context_value_type.TestEnumCliContextValueType" name="test_enum_comparison" time="0.000" /><testcase classname="unit.enums.test_enum_cli_context_value_type.TestEnumCliContextValueType" name="test_enum_serialization" time="0.000" /><testcase classname="unit.enums.test_enum_cli_context_value_type.TestEnumCliContextValueType" name="test_enum_deserialization" time="0.000" /><testcase classname="unit.enums.test_enum_cli_context_value_type.TestEnumCliContextValueType" name="test_enum_invalid_value" time="0.000" /><testcase classname="unit.enums.test_enum_cli_context_value_type.TestEnumCliContextValueType" name="test_enum_all_values" time="0.000" /><testcase classname="unit.enums.test_enum_compensation_strategy.TestEnumCompensationStrategy" name="test_enum_values" time="0.001" /><testcase classname="unit.enums.test_enum_compensation_strategy.TestEnumCompensationStrategy" name="test_string_inheritance" time="0.001" /><testcase classname="unit.enums.test_enum_compensation_strategy.TestEnumCompensationStrategy" name="test_string_representation" time="0.000" /><testcase classname="unit.enums.test_enum_compensation_strategy.TestEnumCompensationStrategy" name="test_is_backward_looking" time="0.000" /><testcase classname="unit.enums.test_enum_compensation_strategy.TestEnumCompensationStrategy" name="test_is_forward_looking" time="0.001" /><testcase classname="unit.enums.test_enum_compensation_strategy.TestEnumCompensationStrategy" name="test_is_complex_strategy" time="0.000" /><testcase classname="unit.core.test_type_constraints.TestMetadataProviderProtocol" name="test_is_metadata_provider_with_valid_object" time="0.000" /><testcase classname="unit.enums.test_enum_context_position.TestEnumContextPosition" name="test_enum_deserialization" time="0.000" /><testcase classname="unit.enums.test_enum_context_position.TestEnumContextPosition" name="test_enum_invalid_value" time="0.000" /><testcase classname="unit.enums.test_enum_context_position.TestEnumContextPosition" name="test_enum_all_values" time="0.000" /><testcase classname="unit.enums.test_enum_context_position.TestEnumContextPosition" name="test_enum_docstring" time="0.000" /><testcase classname="unit.enums.test_enum_context_position.TestEnumContextPosition" name="test_enum_context_positions" time="0.000" /><testcase classname="unit.enums.test_enum_context_types.TestEnumContextTypes" name="test_enum_values" time="0.000" /><testcase classname="unit.enums.test_enum_context_types.TestEnumContextTypes" name="test_enum_inheritance" time="0.000" /><testcase classname="unit.enums.test_enum_context_types.TestEnumContextTypes" name="test_enum_string_behavior" time="0.000" /><testcase classname="unit.enums.test_enum_context_types.TestEnumContextTypes" name="test_enum_iteration" time="0.000" /><testcase classname="unit.enums.test_enum_context_types.TestEnumContextTypes" name="test_enum_membership" time="0.000" /><testcase classname="unit.enums.test_enum_context_types.TestEnumContextTypes" name="test_enum_comparison" time="0.000" /><testcase classname="unit.enums.test_enum_context_types.TestEnumContextTypes" name="test_enum_serialization" time="0.000" /><testcase classname="unit.enums.test_enum_context_types.TestEnumContextTypes" name="test_enum_deserialization" time="0.000" /><testcase classname="unit.enums.test_enum_context_types.TestEnumContextTypes" name="test_enum_invalid_value" time="0.000" /><testcase classname="unit.enums.test_enum_context_types.TestEnumContextTypes" name="test_enum_all_values" time="0.000" /><testcase classname="unit.enums.test_enum_context_types.TestEnumContextTypes" name="test_enum_docstring" time="0.000" /><testcase classname="unit.enums.test_enum_context_types.TestEnumContextTypes" name="test_enum_context_types" time="0.000" /><testcase classname="unit.enums.test_enum_conversation_status.TestEnumConversationStatus" name="test_enum_values" time="0.000" /><testcase classname="unit.enums.test_enum_conversation_status.TestEnumConversationStatus" name="test_enum_inheritance" time="0.000" /><testcase classname="unit.enums.test_enum_conversation_status.TestEnumConversationStatus" name="test_enum_string_behavior" time="0.000" /><testcase classname="unit.enums.test_enum_conversation_status.TestEnumConversationStatus" name="test_enum_iteration" time="0.000" /><testcase classname="unit.enums.test_enum_conversation_status.TestEnumConversationStatus" name="test_enum_membership" time="0.000" /><testcase classname="unit.enums.test_enum_conversation_status.TestEnumConversationStatus" name="test_enum_comparison" time="0.000" /><testcase classname="unit.enums.test_enum_conversation_status.TestEnumConversationStatus" name="test_enum_serialization" time="0.000" /><testcase classname="unit.enums.test_enum_conversation_status.TestEnumConversationStatus" name="test_enum_deserialization" time="0.000" /><testcase classname="unit.enums.test_enum_conversation_status.TestEnumConversationStatus" name="test_enum_invalid_value" time="0.000" /><testcase classname="unit.enums.test_enum_conversation_status.TestEnumConversationStatus" name="test_enum_all_values" time="0.000" /><testcase classname="unit.enums.test_enum_conversation_status.TestEnumConversationStatus" name="test_enum_docstring" time="0.000" /><testcase classname="unit.enums.test_enum_conversation_status.TestEnumConversationStatus" name="test_enum_conversation_lifecycle" time="0.000" /><testcase classname="unit.enums.test_enum_coordination_tool_names.TestEnumCoordinationToolNames" name="test_enum_values" time="0.000" /><testcase classname="unit.enums.test_enum_coordination_tool_names.TestEnumCoordinationToolNames" name="test_enum_inheritance" time="0.000" /><testcase classname="unit.enums.test_enum_coordination_tool_names.TestEnumCoordinationToolNames" name="test_enum_string_behavior" time="0.000" /><testcase classname="unit.enums.test_enum_coordination_tool_names.TestEnumCoordinationToolNames" name="test_enum_iteration" time="0.000" /><testcase classname="unit.enums.test_enum_coordination_tool_names.TestEnumCoordinationToolNames" name="test_enum_membership" time="0.000" /><testcase classname="unit.enums.test_enum_coordination_tool_names.TestEnumCoordinationToolNames" name="test_enum_comparison" time="0.000" /><testcase classname="unit.enums.test_enum_coordination_tool_names.TestEnumCoordinationToolNames" name="test_enum_serialization" time="0.000" /><testcase classname="unit.enums.test_enum_coordination_tool_names.TestEnumCoordinationToolNames" name="test_enum_deserialization" time="0.000" /><testcase classname="unit.enums.test_enum_coordination_tool_names.TestEnumCoordinationToolNames" name="test_enum_invalid_value" time="0.000" /><testcase classname="unit.enums.test_enum_coordination_tool_names.TestEnumCoordinationToolNames" name="test_enum_all_values" time="0.001" /><testcase classname="unit.enums.test_enum_coordination_tool_names.TestEnumCoordinationToolNames" name="test_enum_docstring" time="0.000" /><testcase classname="unit.enums.test_enum_coordination_tool_names.TestEnumCoordinationToolNames" name="test_enum_coordination_tools" time="0.000" /><testcase classname="unit.discovery.test_mixin_discovery.TestMixinDiscovery" name="test_get_mixins_by_category" time="0.601" /><testcase classname="integration.test_service_orchestration.TestServicePerformanceAnalysis" name="test_performance_category_classification" time="0.001" /><testcase classname="integration.test_service_orchestration.TestServicePerformanceAnalysis" name="test_performance_concerning_threshold" time="0.001" /><testcase classname="integration.test_service_orchestration.TestServicePerformanceAnalysis" name="test_human_readable_metrics" time="0.000" /><testcase classname="integration.test_service_orchestration.TestServiceBusinessImpact" name="test_business_impact_critical_service" time="0.001" /><testcase classname="integration.test_service_orchestration.TestServiceBusinessImpact" name="test_business_impact_healthy_service" time="0.001" /><testcase classname="integration.test_service_orchestration.TestServiceModelIntegration" name="test_service_creation_with_metadata" time="0.000" /><testcase classname="integration.test_service_orchestration.TestServiceModelIntegration" name="test_service_immutability" time="0.000" /><testcase classname="integration.test_service_orchestration.TestServiceModelIntegration" name="test_service_and_health_coordination" time="0.000" /><testcase classname="integration.test_service_orchestration.TestServiceValidationIntegration" name="test_service_name_validation" time="0.000" /><testcase classname="integration.test_service_orchestration.TestServiceValidationIntegration" name="test_connection_string_validation_and_masking" time="0.000" /><testcase classname="integration.test_service_orchestration.TestServiceValidationIntegration" name="test_endpoint_url_validation" time="0.000" /><testcase classname="integration.test_service_orchestration.TestServiceValidationIntegration" name="test_port_range_validation" time="0.000" /><testcase classname="integration.test_service_orchestration.TestEndToEndServiceWorkflow" name="test_service_monitoring_workflow" time="0.000" /><testcase classname="integration.test_validation_integration.TestValidationIntegration" name="test_all_validators_pass_clean_repository" time="1.324" /><testcase classname="unit.contracts.test_model_contract_base.TestModelContractBase" name="test_protocol_interface_validation" time="0.003" /><testcase classname="unit.enums.test_enum_data_source_type.TestEnumDataSourceType" name="test_enum_docstring" time="0.001" /><testcase classname="unit.enums.test_enum_data_source_type.TestEnumDataSourceType" name="test_enum_data_source_types" time="0.000" /><testcase classname="unit.enums.test_enum_data_type.TestEnumDataType" name="test_enum_values" time="0.000" /><testcase classname="unit.enums.test_enum_data_type.TestEnumDataType" name="test_string_representation" time="0.000" /><testcase classname="unit.enums.test_enum_data_type.TestEnumDataType" name="test_is_structured" time="0.000" /><testcase classname="unit.enums.test_enum_data_type.TestEnumDataType" name="test_is_text_based" time="0.000" /><testcase classname="unit.enums.test_enum_data_type.TestEnumDataType" name="test_supports_schema" time="0.000" /><testcase classname="unit.enums.test_enum_data_type.TestEnumDataType" name="test_data_type_categorization_logic" time="0.000" /><testcase classname="unit.enums.test_enum_data_type.TestEnumDataType" name="test_enum_equality" time="0.000" /><testcase classname="unit.enums.test_enum_data_type.TestEnumDataType" name="test_enum_membership" time="0.000" /><testcase classname="unit.enums.test_enum_data_type.TestEnumDataType" name="test_enum_iteration" time="0.000" /><testcase classname="unit.enums.test_enum_data_type.TestEnumDataType" name="test_json_serialization" time="0.000" /><testcase classname="unit.enums.test_enum_data_type.TestEnumDataType" name="test_pydantic_integration" time="0.001" /><testcase classname="unit.enums.test_enum_data_type.TestEnumDataType" name="test_pydantic_serialization" time="0.000" /><testcase classname="unit.enums.test_enum_data_type.TestEnumDataType" name="test_edge_cases" time="0.000" /><testcase classname="unit.enums.test_enum_data_type.TestEnumDataType" name="test_comprehensive_data_processing_scenarios" time="0.000" /><testcase classname="unit.enums.test_enum_data_type.TestEnumDataType" name="test_yaml_serialization_compatibility" time="0.001" /><testcase classname="unit.enums.test_enum_data_type.TestEnumDataType" name="test_case_sensitivity_handling" time="0.000" /><testcase classname="unit.enums.test_enum_data_type.TestEnumDataType" name="test_format_specific_logic" time="0.000" /><testcase classname="unit.enums.test_enum_debug_level.TestEnumDebugLevel" name="test_enum_values" time="0.000" /><testcase classname="unit.enums.test_enum_debug_level.TestEnumDebugLevel" name="test_string_representation" time="0.000" /><testcase classname="unit.enums.test_enum_debug_level.TestEnumDebugLevel" name="test_get_verbosity_order" time="0.000" /><testcase classname="unit.enums.test_enum_debug_level.TestEnumDebugLevel" name="test_get_severity_order" time="0.000" /><testcase classname="unit.enums.test_enum_debug_level.TestEnumDebugLevel" name="test_is_more_verbose_than" time="0.000" /><testcase classname="unit.enums.test_enum_debug_level.TestEnumDebugLevel" name="test_includes_level" time="0.000" /><testcase classname="unit.enums.test_enum_debug_level.TestEnumDebugLevel" name="test_verbosity_ordering_consistency" time="0.000" /><testcase classname="unit.enums.test_enum_debug_level.TestEnumDebugLevel" name="test_enum_equality" time="0.000" /><testcase classname="unit.enums.test_enum_debug_level.TestEnumDebugLevel" name="test_enum_membership" time="0.000" /><testcase classname="unit.enums.test_enum_debug_level.TestEnumDebugLevel" name="test_enum_iteration" time="0.000" /><testcase classname="unit.enums.test_enum_debug_level.TestEnumDebugLevel" name="test_json_serialization" time="0.000" /><testcase classname="unit.enums.test_enum_debug_level.TestEnumDebugLevel" name="test_pydantic_integration" time="0.000" /><testcase classname="unit.enums.test_enum_debug_level.TestEnumDebugLevel" name="test_pydantic_serialization" time="0.000" /><testcase classname="unit.enums.test_enum_debug_level.TestEnumDebugLevel" name="test_edge_cases" time="0.000" /><testcase classname="unit.enums.test_enum_debug_level.TestEnumDebugLevel" name="test_comprehensive_debug_scenarios" time="0.000" /><testcase classname="unit.enums.test_enum_debug_level.TestEnumDebugLevel" name="test_level_inclusion_transitivity" time="0.001" /><testcase classname="unit.enums.test_enum_debug_level.TestEnumDebugLevel" name="test_yaml_serialization_compatibility" time="0.001" /><testcase classname="unit.enums.test_enum_debug_level.TestEnumDebugLevel" name="test_logging_level_mapping" time="0.000" /><testcase classname="unit.enums.test_enum_delivery_mode.TestEnumDeliveryMode" name="test_enum_values" time="0.000" /><testcase classname="unit.enums.test_enum_delivery_mode.TestEnumDeliveryMode" name="test_enum_inheritance" time="0.000" /><testcase classname="unit.enums.test_enum_delivery_mode.TestEnumDeliveryMode" name="test_enum_string_behavior" time="0.000" /><testcase classname="unit.enums.test_enum_collaboration_domain.TestEnumCollaborationDomain" name="test_enum_all_values" time="0.000" /><testcase classname="unit.enums.test_enum_device_type.TestEnumDeviceStatus" name="test_enum_values" time="0.001" /><testcase classname="unit.enums.test_enum_device_type.TestEnumDeviceStatus" name="test_status_states" time="0.000" /><testcase classname="unit.enums.test_enum_device_type.TestEnumDeviceStatus" name="test_pydantic_integration" time="0.000" /><testcase classname="unit.enums.test_enum_device_type.TestEnumAgentHealth" name="test_enum_values" time="0.000" /><testcase classname="unit.enums.test_enum_device_type.TestEnumAgentHealth" name="test_health_severity_levels" time="0.000" /><testcase classname="unit.enums.test_enum_device_type.TestEnumAgentHealth" name="test_enum_iteration" time="0.000" /><testcase classname="unit.enums.test_enum_cell_type.TestEnumCellType" name="test_pydantic_serialization" time="0.001" /><testcase classname="unit.enums.test_enum_device_type.TestEnumPriority" name="test_enum_values" time="0.000" /><testcase classname="unit.enums.test_enum_device_type.TestEnumPriority" name="test_priority_ordering" time="0.000" /><testcase classname="unit.enums.test_enum_device_type.TestEnumPriority" name="test_pydantic_serialization" time="0.001" /><testcase classname="unit.enums.test_enum_device_type.TestEnumRoutingStrategy" name="test_enum_values" time="0.001" /><testcase classname="unit.enums.test_enum_device_type.TestEnumRoutingStrategy" name="test_routing_strategies" time="0.000" /><testcase classname="unit.enums.test_enum_device_type.TestEnumRoutingStrategy" name="test_enum_iteration" time="0.000" /><testcase classname="unit.enums.test_enum_delivery_mode.TestEnumDeliveryMode" name="test_enum_membership" time="0.001" /><testcase classname="unit.enums.test_enum_delivery_mode.TestEnumDeliveryMode" name="test_enum_comparison" time="0.000" /><testcase classname="unit.enums.test_enum_delivery_mode.TestEnumDeliveryMode" name="test_enum_serialization" time="0.000" /><testcase classname="unit.enums.test_enum_delivery_mode.TestEnumDeliveryMode" name="test_enum_deserialization" time="0.000" /><testcase classname="unit.enums.test_enum_delivery_mode.TestEnumDeliveryMode" name="test_enum_invalid_value" time="0.000" /><testcase classname="unit.enums.test_enum_device_type.TestDeviceEnumsIntegration" name="test_comprehensive_device_model" time="0.002" /><testcase classname="unit.enums.test_enum_device_type.TestDeviceEnumsIntegration" name="test_device_status_health_correlation" time="0.000" /><testcase classname="unit.enums.test_enum_device_type.TestDeviceEnumsIntegration" name="test_json_serialization_all_enums" time="0.000" /><testcase classname="unit.enums.test_enum_device_type.TestDeviceEnumsIntegration" name="test_yaml_serialization_all_enums" time="0.001" /><testcase classname="unit.enums.test_enum_device_type.TestDeviceEnumsEdgeCases" name="test_all_enums_inherit_from_str" time="0.000" /><testcase classname="unit.enums.test_enum_device_type.TestDeviceEnumsEdgeCases" name="test_no_duplicate_values_in_any_enum" time="0.000" /><testcase classname="unit.enums.test_enum_device_type.TestDeviceEnumsEdgeCases" name="test_case_sensitivity_all_enums" time="0.000" /><testcase classname="unit.enums.test_enum_device_type.TestDeviceEnumsEdgeCases" name="test_unknown_values_present" time="0.000" /><testcase classname="unit.enums.test_enum_device_type.TestDeviceEnumsComprehensiveScenarios" name="test_cloud_deployment_scenario" time="0.000" /><testcase classname="unit.enums.test_enum_device_type.TestDeviceEnumsComprehensiveScenarios" name="test_edge_device_scenario" time="0.000" /><testcase classname="unit.enums.test_enum_device_type.TestDeviceEnumsComprehensiveScenarios" name="test_maintenance_scenario" time="0.000" /><testcase classname="unit.enums.test_enum_device_type.TestDeviceEnumsComprehensiveScenarios" name="test_routing_strategy_selection" time="0.000" /><testcase classname="unit.enums.test_enum_discovery_status.TestEnumDiscoveryStatus" name="test_enum_values" time="0.000" /><testcase classname="unit.enums.test_enum_discovery_status.TestEnumDiscoveryStatus" name="test_enum_inheritance" time="0.000" /><testcase classname="unit.enums.test_enum_discovery_status.TestEnumDiscoveryStatus" name="test_enum_string_behavior" time="0.000" /><testcase classname="unit.enums.test_enum_discovery_status.TestEnumDiscoveryStatus" name="test_enum_iteration" time="0.000" /><testcase classname="unit.enums.test_enum_discovery_status.TestEnumDiscoveryStatus" name="test_enum_membership" time="0.000" /><testcase classname="unit.enums.test_enum_discovery_status.TestEnumDiscoveryStatus" name="test_enum_comparison" time="0.000" /><testcase classname="unit.enums.test_enum_delivery_mode.TestEnumDeliveryMode" name="test_enum_all_values" time="0.000" /><testcase classname="unit.enums.test_enum_delivery_mode.TestEnumDeliveryMode" name="test_enum_docstring" time="0.000" /><testcase classname="unit.enums.test_enum_delivery_mode.TestEnumDeliveryMode" name="test_enum_delivery_modes" time="0.000" /><testcase classname="unit.enums.test_enum_dependency_mode.TestEnumDependencyMode" name="test_enum_values" time="0.000" /><testcase classname="unit.enums.test_enum_dependency_mode.TestEnumDependencyMode" name="test_enum_inheritance" time="0.000" /><testcase classname="unit.enums.test_enum_dependency_mode.TestEnumDependencyMode" name="test_enum_string_behavior" time="0.000" /><testcase classname="unit.enums.test_enum_dependency_mode.TestEnumDependencyMode" name="test_enum_iteration" time="0.000" /><testcase classname="unit.enums.test_enum_dependency_mode.TestEnumDependencyMode" name="test_enum_membership" time="0.000" /><testcase classname="unit.enums.test_enum_dependency_mode.TestEnumDependencyMode" name="test_enum_comparison" time="0.000" /><testcase classname="unit.enums.test_enum_dependency_mode.TestEnumDependencyMode" name="test_enum_serialization" time="0.000" /><testcase classname="unit.enums.test_enum_dependency_mode.TestEnumDependencyMode" name="test_enum_deserialization" time="0.000" /><testcase classname="unit.enums.test_enum_dependency_mode.TestEnumDependencyMode" name="test_enum_invalid_value" time="0.000" /><testcase classname="unit.enums.test_enum_dependency_mode.TestEnumDependencyMode" name="test_enum_all_values" time="0.000" /><testcase classname="unit.enums.test_enum_dependency_mode.TestEnumDependencyMode" name="test_enum_docstring" time="0.000" /><testcase classname="unit.enums.test_enum_dependency_mode.TestEnumDependencyMode" name="test_is_real_method" time="0.000" /><testcase classname="unit.enums.test_enum_dependency_mode.TestEnumDependencyMode" name="test_is_mock_method" time="0.000" /><testcase classname="unit.enums.test_enum_dependency_mode.TestEnumDependencyMode" name="test_enum_dependency_modes" time="0.000" /><testcase classname="unit.enums.test_enum_detection_method.TestEnumDetectionMethod" name="test_enum_values" time="0.000" /><testcase classname="unit.enums.test_enum_detection_method.TestEnumDetectionMethod" name="test_enum_inheritance" time="0.001" /><testcase classname="unit.enums.test_enum_detection_method.TestEnumDetectionMethod" name="test_enum_string_behavior" time="0.000" /><testcase classname="unit.enums.test_enum_detection_method.TestEnumDetectionMethod" name="test_enum_iteration" time="0.001" /><testcase classname="unit.enums.test_enum_detection_method.TestEnumDetectionMethod" name="test_enum_membership" time="0.001" /><testcase classname="unit.enums.test_enum_detection_method.TestEnumDetectionMethod" name="test_enum_comparison" time="0.000" /><testcase classname="unit.enums.test_enum_detection_method.TestEnumDetectionMethod" name="test_enum_serialization" time="0.000" /><testcase classname="unit.enums.test_enum_detection_method.TestEnumDetectionMethod" name="test_enum_deserialization" time="0.000" /><testcase classname="unit.enums.test_enum_detection_method.TestEnumDetectionMethod" name="test_enum_invalid_value" time="0.000" /><testcase classname="unit.enums.test_enum_detection_method.TestEnumDetectionMethod" name="test_enum_all_values" time="0.000" /><testcase classname="unit.enums.test_enum_detection_method.TestEnumDetectionMethod" name="test_enum_docstring" time="0.000" /><testcase classname="unit.enums.test_enum_detection_method.TestEnumDetectionMethod" name="test_enum_detection_methods" time="0.000" /><testcase classname="unit.enums.test_enum_discovery_status.TestEnumDiscoveryStatus" name="test_enum_serialization" time="0.000" /><testcase classname="unit.enums.test_enum_device_type.TestEnumDeviceType" name="test_enum_values" time="0.001" /><testcase classname="unit.enums.test_enum_device_type.TestEnumDeviceType" name="test_device_categories" time="0.000" /><testcase classname="unit.enums.test_enum_device_type.TestEnumDeviceType" name="test_pydantic_integration" time="0.001" /><testcase classname="unit.enums.test_enum_device_type.TestEnumDeviceLocation" name="test_enum_values" time="0.000" /><testcase classname="unit.enums.test_enum_device_type.TestEnumDeviceLocation" name="test_location_types" time="0.002" /><testcase classname="unit.enums.test_enum_discovery_status.TestEnumDiscoveryStatus" name="test_enum_deserialization" time="0.000" /><testcase classname="unit.enums.test_enum_discovery_status.TestEnumDiscoveryStatus" name="test_enum_invalid_value" time="0.000" /><testcase classname="unit.enums.test_enum_discovery_status.TestEnumDiscoveryStatus" name="test_enum_all_values" time="0.000" /><testcase classname="unit.enums.test_enum_discovery_status.TestEnumDiscoveryStatus" name="test_enum_docstring" time="0.000" /><testcase classname="unit.enums.test_enum_discovery_status.TestEnumDiscoveryStatus" name="test_enum_discovery_statuses" time="0.000" /><testcase classname="unit.enums.test_enum_document_freshness_actions.TestEnumDocumentFreshnessActions" name="test_enum_values" time="0.000" /><testcase classname="unit.enums.test_enum_document_freshness_actions.TestEnumDocumentFreshnessActions" name="test_string_equality" time="0.000" /><testcase classname="unit.enums.test_enum_complexity_level.TestEnumComplexityLevel" name="test_complexity_classification" time="0.001" /><testcase classname="unit.enums.test_enum_document_freshness_actions.TestEnumDocumentFreshnessActions" name="test_pydantic_integration" time="0.001" /><testcase classname="unit.enums.test_enum_document_freshness_actions.TestEnumDocumentFreshnessRiskLevel" name="test_enum_values" time="0.000" /><testcase classname="unit.enums.test_enum_document_freshness_actions.TestEnumDocumentFreshnessRiskLevel" name="test_risk_level_ordering" time="0.000" /><testcase classname="unit.enums.test_enum_document_freshness_actions.TestEnumDocumentFreshnessRiskLevel" name="test_pydantic_integration" time="0.001" /><testcase classname="unit.enums.test_enum_document_freshness_actions.TestEnumDocumentFreshnessStatus" name="test_enum_values" time="0.000" /><testcase classname="unit.enums.test_enum_document_freshness_actions.TestEnumDocumentFreshnessStatus" name="test_status_states" time="0.000" /><testcase classname="unit.enums.test_enum_document_freshness_actions.TestEnumDocumentFreshnessStatus" name="test_json_serialization" time="0.000" /><testcase classname="unit.enums.test_enum_document_freshness_actions.TestEnumDocumentType" name="test_enum_values" time="0.000" /><testcase classname="unit.enums.test_enum_document_freshness_actions.TestEnumDocumentType" name="test_document_type_classification" time="0.000" /><testcase classname="unit.enums.test_enum_document_freshness_actions.TestEnumDocumentType" name="test_pydantic_integration" time="0.001" /><testcase classname="unit.enums.test_enum_document_freshness_actions.TestEnumRecommendationType" name="test_enum_values" time="0.000" /><testcase classname="unit.enums.test_enum_document_freshness_actions.TestEnumRecommendationType" name="test_recommendation_types" time="0.000" /><testcase classname="unit.enums.test_enum_document_freshness_actions.TestEnumRecommendationType" name="test_enum_iteration" time="0.000" /><testcase classname="unit.enums.test_enum_document_freshness_actions.TestEnumRecommendationPriority" name="test_enum_values" time="0.000" /><testcase classname="unit.enums.test_enum_document_freshness_actions.TestEnumRecommendationPriority" name="test_priority_ordering" time="0.000" /><testcase classname="unit.enums.test_enum_document_freshness_actions.TestEnumRecommendationPriority" name="test_pydantic_serialization" time="0.000" /><testcase classname="unit.enums.test_enum_document_freshness_actions.TestEnumEstimatedEffort" name="test_enum_values" time="0.000" /><testcase classname="unit.enums.test_enum_document_freshness_actions.TestEnumEstimatedEffort" name="test_effort_levels" time="0.000" /><testcase classname="unit.enums.test_enum_document_freshness_actions.TestEnumEstimatedEffort" name="test_string_equality" time="0.000" /><testcase classname="unit.enums.test_enum_document_freshness_actions.TestEnumDependencyRelationship" name="test_enum_values" time="0.001" /><testcase classname="unit.enums.test_enum_document_freshness_actions.TestEnumDependencyRelationship" name="test_relationship_types" time="0.000" /><testcase classname="unit.enums.test_enum_document_freshness_actions.TestEnumDependencyRelationship" name="test_pydantic_integration" time="0.001" /><testcase classname="unit.enums.test_enum_cli_context_value_type.TestEnumCliContextValueType" name="test_enum_docstring" time="0.001" /><testcase classname="unit.enums.test_enum_document_freshness_errors.TestEnumDocumentFreshnessErrors" name="test_enum_serialization" time="0.000" /><testcase classname="unit.enums.test_enum_document_freshness_errors.TestEnumDocumentFreshnessErrors" name="test_enum_deserialization" time="0.000" /><testcase classname="unit.enums.test_enum_document_freshness_errors.TestEnumDocumentFreshnessErrors" name="test_enum_invalid_value" time="0.000" /><testcase classname="unit.enums.test_enum_document_freshness_errors.TestEnumDocumentFreshnessErrors" name="test_enum_all_values" time="0.000" /><testcase classname="unit.enums.test_enum_document_freshness_errors.TestEnumDocumentFreshnessErrors" name="test_enum_docstring" time="0.000" /><testcase classname="unit.enums.test_enum_document_freshness_errors.TestEnumDocumentFreshnessErrors" name="test_enum_error_categories" time="0.000" /><testcase classname="unit.enums.test_enum_documentation_quality.TestEnumDocumentationQuality" name="test_enum_values" time="0.000" /><testcase classname="unit.enums.test_enum_documentation_quality.TestEnumDocumentationQuality" name="test_str_representation" time="0.000" /><testcase classname="unit.enums.test_enum_documentation_quality.TestEnumDocumentationQuality" name="test_enum_uniqueness" time="0.000" /><testcase classname="unit.enums.test_enum_documentation_quality.TestEnumDocumentationQuality" name="test_enum_members_count" time="0.000" /><testcase classname="unit.enums.test_enum_documentation_quality.TestNumericScore" name="test_all_quality_levels_have_scores" time="0.000" /><testcase classname="unit.enums.test_enum_documentation_quality.TestNumericScore" name="test_none_and_missing_score_zero" time="0.000" /><testcase classname="unit.enums.test_enum_documentation_quality.TestNumericScore" name="test_poor_score" time="0.000" /><testcase classname="unit.enums.test_enum_compensation_strategy.TestEnumCompensationStrategy" name="test_is_single_approach_strategy" time="0.001" /><testcase classname="unit.enums.test_enum_documentation_quality.TestNumericScore" name="test_minimal_score" time="0.000" /><testcase classname="unit.enums.test_enum_document_freshness_actions.TestEnumOutputFormat" name="test_enum_values" time="0.000" /><testcase classname="unit.enums.test_enum_documentation_quality.TestNumericScore" name="test_incomplete_score" time="0.000" /><testcase classname="unit.enums.test_enum_document_freshness_actions.TestEnumOutputFormat" name="test_format_types" time="0.000" /><testcase classname="unit.enums.test_enum_document_freshness_actions.TestEnumOutputFormat" name="test_enum_iteration" time="0.000" /><testcase classname="unit.enums.test_enum_document_freshness_actions.TestDocumentFreshnessEnumsIntegration" name="test_comprehensive_document_analysis_model" time="0.001" /><testcase classname="unit.enums.test_enum_document_freshness_actions.TestDocumentFreshnessEnumsIntegration" name="test_risk_and_priority_alignment" time="0.000" /><testcase classname="unit.enums.test_enum_document_freshness_actions.TestDocumentFreshnessEnumsIntegration" name="test_json_serialization_all_enums" time="0.000" /><testcase classname="unit.enums.test_enum_document_freshness_actions.TestDocumentFreshnessEnumsIntegration" name="test_yaml_serialization_all_enums" time="0.001" /><testcase classname="unit.enums.test_enum_document_freshness_actions.TestDocumentFreshnessEnumsEdgeCases" name="test_all_enums_inherit_from_str" time="0.000" /><testcase classname="unit.enums.test_enum_document_freshness_actions.TestDocumentFreshnessEnumsEdgeCases" name="test_no_duplicate_values_in_any_enum" time="0.000" /><testcase classname="unit.enums.test_enum_document_freshness_actions.TestDocumentFreshnessEnumsEdgeCases" name="test_case_sensitivity_all_enums" time="0.000" /><testcase classname="unit.enums.test_enum_document_freshness_errors.TestEnumDocumentFreshnessErrors" name="test_enum_values" time="0.000" /><testcase classname="unit.enums.test_enum_document_freshness_errors.TestEnumDocumentFreshnessErrors" name="test_enum_inheritance" time="0.000" /><testcase classname="unit.enums.test_enum_document_freshness_errors.TestEnumDocumentFreshnessErrors" name="test_enum_string_behavior" time="0.000" /><testcase classname="unit.enums.test_enum_documentation_quality.TestImprovementSuggestion" name="test_outdated_suggestion" time="0.001" /><testcase classname="unit.enums.test_enum_documentation_quality.TestNumericScore" name="test_basic_score" time="0.000" /><testcase classname="unit.enums.test_enum_documentation_quality.TestNumericScore" name="test_adequate_score" time="0.000" /><testcase classname="unit.enums.test_enum_documentation_quality.TestNumericScore" name="test_outdated_score" time="0.000" /><testcase classname="unit.enums.test_enum_documentation_quality.TestNumericScore" name="test_good_score" time="0.000" /><testcase classname="unit.enums.test_enum_documentation_quality.TestNumericScore" name="test_comprehensive_score" time="0.000" /><testcase classname="unit.enums.test_enum_documentation_quality.TestNumericScore" name="test_excellent_score" time="0.000" /><testcase classname="unit.enums.test_enum_documentation_quality.TestNumericScore" name="test_outstanding_score" time="0.000" /><testcase classname="unit.enums.test_enum_documentation_quality.TestImprovementSuggestion" name="test_adequate_suggestion" time="0.000" /><testcase classname="unit.enums.test_enum_documentation_quality.TestNumericScore" name="test_unknown_score" time="0.000" /><testcase classname="unit.enums.test_enum_documentation_quality.TestImprovementSuggestion" name="test_good_suggestion" time="0.000" /><testcase classname="unit.enums.test_enum_documentation_quality.TestImprovementSuggestion" name="test_comprehensive_suggestion" time="0.000" /><testcase classname="unit.enums.test_enum_documentation_quality.TestNumericScore" name="test_score_ordering" time="0.000" /><testcase classname="unit.enums.test_enum_documentation_quality.TestIsAcceptable" name="test_acceptable_quality_levels" time="0.000" /><testcase classname="unit.enums.test_enum_documentation_quality.TestImprovementSuggestion" name="test_excellent_suggestion" time="0.000" /><testcase classname="unit.enums.test_enum_documentation_quality.TestIsAcceptable" name="test_unacceptable_quality_levels" time="0.000" /><testcase classname="unit.enums.test_enum_documentation_quality.TestNeedsImprovement" name="test_quality_needing_improvement" time="0.000" /><testcase classname="unit.enums.test_enum_documentation_quality.TestImprovementSuggestion" name="test_outstanding_suggestion" time="0.000" /><testcase classname="unit.enums.test_enum_documentation_quality.TestImprovementSuggestion" name="test_unknown_suggestion" time="0.000" /><testcase classname="unit.enums.test_enum_documentation_quality.TestFromScore" name="test_score_zero_maps_to_none" time="0.000" /><testcase classname="unit.enums.test_enum_documentation_quality.TestNeedsImprovement" name="test_quality_not_needing_improvement" time="0.000" /><testcase classname="unit.enums.test_enum_documentation_quality.TestIsHighQuality" name="test_high_quality_levels" time="0.000" /><testcase classname="unit.enums.test_enum_documentation_quality.TestIsHighQuality" name="test_not_high_quality_levels" time="0.000" /><testcase classname="unit.enums.test_enum_documentation_quality.TestImprovementSuggestion" name="test_all_qualities_have_suggestions" time="0.000" /><testcase classname="unit.enums.test_enum_documentation_quality.TestFromScore" name="test_negative_score_maps_to_none" time="0.000" /><testcase classname="unit.enums.test_enum_documentation_quality.TestFromScore" name="test_score_one_maps_to_poor" time="0.000" /><testcase classname="unit.enums.test_enum_documentation_quality.TestImprovementSuggestion" name="test_none_suggestion" time="0.000" /><testcase classname="unit.enums.test_enum_documentation_quality.TestImprovementSuggestion" name="test_missing_suggestion" time="0.000" /><testcase classname="unit.enums.test_enum_documentation_quality.TestImprovementSuggestion" name="test_poor_suggestion" time="0.000" /><testcase classname="unit.enums.test_enum_documentation_quality.TestImprovementSuggestion" name="test_minimal_suggestion" time="0.000" /><testcase classname="unit.enums.test_enum_documentation_quality.TestImprovementSuggestion" name="test_basic_suggestion" time="0.000" /><testcase classname="unit.enums.test_enum_documentation_quality.TestFromScore" name="test_score_two_maps_to_minimal" time="0.000" /><testcase classname="unit.enums.test_enum_documentation_quality.TestFromScore" name="test_score_three_maps_to_basic" time="0.000" /><testcase classname="unit.enums.test_enum_documentation_quality.TestFromScore" name="test_score_four_maps_to_adequate" time="0.000" /><testcase classname="unit.enums.test_enum_documentation_quality.TestFromScore" name="test_score_five_to_six_maps_to_good" time="0.000" /><testcase classname="unit.enums.test_enum_documentation_quality.TestFromScore" name="test_score_seven_to_eight_maps_to_comprehensive" time="0.000" /><testcase classname="unit.enums.test_enum_documentation_quality.TestFromScore" name="test_score_nine_maps_to_excellent" time="0.000" /><testcase classname="unit.enums.test_enum_documentation_quality.TestFromScore" name="test_score_ten_plus_maps_to_outstanding" time="0.000" /><testcase classname="unit.enums.test_enum_documentation_quality.TestFromScore" name="test_score_round_trip" time="0.000" /><testcase classname="unit.enums.test_enum_documentation_quality.TestEnumIntegration" name="test_quality_classification_consistency" time="0.000" /><testcase classname="unit.enums.test_enum_documentation_quality.TestEnumIntegration" name="test_poor_quality_characteristics" time="0.000" /><testcase classname="unit.enums.test_enum_documentation_quality.TestEnumIntegration" name="test_enum_serialization" time="0.000" /><testcase classname="unit.enums.test_enum_documentation_quality.TestEnumIntegration" name="test_enum_from_value" time="0.000" /><testcase classname="unit.enums.test_enum_documentation_quality.TestEnumIntegration" name="test_invalid_value_raises_error" time="0.000" /><testcase classname="unit.enums.test_enum_documentation_quality.TestEnumIntegration" name="test_pydantic_integration" time="0.000" /><testcase classname="unit.enums.test_enum_documentation_quality.TestEnumIntegration" name="test_json_serialization" time="0.000" /><testcase classname="unit.enums.test_enum_documentation_quality.TestEnumIntegration" name="test_enum_comparison" time="0.000" /><testcase classname="unit.enums.test_enum_documentation_quality.TestEnumIntegration" name="test_enum_in_collection" time="0.000" /><testcase classname="unit.enums.test_enum_documentation_quality.TestEnumIntegration" name="test_enum_as_dict_key" time="0.000" /><testcase classname="unit.enums.test_enum_documentation_quality.TestEnumIntegration" name="test_score_based_workflow" time="0.000" /><testcase classname="unit.enums.test_enum_edit_mode.TestEnumEditMode" name="test_enum_inheritance" time="0.000" /><testcase classname="unit.enums.test_enum_document_freshness_errors.TestEnumDocumentFreshnessErrors" name="test_enum_iteration" time="0.020" /><testcase classname="unit.enums.test_enum_edit_mode.TestEnumEditMode" name="test_enum_values" time="0.008" /><testcase classname="unit.enums.test_enum_document_freshness_errors.TestEnumDocumentFreshnessErrors" name="test_enum_membership" time="0.000" /><testcase classname="unit.enums.test_enum_edit_mode.TestEnumEditMode" name="test_enum_string_behavior" time="0.000" /><testcase classname="unit.enums.test_enum_edit_mode.TestEnumEditMode" name="test_enum_iteration" time="0.000" /><testcase classname="unit.enums.test_enum_edit_mode.TestEnumEditMode" name="test_enum_membership" time="0.000" /><testcase classname="unit.enums.test_enum_edit_mode.TestEnumEditMode" name="test_enum_comparison" time="0.000" /><testcase classname="unit.enums.test_enum_edit_mode.TestEnumEditMode" name="test_enum_serialization" time="0.000" /><testcase classname="unit.discovery.test_mixin_discovery.TestMixinDiscovery" name="test_get_mixins_by_nonexistent_category" time="0.509" /><testcase classname="unit.enums.test_enum_context_position.TestEnumContextPosition" name="test_enum_serialization" time="0.000" /><testcase classname="unit.enums.test_enum_edit_mode.TestEnumEditMode" name="test_enum_invalid_value" time="0.000" /><testcase classname="unit.enums.test_enum_edit_mode.TestEnumEditMode" name="test_enum_all_values" time="0.000" /><testcase classname="unit.enums.test_enum_edit_mode.TestEnumEditMode" name="test_enum_docstring" time="0.000" /><testcase classname="unit.enums.test_enum_edit_mode.TestEnumEditMode" name="test_enum_unique_decorator" time="0.000" /><testcase classname="unit.enums.test_enum_edit_mode.TestEnumEditMode" name="test_str_method" time="0.000" /><testcase classname="unit.enums.test_enum_edit_mode.TestEnumEditMode" name="test_is_destructive" time="0.000" /><testcase classname="unit.enums.test_enum_edit_mode.TestEnumEditMode" name="test_is_additive" time="0.000" /><testcase classname="unit.enums.test_enum_edit_mode.TestEnumEditMode" name="test_requires_content" time="0.000" /><testcase classname="unit.enums.test_enum_edit_mode.TestEnumEditMode" name="test_requires_target" time="0.000" /><testcase classname="unit.enums.test_enum_edit_mode.TestEnumEditMode" name="test_changes_structure" time="0.000" /><testcase classname="unit.enums.test_enum_edit_mode.TestEnumEditMode" name="test_get_operation_description" time="0.000" /><testcase classname="unit.enums.test_enum_edit_mode.TestEnumEditMode" name="test_get_required_parameters" time="0.000" /><testcase classname="unit.enums.test_enum_edit_mode.TestEnumEditMode" name="test_edit_mode_classification" time="0.000" /><testcase classname="unit.enums.test_enum_edit_mode.TestEnumEditMode" name="test_edit_mode_workflow" time="0.000" /><testcase classname="unit.enums.test_enum_enforcement_mode.TestEnumEnforcementMode" name="test_enum_values" time="0.001" /><testcase classname="unit.enums.test_enum_enforcement_mode.TestEnumEnforcementMode" name="test_enum_inheritance" time="0.000" /><testcase classname="unit.enums.test_enum_enforcement_mode.TestEnumEnforcementMode" name="test_enum_string_behavior" time="0.001" /><testcase classname="unit.enums.test_enum_enforcement_mode.TestEnumEnforcementMode" name="test_enum_iteration" time="0.000" /><testcase classname="unit.enums.test_enum_enforcement_mode.TestEnumEnforcementMode" name="test_enum_membership" time="0.000" /><testcase classname="unit.enums.test_enum_enforcement_mode.TestEnumEnforcementMode" name="test_enum_comparison" time="0.000" /><testcase classname="unit.enums.test_enum_enforcement_mode.TestEnumEnforcementMode" name="test_enum_serialization" time="0.000" /><testcase classname="unit.enums.test_enum_enforcement_mode.TestEnumEnforcementMode" name="test_enum_deserialization" time="0.000" /><testcase classname="unit.enums.test_enum_enforcement_mode.TestEnumEnforcementMode" name="test_enum_invalid_values" time="0.000" /><testcase classname="unit.enums.test_enum_enforcement_mode.TestEnumEnforcementMode" name="test_enum_all_values" time="0.000" /><testcase classname="unit.enums.test_enum_enforcement_mode.TestEnumEnforcementMode" name="test_enum_docstring" time="0.000" /><testcase classname="unit.enums.test_enum_enforcement_mode.TestEnumEnforcementMode" name="test_is_blocking_method" time="0.000" /><testcase classname="unit.enums.test_enum_enforcement_mode.TestEnumEnforcementMode" name="test_allows_overrun_method" time="0.000" /><testcase classname="unit.enums.test_enum_enforcement_mode.TestEnumEnforcementMode" name="test_provides_warnings_method" time="0.000" /><testcase classname="unit.enums.test_enum_entity_type.TestEnumEntityType" name="test_enum_values" time="0.000" /><testcase classname="unit.enums.test_enum_entity_type.TestEnumEntityType" name="test_enum_inheritance" time="0.000" /><testcase classname="unit.enums.test_enum_entity_type.TestEnumEntityType" name="test_enum_string_behavior" time="0.000" /><testcase classname="unit.enums.test_enum_entity_type.TestEnumEntityType" name="test_enum_iteration" time="0.000" /><testcase classname="unit.enums.test_enum_entity_type.TestEnumEntityType" name="test_enum_membership" time="0.000" /><testcase classname="unit.enums.test_enum_entity_type.TestEnumEntityType" name="test_enum_comparison" time="0.000" /><testcase classname="unit.enums.test_enum_entity_type.TestEnumEntityType" name="test_enum_serialization" time="0.000" /><testcase classname="unit.enums.test_enum_config_type.TestEnumConfigTypeIntegration" name="test_enum_equality" time="0.000" /><testcase classname="unit.enums.test_enum_entity_type.TestEnumEntityType" name="test_enum_invalid_value" time="0.000" /><testcase classname="unit.enums.test_enum_entity_type.TestEnumEntityType" name="test_enum_all_values" time="0.000" /><testcase classname="unit.enums.test_enum_entity_type.TestEnumEntityType" name="test_enum_docstring" time="0.000" /><testcase classname="unit.enums.test_enum_entity_type.TestEnumEntityType" name="test_enum_str_method" time="0.000" /><testcase classname="unit.enums.test_enum_entity_type.TestEnumEntityType" name="test_is_code_entity_class_method" time="0.000" /><testcase classname="unit.enums.test_enum_entity_type.TestEnumEntityType" name="test_is_data_entity_class_method" time="0.000" /><testcase classname="unit.enums.test_enum_entity_type.TestEnumEntityType" name="test_is_system_entity_class_method" time="0.000" /><testcase classname="unit.enums.test_enum_entity_type.TestEnumEntityType" name="test_is_infrastructure_entity_class_method" time="0.000" /><testcase classname="unit.enums.test_enum_entity_type.TestEnumEntityType" name="test_entity_categorization_completeness" time="0.000" /><testcase classname="unit.enums.test_enum_entity_type.TestEnumEntityType" name="test_entity_categorization_exclusivity" time="0.000" /><testcase classname="unit.enums.test_enum_environment.TestEnumEnvironment" name="test_enum_values" time="0.001" /><testcase classname="unit.enums.test_enum_environment.TestEnumEnvironment" name="test_string_representation" time="0.000" /><testcase classname="unit.enums.test_enum_environment.TestEnumEnvironment" name="test_is_production_like" time="0.000" /><testcase classname="unit.enums.test_enum_environment.TestEnumEnvironment" name="test_is_development_like" time="0.000" /><testcase classname="unit.enums.test_enum_environment.TestEnumEnvironment" name="test_allows_debugging" time="0.000" /><testcase classname="unit.enums.test_enum_environment.TestEnumEnvironment" name="test_requires_security_hardening" time="0.000" /><testcase classname="unit.enums.test_enum_environment.TestEnumEnvironment" name="test_get_log_level" time="0.000" /><testcase classname="unit.enums.test_enum_environment.TestEnumEnvironment" name="test_get_default_environment" time="0.000" /><testcase classname="unit.enums.test_enum_environment.TestEnumEnvironment" name="test_enum_equality" time="0.000" /><testcase classname="unit.enums.test_enum_environment.TestEnumEnvironment" name="test_enum_membership" time="0.000" /><testcase classname="unit.enums.test_enum_environment.TestEnumEnvironment" name="test_enum_iteration" time="0.000" /><testcase classname="unit.enums.test_enum_environment.TestEnumEnvironment" name="test_json_serialization" time="0.000" /><testcase classname="unit.enums.test_enum_environment.TestEnumEnvironment" name="test_pydantic_integration" time="0.000" /><testcase classname="unit.enums.test_enum_environment.TestEnumEnvironment" name="test_pydantic_serialization" time="0.000" /><testcase classname="unit.enums.test_enum_environment.TestEnumEnvironment" name="test_edge_cases" time="0.000" /><testcase classname="unit.enums.test_enum_environment.TestEnumEnvironment" name="test_environment_classification_consistency" time="0.000" /><testcase classname="unit.enums.test_enum_environment.TestEnumEnvironment" name="test_comprehensive_environment_scenarios" time="0.000" /><testcase classname="unit.enums.test_enum_environment.TestEnumEnvironment" name="test_yaml_serialization_compatibility" time="0.001" /><testcase classname="unit.enums.test_enum_environment.TestEnumEnvironment" name="test_environment_ordering_consistency" time="0.000" /><testcase classname="unit.enums.test_enum_error_category.TestEnumErrorCategory" name="test_enum_values" time="0.000" /><testcase classname="unit.enums.test_enum_error_category.TestEnumErrorCategory" name="test_enum_inheritance" time="0.000" /><testcase classname="unit.enums.test_enum_error_category.TestEnumErrorCategory" name="test_enum_string_behavior" time="0.000" /><testcase classname="unit.enums.test_enum_error_category.TestEnumErrorCategory" name="test_enum_iteration" time="0.000" /><testcase classname="unit.enums.test_enum_error_category.TestEnumErrorCategory" name="test_enum_membership" time="0.000" /><testcase classname="unit.enums.test_enum_daemon_action_type.TestEnumDaemonActionType" name="test_enum_values" time="0.001" /><testcase classname="unit.enums.test_enum_execution_status.TestEnumExecutionStatus" name="test_enum_iteration" time="0.000" /><testcase classname="unit.enums.test_enum_execution_status.TestEnumExecutionStatus" name="test_json_serialization" time="0.001" /><testcase classname="unit.enums.test_enum_execution_status.TestEnumExecutionStatus" name="test_pydantic_integration" time="0.001" /><testcase classname="unit.enums.test_enum_execution_status.TestEnumExecutionStatus" name="test_pydantic_serialization" time="0.001" /><testcase classname="unit.enums.test_enum_execution_status.TestEnumExecutionStatus" name="test_execution_lifecycle_logic" time="0.000" /><testcase classname="unit.enums.test_enum_execution_status.TestEnumExecutionStatus" name="test_success_status_logic" time="0.000" /><testcase classname="unit.enums.test_enum_execution_status.TestEnumExecutionStatus" name="test_failure_categorization" time="0.000" /><testcase classname="unit.enums.test_enum_execution_status.TestEnumExecutionStatus" name="test_edge_cases" time="0.000" /><testcase classname="unit.enums.test_enum_execution_status.TestEnumExecutionStatus" name="test_comprehensive_execution_scenarios" time="0.000" /><testcase classname="unit.enums.test_enum_execution_status.TestEnumExecutionStatus" name="test_yaml_serialization_compatibility" time="0.001" /><testcase classname="unit.enums.test_enum_execution_status.TestEnumExecutionStatus" name="test_status_progression_validation" time="0.000" /><testcase classname="unit.enums.test_enum_field_type.TestEnumFieldType" name="test_enum_values" time="0.000" /><testcase classname="unit.enums.test_enum_field_type.TestEnumFieldType" name="test_enum_inheritance" time="0.000" /><testcase classname="unit.enums.test_enum_field_type.TestEnumFieldType" name="test_enum_string_behavior" time="0.000" /><testcase classname="unit.enums.test_enum_field_type.TestEnumFieldType" name="test_enum_iteration" time="0.000" /><testcase classname="unit.enums.test_enum_field_type.TestEnumFieldType" name="test_enum_membership" time="0.000" /><testcase classname="unit.enums.test_enum_field_type.TestEnumFieldType" name="test_enum_comparison" time="0.000" /><testcase classname="unit.enums.test_enum_field_type.TestEnumFieldType" name="test_enum_serialization" time="0.000" /><testcase classname="unit.enums.test_enum_field_type.TestEnumFieldType" name="test_enum_deserialization" time="0.000" /><testcase classname="unit.enums.test_enum_field_type.TestEnumFieldType" name="test_enum_invalid_value" time="0.000" /><testcase classname="unit.enums.test_enum_field_type.TestEnumFieldType" name="test_enum_all_values" time="0.000" /><testcase classname="unit.enums.test_enum_field_type.TestEnumFieldType" name="test_enum_docstring" time="0.000" /><testcase classname="unit.enums.test_enum_field_type.TestEnumFieldType" name="test_enum_unique_decorator" time="0.000" /><testcase classname="unit.enums.test_enum_field_type.TestEnumFieldType" name="test_enum_str_method" time="0.000" /><testcase classname="unit.enums.test_enum_field_type.TestEnumFieldType" name="test_from_string_direct_mapping" time="0.000" /><testcase classname="unit.enums.test_enum_field_type.TestEnumFieldType" name="test_from_string_aliases" time="0.000" /><testcase classname="unit.enums.test_enum_field_type.TestEnumFieldType" name="test_from_string_case_insensitive" time="0.000" /><testcase classname="unit.enums.test_enum_field_type.TestEnumFieldType" name="test_from_string_fallback" time="0.000" /><testcase classname="unit.enums.test_enum_field_type.TestEnumFieldType" name="test_is_optional_property" time="0.000" /><testcase classname="unit.enums.test_enum_field_type.TestEnumFieldType" name="test_base_type_property" time="0.000" /><testcase classname="unit.enums.test_enum_field_type.TestEnumFieldType" name="test_field_type_categories" time="0.000" /><testcase classname="unit.enums.test_enum_file_event_type.TestEnumFileEventType" name="test_enum_values" time="0.000" /><testcase classname="unit.enums.test_enum_file_event_type.TestEnumFileEventType" name="test_enum_inheritance" time="0.000" /><testcase classname="unit.enums.test_enum_delivery_mode.TestEnumDeliveryMode" name="test_enum_iteration" time="0.000" /><testcase classname="unit.enums.test_enum_file_event_type.TestEnumFileEventType" name="test_enum_iteration" time="0.000" /><testcase classname="unit.enums.test_enum_file_event_type.TestEnumFileEventType" name="test_enum_membership" time="0.000" /><testcase classname="unit.enums.test_enum_file_event_type.TestEnumFileEventType" name="test_enum_comparison" time="0.000" /><testcase classname="unit.enums.test_enum_file_event_type.TestEnumFileEventType" name="test_enum_serialization" time="0.000" /><testcase classname="unit.enums.test_enum_file_event_type.TestEnumFileEventType" name="test_enum_deserialization" time="0.000" /><testcase classname="unit.enums.test_enum_file_event_type.TestEnumFileEventType" name="test_enum_invalid_values" time="0.000" /><testcase classname="unit.enums.test_enum_file_event_type.TestEnumFileEventType" name="test_enum_all_values" time="0.000" /><testcase classname="unit.enums.test_enum_file_event_type.TestEnumFileEventType" name="test_enum_docstring" time="0.000" /><testcase classname="unit.enums.test_enum_file_processing_mode.TestEnumFileProcessingMode" name="test_enum_values" time="0.000" /><testcase classname="unit.enums.test_enum_file_processing_mode.TestEnumFileProcessingMode" name="test_enum_inheritance" time="0.000" /><testcase classname="unit.enums.test_enum_file_processing_mode.TestEnumFileProcessingMode" name="test_enum_string_behavior" time="0.000" /><testcase classname="unit.enums.test_enum_file_processing_mode.TestEnumFileProcessingMode" name="test_enum_iteration" time="0.000" /><testcase classname="unit.enums.test_enum_file_processing_mode.TestEnumFileProcessingMode" name="test_enum_membership" time="0.000" /><testcase classname="unit.enums.test_enum_file_processing_mode.TestEnumFileProcessingMode" name="test_enum_comparison" time="0.000" /><testcase classname="unit.enums.test_enum_file_processing_mode.TestEnumFileProcessingMode" name="test_enum_serialization" time="0.000" /><testcase classname="unit.enums.test_enum_file_processing_mode.TestEnumFileProcessingMode" name="test_enum_deserialization" time="0.000" /><testcase classname="unit.enums.test_enum_file_processing_mode.TestEnumFileProcessingMode" name="test_enum_invalid_values" time="0.000" /><testcase classname="unit.enums.test_enum_file_processing_mode.TestEnumFileProcessingMode" name="test_enum_all_values" time="0.000" /><testcase classname="unit.enums.test_enum_file_processing_mode.TestEnumFileProcessingMode" name="test_enum_docstring" time="0.000" /><testcase classname="unit.enums.test_enum_file_stamp_status.TestEnumFileStampStatus" name="test_enum_values" time="0.000" /><testcase classname="unit.enums.test_enum_file_stamp_status.TestEnumFileStampStatus" name="test_enum_inheritance" time="0.000" /><testcase classname="unit.enums.test_enum_file_stamp_status.TestEnumFileStampStatus" name="test_enum_string_behavior" time="0.000" /><testcase classname="unit.enums.test_enum_file_stamp_status.TestEnumFileStampStatus" name="test_enum_iteration" time="0.000" /><testcase classname="unit.enums.test_enum_file_stamp_status.TestEnumFileStampStatus" name="test_enum_membership" time="0.000" /><testcase classname="unit.enums.test_enum_file_stamp_status.TestEnumFileStampStatus" name="test_enum_comparison" time="0.000" /><testcase classname="unit.enums.test_enum_file_stamp_status.TestEnumFileStampStatus" name="test_enum_serialization" time="0.000" /><testcase classname="unit.enums.test_enum_file_stamp_status.TestEnumFileStampStatus" name="test_enum_deserialization" time="0.000" /><testcase classname="unit.enums.test_enum_file_stamp_status.TestEnumFileStampStatus" name="test_enum_invalid_values" time="0.000" /><testcase classname="unit.enums.test_enum_file_stamp_status.TestEnumFileStampStatus" name="test_enum_all_values" time="0.000" /><testcase classname="unit.enums.test_enum_file_stamp_status.TestEnumFileStampStatus" name="test_enum_docstring" time="0.001" /><testcase classname="unit.enums.test_enum_file_status.TestEnumFileStatus" name="test_enum_values" time="0.000" /><testcase classname="unit.enums.test_enum_file_status.TestEnumFileStatus" name="test_enum_inheritance" time="0.000" /><testcase classname="unit.enums.test_enum_document_freshness_actions.TestEnumDocumentFreshnessActions" name="test_enum_iteration" time="0.001" /><testcase classname="unit.enums.test_enum_file_status.TestEnumFileStatus" name="test_enum_iteration" time="0.000" /><testcase classname="unit.enums.test_enum_file_status.TestEnumFileStatus" name="test_enum_membership" time="0.000" /><testcase classname="unit.enums.test_enum_file_status.TestEnumFileStatus" name="test_enum_comparison" time="0.000" /><testcase classname="unit.enums.test_enum_file_status.TestEnumFileStatus" name="test_enum_serialization" time="0.000" /><testcase classname="unit.enums.test_enum_file_status.TestEnumFileStatus" name="test_enum_deserialization" time="0.000" /><testcase classname="unit.enums.test_enum_file_status.TestEnumFileStatus" name="test_enum_invalid_value" time="0.000" /><testcase classname="unit.enums.test_enum_file_status.TestEnumFileStatus" name="test_enum_all_values" time="0.000" /><testcase classname="unit.enums.test_enum_file_status.TestEnumFileStatus" name="test_enum_docstring" time="0.000" /><testcase classname="unit.enums.test_enum_file_status.TestEnumFileStatus" name="test_enum_status_categories" time="0.000" /><testcase classname="unit.enums.test_enum_file_status.TestEnumFileStatus" name="test_enum_workflow_progression" time="0.000" /><testcase classname="unit.enums.test_enum_file_type.TestEnumFileType" name="test_enum_values" time="0.000" /><testcase classname="unit.enums.test_enum_file_type.TestEnumFileType" name="test_enum_inheritance" time="0.000" /><testcase classname="unit.enums.test_enum_file_type.TestEnumFileType" name="test_enum_string_behavior" time="0.000" /><testcase classname="unit.enums.test_enum_file_type.TestEnumFileType" name="test_enum_iteration" time="0.000" /><testcase classname="unit.enums.test_enum_file_type.TestEnumFileType" name="test_enum_membership" time="0.000" /><testcase classname="unit.enums.test_enum_file_type.TestEnumFileType" name="test_enum_comparison" time="0.000" /><testcase classname="unit.enums.test_enum_file_type.TestEnumFileType" name="test_enum_serialization" time="0.000" /><testcase classname="unit.enums.test_enum_file_type.TestEnumFileType" name="test_enum_deserialization" time="0.000" /><testcase classname="unit.enums.test_enum_file_type.TestEnumFileType" name="test_enum_invalid_value" time="0.000" /><testcase classname="unit.enums.test_enum_file_type.TestEnumFileType" name="test_enum_all_values" time="0.000" /><testcase classname="unit.enums.test_enum_file_type.TestEnumFileType" name="test_enum_str_method" time="0.000" /><testcase classname="unit.enums.test_enum_file_type.TestEnumFileType" name="test_enum_file_categories" time="0.000" /><testcase classname="unit.enums.test_enum_file_type.TestEnumFileType" name="test_enum_common_extensions" time="0.000" /><testcase classname="unit.enums.test_enum_file_type.TestEnumFileType" name="test_enum_workflow_usage" time="0.000" /><testcase classname="unit.enums.test_enum_device_type.TestEnumDeviceLocation" name="test_enum_iteration" time="0.001" /><testcase classname="unit.enums.test_enum_filter_type.TestEnumFilterType" name="test_invalid_enum_value_raises_error" time="0.001" /><testcase classname="unit.enums.test_enum_filter_type.TestEnumFilterType" name="test_enum_inherits_from_str_and_enum" time="0.000" /><testcase classname="unit.enums.test_enum_filter_type.TestEnumFilterType" name="test_enum_values_exist" time="0.000" /><testcase classname="unit.enums.test_enum_filter_type.TestEnumFilterType" name="test_enum_string_values" time="0.000" /><testcase classname="unit.enums.test_enum_filter_type.TestEnumFilterType" name="test_enum_can_be_created_from_string" time="0.000" /><testcase classname="unit.enums.test_enum_filter_type.TestEnumFilterType" name="test_enum_string_comparison" time="0.000" /><testcase classname="unit.enums.test_enum_filter_type.TestEnumFilterType" name="test_enum_member_count" time="0.000" /><testcase classname="unit.enums.test_enum_filter_type.TestEnumFilterType" name="test_enum_member_uniqueness" time="0.000" /><testcase classname="unit.enums.test_enum_filter_type.TestEnumFilterType" name="test_enum_in_operator" time="0.001" /><testcase classname="unit.enums.test_enum_filter_type.TestEnumFilterType" name="test_enum_hash_consistency" time="0.000" /><testcase classname="unit.enums.test_enum_filter_type.TestEnumFilterType" name="test_enum_repr" time="0.000" /><testcase classname="unit.enums.test_enum_filter_type.TestEnumFilterType" name="test_enum_with_pydantic_compatibility" time="0.002" /><testcase classname="unit.enums.test_enum_filter_type.TestEnumFilterType" name="test_filter_type_semantic_grouping" time="0.001" /><testcase classname="unit.enums.test_enum_filter_type.TestEnumFilterType" name="test_enum_case_sensitivity" time="0.000" /><testcase classname="unit.enums.test_enum_filter_type.TestEnumFilterType" name="test_enum_serialization_json_compatible" time="0.000" /><testcase classname="unit.enums.test_enum_filter_type.TestEnumFilterTypeEdgeCases" name="test_enum_with_none_value" time="0.000" /><testcase classname="unit.enums.test_enum_filter_type.TestEnumFilterTypeEdgeCases" name="test_enum_with_empty_string" time="0.000" /><testcase classname="unit.enums.test_enum_filter_type.TestEnumFilterTypeEdgeCases" name="test_enum_with_whitespace" time="0.000" /><testcase classname="unit.enums.test_enum_filter_type.TestEnumFilterTypeEdgeCases" name="test_enum_pickling" time="0.001" /><testcase classname="unit.enums.test_enum_finish_reason.TestEnumFinishReason" name="test_enum_values" time="0.000" /><testcase classname="unit.enums.test_enum_finish_reason.TestEnumFinishReason" name="test_enum_inheritance" time="0.000" /><testcase classname="unit.enums.test_enum_finish_reason.TestEnumFinishReason" name="test_enum_string_behavior" time="0.000" /><testcase classname="unit.enums.test_enum_finish_reason.TestEnumFinishReason" name="test_enum_iteration" time="0.000" /><testcase classname="unit.enums.test_enum_finish_reason.TestEnumFinishReason" name="test_enum_membership" time="0.000" /><testcase classname="unit.enums.test_enum_finish_reason.TestEnumFinishReason" name="test_enum_comparison" time="0.000" /><testcase classname="unit.enums.test_enum_finish_reason.TestEnumFinishReason" name="test_enum_serialization" time="0.000" /><testcase classname="unit.enums.test_enum_finish_reason.TestEnumFinishReason" name="test_enum_deserialization" time="0.000" /><testcase classname="unit.enums.test_enum_finish_reason.TestEnumFinishReason" name="test_enum_invalid_values" time="0.001" /><testcase classname="integration.test_validation_integration.TestEndToEndWorkflows" name="test_refactoring_workflow_with_validation" time="0.486" /><testcase classname="unit.enums.test_enum_finish_reason.TestEnumFinishReason" name="test_enum_all_values" time="0.001" /><testcase classname="unit.enums.test_enum_finish_reason.TestEnumFinishReason" name="test_enum_docstring" time="0.000" /><testcase classname="unit.enums.test_enum_general_status.TestEnumGeneralStatus" name="test_enum_values" time="0.000" /><testcase classname="unit.enums.test_enum_general_status.TestEnumGeneralStatus" name="test_enum_inheritance" time="0.000" /><testcase classname="unit.enums.test_enum_general_status.TestEnumGeneralStatus" name="test_enum_string_behavior" time="0.000" /><testcase classname="unit.enums.test_enum_general_status.TestEnumGeneralStatus" name="test_enum_iteration" time="0.000" /><testcase classname="unit.enums.test_enum_general_status.TestEnumGeneralStatus" name="test_enum_membership" time="0.000" /><testcase classname="unit.enums.test_enum_general_status.TestEnumGeneralStatus" name="test_enum_comparison" time="0.000" /><testcase classname="unit.enums.test_enum_general_status.TestEnumGeneralStatus" name="test_enum_serialization" time="0.000" /><testcase classname="unit.enums.test_enum_general_status.TestEnumGeneralStatus" name="test_enum_deserialization" time="0.000" /><testcase classname="unit.enums.test_enum_document_freshness_errors.TestEnumDocumentFreshnessErrors" name="test_enum_comparison" time="0.001" /><testcase classname="unit.enums.test_enum_general_status.TestEnumGeneralStatus" name="test_enum_all_values" time="0.003" /><testcase classname="unit.enums.test_enum_general_status.TestEnumGeneralStatus" name="test_enum_docstring" time="0.000" /><testcase classname="unit.enums.test_enum_general_status.TestEnumGeneralStatus" name="test_enum_str_method" time="0.000" /><testcase classname="unit.enums.test_enum_general_status.TestEnumGeneralStatus" name="test_to_base_status_method" time="0.000" /><testcase classname="unit.enums.test_enum_general_status.TestEnumGeneralStatus" name="test_from_base_status_class_method" time="0.000" /><testcase classname="unit.enums.test_enum_general_status.TestEnumGeneralStatus" name="test_is_active_state_method" time="0.000" /><testcase classname="unit.enums.test_enum_general_status.TestEnumGeneralStatus" name="test_is_terminal_state_method" time="0.000" /><testcase classname="unit.enums.test_enum_general_status.TestEnumGeneralStatus" name="test_is_error_state_method" time="0.000" /><testcase classname="unit.enums.test_enum_general_status.TestEnumGeneralStatus" name="test_is_pending_state_method" time="0.000" /><testcase classname="unit.enums.test_enum_general_status.TestEnumGeneralStatus" name="test_is_quality_state_method" time="0.000" /><testcase classname="unit.enums.test_enum_general_status.TestEnumGeneralStatus" name="test_is_lifecycle_state_method" time="0.000" /><testcase classname="unit.enums.test_enum_general_status.TestEnumGeneralStatus" name="test_is_operational_state_method" time="0.000" /><testcase classname="unit.enums.test_enum_general_status.TestEnumGeneralStatus" name="test_get_approval_states_class_method" time="0.000" /><testcase classname="unit.enums.test_enum_general_status.TestEnumGeneralStatus" name="test_get_lifecycle_states_class_method" time="0.000" /><testcase classname="unit.enums.test_enum_general_status.TestEnumGeneralStatus" name="test_get_operational_states_class_method" time="0.000" /><testcase classname="unit.enums.test_enum_general_status.TestEnumGeneralStatus" name="test_enum_status_alias" time="0.000" /><testcase classname="unit.enums.test_enum_general_status.TestEnumGeneralStatus" name="test_status_categorization_completeness" time="0.000" /><testcase classname="unit.enums.test_enum_general_status.TestEnumGeneralStatus" name="test_status_workflow_progression" time="0.000" /><testcase classname="unit.enums.test_enum_general_status.TestEnumGeneralStatus" name="test_status_state_transitions" time="0.000" /><testcase classname="unit.enums.test_enum_generation_error_codes.TestEnumGenerationErrorCodes" name="test_enum_values" time="0.000" /><testcase classname="unit.enums.test_enum_generation_error_codes.TestEnumGenerationErrorCodes" name="test_enum_inheritance" time="0.000" /><testcase classname="unit.enums.test_enum_generation_error_codes.TestEnumGenerationErrorCodes" name="test_enum_string_behavior" time="0.000" /><testcase classname="unit.enums.test_enum_generation_error_codes.TestEnumGenerationErrorCodes" name="test_enum_iteration" time="0.000" /><testcase classname="unit.enums.test_enum_generation_error_codes.TestEnumGenerationErrorCodes" name="test_enum_membership" time="0.000" /><testcase classname="unit.enums.test_enum_generation_error_codes.TestEnumGenerationErrorCodes" name="test_enum_comparison" time="0.000" /><testcase classname="unit.enums.test_enum_generation_error_codes.TestEnumGenerationErrorCodes" name="test_enum_serialization" time="0.000" /><testcase classname="unit.enums.test_enum_generation_error_codes.TestEnumGenerationErrorCodes" name="test_enum_deserialization" time="0.000" /><testcase classname="unit.enums.test_enum_generation_error_codes.TestEnumGenerationErrorCodes" name="test_enum_invalid_values" time="0.000" /><testcase classname="unit.enums.test_enum_generation_error_codes.TestEnumGenerationErrorCodes" name="test_enum_all_values" time="0.000" /><testcase classname="unit.enums.test_enum_generation_error_codes.TestEnumGenerationErrorCodes" name="test_enum_docstring" time="0.000" /><testcase classname="unit.enums.test_enum_documentation_quality.TestImprovementSuggestion" name="test_incomplete_suggestion" time="0.001" /><testcase classname="unit.enums.test_enum_generation_error_codes.TestEnumGenerationErrorCodes" name="test_contract_validation_errors" time="0.000" /><testcase classname="unit.enums.test_enum_generation_error_codes.TestEnumGenerationErrorCodes" name="test_action_analysis_errors" time="0.000" /><testcase classname="unit.enums.test_enum_generation_error_codes.TestEnumGenerationErrorCodes" name="test_generation_errors" time="0.000" /><testcase classname="unit.enums.test_enum_generation_error_codes.TestEnumGenerationErrorCodes" name="test_content_generation_errors" time="0.000" /><testcase classname="unit.enums.test_enum_handler_priority.TestEnumHandlerPriority" name="test_enum_values" time="0.000" /><testcase classname="unit.enums.test_enum_handler_priority.TestEnumHandlerPriority" name="test_enum_inheritance" time="0.000" /><testcase classname="unit.enums.test_enum_handler_priority.TestEnumHandlerPriority" name="test_enum_string_behavior" time="0.000" /><testcase classname="unit.enums.test_enum_handler_priority.TestEnumHandlerPriority" name="test_enum_iteration" time="0.000" /><testcase classname="unit.enums.test_enum_handler_priority.TestEnumHandlerPriority" name="test_enum_membership" time="0.000" /><testcase classname="unit.enums.test_enum_handler_priority.TestEnumHandlerPriority" name="test_enum_comparison" time="0.000" /><testcase classname="unit.enums.test_enum_handler_priority.TestEnumHandlerPriority" name="test_enum_serialization" time="0.000" /><testcase classname="unit.enums.test_enum_handler_priority.TestEnumHandlerPriority" name="test_enum_deserialization" time="0.000" /><testcase classname="unit.enums.test_enum_handler_priority.TestEnumHandlerPriority" name="test_enum_invalid_values" time="0.000" /><testcase classname="unit.enums.test_enum_handler_priority.TestEnumHandlerPriority" name="test_enum_all_values" time="0.000" /><testcase classname="unit.enums.test_enum_handler_priority.TestEnumHandlerPriority" name="test_enum_docstring" time="0.000" /><testcase classname="unit.enums.test_enum_handler_priority.TestEnumHandlerPriority" name="test_priority_ordering" time="0.001" /><testcase classname="unit.enums.test_enum_handler_priority.TestEnumHandlerPriority" name="test_duplicate_values" time="0.000" /><testcase classname="unit.enums.test_enum_handler_source.TestEnumHandlerSource" name="test_enum_values" time="0.000" /><testcase classname="unit.enums.test_enum_handler_source.TestEnumHandlerSource" name="test_enum_inheritance" time="0.001" /><testcase classname="unit.enums.test_enum_handler_source.TestEnumHandlerSource" name="test_enum_string_behavior" time="0.000" /><testcase classname="unit.enums.test_enum_handler_source.TestEnumHandlerSource" name="test_enum_iteration" time="0.000" /><testcase classname="unit.discovery.test_mixin_discovery.TestMixinDiscovery" name="test_get_mixin_by_name" time="0.729" /><testcase classname="unit.enums.test_enum_handler_source.TestEnumHandlerSource" name="test_enum_membership" time="0.000" /><testcase classname="unit.enums.test_enum_handler_source.TestEnumHandlerSource" name="test_enum_comparison" time="0.000" /><testcase classname="unit.enums.test_enum_handler_source.TestEnumHandlerSource" name="test_enum_serialization" time="0.000" /><testcase classname="unit.enums.test_enum_handler_source.TestEnumHandlerSource" name="test_enum_deserialization" time="0.000" /><testcase classname="unit.enums.test_enum_handler_source.TestEnumHandlerSource" name="test_enum_invalid_values" time="0.000" /><testcase classname="unit.enums.test_enum_handler_source.TestEnumHandlerSource" name="test_enum_all_values" time="0.000" /><testcase classname="unit.enums.test_enum_handler_source.TestEnumHandlerSource" name="test_enum_docstring" time="0.000" /><testcase classname="unit.enums.test_enum_handler_source.TestEnumHandlerSource" name="test_source_hierarchy" time="0.000" /><testcase classname="unit.enums.test_enum_edit_mode.TestEnumEditMode" name="test_enum_deserialization" time="0.001" /><testcase classname="unit.enums.test_enum_handler_type.TestEnumHandlerType" name="test_enum_inheritance" time="0.000" /><testcase classname="unit.enums.test_enum_handler_type.TestEnumHandlerType" name="test_enum_string_behavior" time="0.000" /><testcase classname="unit.enums.test_enum_handler_type.TestEnumHandlerType" name="test_enum_iteration" time="0.000" /><testcase classname="unit.enums.test_enum_handler_type.TestEnumHandlerType" name="test_enum_membership" time="0.000" /><testcase classname="unit.enums.test_enum_handler_type.TestEnumHandlerType" name="test_enum_comparison" time="0.001" /><testcase classname="unit.enums.test_enum_entity_type.TestEnumEntityType" name="test_enum_deserialization" time="0.000" /><testcase classname="unit.enums.test_enum_instance_type.TestEnumInstanceType" name="test_is_container_instance" time="0.000" /><testcase classname="unit.enums.test_enum_handler_type.TestEnumHandlerType" name="test_enum_serialization" time="0.001" /><testcase classname="unit.enums.test_enum_handler_type.TestEnumHandlerType" name="test_enum_deserialization" time="0.000" /><testcase classname="unit.enums.test_enum_handler_type.TestEnumHandlerType" name="test_enum_invalid_values" time="0.000" /><testcase classname="unit.enums.test_enum_handler_type.TestEnumHandlerType" name="test_enum_all_values" time="0.000" /><testcase classname="unit.enums.test_enum_instance_type.TestEnumInstanceType" name="test_get_size_category" time="0.001" /><testcase classname="unit.enums.test_enum_instance_type.TestEnumInstanceType" name="test_enum_creation_from_string" time="0.000" /><testcase classname="unit.enums.test_enum_instance_type.TestEnumInstanceType" name="test_enum_creation_invalid_string" time="0.000" /><testcase classname="unit.enums.test_enum_instance_type.TestEnumInstanceType" name="test_enum_equality" time="0.000" /><testcase classname="unit.enums.test_enum_handler_type.TestEnumHandlerType" name="test_enum_docstring" time="0.000" /><testcase classname="unit.enums.test_enum_handler_type.TestEnumHandlerType" name="test_handler_type_categories" time="0.000" /><testcase classname="unit.enums.test_enum_health_status.TestEnumHealthStatus" name="test_enum_values" time="0.000" /><testcase classname="unit.enums.test_enum_health_status.TestEnumHealthStatus" name="test_enum_inheritance" time="0.000" /><testcase classname="unit.enums.test_enum_health_status.TestEnumHealthStatus" name="test_enum_string_behavior" time="0.000" /><testcase classname="unit.enums.test_enum_health_status.TestEnumHealthStatus" name="test_enum_iteration" time="0.000" /><testcase classname="unit.enums.test_enum_health_status.TestEnumHealthStatus" name="test_enum_membership" time="0.000" /><testcase classname="unit.enums.test_enum_health_status.TestEnumHealthStatus" name="test_enum_comparison" time="0.000" /><testcase classname="unit.enums.test_enum_instance_type.TestEnumInstanceType" name="test_enum_in_collections" time="0.000" /><testcase classname="unit.enums.test_enum_instance_type.TestEnumInstanceType" name="test_comprehensive_coverage" time="0.001" /><testcase classname="unit.enums.test_enum_intelligence_context_type.TestEnumIntelligenceContextType" name="test_enum_values" time="0.000" /><testcase classname="unit.enums.test_enum_intelligence_context_type.TestEnumIntelligenceContextType" name="test_enum_inheritance" time="0.000" /><testcase classname="unit.enums.test_enum_intelligence_context_type.TestEnumIntelligenceContextType" name="test_enum_string_behavior" time="0.000" /><testcase classname="unit.enums.test_enum_error_category.TestEnumErrorCategory" name="test_enum_comparison" time="0.000" /><testcase classname="unit.enums.test_enum_intelligence_priority_level.TestEnumIntelligencePriorityLevel" name="test_enum_serialization" time="0.000" /><testcase classname="unit.enums.test_enum_intelligence_priority_level.TestEnumIntelligencePriorityLevel" name="test_enum_deserialization" time="0.000" /><testcase classname="unit.enums.test_enum_intelligence_priority_level.TestEnumIntelligencePriorityLevel" name="test_enum_invalid_values" time="0.000" /><testcase classname="unit.enums.test_enum_health_status.TestEnumHealthStatus" name="test_enum_serialization" time="0.001" /><testcase classname="unit.enums.test_enum_health_status.TestEnumHealthStatus" name="test_enum_deserialization" time="0.001" /><testcase classname="unit.enums.test_enum_health_status.TestEnumHealthStatus" name="test_enum_invalid_values" time="0.000" /><testcase classname="unit.enums.test_enum_health_status.TestEnumHealthStatus" name="test_enum_all_values" time="0.000" /><testcase classname="unit.enums.test_enum_health_status.TestEnumHealthStatus" name="test_enum_docstring" time="0.000" /><testcase classname="unit.enums.test_enum_health_status.TestEnumHealthStatus" name="test_is_operational_method" time="0.000" /><testcase classname="unit.enums.test_enum_health_status.TestEnumHealthStatus" name="test_requires_attention_method" time="0.000" /><testcase classname="unit.enums.test_enum_instance_type.TestEnumInstanceType" name="test_enum_values" time="0.000" /><testcase classname="unit.enums.test_enum_instance_type.TestEnumInstanceType" name="test_string_conversion" time="0.000" /><testcase classname="unit.enums.test_enum_instance_type.TestEnumInstanceType" name="test_is_aws_instance" time="0.000" /><testcase classname="unit.enums.test_enum_instance_type.TestEnumInstanceType" name="test_is_azure_instance" time="0.000" /><testcase classname="unit.enums.test_enum_intelligence_context_type.TestEnumIntelligenceContextType" name="test_enum_iteration" time="0.000" /><testcase classname="unit.enums.test_enum_instance_type.TestEnumInstanceType" name="test_is_gcp_instance" time="0.000" /><testcase classname="unit.enums.test_enum_intelligence_context_type.TestEnumIntelligenceContextType" name="test_enum_membership" time="0.000" /><testcase classname="unit.enums.test_enum_intelligence_context_type.TestEnumIntelligenceContextType" name="test_enum_comparison" time="0.000" /><testcase classname="unit.enums.test_enum_intelligence_context_type.TestEnumIntelligenceContextType" name="test_enum_serialization" time="0.000" /><testcase classname="unit.enums.test_enum_intelligence_context_type.TestEnumIntelligenceContextType" name="test_enum_deserialization" time="0.000" /><testcase classname="unit.enums.test_enum_intelligence_priority_level.TestEnumIntelligencePriorityLevel" name="test_enum_all_values" time="0.000" /><testcase classname="unit.enums.test_enum_intelligence_priority_level.TestEnumIntelligencePriorityLevel" name="test_enum_docstring" time="0.000" /><testcase classname="unit.enums.test_enum_intelligence_priority_level.TestEnumIntelligencePriorityLevel" name="test_priority_hierarchy" time="0.000" /><testcase classname="unit.enums.test_enum_issue_type.TestEnumIssueType" name="test_enum_values" time="0.000" /><testcase classname="unit.enums.test_enum_intelligence_context_type.TestEnumIntelligenceContextType" name="test_enum_invalid_values" time="0.000" /><testcase classname="unit.enums.test_enum_intelligence_context_type.TestEnumIntelligenceContextType" name="test_enum_all_values" time="0.000" /><testcase classname="unit.enums.test_enum_intelligence_context_type.TestEnumIntelligenceContextType" name="test_enum_docstring" time="0.000" /><testcase classname="unit.enums.test_enum_intelligence_context_type.TestEnumIntelligenceContextType" name="test_discovery_contexts" time="0.000" /><testcase classname="unit.enums.test_enum_intelligence_context_type.TestEnumIntelligenceContextType" name="test_problem_analysis_contexts" time="0.000" /><testcase classname="unit.enums.test_enum_intelligence_context_type.TestEnumIntelligenceContextType" name="test_solution_contexts" time="0.000" /><testcase classname="unit.enums.test_enum_intelligence_context_type.TestEnumIntelligenceContextType" name="test_warning_contexts" time="0.000" /><testcase classname="unit.enums.test_enum_intelligence_context_type.TestEnumIntelligenceContextType" name="test_coordination_contexts" time="0.000" /><testcase classname="unit.enums.test_enum_intelligence_priority_level.TestEnumIntelligencePriorityLevel" name="test_enum_values" time="0.000" /><testcase classname="unit.enums.test_enum_intelligence_priority_level.TestEnumIntelligencePriorityLevel" name="test_enum_inheritance" time="0.000" /><testcase classname="unit.enums.test_enum_intelligence_priority_level.TestEnumIntelligencePriorityLevel" name="test_enum_string_behavior" time="0.000" /><testcase classname="unit.enums.test_enum_intelligence_priority_level.TestEnumIntelligencePriorityLevel" name="test_enum_iteration" time="0.000" /><testcase classname="unit.enums.test_enum_intelligence_priority_level.TestEnumIntelligencePriorityLevel" name="test_enum_membership" time="0.000" /><testcase classname="unit.enums.test_enum_issue_type.TestEnumIssueType" name="test_enum_inheritance" time="0.000" /><testcase classname="unit.enums.test_enum_issue_type.TestEnumIssueType" name="test_enum_string_behavior" time="0.000" /><testcase classname="unit.enums.test_enum_issue_type.TestEnumIssueType" name="test_enum_iteration" time="0.000" /><testcase classname="unit.enums.test_enum_issue_type.TestEnumIssueType" name="test_enum_membership" time="0.000" /><testcase classname="unit.enums.test_enum_issue_type.TestEnumIssueType" name="test_enum_comparison" time="0.000" /><testcase classname="unit.enums.test_enum_issue_type.TestEnumIssueType" name="test_enum_serialization" time="0.000" /><testcase classname="unit.enums.test_enum_issue_type.TestEnumIssueType" name="test_enum_deserialization" time="0.000" /><testcase classname="unit.enums.test_enum_issue_type.TestEnumIssueType" name="test_enum_invalid_values" time="0.000" /><testcase classname="unit.enums.test_enum_issue_type.TestEnumIssueType" name="test_enum_all_values" time="0.000" /><testcase classname="unit.enums.test_enum_issue_type.TestEnumIssueType" name="test_enum_docstring" time="0.000" /><testcase classname="unit.enums.test_enum_issue_type.TestEnumIssueType" name="test_enum_issue_categories" time="0.000" /><testcase classname="unit.enums.test_enum_item_type.TestEnumItemType" name="test_enum_values" time="0.000" /><testcase classname="unit.enums.test_enum_item_type.TestEnumItemType" name="test_enum_inheritance" time="0.000" /><testcase classname="unit.enums.test_enum_item_type.TestEnumItemType" name="test_enum_string_behavior" time="0.000" /><testcase classname="unit.enums.test_enum_item_type.TestEnumItemType" name="test_enum_iteration" time="0.000" /><testcase classname="unit.enums.test_enum_item_type.TestEnumItemType" name="test_enum_membership" time="0.000" /><testcase classname="unit.enums.test_enum_item_type.TestEnumItemType" name="test_enum_comparison" time="0.000" /><testcase classname="unit.enums.test_enum_item_type.TestEnumItemType" name="test_enum_serialization" time="0.000" /><testcase classname="unit.enums.test_enum_item_type.TestEnumItemType" name="test_enum_deserialization" time="0.000" /><testcase classname="unit.enums.test_enum_item_type.TestEnumItemType" name="test_enum_invalid_value" time="0.000" /><testcase classname="performance.contracts.test_model_dependency_performance.TestModelDependencyPerformance" name="test_regex_compilation_performance" time="0.000"><skipped type="pytest.skip" message="Pattern _CAMEL_TO_SNAKE_PATTERN removed in PR to reduce memory footprint">/Volumes/PRO-G40/Code/omnibase_core/tests/performance/contracts/test_model_dependency_performance.py:26: Pattern _CAMEL_TO_SNAKE_PATTERN removed in PR to reduce memory footprint</skipped></testcase><testcase classname="performance.contracts.test_model_dependency_performance.TestModelDependencyPerformance" name="test_security_validation_performance" time="1.259"><failure message="AssertionError: Security validation too slow: 1.26s&#10;assert 1.2586385419999715 &lt; 1.0">tests/performance/contracts/test_model_dependency_performance.py:125: in test_security_validation_performance
    assert (
E   AssertionError: Security validation too slow: 1.26s
E   assert 1.2586385419999715 &lt; 1.0</failure></testcase><testcase classname="integration.test_validation_integration.TestValidationIntegration" name="test_validators_detect_violations_consistently" time="1.323" /><testcase classname="unit.enums.test_enum_file_event_type.TestEnumFileEventType" name="test_enum_string_behavior" time="0.000" /><testcase classname="unit.enums.test_enum_item_type.TestEnumItemType" name="test_enum_docstring" time="0.000" /><testcase classname="unit.enums.test_enum_item_type.TestEnumItemType" name="test_enum_str_method" time="0.000" /><testcase classname="unit.enums.test_enum_item_type.TestEnumItemType" name="test_is_content_type_method" time="0.001" /><testcase classname="unit.enums.test_enum_item_type.TestEnumItemType" name="test_is_code_type_method" time="0.000" /><testcase classname="unit.enums.test_enum_item_type.TestEnumItemType" name="test_is_config_type_method" time="0.000" /><testcase classname="unit.enums.test_enum_item_type.TestEnumItemType" name="test_is_system_type_method" time="0.000" /><testcase classname="unit.enums.test_enum_item_type.TestEnumItemType" name="test_item_type_categorization_completeness" time="0.000" /><testcase classname="unit.enums.test_enum_item_type.TestEnumItemType" name="test_item_type_categorization_exclusivity" time="0.000" /><testcase classname="unit.enums.test_enum_item_type.TestEnumItemType" name="test_item_type_logical_groupings" time="0.000" /><testcase classname="unit.enums.test_enum_json_value_type.TestEnumJsonValueType" name="test_enum_values" time="0.000" /><testcase classname="unit.enums.test_enum_json_value_type.TestEnumJsonValueType" name="test_enum_inheritance" time="0.000" /><testcase classname="unit.enums.test_enum_json_value_type.TestEnumJsonValueType" name="test_enum_string_behavior" time="0.000" /><testcase classname="unit.enums.test_enum_json_value_type.TestEnumJsonValueType" name="test_enum_iteration" time="0.000" /><testcase classname="unit.enums.test_enum_json_value_type.TestEnumJsonValueType" name="test_enum_membership" time="0.000" /><testcase classname="unit.enums.test_enum_json_value_type.TestEnumJsonValueType" name="test_enum_comparison" time="0.000" /><testcase classname="unit.enums.test_enum_json_value_type.TestEnumJsonValueType" name="test_enum_serialization" time="0.000" /><testcase classname="unit.enums.test_enum_json_value_type.TestEnumJsonValueType" name="test_enum_deserialization" time="0.000" /><testcase classname="unit.enums.test_enum_json_value_type.TestEnumJsonValueType" name="test_enum_invalid_values" time="0.000" /><testcase classname="unit.enums.test_enum_json_value_type.TestEnumJsonValueType" name="test_enum_all_values" time="0.000" /><testcase classname="unit.enums.test_enum_json_value_type.TestEnumJsonValueType" name="test_enum_docstring" time="0.000" /><testcase classname="unit.enums.test_enum_json_value_type.TestEnumJsonValueType" name="test_enum_json_types" time="0.000" /><testcase classname="unit.enums.test_enum_json_value_type.TestEnumJsonValueType" name="test_enum_json_type_categories" time="0.000" /><testcase classname="unit.enums.test_enum_kv_operation_type.TestEnumKvOperationType" name="test_enum_values" time="0.000" /><testcase classname="unit.enums.test_enum_kv_operation_type.TestEnumKvOperationType" name="test_enum_inheritance" time="0.000" /><testcase classname="unit.enums.test_enum_kv_operation_type.TestEnumKvOperationType" name="test_enum_string_behavior" time="0.000" /><testcase classname="unit.enums.test_enum_kv_operation_type.TestEnumKvOperationType" name="test_enum_iteration" time="0.000" /><testcase classname="unit.enums.test_enum_file_status.TestEnumFileStatus" name="test_enum_string_behavior" time="0.000" /><testcase classname="unit.enums.test_enum_kv_operation_type.TestEnumKvOperationType" name="test_enum_serialization" time="0.000" /><testcase classname="unit.enums.test_enum_kv_operation_type.TestEnumKvOperationType" name="test_enum_membership" time="0.000" /><testcase classname="unit.enums.test_enum_kv_operation_type.TestEnumKvOperationType" name="test_enum_deserialization" time="0.000" /><testcase classname="unit.enums.test_enum_kv_operation_type.TestEnumKvOperationType" name="test_enum_invalid_values" time="0.000" /><testcase classname="unit.enums.test_enum_kv_operation_type.TestEnumKvOperationType" name="test_enum_all_values" time="0.000" /><testcase classname="unit.enums.test_enum_kv_operation_type.TestEnumKvOperationType" name="test_enum_docstring" time="0.000" /><testcase classname="unit.enums.test_enum_kv_operation_type.TestEnumKvOperationType" name="test_enum_crud_operations" time="0.000" /><testcase classname="unit.enums.test_enum_kv_operation_type.TestEnumKvOperationType" name="test_enum_list_operations" time="0.000" /><testcase classname="unit.enums.test_enum_kv_operation_type.TestEnumKvOperationType" name="test_enum_watch_operations" time="0.000" /><testcase classname="unit.enums.test_enum_kv_operation_type.TestEnumKvOperationType" name="test_enum_sync_operations" time="0.000" /><testcase classname="unit.enums.test_enum_kv_operation_type.TestEnumKvOperationType" name="test_enum_backup_operations" time="0.000" /><testcase classname="unit.enums.test_enum_kv_operation_type.TestEnumKvOperationType" name="test_enum_operation_categories" time="0.000" /><testcase classname="unit.enums.test_enum_learning_event_type.TestEnumLearningEventType" name="test_enum_values" time="0.000" /><testcase classname="unit.enums.test_enum_learning_event_type.TestEnumLearningEventType" name="test_enum_inheritance" time="0.000" /><testcase classname="unit.enums.test_enum_learning_event_type.TestEnumLearningEventType" name="test_enum_string_behavior" time="0.000" /><testcase classname="unit.enums.test_enum_learning_event_type.TestEnumLearningEventType" name="test_enum_iteration" time="0.000" /><testcase classname="unit.enums.test_enum_learning_event_type.TestEnumLearningEventType" name="test_enum_membership" time="0.000" /><testcase classname="unit.enums.test_enum_learning_event_type.TestEnumLearningEventType" name="test_enum_comparison" time="0.000" /><testcase classname="unit.enums.test_enum_learning_event_type.TestEnumLearningEventType" name="test_enum_serialization" time="0.001" /><testcase classname="unit.enums.test_enum_learning_event_type.TestEnumLearningEventType" name="test_enum_deserialization" time="0.000" /><testcase classname="unit.enums.test_enum_learning_event_type.TestEnumLearningEventType" name="test_enum_invalid_values" time="0.000" /><testcase classname="unit.enums.test_enum_learning_event_type.TestEnumLearningEventType" name="test_enum_all_values" time="0.000" /><testcase classname="unit.enums.test_enum_learning_event_type.TestEnumLearningEventType" name="test_enum_docstring" time="0.000" /><testcase classname="unit.enums.test_enum_learning_event_type.TestEnumLearningEventType" name="test_enum_learning_categories" time="0.000" /><testcase classname="unit.enums.test_enum_learning_event_type.TestEnumLearningEventType" name="test_enum_event_flow" time="0.000" /><testcase classname="unit.enums.test_enum_llm_provider.TestEnumLlmProvider" name="test_enum_values" time="0.000" /><testcase classname="unit.enums.test_enum_llm_provider.TestEnumLlmProvider" name="test_enum_inheritance" time="0.000" /><testcase classname="unit.enums.test_enum_filter_type.TestEnumFilterType" name="test_enum_iteration" time="0.000" /><testcase classname="unit.enums.test_enum_llm_provider.TestEnumLlmProvider" name="test_enum_iteration" time="0.001" /><testcase classname="unit.enums.test_enum_llm_provider.TestEnumLlmProvider" name="test_enum_membership" time="0.000" /><testcase classname="unit.enums.test_enum_llm_provider.TestEnumLlmProvider" name="test_enum_comparison" time="0.000" /><testcase classname="unit.enums.test_enum_llm_provider.TestEnumLlmProvider" name="test_enum_serialization" time="0.000" /><testcase classname="unit.enums.test_enum_llm_provider.TestEnumLlmProvider" name="test_enum_deserialization" time="0.000" /><testcase classname="unit.enums.test_enum_llm_provider.TestEnumLlmProvider" name="test_enum_invalid_values" time="0.000" /><testcase classname="unit.enums.test_enum_llm_provider.TestEnumLlmProvider" name="test_enum_all_values" time="0.000" /><testcase classname="unit.enums.test_enum_llm_provider.TestEnumLlmProvider" name="test_enum_docstring" time="0.000" /><testcase classname="unit.enums.test_enum_llm_provider.TestEnumLlmProvider" name="test_enum_provider_categories" time="0.000" /><testcase classname="unit.enums.test_enum_llm_provider.TestEnumLlmProvider" name="test_is_local_method" time="0.000" /><testcase classname="unit.enums.test_enum_llm_provider.TestEnumLlmProvider" name="test_requires_api_key_method" time="0.000" /><testcase classname="unit.enums.test_enum_llm_provider.TestEnumLlmProvider" name="test_enum_provider_types" time="0.000" /><testcase classname="unit.enums.test_enum_mcp_status.TestEnumMcpStatus" name="test_enum_values" time="0.000" /><testcase classname="unit.enums.test_enum_mcp_status.TestEnumMcpStatus" name="test_enum_inheritance" time="0.000" /><testcase classname="unit.enums.test_enum_mcp_status.TestEnumMcpStatus" name="test_enum_string_behavior" time="0.000" /><testcase classname="unit.enums.test_enum_mcp_status.TestEnumMcpStatus" name="test_enum_iteration" time="0.000" /><testcase classname="unit.enums.test_enum_mcp_status.TestEnumMcpStatus" name="test_enum_membership" time="0.000" /><testcase classname="unit.enums.test_enum_mcp_status.TestEnumMcpStatus" name="test_enum_comparison" time="0.000" /><testcase classname="unit.enums.test_enum_mcp_status.TestEnumMcpStatus" name="test_enum_serialization" time="0.000" /><testcase classname="unit.enums.test_enum_mcp_status.TestEnumMcpStatus" name="test_enum_deserialization" time="0.000" /><testcase classname="unit.enums.test_enum_mcp_status.TestEnumMcpStatus" name="test_enum_invalid_values" time="0.000" /><testcase classname="unit.enums.test_enum_mcp_status.TestEnumMcpStatus" name="test_enum_all_values" time="0.000" /><testcase classname="unit.enums.test_enum_mcp_status.TestEnumMcpStatus" name="test_enum_docstring" time="0.000" /><testcase classname="unit.enums.test_enum_general_status.TestEnumGeneralStatus" name="test_enum_invalid_value" time="0.002" /><testcase classname="unit.enums.test_enum_mcp_status.TestEnumMcpStatus" name="test_enum_status_categories" time="0.000" /><testcase classname="unit.enums.test_enum_mcp_status.TestEnumMcpStatus" name="test_enum_health_statuses" time="0.000" /><testcase classname="unit.enums.test_enum_mcp_status.TestEnumMcpStatus" name="test_enum_operation_statuses" time="0.000" /><testcase classname="unit.enums.test_enum_message_role.TestEnumMessageRole" name="test_enum_inheritance" time="0.001" /><testcase classname="unit.enums.test_enum_message_role.TestEnumMessageRole" name="test_enum_string_behavior" time="0.000" /><testcase classname="unit.enums.test_enum_message_role.TestEnumMessageRole" name="test_enum_iteration" time="0.000" /><testcase classname="unit.enums.test_enum_message_role.TestEnumMessageRole" name="test_enum_membership" time="0.000" /><testcase classname="unit.enums.test_enum_message_role.TestEnumMessageRole" name="test_enum_comparison" time="0.000" /><testcase classname="unit.enums.test_enum_message_role.TestEnumMessageRole" name="test_enum_serialization" time="0.000" /><testcase classname="unit.enums.test_enum_message_role.TestEnumMessageRole" name="test_enum_deserialization" time="0.001" /><testcase classname="unit.enums.test_enum_message_role.TestEnumMessageRole" name="test_enum_invalid_values" time="0.001" /><testcase classname="unit.enums.test_enum_message_role.TestEnumMessageRole" name="test_enum_all_values" time="0.000" /><testcase classname="unit.enums.test_enum_message_role.TestEnumMessageRole" name="test_enum_docstring" time="0.001" /><testcase classname="unit.enums.test_enum_message_role.TestEnumMessageRole" name="test_enum_message_roles" time="0.000" /><testcase classname="unit.enums.test_enum_message_role.TestEnumMessageRole" name="test_enum_role_categories" time="0.000" /><testcase classname="unit.enums.test_enum_metadata_node_complexity.TestEnumMetadataNodeComplexity" name="test_enum_values" time="0.000" /><testcase classname="unit.enums.test_enum_metadata_node_complexity.TestEnumMetadataNodeComplexity" name="test_enum_inheritance" time="0.000" /><testcase classname="unit.enums.test_enum_metadata_node_complexity.TestEnumMetadataNodeComplexity" name="test_enum_string_behavior" time="0.000" /><testcase classname="unit.enums.test_enum_metadata_node_complexity.TestEnumMetadataNodeComplexity" name="test_enum_iteration" time="0.000" /><testcase classname="unit.enums.test_enum_metadata_node_complexity.TestEnumMetadataNodeComplexity" name="test_enum_membership" time="0.000" /><testcase classname="unit.enums.test_enum_metadata_node_complexity.TestEnumMetadataNodeComplexity" name="test_enum_comparison" time="0.000" /><testcase classname="unit.enums.test_enum_metadata_node_complexity.TestEnumMetadataNodeComplexity" name="test_enum_serialization" time="0.000" /><testcase classname="unit.enums.test_enum_metadata_node_complexity.TestEnumMetadataNodeComplexity" name="test_enum_deserialization" time="0.000" /><testcase classname="unit.enums.test_enum_metadata_node_complexity.TestEnumMetadataNodeComplexity" name="test_enum_invalid_values" time="0.000" /><testcase classname="unit.enums.test_enum_metadata_node_complexity.TestEnumMetadataNodeComplexity" name="test_enum_all_values" time="0.000" /><testcase classname="unit.enums.test_enum_metadata_node_complexity.TestEnumMetadataNodeComplexity" name="test_enum_docstring" time="0.000" /><testcase classname="unit.enums.test_enum_metadata_node_complexity.TestEnumMetadataNodeComplexity" name="test_enum_unique_decorator" time="0.000" /><testcase classname="unit.enums.test_enum_metadata_node_complexity.TestEnumMetadataNodeComplexity" name="test_enum_complexity_levels" time="0.000" /><testcase classname="unit.enums.test_enum_generation_error_codes.TestEnumGenerationErrorCodes" name="test_file_system_errors" time="0.000" /><testcase classname="unit.enums.test_enum_metadata_node_complexity.TestEnumMetadataNodeComplexity" name="test_enum_complexity_categories" time="0.000" /><testcase classname="unit.enums.test_enum_metadata_node_type.TestEnumMetadataNodeType" name="test_enum_values" time="0.000" /><testcase classname="unit.enums.test_enum_metadata_node_type.TestEnumMetadataNodeType" name="test_string_inheritance" time="0.000" /><testcase classname="unit.enums.test_enum_metadata_node_type.TestEnumMetadataNodeType" name="test_string_representation" time="0.000" /><testcase classname="unit.enums.test_enum_metadata_node_type.TestEnumMetadataNodeType" name="test_enum_equality" time="0.000" /><testcase classname="unit.enums.test_enum_metadata_node_type.TestEnumMetadataNodeType" name="test_enum_membership" time="0.000" /><testcase classname="unit.enums.test_enum_metadata_node_type.TestEnumMetadataNodeType" name="test_enum_iteration" time="0.000" /><testcase classname="unit.enums.test_enum_metadata_node_type.TestEnumMetadataNodeType" name="test_json_serialization" time="0.000" /><testcase classname="unit.enums.test_enum_metadata_node_type.TestEnumMetadataNodeType" name="test_pydantic_integration" time="0.001" /><testcase classname="unit.enums.test_enum_metadata_node_type.TestEnumMetadataNodeType" name="test_pydantic_serialization" time="0.000" /><testcase classname="unit.enums.test_enum_metadata_node_type.TestEnumMetadataNodeType" name="test_edge_cases" time="0.001" /><testcase classname="unit.enums.test_enum_handler_type.TestEnumHandlerType" name="test_enum_values" time="0.000" /><testcase classname="unit.enums.test_enum_metric_type.TestEnumMetricType" name="test_enum_invalid_values" time="0.000" /><testcase classname="unit.enums.test_enum_metric_type.TestEnumMetricType" name="test_enum_all_values" time="0.001" /><testcase classname="unit.enums.test_enum_metric_type.TestEnumMetricType" name="test_enum_docstring" time="0.001" /><testcase classname="unit.enums.test_enum_metric_type.TestEnumMetricType" name="test_enum_unique_decorator" time="0.001" /><testcase classname="unit.enums.test_enum_metric_type.TestEnumMetricType" name="test_enum_metric_types" time="0.000" /><testcase classname="unit.enums.test_enum_metadata_node_type.TestEnumMetadataNodeType" name="test_code_node_types" time="0.000" /><testcase classname="unit.enums.test_enum_metadata_node_type.TestEnumMetadataNodeType" name="test_data_node_types" time="0.000" /><testcase classname="unit.enums.test_enum_metadata_node_type.TestEnumMetadataNodeType" name="test_documentation_node_types" time="0.000" /><testcase classname="unit.enums.test_enum_metric_data_type.TestEnumMetricDataType" name="test_enum_values" time="0.000" /><testcase classname="unit.enums.test_enum_metric_data_type.TestEnumMetricDataType" name="test_enum_string_values" time="0.001" /><testcase classname="unit.enums.test_enum_metric_data_type.TestEnumMetricDataType" name="test_enum_iteration" time="0.000" /><testcase classname="unit.enums.test_enum_metric_data_type.TestEnumMetricDataType" name="test_enum_membership" time="0.000" /><testcase classname="unit.enums.test_enum_metric_type.TestEnumMetricType" name="test_enum_values" time="0.000" /><testcase classname="unit.enums.test_enum_metric_type.TestEnumMetricType" name="test_enum_inheritance" time="0.000" /><testcase classname="unit.enums.test_enum_metric_type.TestEnumMetricType" name="test_enum_string_behavior" time="0.000" /><testcase classname="unit.enums.test_enum_metric_type.TestEnumMetricType" name="test_enum_iteration" time="0.000" /><testcase classname="unit.enums.test_enum_metric_type.TestEnumMetricType" name="test_enum_membership" time="0.000" /><testcase classname="unit.enums.test_enum_metric_type.TestEnumMetricType" name="test_enum_comparison" time="0.000" /><testcase classname="unit.enums.test_enum_metric_type.TestEnumMetricType" name="test_enum_serialization" time="0.000" /><testcase classname="unit.enums.test_enum_metric_type.TestEnumMetricType" name="test_enum_metric_categories" time="0.001" /><testcase classname="unit.enums.test_enum_metric_type.TestEnumMetricType" name="test_enum_metric_scope" time="0.000" /><testcase classname="unit.enums.test_enum_metrics_category.TestEnumMetricsCategory" name="test_enum_values" time="0.001" /><testcase classname="unit.enums.test_enum_metrics_category.TestEnumMetricsCategory" name="test_enum_string_values" time="0.000" /><testcase classname="unit.enums.test_enum_metrics_category.TestEnumMetricsCategory" name="test_enum_iteration" time="0.000" /><testcase classname="unit.enums.test_enum_metrics_category.TestEnumMetricsCategory" name="test_enum_membership" time="0.000" /><testcase classname="unit.enums.test_enum_node_arg.TestEnumNodeArg" name="test_enum_values" time="0.000" /><testcase classname="unit.enums.test_enum_node_arg.TestEnumNodeArg" name="test_enum_inheritance" time="0.000" /><testcase classname="unit.enums.test_enum_node_arg.TestEnumNodeArg" name="test_enum_string_behavior" time="0.000" /><testcase classname="unit.enums.test_enum_node_arg.TestEnumNodeArg" name="test_enum_iteration" time="0.000" /><testcase classname="unit.enums.test_enum_node_arg.TestEnumNodeArg" name="test_enum_membership" time="0.000" /><testcase classname="unit.enums.test_enum_node_arg.TestEnumNodeArg" name="test_enum_comparison" time="0.000" /><testcase classname="unit.enums.test_enum_node_arg.TestEnumNodeArg" name="test_enum_serialization" time="0.000" /><testcase classname="unit.enums.test_enum_node_arg.TestEnumNodeArg" name="test_enum_deserialization" time="0.000" /><testcase classname="unit.enums.test_enum_node_arg.TestEnumNodeArg" name="test_enum_invalid_values" time="0.000" /><testcase classname="unit.enums.test_enum_node_arg.TestEnumNodeArg" name="test_enum_all_values" time="0.000" /><testcase classname="unit.enums.test_enum_node_arg.TestEnumNodeArg" name="test_enum_docstring" time="0.000" /><testcase classname="unit.enums.test_enum_node_arg.TestEnumNodeArg" name="test_enum_argument_types" time="0.000" /><testcase classname="unit.enums.test_enum_node_arg.TestEnumNodeArg" name="test_enum_argument_categories" time="0.001" /><testcase classname="unit.enums.test_enum_instance_type.TestEnumInstanceType" name="test_is_database_instance" time="0.000" /><testcase classname="unit.enums.test_enum_node_arg.TestEnumNodeArg" name="test_enum_standard_arguments" time="0.000" /><testcase classname="unit.enums.test_enum_node_type.TestEnumNodeType" name="test_enum_values" time="0.000" /><testcase classname="unit.enums.test_enum_node_type.TestEnumNodeType" name="test_string_inheritance" time="0.000" /><testcase classname="unit.enums.test_enum_node_type.TestEnumNodeType" name="test_is_processing_node" time="0.000" /><testcase classname="unit.enums.test_enum_node_type.TestEnumNodeType" name="test_is_control_node" time="0.000" /><testcase classname="unit.enums.test_enum_node_type.TestEnumNodeType" name="test_is_output_node" time="0.000" /><testcase classname="unit.enums.test_enum_node_type.TestEnumNodeType" name="test_get_node_category" time="0.000" /><testcase classname="unit.enums.test_enum_node_type.TestEnumNodeType" name="test_str_representation" time="0.000" /><testcase classname="unit.enums.test_enum_node_union_type.TestEnumNodeUnionType" name="test_enum_values" time="0.000" /><testcase classname="unit.enums.test_enum_intelligence_priority_level.TestEnumIntelligencePriorityLevel" name="test_enum_comparison" time="0.001" /><testcase classname="unit.enums.test_enum_node_union_type.TestEnumNodeUnionType" name="test_enum_inheritance" time="0.000" /><testcase classname="unit.enums.test_enum_node_union_type.TestEnumNodeUnionType" name="test_enum_string_behavior" time="0.000" /><testcase classname="unit.enums.test_enum_node_union_type.TestEnumNodeUnionType" name="test_enum_iteration" time="0.000" /><testcase classname="unit.enums.test_enum_node_union_type.TestEnumNodeUnionType" name="test_is_node_related_method" time="0.000" /><testcase classname="unit.enums.test_enum_node_union_type.TestEnumNodeUnionType" name="test_enum_membership" time="0.000" /><testcase classname="unit.enums.test_enum_node_union_type.TestEnumNodeUnionType" name="test_enum_comparison" time="0.000" /><testcase classname="unit.enums.test_enum_node_union_type.TestEnumNodeUnionType" name="test_enum_serialization" time="0.000" /><testcase classname="unit.enums.test_enum_node_union_type.TestEnumNodeUnionType" name="test_enum_deserialization" time="0.000" /><testcase classname="unit.enums.test_enum_node_union_type.TestEnumNodeUnionType" name="test_get_all_node_types_method" time="0.000" /><testcase classname="unit.enums.test_enum_node_union_type.TestEnumNodeUnionType" name="test_enum_union_discriminators" time="0.000" /><testcase classname="unit.enums.test_enum_node_union_type.TestEnumNodeUnionType" name="test_enum_invalid_values" time="0.001" /><testcase classname="unit.enums.test_enum_numeric_type.TestEnumNumericType" name="test_enum_values" time="0.000" /><testcase classname="unit.enums.test_enum_numeric_type.TestEnumNumericType" name="test_string_inheritance" time="0.000" /><testcase classname="unit.enums.test_enum_node_union_type.TestEnumNodeUnionType" name="test_enum_all_values" time="0.000" /><testcase classname="unit.enums.test_enum_node_union_type.TestEnumNodeUnionType" name="test_enum_docstring" time="0.000" /><testcase classname="unit.enums.test_enum_node_union_type.TestEnumNodeUnionType" name="test_enum_unique_decorator" time="0.001" /><testcase classname="unit.enums.test_enum_numeric_type.TestEnumNumericType" name="test_string_representation" time="0.000" /><testcase classname="unit.enums.test_enum_numeric_type.TestEnumNumericType" name="test_enum_equality" time="0.000" /><testcase classname="unit.enums.test_enum_numeric_type.TestEnumNumericType" name="test_enum_membership" time="0.000" /><testcase classname="unit.enums.test_enum_node_union_type.TestEnumNodeUnionType" name="test_enum_str_method" time="0.000" /><testcase classname="unit.enums.test_enum_numeric_type.TestEnumNumericType" name="test_enum_iteration" time="0.000" /><testcase classname="unit.enums.test_enum_numeric_type.TestEnumNumericType" name="test_json_serialization" time="0.000" /><testcase classname="unit.enums.test_enum_node_union_type.TestEnumNodeUnionType" name="test_enum_node_types" time="0.000" /><testcase classname="unit.enums.test_enum_numeric_type.TestEnumNumericType" name="test_pydantic_integration" time="0.001" /><testcase classname="unit.enums.test_enum_node_union_type.TestEnumNodeUnionType" name="test_is_function_node_method" time="0.000" /><testcase classname="unit.enums.test_enum_numeric_type.TestEnumNumericType" name="test_pydantic_serialization" time="0.000" /><testcase classname="unit.enums.test_enum_numeric_type.TestEnumNumericType" name="test_edge_cases" time="0.000" /><testcase classname="unit.enums.test_enum_numeric_type.TestEnumNumericType" name="test_numeric_type_semantics" time="0.000" /><testcase classname="unit.enums.test_enum_numeric_type.TestEnumNumericType" name="test_all_values_unique" time="0.000" /><testcase classname="unit.enums.test_enum_numeric_type.TestEnumNumericType" name="test_enum_names_uppercase" time="0.000" /><testcase classname="unit.enums.test_enum_numeric_type.TestEnumNumericType" name="test_enum_values_lowercase" time="0.000" /><testcase classname="unit.enums.test_enum_ollama_error_type.TestEnumOllamaErrorType" name="test_enum_values" time="0.000" /><testcase classname="unit.enums.test_enum_ollama_error_type.TestEnumOllamaErrorType" name="test_enum_inheritance" time="0.000" /><testcase classname="unit.enums.test_enum_ollama_error_type.TestEnumOllamaErrorType" name="test_enum_string_behavior" time="0.000" /><testcase classname="unit.enums.test_enum_item_type.TestEnumItemType" name="test_enum_all_values" time="0.001" /><testcase classname="unit.enums.test_enum_ollama_error_type.TestEnumOllamaErrorType" name="test_enum_iteration" time="0.000" /><testcase classname="unit.enums.test_enum_ollama_error_type.TestEnumOllamaErrorType" name="test_enum_deserialization" time="0.000" /><testcase classname="unit.enums.test_enum_ollama_error_type.TestEnumOllamaErrorType" name="test_enum_membership" time="0.000" /><testcase classname="unit.enums.test_enum_ollama_error_type.TestEnumOllamaErrorType" name="test_enum_comparison" time="0.000" /><testcase classname="unit.enums.test_enum_ollama_error_type.TestEnumOllamaErrorType" name="test_enum_invalid_values" time="0.000" /><testcase classname="unit.enums.test_enum_ollama_error_type.TestEnumOllamaErrorType" name="test_enum_all_values" time="0.000" /><testcase classname="unit.enums.test_enum_ollama_error_type.TestEnumOllamaErrorType" name="test_enum_docstring" time="0.000" /><testcase classname="unit.enums.test_enum_ollama_error_type.TestEnumOllamaErrorType" name="test_enum_error_types" time="0.000" /><testcase classname="unit.enums.test_enum_ollama_error_type.TestEnumOllamaErrorType" name="test_enum_error_categories" time="0.000" /><testcase classname="unit.enums.test_enum_ollama_error_type.TestEnumOllamaErrorType" name="test_enum_error_severity" time="0.000" /><testcase classname="unit.enums.test_enum_onex_tree_node_type.TestEnumOnexTreeNodeType" name="test_enum_values" time="0.000" /><testcase classname="unit.enums.test_enum_onex_tree_node_type.TestEnumOnexTreeNodeType" name="test_enum_inheritance" time="0.000" /><testcase classname="unit.enums.test_enum_onex_tree_node_type.TestEnumOnexTreeNodeType" name="test_enum_string_behavior" time="0.000" /><testcase classname="unit.enums.test_enum_onex_tree_node_type.TestEnumOnexTreeNodeType" name="test_enum_iteration" time="0.000" /><testcase classname="unit.enums.test_enum_onex_tree_node_type.TestEnumOnexTreeNodeType" name="test_enum_membership" time="0.000" /><testcase classname="unit.enums.test_enum_onex_tree_node_type.TestEnumOnexTreeNodeType" name="test_enum_comparison" time="0.000" /><testcase classname="unit.enums.test_enum_onex_tree_node_type.TestEnumOnexTreeNodeType" name="test_enum_serialization" time="0.000" /><testcase classname="unit.enums.test_enum_onex_tree_node_type.TestEnumOnexTreeNodeType" name="test_enum_deserialization" time="0.000" /><testcase classname="unit.enums.test_enum_onex_tree_node_type.TestEnumOnexTreeNodeType" name="test_enum_invalid_values" time="0.000" /><testcase classname="unit.enums.test_enum_onex_tree_node_type.TestEnumOnexTreeNodeType" name="test_enum_all_values" time="0.000" /><testcase classname="unit.enums.test_enum_onex_tree_node_type.TestEnumOnexTreeNodeType" name="test_enum_docstring" time="0.000" /><testcase classname="unit.enums.test_enum_onex_tree_node_type.TestEnumOnexTreeNodeType" name="test_enum_node_types" time="0.000" /><testcase classname="unit.enums.test_enum_onex_tree_node_type.TestEnumOnexTreeNodeType" name="test_enum_node_categories" time="0.000" /><testcase classname="unit.enums.test_enum_onex_tree_node_type.TestEnumOnexTreeNodeType" name="test_enum_filesystem_types" time="0.000" /><testcase classname="unit.enums.test_enum_operation_status.TestEnumOperationStatus" name="test_enum_values" time="0.000" /><testcase classname="unit.enums.test_enum_kv_operation_type.TestEnumKvOperationType" name="test_enum_comparison" time="0.000" /><testcase classname="unit.enums.test_enum_operation_status.TestEnumOperationStatus" name="test_enum_string_behavior" time="0.000" /><testcase classname="unit.enums.test_enum_operation_status.TestEnumOperationStatus" name="test_enum_iteration" time="0.000" /><testcase classname="unit.enums.test_enum_operation_status.TestEnumOperationStatus" name="test_enum_membership" time="0.000" /><testcase classname="unit.enums.test_enum_operation_status.TestEnumOperationStatus" name="test_enum_comparison" time="0.000" /><testcase classname="unit.enums.test_enum_operation_status.TestEnumOperationStatus" name="test_enum_serialization" time="0.000" /><testcase classname="unit.enums.test_enum_operation_status.TestEnumOperationStatus" name="test_enum_deserialization" time="0.000" /><testcase classname="unit.enums.test_enum_operation_status.TestEnumOperationStatus" name="test_enum_invalid_values" time="0.000" /><testcase classname="unit.enums.test_enum_llm_provider.TestEnumLlmProvider" name="test_enum_string_behavior" time="0.000" /><testcase classname="unit.enums.test_enum_operation_type.TestEnumOperationType" name="test_enum_invalid_values" time="0.000" /><testcase classname="unit.enums.test_enum_operation_status.TestEnumOperationStatus" name="test_enum_all_values" time="0.000" /><testcase classname="unit.enums.test_enum_operation_type.TestEnumOperationType" name="test_enum_all_values" time="0.000" /><testcase classname="unit.enums.test_enum_operation_status.TestEnumOperationStatus" name="test_enum_docstring" time="0.000" /><testcase classname="unit.enums.test_enum_operation_status.TestEnumOperationStatus" name="test_enum_status_types" time="0.000" /><testcase classname="unit.enums.test_enum_operation_type.TestEnumOperationType" name="test_enum_docstring" time="0.000" /><testcase classname="unit.enums.test_enum_operation_type.TestEnumOperationType" name="test_enum_operation_types" time="0.000" /><testcase classname="unit.enums.test_enum_operation_type.TestEnumOperationType" name="test_enum_operation_categories" time="0.000" /><testcase classname="unit.enums.test_enum_operation_status.TestEnumOperationStatus" name="test_is_terminal_method" time="0.000" /><testcase classname="unit.enums.test_enum_operation_status.TestEnumOperationStatus" name="test_is_active_method" time="0.000" /><testcase classname="unit.enums.test_enum_operation_type.TestEnumOperationType" name="test_enum_cli_operations" time="0.000" /><testcase classname="unit.enums.test_enum_operation_status.TestEnumOperationStatus" name="test_is_successful_method" time="0.000" /><testcase classname="unit.enums.test_enum_operation_type.TestEnumOperationType" name="test_enum_operation_scope" time="0.000" /><testcase classname="unit.enums.test_enum_output_mode.TestEnumOutputMode" name="test_enum_values" time="0.000" /><testcase classname="unit.enums.test_enum_operation_status.TestEnumOperationStatus" name="test_enum_status_categories" time="0.000" /><testcase classname="unit.enums.test_enum_output_mode.TestEnumOutputMode" name="test_enum_inheritance" time="0.000" /><testcase classname="unit.enums.test_enum_output_mode.TestEnumOutputMode" name="test_enum_string_behavior" time="0.000" /><testcase classname="unit.enums.test_enum_operation_status.TestEnumOperationStatus" name="test_enum_status_lifecycle" time="0.000" /><testcase classname="unit.enums.test_enum_operation_type.TestEnumOperationType" name="test_enum_values" time="0.000" /><testcase classname="unit.enums.test_enum_operation_type.TestEnumOperationType" name="test_enum_inheritance" time="0.000" /><testcase classname="unit.enums.test_enum_operation_type.TestEnumOperationType" name="test_enum_string_behavior" time="0.000" /><testcase classname="unit.enums.test_enum_operation_type.TestEnumOperationType" name="test_enum_iteration" time="0.000" /><testcase classname="unit.enums.test_enum_operation_type.TestEnumOperationType" name="test_enum_membership" time="0.000" /><testcase classname="unit.enums.test_enum_operation_type.TestEnumOperationType" name="test_enum_comparison" time="0.000" /><testcase classname="unit.enums.test_enum_output_mode.TestEnumOutputMode" name="test_enum_str_method" time="0.000" /><testcase classname="unit.enums.test_enum_output_mode.TestEnumOutputMode" name="test_enum_iteration" time="0.000" /><testcase classname="unit.enums.test_enum_output_mode.TestEnumOutputMode" name="test_enum_membership" time="0.000" /><testcase classname="unit.enums.test_enum_output_mode.TestEnumOutputMode" name="test_enum_comparison" time="0.000" /><testcase classname="unit.enums.test_enum_output_mode.TestEnumOutputMode" name="test_enum_serialization" time="0.000" /><testcase classname="unit.enums.test_enum_output_mode.TestEnumOutputMode" name="test_enum_deserialization" time="0.000" /><testcase classname="unit.enums.test_enum_output_mode.TestEnumOutputMode" name="test_enum_invalid_value" time="0.000" /><testcase classname="unit.enums.test_enum_output_mode.TestEnumOutputMode" name="test_enum_all_values" time="0.000" /><testcase classname="unit.enums.test_enum_operation_type.TestEnumOperationType" name="test_enum_serialization" time="0.000" /><testcase classname="unit.enums.test_enum_output_mode.TestEnumOutputMode" name="test_enum_docstring" time="0.000" /><testcase classname="unit.enums.test_enum_output_mode.TestEnumOutputMode" name="test_returns_full_content" time="0.000" /><testcase classname="unit.enums.test_enum_output_mode.TestEnumOutputMode" name="test_returns_file_paths" time="0.000" /><testcase classname="unit.enums.test_enum_message_role.TestEnumMessageRole" name="test_enum_values" time="0.000" /><testcase classname="unit.enums.test_enum_output_mode.TestEnumOutputMode" name="test_is_minimal_output" time="0.000" /><testcase classname="unit.enums.test_enum_output_mode.TestEnumOutputMode" name="test_is_verbose_output" time="0.000" /><testcase classname="unit.enums.test_enum_output_mode.TestEnumOutputMode" name="test_get_output_description" time="0.000" /><testcase classname="unit.enums.test_enum_output_mode.TestEnumOutputMode" name="test_get_typical_use_case" time="0.000" /><testcase classname="unit.enums.test_enum_output_mode.TestEnumOutputMode" name="test_supports_context_lines" time="0.000" /><testcase classname="unit.enums.test_enum_output_mode.TestEnumOutputMode" name="test_output_mode_categorization" time="0.000" /><testcase classname="unit.enums.test_enum_output_mode.TestEnumOutputMode" name="test_output_mode_functionality" time="0.000" /><testcase classname="unit.enums.test_enum_parameter_type.TestEnumParameterType" name="test_enum_values" time="0.000" /><testcase classname="unit.enums.test_enum_parameter_type.TestEnumParameterType" name="test_string_inheritance" time="0.000" /><testcase classname="unit.discovery.test_mixin_discovery.TestMixinDiscovery" name="test_get_mixin_nonexistent_name" time="0.863" /><testcase classname="unit.enums.test_enum_parameter_type.TestEnumParameterType" name="test_is_primitive" time="0.000" /><testcase classname="unit.enums.test_enum_parameter_type.TestEnumParameterType" name="test_is_complex" time="0.000" /><testcase classname="unit.enums.test_enum_parameter_type.TestEnumParameterType" name="test_is_numeric" time="0.000" /><testcase classname="unit.enums.test_enum_parameter_type.TestEnumParameterType" name="test_is_structured" time="0.000" /><testcase classname="unit.enums.test_enum_parameter_type.TestEnumParameterType" name="test_requires_validation" time="0.000" /><testcase classname="unit.enums.test_enum_parameter_type.TestEnumParameterType" name="test_get_python_type" time="0.000" /><testcase classname="unit.enums.test_enum_parameter_type.TestEnumParameterType" name="test_supports_null" time="0.000" /><testcase classname="unit.enums.test_enum_parameter_type.TestEnumParameterType" name="test_str_representation" time="0.000" /><testcase classname="unit.enums.test_enum_permission_action.TestEnumPermissionAction" name="test_enum_values" time="0.000" /><testcase classname="unit.enums.test_enum_permission_action.TestEnumPermissionAction" name="test_enum_inheritance" time="0.000" /><testcase classname="unit.enums.test_enum_permission_action.TestEnumPermissionAction" name="test_enum_string_behavior" time="0.000" /><testcase classname="unit.enums.test_enum_permission_action.TestEnumPermissionAction" name="test_enum_iteration" time="0.000" /><testcase classname="unit.enums.test_enum_metadata_node_complexity.TestEnumMetadataNodeComplexity" name="test_enum_complexity_hierarchy" time="0.001" /><testcase classname="unit.enums.test_enum_permission_action.TestEnumPermissionAction" name="test_enum_comparison" time="0.000" /><testcase classname="unit.enums.test_enum_permission_action.TestEnumPermissionAction" name="test_enum_serialization" time="0.000" /><testcase classname="unit.enums.test_enum_permission_action.TestEnumPermissionAction" name="test_enum_deserialization" time="0.000" /><testcase classname="unit.enums.test_enum_permission_action.TestEnumPermissionAction" name="test_enum_invalid_value" time="0.000" /><testcase classname="unit.enums.test_enum_permission_action.TestEnumPermissionAction" name="test_enum_all_values" time="0.001" /><testcase classname="unit.enums.test_enum_permission_action.TestEnumPermissionAction" name="test_enum_docstring" time="0.000" /><testcase classname="unit.enums.test_enum_permission_action.TestEnumPermissionAction" name="test_crud_operations" time="0.000" /><testcase classname="unit.enums.test_enum_permission_action.TestEnumPermissionAction" name="test_administrative_actions" time="0.000" /><testcase classname="unit.enums.test_enum_permission_action.TestEnumPermissionAction" name="test_data_actions" time="0.000" /><testcase classname="unit.enums.test_enum_permission_action.TestEnumPermissionAction" name="test_viewing_actions" time="0.000" /><testcase classname="unit.enums.test_enum_permission_action.TestEnumPermissionAction" name="test_action_semantic_grouping" time="0.000" /><testcase classname="unit.enums.test_enum_permission_scope.TestEnumPermissionScope" name="test_enum_values" time="0.001" /><testcase classname="unit.enums.test_enum_permission_scope.TestEnumPermissionScope" name="test_enum_inheritance" time="0.000" /><testcase classname="unit.enums.test_enum_permission_scope.TestEnumPermissionScope" name="test_enum_string_behavior" time="0.001" /><testcase classname="unit.enums.test_enum_permission_scope.TestEnumPermissionScope" name="test_enum_iteration" time="0.001" /><testcase classname="unit.enums.test_enum_permission_scope.TestEnumPermissionScope" name="test_enum_membership" time="0.000" /><testcase classname="unit.enums.test_enum_permission_scope.TestEnumPermissionScope" name="test_enum_comparison" time="0.000" /><testcase classname="unit.enums.test_enum_permission_scope.TestEnumPermissionScope" name="test_enum_serialization" time="0.000" /><testcase classname="unit.enums.test_enum_permission_scope.TestEnumPermissionScope" name="test_enum_deserialization" time="0.000" /><testcase classname="unit.enums.test_enum_permission_scope.TestEnumPermissionScope" name="test_enum_invalid_value" time="0.000" /><testcase classname="unit.enums.test_enum_permission_scope.TestEnumPermissionScope" name="test_enum_all_values" time="0.000" /><testcase classname="unit.enums.test_enum_metric_type.TestEnumMetricType" name="test_enum_deserialization" time="0.001" /><testcase classname="unit.enums.test_enum_permission_scope.TestEnumPermissionScope" name="test_organizational_hierarchy" time="0.001" /><testcase classname="unit.enums.test_enum_permission_scope.TestEnumPermissionScope" name="test_entity_scopes" time="0.000" /><testcase classname="unit.enums.test_enum_permission_scope.TestEnumPermissionScope" name="test_scope_hierarchy_ordering" time="0.000" /><testcase classname="unit.enums.test_enum_permission_scope.TestEnumPermissionScope" name="test_all_scopes_categorized" time="0.000" /><testcase classname="unit.enums.test_enum_pipeline_stage.TestEnumPipelineStage" name="test_enum_values" time="0.000" /><testcase classname="unit.enums.test_enum_pipeline_stage.TestEnumPipelineStage" name="test_enum_inheritance" time="0.000" /><testcase classname="unit.enums.test_enum_pipeline_stage.TestEnumPipelineStage" name="test_enum_string_behavior" time="0.000" /><testcase classname="unit.enums.test_enum_pipeline_stage.TestEnumPipelineStage" name="test_enum_iteration" time="0.000" /><testcase classname="unit.enums.test_enum_pipeline_stage.TestEnumPipelineStage" name="test_enum_membership" time="0.000" /><testcase classname="unit.enums.test_enum_pipeline_stage.TestEnumPipelineStage" name="test_enum_comparison" time="0.000" /><testcase classname="unit.enums.test_enum_pipeline_stage.TestEnumPipelineStage" name="test_enum_serialization" time="0.000" /><testcase classname="unit.enums.test_enum_pipeline_stage.TestEnumPipelineStage" name="test_enum_deserialization" time="0.000" /><testcase classname="unit.enums.test_enum_pipeline_stage.TestEnumPipelineStage" name="test_enum_invalid_value" time="0.000" /><testcase classname="unit.enums.test_enum_pipeline_stage.TestEnumPipelineStage" name="test_enum_all_values" time="0.000" /><testcase classname="unit.enums.test_enum_node_arg.TestEnumNodeArg" name="test_enum_cli_arguments" time="0.000" /><testcase classname="unit.enums.test_enum_precommit_tool_names.TestEnumPrecommitToolNames" name="test_enum_inheritance" time="0.000" /><testcase classname="unit.enums.test_enum_precommit_tool_names.TestEnumPrecommitToolNames" name="test_enum_string_behavior" time="0.001" /><testcase classname="unit.enums.test_enum_pipeline_stage.TestEnumPipelineStage" name="test_enum_docstring" time="0.000" /><testcase classname="unit.enums.test_enum_pipeline_stage.TestEnumPipelineStage" name="test_pipeline_logical_order" time="0.000" /><testcase classname="unit.enums.test_enum_pipeline_stage.TestEnumPipelineStage" name="test_initial_stages" time="0.000" /><testcase classname="unit.enums.test_enum_pipeline_stage.TestEnumPipelineStage" name="test_processing_stages" time="0.000" /><testcase classname="unit.enums.test_enum_pipeline_stage.TestEnumPipelineStage" name="test_finalization_stages" time="0.000" /><testcase classname="unit.enums.test_enum_pipeline_stage.TestEnumPipelineStage" name="test_all_stages_categorized" time="0.000" /><testcase classname="unit.enums.test_enum_precommit_tool_names.TestEnumPrecommitToolNames" name="test_enum_iteration" time="0.000" /><testcase classname="unit.enums.test_enum_precommit_tool_names.TestEnumPrecommitToolNames" name="test_enum_membership" time="0.000" /><testcase classname="unit.enums.test_enum_precommit_tool_names.TestEnumPrecommitToolNames" name="test_enum_comparison" time="0.000" /><testcase classname="unit.enums.test_enum_precommit_tool_names.TestEnumPrecommitToolNames" name="test_enum_serialization" time="0.000" /><testcase classname="unit.enums.test_enum_precommit_tool_names.TestEnumPrecommitToolNames" name="test_enum_deserialization" time="0.000" /><testcase classname="unit.enums.test_enum_precommit_tool_names.TestEnumPrecommitToolNames" name="test_enum_invalid_value" time="0.000" /><testcase classname="unit.enums.test_enum_precommit_tool_names.TestEnumPrecommitToolNames" name="test_enum_all_values" time="0.000" /><testcase classname="unit.enums.test_enum_precommit_tool_names.TestEnumPrecommitToolNames" name="test_enum_docstring" time="0.000" /><testcase classname="unit.enums.test_enum_precommit_tool_names.TestEnumPrecommitToolNames" name="test_tool_naming_convention" time="0.000" /><testcase classname="unit.enums.test_enum_precommit_tool_names.TestEnumPrecommitToolNames" name="test_idempotency_checker_tool" time="0.000" /><testcase classname="unit.enums.test_enum_priority_level.TestEnumPriorityLevel" name="test_enum_values" time="0.001" /><testcase classname="unit.enums.test_enum_priority_level.TestEnumPriorityLevel" name="test_enum_inheritance" time="0.000" /><testcase classname="unit.enums.test_enum_priority_level.TestEnumPriorityLevel" name="test_enum_string_behavior" time="0.000" /><testcase classname="unit.enums.test_enum_priority_level.TestEnumPriorityLevel" name="test_enum_str_method" time="0.000" /><testcase classname="unit.enums.test_enum_priority_level.TestEnumPriorityLevel" name="test_enum_iteration" time="0.000" /><testcase classname="unit.enums.test_enum_priority_level.TestEnumPriorityLevel" name="test_enum_membership" time="0.000" /><testcase classname="unit.enums.test_enum_priority_level.TestEnumPriorityLevel" name="test_enum_comparison" time="0.000" /><testcase classname="unit.enums.test_enum_priority_level.TestEnumPriorityLevel" name="test_enum_serialization" time="0.000" /><testcase classname="unit.enums.test_enum_node_union_type.TestEnumNodeUnionType" name="test_is_function_node_data_method" time="0.000" /><testcase classname="unit.enums.test_enum_priority_level.TestEnumPriorityLevel" name="test_enum_invalid_value" time="0.000" /><testcase classname="unit.enums.test_enum_priority_level.TestEnumPriorityLevel" name="test_enum_all_values" time="0.000" /><testcase classname="unit.enums.test_enum_priority_level.TestEnumPriorityLevel" name="test_enum_docstring" time="0.000" /><testcase classname="unit.enums.test_enum_priority_level.TestEnumPriorityLevel" name="test_get_numeric_value" time="0.000" /><testcase classname="unit.enums.test_enum_priority_level.TestEnumPriorityLevel" name="test_numeric_value_ordering" time="0.000" /><testcase classname="unit.enums.test_enum_priority_level.TestEnumPriorityLevel" name="test_is_high_priority" time="0.000" /><testcase classname="unit.enums.test_enum_priority_level.TestEnumPriorityLevel" name="test_requires_immediate_action" time="0.000" /><testcase classname="unit.enums.test_enum_priority_level.TestEnumPriorityLevel" name="test_priority_less_than" time="0.000" /><testcase classname="unit.enums.test_enum_priority_level.TestEnumPriorityLevel" name="test_priority_less_than_or_equal" time="0.000" /><testcase classname="unit.enums.test_enum_priority_level.TestEnumPriorityLevel" name="test_priority_greater_than" time="0.000" /><testcase classname="unit.enums.test_enum_priority_level.TestEnumPriorityLevel" name="test_priority_greater_than_or_equal" time="0.000" /><testcase classname="unit.enums.test_enum_priority_level.TestEnumPriorityLevel" name="test_priority_sorting" time="0.000" /><testcase classname="unit.enums.test_enum_priority_level.TestEnumPriorityLevel" name="test_priority_comparison_completeness" time="0.000" /><testcase classname="unit.enums.test_enum_privacy_level.TestEnumPrivacyLevel" name="test_enum_values" time="0.000" /><testcase classname="unit.enums.test_enum_privacy_level.TestEnumPrivacyLevel" name="test_enum_inheritance" time="0.000" /><testcase classname="unit.enums.test_enum_privacy_level.TestEnumPrivacyLevel" name="test_enum_string_behavior" time="0.000" /><testcase classname="unit.enums.test_enum_privacy_level.TestEnumPrivacyLevel" name="test_enum_iteration" time="0.000" /><testcase classname="unit.enums.test_enum_privacy_level.TestEnumPrivacyLevel" name="test_enum_membership" time="0.000" /><testcase classname="unit.enums.test_enum_privacy_level.TestEnumPrivacyLevel" name="test_enum_comparison" time="0.000" /><testcase classname="unit.enums.test_enum_ollama_error_type.TestEnumOllamaErrorType" name="test_enum_serialization" time="0.001" /><testcase classname="unit.enums.test_enum_privacy_level.TestEnumPrivacyLevel" name="test_enum_deserialization" time="0.000" /><testcase classname="unit.enums.test_enum_privacy_level.TestEnumPrivacyLevel" name="test_enum_invalid_value" time="0.000" /><testcase classname="unit.enums.test_enum_privacy_level.TestEnumPrivacyLevel" name="test_enum_all_values" time="0.000" /><testcase classname="unit.enums.test_enum_privacy_level.TestEnumPrivacyLevel" name="test_enum_docstring" time="0.000" /><testcase classname="unit.enums.test_enum_privacy_level.TestEnumPrivacyLevel" name="test_privacy_levels_semantic_ordering" time="0.000" /><testcase classname="unit.enums.test_enum_privacy_level.TestEnumPrivacyLevel" name="test_local_only_level" time="0.000" /><testcase classname="unit.enums.test_enum_privacy_level.TestEnumPrivacyLevel" name="test_external_ok_level" time="0.000" /><testcase classname="unit.enums.test_enum_privacy_level.TestEnumPrivacyLevel" name="test_any_level" time="0.000" /><testcase classname="unit.enums.test_enum_prompt_style.TestEnumPromptStyle" name="test_enum_values" time="0.000" /><testcase classname="unit.enums.test_enum_prompt_style.TestEnumPromptStyle" name="test_enum_inheritance" time="0.000" /><testcase classname="unit.enums.test_enum_prompt_style.TestEnumPromptStyle" name="test_enum_string_behavior" time="0.000" /><testcase classname="unit.enums.test_enum_prompt_style.TestEnumPromptStyle" name="test_enum_iteration" time="0.000" /><testcase classname="unit.enums.test_enum_prompt_style.TestEnumPromptStyle" name="test_enum_membership" time="0.000" /><testcase classname="unit.enums.test_enum_prompt_style.TestEnumPromptStyle" name="test_enum_comparison" time="0.000" /><testcase classname="unit.enums.test_enum_prompt_style.TestEnumPromptStyle" name="test_enum_serialization" time="0.000" /><testcase classname="unit.enums.test_enum_prompt_style.TestEnumPromptStyle" name="test_enum_deserialization" time="0.000" /><testcase classname="unit.enums.test_enum_prompt_style.TestEnumPromptStyle" name="test_enum_invalid_value" time="0.000" /><testcase classname="unit.enums.test_enum_prompt_style.TestEnumPromptStyle" name="test_enum_all_values" time="0.000" /><testcase classname="unit.enums.test_enum_prompt_style.TestEnumPromptStyle" name="test_enum_docstring" time="0.000" /><testcase classname="unit.enums.test_enum_operation_status.TestEnumOperationStatus" name="test_enum_inheritance" time="0.000" /><testcase classname="unit.enums.test_enum_prompt_style.TestEnumPromptStyle" name="test_structured_format_styles" time="0.000" /><testcase classname="unit.enums.test_enum_prompt_style.TestEnumPromptStyle" name="test_all_styles_categorized" time="0.000" /><testcase classname="unit.enums.test_enum_prompt_style.TestEnumPromptStyle" name="test_style_naming_convention" time="0.001" /><testcase classname="unit.enums.test_enum_protocol_event_type.TestEnumProtocolEventType" name="test_enum_values" time="0.000" /><testcase classname="unit.enums.test_enum_protocol_event_type.TestEnumProtocolEventType" name="test_enum_inheritance" time="0.000" /><testcase classname="unit.enums.test_enum_protocol_event_type.TestEnumProtocolEventType" name="test_enum_string_behavior" time="0.001" /><testcase classname="unit.enums.test_enum_protocol_event_type.TestEnumProtocolEventType" name="test_enum_iteration" time="0.001" /><testcase classname="unit.enums.test_enum_protocol_event_type.TestEnumProtocolEventType" name="test_enum_membership" time="0.000" /><testcase classname="unit.enums.test_enum_protocol_event_type.TestEnumProtocolEventType" name="test_enum_comparison" time="0.000" /><testcase classname="unit.enums.test_enum_protocol_event_type.TestEnumProtocolEventType" name="test_enum_serialization" time="0.000" /><testcase classname="unit.enums.test_enum_protocol_event_type.TestEnumProtocolEventType" name="test_enum_deserialization" time="0.000" /><testcase classname="unit.enums.test_enum_protocol_event_type.TestEnumProtocolEventType" name="test_enum_invalid_value" time="0.000" /><testcase classname="unit.enums.test_enum_protocol_event_type.TestEnumProtocolEventType" name="test_enum_all_values" time="0.001" /><testcase classname="unit.enums.test_enum_protocol_event_type.TestEnumProtocolEventType" name="test_enum_docstring" time="0.000" /><testcase classname="unit.enums.test_enum_protocol_event_type.TestEnumProtocolEventType" name="test_lifecycle_events" time="0.000" /><testcase classname="unit.enums.test_enum_protocol_event_type.TestEnumProtocolEventType" name="test_state_events" time="0.000" /><testcase classname="unit.enums.test_enum_protocol_event_type.TestEnumProtocolEventType" name="test_workflow_events" time="0.000" /><testcase classname="unit.enums.test_enum_protocol_event_type.TestEnumProtocolEventType" name="test_intelligence_events" time="0.000" /><testcase classname="unit.enums.test_enum_operation_type.TestEnumOperationType" name="test_enum_deserialization" time="0.001" /><testcase classname="unit.enums.test_enum_output_mode.TestEnumOutputMode" name="test_returns_statistics" time="0.001" /><testcase classname="unit.enums.test_enum_proxy_endpoint.TestEnumProxyEndpoint" name="test_enum_iteration" time="0.000" /><testcase classname="unit.enums.test_enum_proxy_endpoint.TestEnumProxyEndpoint" name="test_enum_membership" time="0.000" /><testcase classname="unit.enums.test_enum_proxy_endpoint.TestEnumProxyEndpoint" name="test_enum_comparison" time="0.000" /><testcase classname="unit.enums.test_enum_proxy_endpoint.TestEnumProxyEndpoint" name="test_enum_serialization" time="0.000" /><testcase classname="unit.enums.test_enum_proxy_endpoint.TestEnumProxyEndpoint" name="test_enum_deserialization" time="0.000" /><testcase classname="unit.enums.test_enum_proxy_endpoint.TestEnumProxyEndpoint" name="test_enum_invalid_value" time="0.000" /><testcase classname="unit.enums.test_enum_proxy_endpoint.TestEnumProxyEndpoint" name="test_enum_all_values" time="0.000" /><testcase classname="unit.enums.test_enum_proxy_endpoint.TestEnumProxyEndpoint" name="test_enum_docstring" time="0.000" /><testcase classname="unit.enums.test_enum_protocol_event_type.TestEnumProtocolEventType" name="test_generation_events" time="0.000" /><testcase classname="unit.enums.test_enum_protocol_event_type.TestEnumProtocolEventType" name="test_system_events" time="0.000" /><testcase classname="unit.enums.test_enum_protocol_event_type.TestEnumProtocolEventType" name="test_all_events_categorized" time="0.000" /><testcase classname="unit.enums.test_enum_provider_type.TestEnumProviderType" name="test_enum_values" time="0.000" /><testcase classname="unit.enums.test_enum_provider_type.TestEnumProviderType" name="test_enum_inheritance" time="0.000" /><testcase classname="unit.enums.test_enum_provider_type.TestEnumProviderType" name="test_enum_string_behavior" time="0.000" /><testcase classname="unit.enums.test_enum_proxy_endpoint.TestEnumProxyEndpoint" name="test_endpoint_versioning" time="0.000" /><testcase classname="unit.enums.test_enum_proxy_endpoint.TestEnumProxyEndpoint" name="test_endpoint_api_types" time="0.000" /><testcase classname="unit.enums.test_enum_publisher_type.TestEnumPublisherType" name="test_enum_values" time="0.000" /><testcase classname="unit.enums.test_enum_publisher_type.TestEnumPublisherType" name="test_enum_inheritance" time="0.000" /><testcase classname="unit.enums.test_enum_provider_type.TestEnumProviderType" name="test_enum_iteration" time="0.000" /><testcase classname="unit.enums.test_enum_provider_type.TestEnumProviderType" name="test_enum_membership" time="0.000" /><testcase classname="unit.enums.test_enum_provider_type.TestEnumProviderType" name="test_enum_comparison" time="0.000" /><testcase classname="unit.enums.test_enum_provider_type.TestEnumProviderType" name="test_enum_serialization" time="0.000" /><testcase classname="unit.enums.test_enum_provider_type.TestEnumProviderType" name="test_enum_deserialization" time="0.000" /><testcase classname="unit.enums.test_enum_provider_type.TestEnumProviderType" name="test_enum_invalid_value" time="0.000" /><testcase classname="unit.enums.test_enum_provider_type.TestEnumProviderType" name="test_enum_all_values" time="0.000" /><testcase classname="unit.enums.test_enum_provider_type.TestEnumProviderType" name="test_enum_docstring" time="0.000" /><testcase classname="unit.enums.test_enum_provider_type.TestEnumProviderType" name="test_provider_trust_levels" time="0.000" /><testcase classname="unit.enums.test_enum_provider_type.TestEnumProviderType" name="test_all_providers_categorized" time="0.000" /><testcase classname="unit.enums.test_enum_proxy_endpoint.TestEnumProxyEndpoint" name="test_enum_values" time="0.000" /><testcase classname="unit.enums.test_enum_proxy_endpoint.TestEnumProxyEndpoint" name="test_enum_inheritance" time="0.000" /><testcase classname="unit.enums.test_enum_publisher_type.TestEnumPublisherType" name="test_enum_string_behavior" time="0.000" /><testcase classname="unit.enums.test_enum_publisher_type.TestEnumPublisherType" name="test_enum_iteration" time="0.000" /><testcase classname="unit.enums.test_enum_publisher_type.TestEnumPublisherType" name="test_enum_membership" time="0.000" /><testcase classname="unit.enums.test_enum_publisher_type.TestEnumPublisherType" name="test_enum_comparison" time="0.000" /><testcase classname="unit.enums.test_enum_publisher_type.TestEnumPublisherType" name="test_enum_serialization" time="0.000" /><testcase classname="unit.enums.test_enum_publisher_type.TestEnumPublisherType" name="test_enum_deserialization" time="0.000" /><testcase classname="unit.enums.test_enum_permission_action.TestEnumPermissionAction" name="test_enum_membership" time="0.001" /><testcase classname="unit.enums.test_enum_publisher_type.TestEnumPublisherType" name="test_enum_all_values" time="0.001" /><testcase classname="unit.enums.test_enum_publisher_type.TestEnumPublisherType" name="test_enum_docstring" time="0.001" /><testcase classname="unit.enums.test_enum_publisher_type.TestEnumPublisherType" name="test_publisher_types_categorization" time="0.000" /><testcase classname="unit.enums.test_enum_publisher_type.TestEnumPublisherType" name="test_all_publishers_categorized" time="0.000" /><testcase classname="unit.enums.test_enum_permission_scope.TestEnumPermissionScope" name="test_enum_docstring" time="0.001" /><testcase classname="unit.enums.test_enum_query_type.TestEnumQueryType" name="test_enum_values" time="0.001" /><testcase classname="unit.enums.test_enum_query_type.TestEnumQueryType" name="test_enum_inheritance" time="0.000" /><testcase classname="unit.enums.test_enum_query_type.TestEnumQueryType" name="test_enum_string_behavior" time="0.000" /><testcase classname="unit.enums.test_enum_query_type.TestEnumQueryType" name="test_search_query_types" time="0.001" /><testcase classname="unit.enums.test_enum_query_type.TestEnumQueryType" name="test_enum_iteration" time="0.000" /><testcase classname="unit.enums.test_enum_query_type.TestEnumQueryType" name="test_enum_membership" time="0.000" /><testcase classname="unit.enums.test_enum_query_type.TestEnumQueryType" name="test_enum_comparison" time="0.000" /><testcase classname="unit.enums.test_enum_query_type.TestEnumQueryType" name="test_enum_serialization" time="0.000" /><testcase classname="unit.enums.test_enum_query_type.TestEnumQueryType" name="test_enum_deserialization" time="0.000" /><testcase classname="unit.enums.test_enum_query_type.TestEnumQueryType" name="test_creative_query_types" time="0.000" /><testcase classname="unit.enums.test_enum_query_type.TestEnumQueryType" name="test_all_query_types_categorized" time="0.000" /><testcase classname="unit.enums.test_enum_registry_action.TestEnumRegistryAction" name="test_enum_values" time="0.000" /><testcase classname="unit.enums.test_enum_registry_action.TestEnumRegistryAction" name="test_enum_inheritance" time="0.000" /><testcase classname="unit.enums.test_enum_query_type.TestEnumQueryType" name="test_enum_invalid_value" time="0.000" /><testcase classname="unit.enums.test_enum_query_type.TestEnumQueryType" name="test_enum_all_values" time="0.000" /><testcase classname="unit.enums.test_enum_query_type.TestEnumQueryType" name="test_enum_docstring" time="0.000" /><testcase classname="unit.enums.test_enum_query_type.TestEnumQueryType" name="test_general_query_types" time="0.000" /><testcase classname="unit.enums.test_enum_query_type.TestEnumQueryType" name="test_technical_query_types" time="0.000" /><testcase classname="unit.enums.test_enum_registry_action.TestEnumRegistryAction" name="test_enum_string_behavior" time="0.000" /><testcase classname="unit.enums.test_enum_registry_action.TestEnumRegistryAction" name="test_enum_iteration" time="0.000" /><testcase classname="unit.enums.test_enum_registry_action.TestEnumRegistryAction" name="test_enum_membership" time="0.000" /><testcase classname="unit.enums.test_enum_registry_action.TestEnumRegistryAction" name="test_enum_comparison" time="0.000" /><testcase classname="unit.enums.test_enum_registry_action.TestEnumRegistryAction" name="test_enum_serialization" time="0.000" /><testcase classname="unit.enums.test_enum_registry_action.TestEnumRegistryAction" name="test_enum_deserialization" time="0.000" /><testcase classname="unit.enums.test_enum_registry_action.TestEnumRegistryAction" name="test_enum_invalid_value" time="0.000" /><testcase classname="unit.enums.test_enum_registry_action.TestEnumRegistryAction" name="test_enum_all_values" time="0.000" /><testcase classname="unit.enums.test_enum_registry_action.TestEnumRegistryAction" name="test_registry_action_naming" time="0.000" /><testcase classname="unit.enums.test_enum_registry_action.TestEnumRegistryAction" name="test_action_semantic_grouping" time="0.000" /><testcase classname="unit.enums.test_enum_registry_entry_status.TestEnumRegistryEntryStatus" name="test_enum_values" time="0.000" /><testcase classname="unit.enums.test_enum_registry_entry_status.TestEnumRegistryEntryStatus" name="test_enum_inheritance" time="0.000" /><testcase classname="unit.enums.test_enum_precommit_tool_names.TestEnumPrecommitToolNames" name="test_enum_values" time="0.000" /><testcase classname="unit.enums.test_enum_registry_entry_status.TestEnumRegistryEntryStatus" name="test_enum_iteration" time="0.001" /><testcase classname="unit.enums.test_enum_registry_entry_status.TestEnumRegistryEntryStatus" name="test_enum_membership" time="0.000" /><testcase classname="unit.enums.test_enum_registry_entry_status.TestEnumRegistryEntryStatus" name="test_enum_comparison" time="0.001" /><testcase classname="unit.enums.test_enum_registry_entry_status.TestEnumRegistryEntryStatus" name="test_enum_serialization" time="0.000" /><testcase classname="unit.enums.test_enum_registry_entry_status.TestEnumRegistryEntryStatus" name="test_enum_deserialization" time="0.000" /><testcase classname="unit.enums.test_enum_registry_entry_status.TestEnumRegistryEntryStatus" name="test_enum_invalid_value" time="0.000" /><testcase classname="unit.enums.test_enum_registry_entry_status.TestEnumRegistryEntryStatus" name="test_enum_all_values" time="0.000" /><testcase classname="unit.enums.test_enum_registry_entry_status.TestEnumRegistryEntryStatus" name="test_status_progression" time="0.000" /><testcase classname="unit.enums.test_enum_registry_entry_status.TestEnumRegistryEntryStatus" name="test_temporary_vs_permanent_status" time="0.000" /><testcase classname="unit.enums.test_enum_registry_output_status.TestEnumRegistryOutputStatus" name="test_enum_values" time="0.000" /><testcase classname="unit.enums.test_enum_registry_output_status.TestEnumRegistryOutputStatus" name="test_enum_inheritance" time="0.000" /><testcase classname="unit.enums.test_enum_registry_output_status.TestEnumRegistryOutputStatus" name="test_enum_string_behavior" time="0.000" /><testcase classname="unit.enums.test_enum_registry_output_status.TestEnumRegistryOutputStatus" name="test_enum_iteration" time="0.000" /><testcase classname="unit.enums.test_enum_registry_output_status.TestEnumRegistryOutputStatus" name="test_enum_membership" time="0.000" /><testcase classname="unit.enums.test_enum_registry_output_status.TestEnumRegistryOutputStatus" name="test_enum_comparison" time="0.000" /><testcase classname="unit.enums.test_enum_registry_output_status.TestEnumRegistryOutputStatus" name="test_enum_serialization" time="0.000" /><testcase classname="unit.enums.test_enum_priority_level.TestEnumPriorityLevel" name="test_enum_deserialization" time="0.002" /><testcase classname="unit.enums.test_enum_registry_output_status.TestEnumRegistryOutputStatus" name="test_enum_invalid_value" time="0.001" /><testcase classname="unit.enums.test_enum_registry_output_status.TestEnumRegistryOutputStatus" name="test_enum_all_values" time="0.000" /><testcase classname="unit.enums.test_enum_registry_output_status.TestEnumRegistryOutputStatus" name="test_output_status_categorization" time="0.000" /><testcase classname="unit.enums.test_enum_registry_output_status.TestEnumRegistryOutputStatus" name="test_status_severity_levels" time="0.000" /><testcase classname="unit.enums.test_enum_registry_status.TestEnumRegistryStatus" name="test_enum_inherits_from_str_and_enum" time="0.000" /><testcase classname="unit.enums.test_enum_registry_status.TestEnumRegistryStatus" name="test_enum_values_exist" time="0.000" /><testcase classname="unit.enums.test_enum_registry_status.TestEnumRegistryStatus" name="test_enum_string_values" time="0.000" /><testcase classname="unit.enums.test_enum_registry_status.TestEnumRegistryStatus" name="test_enum_can_be_created_from_string" time="0.000" /><testcase classname="unit.enums.test_enum_registry_status.TestEnumRegistryStatus" name="test_enum_string_comparison" time="0.001" /><testcase classname="unit.enums.test_enum_privacy_level.TestEnumPrivacyLevel" name="test_enum_serialization" time="0.001" /><testcase classname="unit.enums.test_enum_registry_status.TestEnumRegistryStatus" name="test_enum_member_count" time="0.000" /><testcase classname="unit.enums.test_enum_registry_status.TestEnumRegistryStatus" name="test_enum_member_uniqueness" time="0.000" /><testcase classname="unit.enums.test_enum_registry_status.TestEnumRegistryStatus" name="test_registry_status_semantic_grouping" time="0.000" /><testcase classname="unit.enums.test_enum_registry_status.TestEnumRegistryStatus" name="test_enum_iteration" time="0.000" /><testcase classname="unit.enums.test_enum_registry_status.TestEnumRegistryStatus" name="test_invalid_enum_value_raises_error" time="0.000" /><testcase classname="unit.enums.test_enum_registry_status.TestEnumRegistryStatus" name="test_status_severity_levels" time="0.000" /><testcase classname="unit.enums.test_enum_registry_status.TestEnumRegistryStatus" name="test_enum_case_sensitivity" time="0.000" /><testcase classname="unit.enums.test_enum_registry_status.TestEnumRegistryStatus" name="test_enum_serialization_json_compatible" time="0.000" /><testcase classname="unit.enums.test_enum_registry_status.TestEnumRegistryStatusEdgeCases" name="test_enum_with_none_value" time="0.000" /><testcase classname="unit.enums.test_enum_registry_status.TestEnumRegistryStatus" name="test_enum_in_operator" time="0.000" /><testcase classname="unit.enums.test_enum_registry_status.TestEnumRegistryStatus" name="test_enum_hash_consistency" time="0.000" /><testcase classname="unit.enums.test_enum_registry_status.TestEnumRegistryStatus" name="test_enum_repr" time="0.000" /><testcase classname="unit.enums.test_enum_registry_status.TestEnumRegistryStatusEdgeCases" name="test_enum_with_empty_string" time="0.000" /><testcase classname="unit.enums.test_enum_registry_status.TestEnumRegistryStatusEdgeCases" name="test_enum_with_whitespace" time="0.000" /><testcase classname="unit.enums.test_enum_registry_status.TestEnumRegistryStatusEdgeCases" name="test_enum_pickling" time="0.000" /><testcase classname="unit.enums.test_enum_request_field.TestEnumRequestField" name="test_enum_values" time="0.000" /><testcase classname="unit.enums.test_enum_request_field.TestEnumRequestField" name="test_enum_inheritance" time="0.000" /><testcase classname="unit.enums.test_enum_request_field.TestEnumRequestField" name="test_enum_string_behavior" time="0.000" /><testcase classname="unit.enums.test_enum_request_field.TestEnumRequestField" name="test_enum_iteration" time="0.000" /><testcase classname="unit.enums.test_enum_request_field.TestEnumRequestField" name="test_enum_membership" time="0.000" /><testcase classname="unit.enums.test_enum_request_field.TestEnumRequestField" name="test_enum_comparison" time="0.000" /><testcase classname="unit.enums.test_enum_request_field.TestEnumRequestField" name="test_enum_serialization" time="0.000" /><testcase classname="unit.enums.test_enum_request_field.TestEnumRequestField" name="test_enum_deserialization" time="0.000" /><testcase classname="unit.enums.test_enum_prompt_style.TestEnumPromptStyle" name="test_text_format_styles" time="0.001" /><testcase classname="unit.enums.test_enum_request_field.TestEnumRequestField" name="test_enum_all_values" time="0.001" /><testcase classname="unit.enums.test_enum_protocol_event_type.TestEnumProtocolEventType" name="test_validation_events" time="0.001" /><testcase classname="unit.enums.test_enum_request_field.TestEnumRequestField" name="test_enum_docstring" time="0.000" /><testcase classname="unit.enums.test_enum_response_format.TestEnumResponseFormat" name="test_format_categorization" time="0.000" /><testcase classname="unit.enums.test_enum_request_field.TestEnumRequestField" name="test_top_level_fields" time="0.001" /><testcase classname="unit.enums.test_enum_request_field.TestEnumRequestField" name="test_nested_fields" time="0.000" /><testcase classname="unit.enums.test_enum_retry_backoff_strategy.TestEnumRetryBackoffStrategy" name="test_enum_values" time="0.001" /><testcase classname="unit.enums.test_enum_request_field.TestEnumRequestField" name="test_all_fields_categorized" time="0.000" /><testcase classname="unit.enums.test_enum_retry_backoff_strategy.TestEnumRetryBackoffStrategy" name="test_string_representation" time="0.001" /><testcase classname="unit.enums.test_enum_response_format.TestEnumResponseFormat" name="test_enum_values" time="0.000" /><testcase classname="unit.enums.test_enum_response_format.TestEnumResponseFormat" name="test_enum_inheritance" time="0.000" /><testcase classname="unit.enums.test_enum_retry_backoff_strategy.TestEnumRetryBackoffStrategy" name="test_enum_comparison" time="0.000" /><testcase classname="unit.enums.test_enum_response_format.TestEnumResponseFormat" name="test_enum_string_behavior" time="0.000" /><testcase classname="unit.enums.test_enum_response_format.TestEnumResponseFormat" name="test_enum_iteration" time="0.000" /><testcase classname="unit.enums.test_enum_retry_backoff_strategy.TestEnumRetryBackoffStrategy" name="test_enum_membership" time="0.001" /><testcase classname="unit.enums.test_enum_response_format.TestEnumResponseFormat" name="test_enum_membership" time="0.000" /><testcase classname="unit.enums.test_enum_response_format.TestEnumResponseFormat" name="test_enum_comparison" time="0.000" /><testcase classname="unit.enums.test_enum_retry_backoff_strategy.TestEnumRetryBackoffStrategy" name="test_enum_iteration" time="0.000" /><testcase classname="unit.enums.test_enum_response_format.TestEnumResponseFormat" name="test_enum_serialization" time="0.000" /><testcase classname="unit.enums.test_enum_retry_backoff_strategy.TestEnumRetryBackoffStrategy" name="test_json_serialization" time="0.000" /><testcase classname="unit.enums.test_enum_response_format.TestEnumResponseFormat" name="test_enum_deserialization" time="0.000" /><testcase classname="unit.enums.test_enum_retry_backoff_strategy.TestEnumRetryBackoffStrategy" name="test_pydantic_model_integration" time="0.001" /><testcase classname="unit.enums.test_enum_response_format.TestEnumResponseFormat" name="test_enum_invalid_value" time="0.000" /><testcase classname="unit.enums.test_enum_response_format.TestEnumResponseFormat" name="test_enum_all_values" time="0.000" /><testcase classname="unit.enums.test_enum_retry_backoff_strategy.TestEnumRetryBackoffStrategy" name="test_pydantic_serialization" time="0.000" /><testcase classname="unit.enums.test_enum_retry_backoff_strategy.TestEnumRetryBackoffStrategy" name="test_enum_uniqueness" time="0.000" /><testcase classname="unit.enums.test_enum_retry_backoff_strategy.TestEnumRetryBackoffStrategy" name="test_enum_value_access" time="0.000" /><testcase classname="unit.enums.test_enum_retry_backoff_strategy.TestEnumRetryBackoffStrategy" name="test_enum_name_access" time="0.000" /><testcase classname="unit.enums.test_enum_retry_backoff_strategy.TestEnumRetryBackoffStrategy" name="test_string_coercion" time="0.000" /><testcase classname="unit.enums.test_enum_retry_backoff_strategy.TestEnumRetryBackoffStrategy" name="test_enum_hashing" time="0.000" /><testcase classname="unit.enums.test_enum_retry_backoff_strategy.TestEnumRetryBackoffStrategy" name="test_enum_repr" time="0.000" /><testcase classname="integration.test_validation_integration.TestValidationIntegration" name="test_validation_script_error_handling" time="0.157" /><testcase classname="unit.enums.test_enum_publisher_type.TestEnumPublisherType" name="test_enum_invalid_value" time="0.001" /><testcase classname="unit.discovery.test_mixin_discovery.TestMixinDiscovery" name="test_get_categories" time="0.617" /><testcase classname="unit.enums.test_enum_retry_backoff_strategy.TestEnumRetryBackoffStrategyEdgeCases" name="test_whitespace_handling" time="0.001" /><testcase classname="unit.enums.test_enum_retry_backoff_strategy.TestEnumRetryBackoffStrategyEdgeCases" name="test_empty_string" time="0.001" /><testcase classname="unit.enums.test_enum_retry_backoff_strategy.TestEnumRetryBackoffStrategyEdgeCases" name="test_none_value" time="0.001" /><testcase classname="unit.enums.test_enum_retry_strategy.TestEnumRetryStrategy" name="test_enum_values" time="0.000" /><testcase classname="unit.enums.test_enum_retry_strategy.TestEnumRetryStrategy" name="test_enum_inheritance" time="0.000" /><testcase classname="unit.enums.test_enum_retry_strategy.TestEnumRetryStrategy" name="test_enum_string_behavior" time="0.000" /><testcase classname="unit.enums.test_enum_retry_strategy.TestEnumRetryStrategy" name="test_enum_iteration" time="0.000" /><testcase classname="unit.enums.test_enum_retry_strategy.TestEnumRetryStrategy" name="test_enum_membership" time="0.000" /><testcase classname="unit.enums.test_enum_retry_strategy.TestEnumRetryStrategy" name="test_enum_comparison" time="0.000" /><testcase classname="unit.enums.test_enum_retry_strategy.TestEnumRetryStrategy" name="test_enum_serialization" time="0.000" /><testcase classname="unit.enums.test_enum_retry_strategy.TestEnumRetryStrategy" name="test_enum_deserialization" time="0.000" /><testcase classname="unit.enums.test_enum_retry_strategy.TestEnumRetryStrategy" name="test_enum_invalid_value" time="0.000" /><testcase classname="unit.enums.test_enum_retry_strategy.TestEnumRetryStrategy" name="test_enum_all_values" time="0.000" /><testcase classname="unit.enums.test_enum_retry_strategy.TestEnumRetryStrategy" name="test_enum_docstring" time="0.001" /><testcase classname="unit.enums.test_enum_retry_strategy.TestEnumRetryStrategy" name="test_no_retry_strategies" time="0.000" /><testcase classname="unit.enums.test_enum_proxy_endpoint.TestEnumProxyEndpoint" name="test_enum_string_behavior" time="0.000" /><testcase classname="unit.enums.test_enum_query_type.TestEnumQueryType" name="test_analysis_query_types" time="0.001" /><testcase classname="unit.enums.test_enum_retry_strategy.TestEnumRetryStrategy" name="test_advanced_strategies" time="0.000" /><testcase classname="unit.enums.test_enum_retry_strategy.TestEnumRetryStrategy" name="test_all_strategies_categorized" time="0.000" /><testcase classname="unit.enums.test_enum_retry_strategy.TestEnumRetryStrategy" name="test_backoff_strategies" time="0.000" /><testcase classname="unit.enums.test_enum_return_type.TestEnumReturnType" name="test_enum_values" time="0.001" /><testcase classname="unit.enums.test_enum_return_type.TestEnumReturnType" name="test_enum_inheritance" time="0.000" /><testcase classname="unit.enums.test_enum_return_type.TestEnumReturnType" name="test_enum_string_behavior" time="0.000" /><testcase classname="unit.enums.test_enum_return_type.TestEnumReturnType" name="test_enum_iteration" time="0.000" /><testcase classname="unit.enums.test_enum_return_type.TestEnumReturnType" name="test_enum_membership" time="0.000" /><testcase classname="unit.enums.test_enum_return_type.TestEnumReturnType" name="test_enum_comparison" time="0.000" /><testcase classname="unit.enums.test_enum_return_type.TestEnumReturnType" name="test_is_structured_data_class_method" time="0.000" /><testcase classname="unit.enums.test_enum_return_type.TestEnumReturnType" name="test_is_file_based_class_method" time="0.000" /><testcase classname="unit.enums.test_enum_return_type.TestEnumReturnType" name="test_is_text_based_class_method" time="0.000" /><testcase classname="unit.enums.test_enum_return_type.TestEnumReturnType" name="test_requires_serialization_class_method" time="0.000" /><testcase classname="unit.enums.test_enum_return_type.TestEnumReturnType" name="test_get_mime_type_class_method" time="0.000" /><testcase classname="unit.enums.test_enum_return_type.TestEnumReturnType" name="test_enum_serialization" time="0.000" /><testcase classname="unit.enums.test_enum_return_type.TestEnumReturnType" name="test_enum_deserialization" time="0.000" /><testcase classname="unit.enums.test_enum_return_type.TestEnumReturnType" name="test_enum_invalid_value" time="0.000" /><testcase classname="unit.enums.test_enum_return_type.TestEnumReturnType" name="test_return_type_categorization_completeness" time="0.000" /><testcase classname="unit.enums.test_enum_return_type.TestEnumReturnType" name="test_enum_all_values" time="0.000" /><testcase classname="unit.enums.test_enum_return_type.TestEnumReturnType" name="test_enum_docstring" time="0.000" /><testcase classname="unit.enums.test_enum_return_type.TestEnumReturnType" name="test_return_type_categorization_exclusivity" time="0.000" /><testcase classname="unit.enums.test_enum_return_type.TestEnumReturnType" name="test_return_type_logical_groupings" time="0.000" /><testcase classname="unit.enums.test_enum_role_level.TestEnumRoleLevel" name="test_enum_values" time="0.000" /><testcase classname="unit.enums.test_enum_role_level.TestEnumRoleLevel" name="test_enum_inheritance" time="0.000" /><testcase classname="unit.enums.test_enum_role_level.TestEnumRoleLevel" name="test_enum_string_behavior" time="0.000" /><testcase classname="unit.enums.test_enum_role_level.TestEnumRoleLevel" name="test_enum_iteration" time="0.000" /><testcase classname="unit.enums.test_enum_role_level.TestEnumRoleLevel" name="test_enum_membership" time="0.000" /><testcase classname="unit.enums.test_enum_role_level.TestEnumRoleLevel" name="test_enum_comparison" time="0.000" /><testcase classname="unit.enums.test_enum_registry_entry_status.TestEnumRegistryEntryStatus" name="test_enum_string_behavior" time="0.000" /><testcase classname="unit.enums.test_enum_role_level.TestEnumRoleLevel" name="test_enum_deserialization" time="0.000" /><testcase classname="unit.enums.test_enum_role_level.TestEnumRoleLevel" name="test_enum_invalid_value" time="0.000" /><testcase classname="unit.enums.test_enum_role_level.TestEnumRoleLevel" name="test_enum_all_values" time="0.000" /><testcase classname="unit.enums.test_enum_role_level.TestEnumRoleLevel" name="test_enum_docstring" time="0.000" /><testcase classname="unit.enums.test_enum_role_level.TestEnumRoleLevel" name="test_entry_level_roles" time="0.000" /><testcase classname="unit.enums.test_enum_role_level.TestEnumRoleLevel" name="test_mid_level_roles" time="0.000" /><testcase classname="unit.enums.test_enum_role_level.TestEnumRoleLevel" name="test_leadership_roles" time="0.000" /><testcase classname="unit.enums.test_enum_role_level.TestEnumRoleLevel" name="test_executive_roles" time="0.000" /><testcase classname="unit.enums.test_enum_role_level.TestEnumRoleLevel" name="test_all_roles_categorized" time="0.000" /><testcase classname="unit.enums.test_enum_role_level.TestEnumRoleLevel" name="test_role_progression" time="0.000" /><testcase classname="unit.enums.test_enum_scenario_status.TestEnumScenarioStatus" name="test_enum_inherits_from_str_and_enum" time="0.000" /><testcase classname="unit.enums.test_enum_scenario_status.TestEnumScenarioStatus" name="test_enum_values_exist" time="0.000" /><testcase classname="unit.enums.test_enum_scenario_status.TestEnumScenarioStatus" name="test_enum_string_values" time="0.000" /><testcase classname="unit.enums.test_enum_scenario_status.TestEnumScenarioStatus" name="test_enum_can_be_created_from_string" time="0.000" /><testcase classname="unit.enums.test_enum_registry_status.TestEnumRegistryStatus" name="test_enum_with_pydantic_compatibility" time="0.002" /><testcase classname="unit.enums.test_enum_scenario_status.TestEnumScenarioStatusEdgeCases" name="test_enum_with_empty_string" time="0.000" /><testcase classname="unit.enums.test_enum_scenario_status.TestEnumScenarioStatusEdgeCases" name="test_enum_with_whitespace" time="0.001" /><testcase classname="unit.enums.test_enum_scenario_status.TestEnumScenarioStatusEdgeCases" name="test_enum_pickling" time="0.000" /><testcase classname="unit.enums.test_enum_request_field.TestEnumRequestField" name="test_enum_invalid_value" time="0.001" /><testcase classname="unit.enums.test_enum_registry_output_status.TestEnumRegistryOutputStatus" name="test_enum_deserialization" time="0.000" /><testcase classname="unit.enums.test_enum_scenario_status.TestEnumScenarioStatus" name="test_enum_member_count" time="0.000" /><testcase classname="unit.enums.test_enum_scenario_status.TestEnumScenarioStatus" name="test_enum_member_uniqueness" time="0.000" /><testcase classname="unit.enums.test_enum_scenario_status.TestEnumScenarioStatus" name="test_enum_iteration" time="0.000" /><testcase classname="unit.enums.test_enum_scenario_status.TestEnumScenarioStatus" name="test_invalid_enum_value_raises_error" time="0.000" /><testcase classname="unit.enums.test_enum_scenario_status.TestEnumScenarioStatus" name="test_enum_in_operator" time="0.000" /><testcase classname="unit.enums.test_enum_scenario_status.TestEnumScenarioStatus" name="test_enum_hash_consistency" time="0.000" /><testcase classname="unit.enums.test_enum_scenario_status.TestEnumScenarioStatus" name="test_enum_repr" time="0.000" /><testcase classname="unit.enums.test_enum_scenario_status.TestEnumScenarioStatus" name="test_enum_with_pydantic_compatibility" time="0.000" /><testcase classname="unit.enums.test_enum_scenario_status.TestEnumScenarioStatus" name="test_scenario_status_lifecycle_grouping" time="0.000" /><testcase classname="unit.enums.test_enum_scenario_status.TestEnumScenarioStatus" name="test_scenario_status_execution_outcomes" time="0.000" /><testcase classname="unit.enums.test_enum_scenario_status.TestEnumScenarioStatus" name="test_is_final_state_logic" time="0.000" /><testcase classname="unit.enums.test_enum_scenario_status.TestEnumScenarioStatus" name="test_enum_case_sensitivity" time="0.000" /><testcase classname="unit.enums.test_enum_scenario_status.TestEnumScenarioStatus" name="test_enum_serialization_json_compatible" time="0.000" /><testcase classname="unit.enums.test_enum_scenario_status.TestEnumScenarioStatusEdgeCases" name="test_enum_workflow_transitions" time="0.000" /><testcase classname="unit.enums.test_enum_security_level.TestEnumSecurityLevel" name="test_enum_values" time="0.000" /><testcase classname="unit.enums.test_enum_security_level.TestEnumSecurityLevel" name="test_enum_inheritance" time="0.000" /><testcase classname="unit.enums.test_enum_security_level.TestEnumSecurityLevel" name="test_enum_string_representation" time="0.000" /><testcase classname="unit.enums.test_enum_security_level.TestEnumSecurityLevel" name="test_enum_iteration" time="0.000" /><testcase classname="unit.enums.test_enum_security_level.TestEnumSecurityLevel" name="test_enum_membership" time="0.000" /><testcase classname="unit.enums.test_enum_security_level.TestEnumSecurityLevel" name="test_enum_docstring" time="0.000" /><testcase classname="unit.enums.test_enum_security_level.TestEnumSecurityLevel" name="test_recommended_security_levels" time="0.001" /><testcase classname="unit.enums.test_enum_security_level.TestEnumSecurityLevel" name="test_development_security_levels" time="0.001" /><testcase classname="unit.enums.test_enum_security_level.TestEnumSecurityLevel" name="test_discouraged_security_levels" time="0.000" /><testcase classname="unit.enums.test_enum_security_level.TestEnumSecurityLevel" name="test_all_security_levels_categorized" time="0.001" /><testcase classname="unit.enums.test_enum_security_level.TestEnumSecurityLevel" name="test_security_level_progression" time="0.000" /><testcase classname="unit.enums.test_enum_service_type.TestEnumServiceType" name="test_enum_values" time="0.000" /><testcase classname="unit.enums.test_enum_security_level.TestEnumSecurityLevel" name="test_enum_comparison" time="0.000" /><testcase classname="unit.enums.test_enum_security_level.TestEnumSecurityLevel" name="test_enum_serialization" time="0.000" /><testcase classname="unit.enums.test_enum_security_level.TestEnumSecurityLevel" name="test_enum_value_access" time="0.000" /><testcase classname="unit.enums.test_enum_security_level.TestEnumSecurityLevel" name="test_enum_invalid_value" time="0.000" /><testcase classname="unit.enums.test_enum_service_type.TestEnumServiceType" name="test_enum_inheritance" time="0.000" /><testcase classname="unit.enums.test_enum_service_type.TestEnumServiceType" name="test_enum_string_behavior" time="0.000" /><testcase classname="unit.enums.test_enum_service_type.TestEnumServiceType" name="test_enum_iteration" time="0.000" /><testcase classname="unit.enums.test_enum_service_type.TestEnumServiceType" name="test_enum_membership" time="0.000" /><testcase classname="unit.enums.test_enum_service_type.TestEnumServiceType" name="test_enum_comparison" time="0.000" /><testcase classname="unit.enums.test_enum_service_type.TestEnumServiceType" name="test_enum_serialization" time="0.000" /><testcase classname="integration.test_validation_integration.TestValidationIntegration" name="test_validation_scripts_with_mixed_content" time="1.270" /><testcase classname="unit.enums.test_enum_response_format.TestEnumResponseFormat" name="test_enum_docstring" time="0.001" /><testcase classname="unit.enums.test_enum_service_type.TestEnumServiceType" name="test_enum_invalid_value" time="0.001" /><testcase classname="unit.enums.test_enum_service_type.TestEnumServiceType" name="test_enum_all_values" time="0.000" /><testcase classname="unit.enums.test_enum_service_type.TestEnumServiceType" name="test_enum_docstring" time="0.001" /><testcase classname="unit.enums.test_enum_service_type.TestEnumServiceType" name="test_messaging_services" time="0.000" /><testcase classname="unit.enums.test_enum_service_type.TestEnumServiceType" name="test_database_services" time="0.001" /><testcase classname="unit.enums.test_enum_service_type.TestEnumServiceType" name="test_cache_services" time="0.000" /><testcase classname="unit.enums.test_enum_service_type.TestEnumServiceType" name="test_search_services" time="0.000" /><testcase classname="unit.enums.test_enum_service_type.TestEnumServiceType" name="test_api_services" time="0.000" /><testcase classname="unit.enums.test_enum_service_type.TestEnumServiceType" name="test_infrastructure_services" time="0.000" /><testcase classname="unit.enums.test_enum_service_type.TestEnumServiceType" name="test_storage_services" time="0.000" /><testcase classname="unit.enums.test_enum_service_type.TestEnumServiceType" name="test_custom_service" time="0.000" /><testcase classname="unit.enums.test_enum_service_type.TestEnumServiceType" name="test_all_services_categorized" time="0.000" /><testcase classname="unit.enums.test_enum_severity_level.TestEnumSeverityLevel" name="test_enum_values" time="0.000" /><testcase classname="unit.enums.test_enum_retry_backoff_strategy.TestEnumRetryBackoffStrategyEdgeCases" name="test_case_sensitivity" time="0.001" /><testcase classname="unit.enums.test_enum_severity_level.TestEnumSeverityLevel" name="test_from_string_direct_mapping" time="0.000" /><testcase classname="unit.enums.test_enum_severity_level.TestEnumSeverityLevel" name="test_from_string_aliases" time="0.000" /><testcase classname="unit.enums.test_enum_severity_level.TestEnumSeverityLevel" name="test_from_string_fallback" time="0.000" /><testcase classname="unit.enums.test_enum_severity_level.TestEnumSeverityLevel" name="test_numeric_level_property" time="0.000" /><testcase classname="unit.enums.test_enum_severity_level.TestEnumSeverityLevel" name="test_numeric_level_ordering" time="0.000" /><testcase classname="unit.enums.test_enum_severity_level.TestEnumSeverityLevel" name="test_is_error_level" time="0.000" /><testcase classname="unit.enums.test_enum_severity_level.TestEnumSeverityLevel" name="test_is_warning_level" time="0.000" /><testcase classname="unit.enums.test_enum_severity_level.TestEnumSeverityLevel" name="test_is_info_level" time="0.000" /><testcase classname="unit.enums.test_enum_severity_level.TestEnumSeverityLevel" name="test_level_categorization_consistency" time="0.000" /><testcase classname="unit.enums.test_enum_severity_level.TestEnumSeverityLevel" name="test_enum_equality" time="0.000" /><testcase classname="unit.enums.test_enum_severity_level.TestEnumSeverityLevel" name="test_enum_membership" time="0.000" /><testcase classname="unit.enums.test_enum_severity_level.TestEnumSeverityLevel" name="test_enum_iteration" time="0.000" /><testcase classname="unit.enums.test_enum_retry_strategy.TestEnumRetryStrategy" name="test_automatic_retry_strategies" time="0.000" /><testcase classname="unit.enums.test_enum_severity_level.TestEnumSeverityLevel" name="test_pydantic_integration" time="0.001" /><testcase classname="unit.enums.test_enum_severity_level.TestEnumSeverityLevel" name="test_pydantic_serialization" time="0.002" /><testcase classname="unit.enums.test_enum_severity_level.TestEnumSeverityLevel" name="test_edge_cases" time="0.000" /><testcase classname="unit.enums.test_enum_return_type.TestEnumReturnType" name="test_enum_str_method" time="0.000" /><testcase classname="unit.enums.test_enum_severity_level.TestEnumSeverityLevel" name="test_rfc5424_compliance" time="0.001" /><testcase classname="unit.enums.test_enum_status.TestEnumStatus" name="test_enum_deserialization" time="0.000" /><testcase classname="unit.enums.test_enum_role_level.TestEnumRoleLevel" name="test_enum_serialization" time="0.001" /><testcase classname="unit.enums.test_enum_severity_level.TestEnumSeverityLevel" name="test_level_comparison_scenarios" time="0.000" /><testcase classname="unit.enums.test_enum_status.TestEnumStatus" name="test_enum_invalid_value" time="0.002" /><testcase classname="unit.enums.test_enum_status_message.TestEnumStatusMessage" name="test_enum_string_values" time="0.000" /><testcase classname="unit.enums.test_enum_severity_level.TestEnumSeverityLevel" name="test_yaml_serialization_compatibility" time="0.000" /><testcase classname="unit.enums.test_enum_status.TestEnumStatus" name="test_enum_values" time="0.000" /><testcase classname="unit.enums.test_enum_status.TestEnumStatus" name="test_enum_all_values" time="0.000" /><testcase classname="unit.enums.test_enum_status.TestEnumStatus" name="test_enum_inheritance" time="0.000" /><testcase classname="unit.enums.test_enum_status_message.TestEnumStatusMessage" name="test_enum_iteration" time="0.000" /><testcase classname="unit.enums.test_enum_status.TestEnumStatus" name="test_enum_string_behavior" time="0.000" /><testcase classname="unit.enums.test_enum_status.TestEnumStatus" name="test_enum_iteration" time="0.000" /><testcase classname="unit.enums.test_enum_status_message.TestEnumStatusMessage" name="test_enum_membership" time="0.000" /><testcase classname="unit.enums.test_enum_status.TestEnumStatus" name="test_enum_docstring" time="0.000" /><testcase classname="unit.enums.test_enum_status.TestEnumStatus" name="test_enum_membership" time="0.000" /><testcase classname="unit.enums.test_enum_status.TestEnumStatus" name="test_enum_comparison" time="0.000" /><testcase classname="unit.enums.test_enum_tool_type.TestEnumToolType" name="test_enum_values" time="0.000" /><testcase classname="unit.enums.test_enum_status.TestEnumStatus" name="test_is_active_state_method" time="0.000" /><testcase classname="unit.enums.test_enum_tool_type.TestEnumToolType" name="test_enum_inheritance" time="0.000" /><testcase classname="unit.enums.test_enum_tool_type.TestEnumToolType" name="test_enum_string_behavior" time="0.000" /><testcase classname="unit.enums.test_enum_status.TestEnumStatus" name="test_is_terminal_state_method" time="0.000" /><testcase classname="unit.enums.test_enum_tool_type.TestEnumToolType" name="test_enum_iteration" time="0.000" /><testcase classname="unit.enums.test_enum_tool_type.TestEnumToolType" name="test_enum_membership" time="0.000" /><testcase classname="unit.enums.test_enum_tool_type.TestEnumToolType" name="test_enum_comparison" time="0.000" /><testcase classname="unit.enums.test_enum_tool_type.TestEnumToolType" name="test_enum_serialization" time="0.000" /><testcase classname="unit.enums.test_enum_tool_type.TestEnumToolType" name="test_enum_deserialization" time="0.000" /><testcase classname="unit.enums.test_enum_status.TestEnumStatus" name="test_is_error_state_method" time="0.001" /><testcase classname="unit.enums.test_enum_status.TestEnumStatus" name="test_is_pending_state_method" time="0.000" /><testcase classname="unit.enums.test_enum_status.TestEnumStatus" name="test_status_categorization_completeness" time="0.002" /><testcase classname="unit.enums.test_enum_scenario_status.TestEnumScenarioStatus" name="test_enum_string_comparison" time="0.001" /><testcase classname="unit.enums.test_enum_tool_type.TestEnumToolType" name="test_enum_all_values" time="0.001" /><testcase classname="unit.enums.test_enum_status.TestEnumStatus" name="test_status_logical_groupings" time="0.000" /><testcase classname="unit.enums.test_enum_tool_type.TestEnumToolType" name="test_enum_docstring" time="0.000" /><testcase classname="unit.enums.test_enum_tool_type.TestEnumToolType" name="test_enum_description_property" time="0.001" /><testcase classname="unit.enums.test_enum_status.TestEnumStatus" name="test_status_workflow_progression" time="0.000" /><testcase classname="unit.enums.test_enum_scenario_status.TestEnumScenarioStatusEdgeCases" name="test_enum_with_none_value" time="0.000" /><testcase classname="unit.enums.test_enum_tool_type.TestEnumToolType" name="test_enum_description_content" time="0.000" /><testcase classname="unit.enums.test_enum_status.TestEnumStatus" name="test_status_state_transitions" time="0.000" /><testcase classname="unit.enums.test_enum_type_name.TestEnumTypeName" name="test_is_discovery_node" time="0.001" /><testcase classname="unit.enums.test_enum_tool_type.TestEnumToolType" name="test_enum_tool_categories" time="0.000" /><testcase classname="unit.enums.test_enum_type_name.TestEnumTypeName" name="test_is_schema_node" time="0.000" /><testcase classname="unit.enums.test_enum_tool_type.TestEnumToolType" name="test_enum_workflow_usage" time="0.000" /><testcase classname="unit.enums.test_enum_type_name.TestEnumTypeName" name="test_enum_values" time="0.000" /><testcase classname="unit.enums.test_enum_type_name.TestEnumTypeName" name="test_is_runtime_node" time="0.000" /><testcase classname="unit.enums.test_enum_type_name.TestEnumTypeName" name="test_enum_comparison" time="0.000" /><testcase classname="unit.enums.test_enum_security_level.TestEnumSecurityLevel" name="test_enum_all_values" time="0.000" /><testcase classname="unit.enums.test_enum_type_name.TestEnumTypeNameEdgeCases" name="test_all_nodes_have_category" time="0.000" /><testcase classname="unit.enums.test_enum_validation_severity.TestEnumValidationSeverity" name="test_enum_values" time="0.000" /><testcase classname="unit.enums.test_enum_validation_severity.TestEnumValidationSeverity" name="test_string_inheritance" time="0.000" /><testcase classname="unit.enums.test_enum_validation_severity.TestEnumValidationSeverity" name="test_string_representation" time="0.000" /><testcase classname="unit.enums.test_enum_type_name.TestEnumTypeName" name="test_string_representation" time="0.000" /><testcase classname="unit.enums.test_enum_type_name.TestEnumTypeName" name="test_enum_membership" time="0.000" /><testcase classname="unit.enums.test_enum_type_name.TestEnumTypeName" name="test_is_generation_node" time="0.000" /><testcase classname="unit.enums.test_enum_type_name.TestEnumTypeName" name="test_is_template_node" time="0.000" /><testcase classname="unit.enums.test_enum_type_name.TestEnumTypeName" name="test_is_validation_node" time="0.000" /><testcase classname="unit.enums.test_enum_validation_severity.TestEnumValidationSeverity" name="test_enum_equality" time="0.000" /><testcase classname="unit.enums.test_enum_validation_severity.TestEnumValidationSeverity" name="test_enum_membership" time="0.000" /><testcase classname="unit.enums.test_enum_type_name.TestEnumTypeName" name="test_enum_iteration" time="0.001" /><testcase classname="unit.enums.test_enum_type_name.TestEnumTypeName" name="test_json_serialization" time="0.000" /><testcase classname="unit.enums.test_enum_validation_severity.TestEnumValidationSeverity" name="test_enum_iteration" time="0.000" /><testcase classname="unit.enums.test_enum_validation_severity.TestEnumValidationSeverity" name="test_json_serialization" time="0.000" /><testcase classname="unit.enums.test_enum_validation_severity.TestEnumValidationSeverity" name="test_pydantic_integration" time="0.002" /><testcase classname="unit.enums.test_enum_type_name.TestEnumTypeName" name="test_pydantic_model_integration" time="0.001" /><testcase classname="unit.enums.test_enum_service_type.TestEnumServiceType" name="test_enum_deserialization" time="0.001" /><testcase classname="unit.enums.test_enum_type_name.TestEnumTypeName" name="test_enum_uniqueness" time="0.000" /><testcase classname="unit.enums.test_enum_validation_severity.TestEnumValidationSeverity" name="test_pydantic_serialization" time="0.000" /><testcase classname="unit.enums.test_enum_validation_severity.TestEnumValidationSeverity" name="test_severity_semantics" time="0.001" /><testcase classname="unit.enums.test_enum_validation_severity.TestEnumValidationSeverity" name="test_edge_cases" time="0.000" /><testcase classname="unit.enums.test_enum_type_name.TestEnumTypeName" name="test_node_categorization_mutually_exclusive" time="0.001" /><testcase classname="unit.enums.test_enum_type_name.TestEnumTypeNameEdgeCases" name="test_case_sensitivity" time="0.002" /><testcase classname="unit.enums.test_enum_validation_severity.TestEnumValidationSeverity" name="test_all_values_unique" time="0.000" /><testcase classname="unit.enums.test_enum_validation_severity.TestEnumValidationSeverity" name="test_enum_names_uppercase" time="0.000" /><testcase classname="unit.enums.test_enum_severity_level.TestEnumSeverityLevel" name="test_string_representation" time="0.000" /><testcase classname="unit.enums.test_enum_validation_severity.TestEnumValidationSeverity" name="test_enum_values_lowercase" time="0.000" /><testcase classname="unit.enums.test_enum_validation_severity.TestEnumValidationSeverity" name="test_error_levels" time="0.000" /><testcase classname="unit.enums.test_unified_status_hierarchy.TestExecutionStatusV2" name="test_backward_compatibility" time="0.000" /><testcase classname="unit.enums.test_unified_status_hierarchy.TestFunctionLifecycleStatus" name="test_lifecycle_status_values" time="0.000" /><testcase classname="unit.enums.test_unified_status_hierarchy.TestFunctionLifecycleStatus" name="test_lifecycle_status_methods" time="0.000" /><testcase classname="unit.enums.test_unified_status_hierarchy.TestBaseStatus" name="test_base_status_values" time="0.000" /><testcase classname="unit.enums.test_unified_status_hierarchy.TestBaseStatus" name="test_base_status_methods" time="0.000" /><testcase classname="unit.enums.test_unified_status_hierarchy.TestExecutionStatusV2" name="test_execution_status_inheritance" time="0.000" /><testcase classname="unit.enums.test_unified_status_hierarchy.TestExecutionStatusV2" name="test_execution_specific_values" time="0.000" /><testcase classname="unit.enums.test_unified_status_hierarchy.TestFunctionLifecycleStatus" name="test_base_status_conversion" time="0.000" /><testcase classname="unit.enums.test_unified_status_hierarchy.TestFunctionLifecycleStatus" name="test_backward_compatibility_aliases" time="0.000" /><testcase classname="unit.enums.test_unified_status_hierarchy.TestGeneralStatus" name="test_general_status_comprehensive" time="0.000" /><testcase classname="unit.enums.test_unified_status_hierarchy.TestExecutionStatusV2" name="test_base_status_conversion" time="0.000" /><testcase classname="unit.enums.test_unified_status_hierarchy.TestGeneralStatus" name="test_general_status_categorization" time="0.001" /><testcase classname="unit.enums.test_unified_status_hierarchy.TestGeneralStatus" name="test_backward_compatibility" time="0.000" /><testcase classname="unit.enums.test_unified_status_hierarchy.TestStatusMigration" name="test_migration_validation" time="0.000" /><testcase classname="unit.enums.test_enum_severity_level.TestEnumSeverityLevel" name="test_json_serialization" time="0.001" /><testcase classname="unit.enums.test_unified_status_hierarchy.TestStatusMigration" name="test_migration_validator" time="0.000" /><testcase classname="unit.enums.test_unified_status_hierarchy.TestCrossEnumCompatibility" name="test_base_status_universal_operations" time="0.000" /><testcase classname="unit.enums.test_unified_status_hierarchy.TestCrossEnumCompatibility" name="test_cross_domain_status_comparison" time="0.000" /><testcase classname="unit.enums.test_unified_status_hierarchy.TestCrossEnumCompatibility" name="test_no_value_conflicts_in_hierarchy" time="0.000" /><testcase classname="unit.errors.test_error_codes.TestCLIExitCode" name="test_cli_exit_code_values" time="0.000" /><testcase classname="unit.errors.test_error_codes.TestCLIExitCode" name="test_cli_exit_code_is_int" time="0.000" /><testcase classname="unit.errors.test_error_codes.TestStatusToExitCodeMapping" name="test_status_to_exit_code_completeness" time="0.000" /><testcase classname="unit.errors.test_error_codes.TestStatusToExitCodeMapping" name="test_status_mapping_correctness" time="0.000" /><testcase classname="unit.errors.test_error_codes.TestStatusToExitCodeMapping" name="test_get_exit_code_for_status_function" time="0.000" /><testcase classname="unit.enums.test_enum_status.TestEnumStatus" name="test_enum_serialization" time="0.000" /><testcase classname="unit.errors.test_error_codes.TestOnexErrorCodeBase" name="test_onex_error_code_abstract_methods" time="0.000" /><testcase classname="unit.errors.test_error_codes.TestCoreErrorCode" name="test_core_error_code_get_component" time="0.000" /><testcase classname="unit.errors.test_error_codes.TestOnexErrorCodeBase" name="test_onex_error_code_default_exit_code" time="0.000" /><testcase classname="unit.errors.test_error_codes.TestCoreErrorCode" name="test_core_error_code_get_number" time="0.000" /><testcase classname="unit.errors.test_error_codes.TestCoreErrorCode" name="test_core_error_code_get_description" time="0.000" /><testcase classname="unit.errors.test_error_codes.TestCoreErrorCode" name="test_core_error_code_get_exit_code" time="0.000" /><testcase classname="unit.errors.test_error_codes.TestCoreErrorDescriptions" name="test_error_description_contains_keywords[ONEX_CORE_001_INVALID_PARAMETER-expected_keywords0]" time="0.000" /><testcase classname="unit.errors.test_error_codes.TestCoreErrorDescriptions" name="test_error_description_contains_keywords[ONEX_CORE_021_FILE_NOT_FOUND-expected_keywords1]" time="0.000" /><testcase classname="unit.errors.test_error_codes.TestCoreErrorDescriptions" name="test_error_description_contains_keywords[ONEX_CORE_025_PERMISSION_DENIED-expected_keywords2]" time="0.000" /><testcase classname="unit.errors.test_error_codes.TestCoreErrorDescriptions" name="test_error_description_contains_keywords[ONEX_CORE_082_TIMEOUT_EXCEEDED-expected_keywords3]" time="0.000" /><testcase classname="unit.errors.test_error_codes.TestCoreErrorDescriptions" name="test_error_description_contains_keywords[ONEX_CORE_005_VALIDATION_FAILED-expected_keywords4]" time="0.000" /><testcase classname="unit.errors.test_error_codes.TestModelOnexError" name="test_model_onex_error_creation" time="0.000" /><testcase classname="performance.contracts.test_model_dependency_performance.TestModelDependencyPerformance" name="test_dependency_creation_performance" time="0.452" /><testcase classname="unit.enums.test_enum_status_message.TestEnumStatusMessage" name="test_enum_values" time="0.000" /><testcase classname="unit.enums.test_enum_tool_type.TestEnumToolType" name="test_enum_invalid_value" time="0.001" /><testcase classname="unit.errors.test_error_codes.TestOnexError" name="test_onex_error_model_dump_json" time="0.001" /><testcase classname="unit.errors.test_error_codes.TestModelOnexError" name="test_model_onex_error_with_context" time="0.008" /><testcase classname="unit.errors.test_error_codes.TestOnexError" name="test_onex_error_context_handling" time="0.000" /><testcase classname="unit.errors.test_error_codes.TestCLIAdapter" name="test_cli_adapter_exit_with_status_success" time="0.001" /><testcase classname="unit.errors.test_error_codes.TestCLIAdapter" name="test_cli_adapter_exit_with_error" time="0.000" /><testcase classname="unit.errors.test_error_codes.TestErrorCodeRegistry" name="test_register_error_codes" time="0.000" /><testcase classname="unit.errors.test_error_codes.TestErrorCodeRegistry" name="test_get_error_codes_for_unregistered_component" time="0.000" /><testcase classname="unit.errors.test_error_codes.TestErrorCodeRegistry" name="test_list_registered_components" time="0.000" /><testcase classname="unit.errors.test_error_codes.TestRegistryErrorCode" name="test_registry_error_code_values" time="0.000" /><testcase classname="unit.errors.test_error_codes.TestRegistryErrorCode" name="test_registry_error_code_get_component" time="0.000" /><testcase classname="unit.errors.test_error_codes.TestOnexError" name="test_onex_error_creation_basic" time="0.001" /><testcase classname="unit.errors.test_error_codes.TestOnexError" name="test_onex_error_auto_generates_correlation_id" time="0.001" /><testcase classname="unit.errors.test_error_codes.TestOnexError" name="test_onex_error_preserves_provided_correlation_id" time="0.001" /><testcase classname="unit.errors.test_error_codes.TestOnexError" name="test_onex_error_with_correlation_id_factory" time="0.000" /><testcase classname="unit.errors.test_error_codes.TestOnexError" name="test_onex_error_with_new_correlation_id_factory" time="0.000" /><testcase classname="unit.errors.test_error_codes.TestOnexError" name="test_onex_error_is_exception" time="0.001" /><testcase classname="unit.errors.test_error_codes.TestOnexError" name="test_onex_error_can_be_raised" time="0.000" /><testcase classname="unit.errors.test_error_codes.TestOnexError" name="test_onex_error_string_representation" time="0.001" /><testcase classname="unit.errors.test_error_codes.TestOnexError" name="test_onex_error_get_exit_code" time="0.000" /><testcase classname="unit.enums.test_enum_type_name.TestEnumTypeName" name="test_is_cli_node" time="0.001" /><testcase classname="unit.errors.test_error_codes.TestRegistryErrorCode" name="test_registry_error_code_get_exit_code" time="0.000" /><testcase classname="unit.errors.test_error_codes.TestOnexErrorEdgeCases" name="test_onex_error_with_empty_message" time="0.007" /><testcase classname="unit.enums.test_enum_validation_severity.TestEnumValidationSeverity" name="test_severity_ordering" time="0.001" /><testcase classname="unit.errors.test_error_codes.TestOnexErrorEdgeCases" name="test_onex_error_with_none_error_code" time="0.000" /><testcase classname="unit.errors.test_error_codes.TestOnexErrorEdgeCases" name="test_onex_error_with_custom_status" time="0.000" /><testcase classname="unit.errors.test_error_codes.TestOnexErrorEdgeCases" name="test_onex_error_timestamp_auto_generated" time="0.000" /><testcase classname="unit.enums.test_enum_type_name.TestEnumTypeNameEdgeCases" name="test_whitespace_handling" time="0.002" /><testcase classname="unit.errors.test_error_codes.TestGetExitCodeForCoreError" name="test_get_exit_code_for_various_errors" time="0.000" /><testcase classname="unit.exceptions.test_onex_error.TestModelOnexErrorBasicBehavior" name="test_onex_error_can_be_raised" time="0.003" /><testcase classname="unit.errors.test_error_codes.TestGetExitCodeForCoreError" name="test_get_exit_code_for_unknown_error_defaults_to_error" time="0.002" /><testcase classname="unit.exceptions.test_onex_error.TestModelOnexErrorCodes" name="test_error_code_in_string_representation" time="0.002" /><testcase classname="unit.exceptions.test_onex_error.TestModelOnexErrorContext" name="test_onex_error_with_empty_context" time="0.000" /><testcase classname="unit.exceptions.test_onex_error.TestModelOnexErrorContext" name="test_onex_error_with_additional_context" time="0.000" /><testcase classname="unit.exceptions.test_onex_error.TestModelOnexErrorContext" name="test_onex_error_with_full_context_fields" time="0.000" /><testcase classname="unit.exceptions.test_onex_error.TestModelOnexErrorContext" name="test_onex_error_with_complex_context_values" time="0.000" /><testcase classname="unit.exceptions.test_onex_error.TestModelOnexErrorContext" name="test_onex_error_default_context_creation" time="0.000" /><testcase classname="unit.exceptions.test_onex_error.TestModelOnexErrorCauseChaining" name="test_onex_error_with_cause_exception" time="0.000" /><testcase classname="unit.exceptions.test_onex_error.TestModelOnexErrorCauseChaining" name="test_onex_error_with_none_cause" time="0.000" /><testcase classname="unit.exceptions.test_onex_error.TestModelOnexErrorCauseChaining" name="test_onex_error_chain_multiple_causes" time="0.000" /><testcase classname="unit.errors.test_error_codes.TestCoreErrorCode" name="test_core_error_code_values" time="0.001" /><testcase classname="unit.enums.test_unified_status_hierarchy.TestExecutionStatusV2" name="test_execution_status_methods" time="0.002" /><testcase classname="unit.exceptions.test_onex_error.TestModelOnexErrorBasicBehavior" name="test_onex_error_with_minimal_args" time="0.000" /><testcase classname="unit.exceptions.test_onex_error.TestModelOnexErrorBasicBehavior" name="test_onex_error_with_all_args" time="0.000" /><testcase classname="unit.enums.test_unified_status_hierarchy.TestStatusMigration" name="test_migration_report" time="0.002" /><testcase classname="unit.exceptions.test_onex_error.TestModelOnexErrorCodes" name="test_onex_error_with_all_error_codes[ONEX_CORE_001_INVALID_PARAMETER-ONEX_CORE_001_INVALID_PARAMETER]" time="0.000" /><testcase classname="unit.exceptions.test_onex_error.TestModelOnexErrorMessageFormatting" name="test_message_format_basic" time="0.001" /><testcase classname="unit.exceptions.test_onex_error.TestModelOnexErrorCodes" name="test_onex_error_with_all_error_codes[ONEX_CORE_005_VALIDATION_FAILED-ONEX_CORE_005_VALIDATION_FAILED]" time="0.000" /><testcase classname="unit.exceptions.test_onex_error.TestModelOnexErrorCodes" name="test_onex_error_with_all_error_codes[ONEX_CORE_021_FILE_NOT_FOUND-ONEX_CORE_021_FILE_NOT_FOUND]" time="0.000" /><testcase classname="unit.exceptions.test_onex_error.TestModelOnexErrorCodes" name="test_onex_error_with_all_error_codes[ONEX_CORE_041_INVALID_CONFIGURATION-ONEX_CORE_041_INVALID_CONFIGURATION]" time="0.000" /><testcase classname="unit.exceptions.test_onex_error.TestModelOnexErrorCodes" name="test_onex_error_with_all_error_codes[ONEX_CORE_081_OPERATION_FAILED-ONEX_CORE_081_OPERATION_FAILED]" time="0.000" /><testcase classname="unit.exceptions.test_onex_error.TestModelOnexErrorCodes" name="test_onex_error_with_all_error_codes[ONEX_CORE_082_TIMEOUT_EXCEEDED-ONEX_CORE_082_TIMEOUT_EXCEEDED]" time="0.000" /><testcase classname="unit.exceptions.test_onex_error.TestModelOnexErrorCodes" name="test_onex_error_with_all_error_codes[ONEX_CORE_085_RESOURCE_NOT_FOUND-ONEX_CORE_085_RESOURCE_NOT_FOUND]" time="0.000" /><testcase classname="unit.exceptions.test_onex_error.TestModelOnexErrorCodes" name="test_onex_error_with_all_error_codes[ONEX_CORE_086_INVALID_STATE-ONEX_CORE_086_INVALID_STATE]" time="0.000" /><testcase classname="unit.exceptions.test_onex_error.TestModelOnexErrorMessageFormatting" name="test_message_format_with_single_context_item" time="0.001" /><testcase classname="unit.exceptions.test_onex_error.TestModelOnexErrorIntegration" name="test_raise_and_catch_onex_error" time="0.001" /><testcase classname="unit.infrastructure.test_node_base.TestNodeBaseToolResolution" name="test_should_resolve_valid_tool_class" time="0.006" /><testcase classname="unit.exceptions.test_onex_error.TestModelOnexErrorMessageFormatting" name="test_message_format_with_multiple_context_items" time="0.000" /><testcase classname="unit.exceptions.test_onex_error.TestModelOnexErrorMessageFormatting" name="test_message_format_with_special_characters" time="0.000" /><testcase classname="unit.discovery.test_mixin_discovery.TestMixinDiscovery" name="test_find_compatible_mixins" time="0.682" /><testcase classname="unit.exceptions.test_onex_error.TestModelOnexErrorMessageFormatting" name="test_message_format_with_unicode" time="0.000" /><testcase classname="unit.exceptions.test_onex_error.TestModelOnexErrorEdgeCases" name="test_empty_message" time="0.000" /><testcase classname="unit.exceptions.test_onex_error.TestModelOnexErrorEdgeCases" name="test_very_long_message" time="0.000" /><testcase classname="unit.exceptions.test_onex_error.TestModelOnexErrorEdgeCases" name="test_multiline_message" time="0.000" /><testcase classname="unit.exceptions.test_onex_error.TestModelOnexErrorEdgeCases" name="test_onex_error_equality_not_implemented" time="0.000" /><testcase classname="unit.infrastructure.test_node_base.TestNodeBaseToolResolution" name="test_should_fail_with_invalid_tool_class_format" time="0.004" /><testcase classname="unit.infrastructure.test_node_base.TestNodeBaseToolResolution" name="test_should_fail_with_nonexistent_module" time="0.004" /><testcase classname="unit.infrastructure.test_node_base.TestNodeBaseToolResolution" name="test_should_fail_with_nonexistent_class" time="0.001" /><testcase classname="unit.infrastructure.test_node_base.TestNodeBaseAsyncExecution" name="test_should_execute_run_async_successfully" time="0.003" /><testcase classname="unit.infrastructure.test_node_base.TestNodeBaseAsyncExecution" name="test_should_execute_process_async_successfully" time="0.003" /><testcase classname="unit.infrastructure.test_node_base.TestNodeBaseAsyncExecution" name="test_should_handle_tool_with_sync_process_method" time="0.005" /><testcase classname="unit.infrastructure.test_node_base.TestNodeBaseAsyncExecution" name="test_should_handle_tool_with_run_method" time="0.003" /><testcase classname="unit.exceptions.test_onex_error.TestModelOnexErrorIntegration" name="test_catch_and_rewrap_exception" time="0.001" /><testcase classname="unit.exceptions.test_onex_error.TestModelOnexErrorIntegration" name="test_error_context_serialization" time="0.001" /><testcase classname="unit.exceptions.test_onex_error.TestModelOnexErrorIntegration" name="test_multiple_errors_with_same_code" time="0.001" /><testcase classname="unit.exceptions.test_onex_error.TestModelOnexErrorIntegration" name="test_error_with_context_validation" time="0.000" /><testcase classname="unit.infrastructure.test_node_base.TestNodeBaseInitialization" name="test_should_initialize_with_valid_contract_path" time="0.011" /><testcase classname="unit.infrastructure.test_node_base.TestNodeBaseInitialization" name="test_should_initialize_with_provided_node_id" time="0.002" /><testcase classname="unit.infrastructure.test_node_base.TestNodeBaseInitialization" name="test_should_initialize_with_workflow_and_session_ids" time="0.003" /><testcase classname="unit.errors.test_error_codes.TestModelOnexError" name="test_model_onex_error_with_correlation_id" time="0.000" /><testcase classname="unit.infrastructure.test_node_base.TestNodeBaseAsyncExecution" name="test_should_fail_when_main_tool_is_none" time="0.005" /><testcase classname="unit.infrastructure.test_node_base.TestNodeBaseSyncExecution" name="test_should_execute_run_successfully" time="0.004" /><testcase classname="unit.infrastructure.test_node_base.TestNodeBaseSyncExecution" name="test_should_execute_process_successfully" time="0.002" /><testcase classname="unit.infrastructure.test_node_base.TestNodeBaseReducerPattern" name="test_should_return_initial_state" time="0.004" /><testcase classname="unit.infrastructure.test_node_base.TestNodeBaseReducerPattern" name="test_should_dispatch_action_synchronously" time="0.003" /><testcase classname="unit.infrastructure.test_node_base.TestNodeBaseReducerPattern" name="test_should_dispatch_action_asynchronously" time="0.004" /><testcase classname="unit.infrastructure.test_node_base.TestNodeBaseProperties" name="test_should_access_container_property" time="0.003" /><testcase classname="unit.infrastructure.test_node_base.TestNodeBaseProperties" name="test_should_fail_when_container_not_initialized" time="0.002" /><testcase classname="unit.errors.test_error_codes.TestRegistryErrorCode" name="test_registry_error_code_get_description" time="0.001" /><testcase classname="unit.infrastructure.test_node_base.TestNodeBaseProperties" name="test_should_access_current_state_property" time="0.007" /><testcase classname="unit.errors.test_error_codes.TestOnexError" name="test_onex_error_model_dump" time="0.001" /><testcase classname="unit.infrastructure.test_node_base.TestNodeBaseProperties" name="test_should_fail_when_current_state_not_initialized" time="0.003" /><testcase classname="unit.exceptions.test_onex_error.TestModelOnexErrorBasicBehavior" name="test_onex_error_is_exception" time="0.001" /><testcase classname="unit.logging.test_core_logging.TestEmitLogEventCore" name="test_emit_log_event_preserves_existing_correlation_id" time="0.001" /><testcase classname="unit.logging.test_core_logging.TestCorrelationIdManagement" name="test_set_correlation_id" time="0.001" /><testcase classname="unit.infrastructure.test_node_base.TestNodeBaseEdgeCases" name="test_should_handle_enum_business_logic_pattern" time="0.010" /><testcase classname="unit.logging.test_core_logging.TestCorrelationIdManagement" name="test_get_correlation_id_returns_none_when_not_set" time="0.000" /><testcase classname="unit.logging.test_core_logging.TestCorrelationIdManagement" name="test_set_and_get_correlation_id_round_trip" time="0.000" /><testcase classname="unit.logging.test_core_logging.TestCorrelationIdManagement" name="test_correlation_id_thread_isolation" time="0.005" /><testcase classname="unit.infrastructure.test_node_base.TestNodeBaseProperties" name="test_should_access_workflow_instance_property" time="0.003" /><testcase classname="unit.infrastructure.test_node_base.TestNodeBaseWorkflow" name="test_should_return_none_for_default_workflow" time="0.001" /><testcase classname="unit.infrastructure.test_node_base.TestNodeBaseEdgeCases" name="test_should_handle_enum_dependency_type" time="0.004" /><testcase classname="unit.infrastructure.test_node_base.TestNodeBaseEdgeCases" name="test_should_handle_exception_during_execution" time="0.002" /><testcase classname="unit.logging.test_core_logging.TestInternalCorrelationIdGetter" name="test_get_correlation_id_creates_new_if_missing" time="0.000" /><testcase classname="unit.logging.test_core_logging.TestInternalCorrelationIdGetter" name="test_get_correlation_id_returns_existing" time="0.000" /><testcase classname="unit.infrastructure.test_node_base.TestNodeBaseEdgeCases" name="test_should_preserve_onex_error_during_execution" time="0.001" /><testcase classname="unit.infrastructure.test_node_base.TestNodeBaseEdgeCases" name="test_should_handle_dependencies_in_contract" time="0.002" /><testcase classname="unit.logging.test_core_logging.TestEmitLogEventCore" name="test_emit_log_event_basic" time="0.001" /><testcase classname="unit.logging.test_core_logging.TestEmitLogEventCore" name="test_emit_log_event_with_debug_level" time="0.001" /><testcase classname="unit.logging.test_core_logging.TestEmitLogEventCore" name="test_emit_log_event_with_error_level" time="0.000" /><testcase classname="unit.logging.test_core_logging.TestEmitLogEventCore" name="test_emit_log_event_with_critical_level" time="0.000" /><testcase classname="unit.infrastructure.test_node_base.TestNodeBaseEdgeCases" name="test_should_handle_dispatch_async_error" time="0.002" /><testcase classname="unit.logging.test_core_logging.TestEmitLogEventCore" name="test_emit_log_event_with_warning_level" time="0.000" /><testcase classname="unit.logging.test_core_logging.TestEmitLogEventCore" name="test_emit_log_event_with_event_loop" time="0.012" /><testcase classname="unit.exceptions.test_onex_error.TestModelOnexErrorCauseChaining" name="test_onex_error_with_different_exception_types" time="0.000" /><testcase classname="unit.logging.test_core_logging.TestSimpleFallbackLogger" name="test_fallback_logger_emit_info" time="0.001" /><testcase classname="unit.logging.test_core_logging.TestSimpleFallbackLogger" name="test_fallback_logger_emit_debug" time="0.000" /><testcase classname="unit.logging.test_core_logging.TestSimpleFallbackLogger" name="test_fallback_logger_emit_error_to_stderr" time="0.000" /><testcase classname="unit.logging.test_core_logging.TestSimpleFallbackLogger" name="test_fallback_logger_emit_critical_to_stderr" time="0.000" /><testcase classname="unit.logging.test_core_logging.TestSimpleFallbackLogger" name="test_fallback_logger_emit_fatal_to_stderr" time="0.000" /><testcase classname="unit.exceptions.test_onex_error.TestModelOnexErrorCodes" name="test_onex_error_with_all_error_codes[ONEX_CORE_131_DATABASE_CONNECTION_ERROR-ONEX_CORE_131_DATABASE_CONNECTION_ERROR]" time="0.001" /><testcase classname="unit.logging.test_core_logging.TestSimpleFallbackLogger" name="test_fallback_logger_emit_warning_to_stdout" time="0.001" /><testcase classname="unit.logging.test_core_logging.TestGetRegistryLogger" name="test_get_registry_logger_returns_logger" time="0.000" /><testcase classname="unit.logging.test_core_logging.TestGetRegistryLogger" name="test_get_registry_logger_caching" time="0.000" /><testcase classname="unit.logging.test_core_logging.TestGetRegistryLogger" name="test_get_registry_logger_thread_safe" time="0.001" /><testcase classname="unit.exceptions.test_onex_error.TestModelOnexErrorEdgeCases" name="test_onex_error_attributes_immutable" time="0.000" /><testcase classname="unit.logging.test_core_logging.TestEdgeCases" name="test_emit_log_event_with_none_in_message" time="0.000" /><testcase classname="unit.logging.test_core_logging.TestAsyncEmission" name="test_async_emit_via_logger" time="0.002" /><testcase classname="unit.logging.test_core_logging.TestEdgeCases" name="test_correlation_id_persists_across_multiple_emits" time="0.000" /><testcase classname="unit.logging.test_core_logging.TestThreadSafety" name="test_concurrent_emit_different_correlation_ids" time="0.001" /><testcase classname="unit.logging.test_core_logging.TestAsyncEmission" name="test_async_emit_via_logger_handles_exception" time="0.001" /><testcase classname="unit.infrastructure.test_node_base.TestNodeBaseAsyncExecution" name="test_should_fail_when_tool_has_no_execution_method" time="0.003" /><testcase classname="unit.logging.test_core_logging.TestThreadSafety" name="test_concurrent_logger_access" time="0.003" /><testcase classname="unit.logging.test_core_logging.TestAsyncEmission" name="test_async_emit_multiple_concurrent" time="0.002" /><testcase classname="unit.logging.test_emit.TestEmitLogEventWrappers" name="test_emit_log_event_with_new_correlation" time="0.001" /><testcase classname="unit.logging.test_core_logging.TestEdgeCases" name="test_emit_log_event_with_empty_message" time="0.000" /><testcase classname="unit.logging.test_core_logging.TestEdgeCases" name="test_emit_log_event_with_long_message" time="0.000" /><testcase classname="unit.logging.test_emit.TestEmitLogEventWrappers" name="test_emit_log_event_sync" time="0.000" /><testcase classname="unit.logging.test_emit.TestEmitLogEventCore" name="test_emit_log_event_basic" time="0.001" /><testcase classname="unit.infrastructure.test_node_base.TestNodeBaseInitialization" name="test_should_fail_with_invalid_contract_path" time="0.002" /><testcase classname="unit.logging.test_emit.TestEmitLogEventWrappers" name="test_emit_log_event_async" time="0.001" /><testcase classname="unit.logging.test_emit.TestEmitLogEventCore" name="test_emit_log_event_with_node_id" time="0.001" /><testcase classname="unit.logging.test_emit.TestSensitiveDataSanitization" name="test_sanitize_sensitive_data_passwords" time="0.000" /><testcase classname="unit.logging.test_emit.TestSensitiveDataSanitization" name="test_sanitize_sensitive_data_api_keys" time="0.000" /><testcase classname="unit.logging.test_emit.TestSensitiveDataSanitization" name="test_sanitize_sensitive_data_tokens" time="0.000" /><testcase classname="unit.logging.test_emit.TestEmitLogEventCore" name="test_emit_log_event_with_data" time="0.001" /><testcase classname="unit.logging.test_emit.TestSensitiveDataSanitization" name="test_sanitize_sensitive_data_preserves_safe_content" time="0.001" /><testcase classname="unit.logging.test_emit.TestSensitiveDataSanitization" name="test_sanitize_sensitive_data_access_tokens" time="0.000" /><testcase classname="unit.logging.test_emit.TestSensitiveDataSanitization" name="test_sanitize_sensitive_data_non_string_input" time="0.000" /><testcase classname="unit.logging.test_emit.TestDataDictSanitization" name="test_sanitize_data_dict_string_values" time="0.000" /><testcase classname="unit.logging.test_emit.TestDataDictSanitization" name="test_sanitize_data_dict_json_compatibility" time="0.000" /><testcase classname="unit.logging.test_emit.TestDataDictSanitization" name="test_sanitize_data_dict_converts_non_json_types" time="0.000" /><testcase classname="unit.logging.test_emit.TestDataDictSanitization" name="test_sanitize_data_dict_handles_boolean_before_int" time="0.000" /><testcase classname="unit.infrastructure.test_node_base.TestNodeBaseProperties" name="test_should_access_main_tool_property" time="0.002" /><testcase classname="unit.logging.test_emit.TestDataDictSanitization" name="test_sanitize_data_dict_non_dict_input" time="0.000" /><testcase classname="unit.logging.test_emit.TestNodeIdDetection" name="test_detect_node_id_returns_string_or_uuid" time="0.000" /><testcase classname="unit.logging.test_emit.TestNodeIdDetection" name="test_detect_node_id_from_node_instance" time="0.000" /><testcase classname="unit.logging.test_emit.TestNodeIdDetection" name="test_detect_node_id_fallback_to_class_name" time="0.000" /><testcase classname="unit.logging.test_emit.TestNodeIdDetection" name="test_detect_node_id_max_depth_limit" time="0.000" /><testcase classname="unit.logging.test_emit.TestLogContextCreation" name="test_create_log_context_returns_model" time="0.000" /><testcase classname="unit.logging.test_core_logging.TestInternalCorrelationIdGetter" name="test_get_correlation_id_creates_only_once" time="0.000" /><testcase classname="unit.logging.test_emit.TestLogContextCreation" name="test_create_log_context_calling_info" time="0.001" /><testcase classname="unit.logging.test_emit.TestLogContextCreation" name="test_create_log_context_has_required_fields" time="0.001" /><testcase classname="unit.logging.test_emit.TestTraceFunctionLifecycle" name="test_trace_function_lifecycle_decorator" time="0.002" /><testcase classname="unit.infrastructure.test_node_base.TestNodeBaseEdgeCases" name="test_should_handle_none_business_logic_pattern" time="0.002" /><testcase classname="unit.logging.test_emit.TestTraceFunctionLifecycle" name="test_trace_function_lifecycle_with_exception" time="0.001" /><testcase classname="unit.logging.test_emit.TestTraceFunctionLifecycle" name="test_trace_function_lifecycle_preserves_function_name" time="0.000" /><testcase classname="unit.logging.test_emit.TestLogCodeBlock" name="test_log_code_block_success" time="0.000" /><testcase classname="unit.logging.test_emit.TestLogCodeBlock" name="test_log_code_block_with_exception" time="0.000" /><testcase classname="unit.logging.test_emit.TestLogCodeBlock" name="test_log_code_block_custom_level" time="0.001" /><testcase classname="unit.logging.test_emit.TestLogPerformanceMetrics" name="test_log_performance_metrics_decorator" time="0.000" /><testcase classname="unit.logging.test_emit.TestLogPerformanceMetrics" name="test_log_performance_metrics_threshold_warning" time="0.035" /><testcase classname="unit.logging.test_core_logging.TestEmitLogEventCore" name="test_emit_log_event_auto_creates_correlation_id" time="0.000" /><testcase classname="unit.logging.test_core_logging.TestGetRegistryLogger" name="test_get_registry_logger_returns_fallback" time="0.001" /><testcase classname="unit.logging.test_emit.TestSanitizationSecurityEdgeCases" name="test_sanitize_dict_with_nested_secrets" time="0.001" /><testcase classname="unit.logging.test_emit_conditional_branches.TestSanitizeDataDictConditionalBranches" name="test_sanitize_data_dict_with_list" time="0.000" /><testcase classname="unit.logging.test_emit_conditional_branches.TestSanitizeDataDictConditionalBranches" name="test_sanitize_data_dict_with_none" time="0.000" /><testcase classname="unit.logging.test_emit.TestThreadSafety" name="test_concurrent_log_emissions" time="0.003" /><testcase classname="unit.logging.test_emit_conditional_branches.TestSanitizeDataDictConditionalBranches" name="test_sanitize_data_dict_with_integer" time="0.000" /><testcase classname="unit.logging.test_emit_conditional_branches.TestSanitizeDataDictConditionalBranches" name="test_sanitize_data_dict_boolean_value_branch" time="0.000" /><testcase classname="unit.logging.test_emit_conditional_branches.TestSanitizeDataDictConditionalBranches" name="test_sanitize_data_dict_integer_value_branch" time="0.000" /><testcase classname="unit.logging.test_emit_conditional_branches.TestSanitizeDataDictConditionalBranches" name="test_sanitize_data_dict_float_value_branch" time="0.000" /><testcase classname="unit.logging.test_emit_conditional_branches.TestValidateNodeIdConditional" name="test_validate_node_id_with_none" time="0.001" /><testcase classname="unit.logging.test_core_logging.TestEdgeCases" name="test_emit_log_event_with_special_characters" time="0.001" /><testcase classname="unit.logging.test_emit_conditional_branches.TestValidateNodeIdConditional" name="test_validate_node_id_with_valid_uuid" time="0.000" /><testcase classname="unit.logging.test_emit_conditional_branches.TestSanitizeDataDictConditionalBranches" name="test_sanitize_data_dict_mixed_types" time="0.001" /><testcase classname="unit.logging.test_emit.TestEmitLogEventCore" name="test_emit_log_event_with_all_parameters" time="0.001" /><testcase classname="unit.logging.test_emit_conditional_branches.TestValidateNodeIdConditional" name="test_validate_node_id_with_valid_uuid_string" time="0.000" /><testcase classname="unit.logging.test_emit_conditional_branches.TestDetectNodeIdContextConditionalBranches" name="test_detect_node_id_module_name_fallback" time="0.001" /><testcase classname="unit.logging.test_emit_conditional_branches.TestValidateNodeIdConditional" name="test_validate_node_id_with_invalid_uuid_string" time="0.000" /><testcase classname="unit.logging.test_emit_conditional_branches.TestSanitizeDataDictConditionalBranches" name="test_sanitize_data_dict_sensitive_key_redaction" time="0.000" /><testcase classname="unit.logging.test_emit_conditional_branches.TestSanitizeDataDictConditionalBranches" name="test_sanitize_data_dict_sensitive_key_case_insensitive" time="0.000" /><testcase classname="unit.logging.test_emit_conditional_branches.TestRouteToLoggerNodeCacheBranches" name="test_route_to_logger_node_cache_expired" time="0.003" /><testcase classname="unit.logging.test_emit_conditional_branches.TestDetectNodeIdContextConditionalBranches" name="test_detect_node_id_deep_stack_depth_limit" time="0.000" /><testcase classname="unit.logging.test_emit.TestSensitiveDataSanitization" name="test_sanitize_sensitive_data_secrets" time="0.000" /><testcase classname="unit.logging.test_emit_conditional_branches.TestEmitLogEventNodeIdBranches" name="test_emit_log_event_node_id_string_fallback" time="0.001" /><testcase classname="unit.logging.test_emit_conditional_branches.TestDetectNodeIdContextConditionalBranches" name="test_detect_node_id_no_self_in_frame" time="0.001" /><testcase classname="unit.logging.test_emit_conditional_branches.TestDetectNodeIdContextConditionalBranches" name="test_detect_node_id_object_without_node_id_attribute" time="0.000" /><testcase classname="unit.logging.test_emit_conditional_branches.TestEmitLogEventNodeIdBranches" name="test_emit_log_event_event_bus_none" time="0.001" /><testcase classname="unit.logging.test_emit_conditional_branches.TestEmitLogEventNodeIdBranches" name="test_emit_log_event_event_bus_provided" time="0.001" /><testcase classname="unit.logging.test_emit.TestLogPerformanceMetrics" name="test_log_performance_metrics_preserves_return_value" time="0.000" /><testcase classname="unit.logging.test_emit.TestSanitizationSecurityEdgeCases" name="test_sanitize_multiple_secrets_in_single_string" time="0.000" /><testcase classname="unit.logging.test_emit_conditional_branches.TestRouteToLoggerNodeCacheBranches" name="test_route_to_logger_node_with_formatter_and_handler" time="0.001" /><testcase classname="unit.logging.test_emit_conditional_branches.TestRouteToLoggerNodeCacheBranches" name="test_route_to_logger_node_fallback_no_services" time="0.000" /><testcase classname="unit.logging.test_emit_conditional_branches.TestEmitLogEventNodeIdBranches" name="test_emit_log_event_node_id_none" time="0.000" /><testcase classname="unit.logging.test_emit.TestDataDictSanitization" name="test_sanitize_data_dict_sensitive_keys" time="0.000" /><testcase classname="unit.logging.test_pydantic_json_encoder.TestPydanticModelSerialization" name="test_serialize_simple_pydantic_model" time="0.000" /><testcase classname="unit.logging.test_pydantic_json_encoder.TestPydanticModelSerialization" name="test_serialize_nested_pydantic_model" time="0.000" /><testcase classname="unit.logging.test_pydantic_json_encoder.TestPydanticModelSerialization" name="test_serialize_pydantic_model_with_optional_fields" time="0.001" /><testcase classname="unit.logging.test_pydantic_json_encoder.TestPydanticModelSerialization" name="test_serialize_pydantic_model_list" time="0.000" /><testcase classname="unit.logging.test_pydantic_json_encoder.TestUUIDSerialization" name="test_serialize_uuid" time="0.000" /><testcase classname="unit.logging.test_emit.TestSanitizationSecurityEdgeCases" name="test_sanitize_case_insensitive_patterns" time="0.002" /><testcase classname="performance.contracts.test_model_dependency_performance.TestModelDependencyPerformance" name="test_onex_pattern_validation_performance" time="0.105" /><testcase classname="unit.logging.test_emit_conditional_branches.TestLogCodeBlockConditionalBranches" name="test_log_code_block_start_time_none_branch" time="0.006" /><testcase classname="performance.contracts.test_model_dependency_performance.TestModelDependencyPerformance" name="test_large_dependency_set_performance" time="0.402" /><testcase classname="unit.logging.test_emit_conditional_branches.TestLogCodeBlockConditionalBranches" name="test_log_code_block_exception_type_none" time="0.001" /><testcase classname="unit.logging.test_emit.TestLogContextCreation" name="test_create_log_context_timestamp_format" time="0.000" /><testcase classname="unit.logging.test_pydantic_json_encoder.TestUUIDSerialization" name="test_serialize_uuid_in_list" time="0.001" /><testcase classname="unit.logging.test_pydantic_json_encoder.TestUUIDSerialization" name="test_serialize_mixed_uuid_types" time="0.000" /><testcase classname="unit.logging.test_pydantic_json_encoder.TestLogContextSerialization" name="test_serialize_object_with_to_dict_method" time="0.000" /><testcase classname="unit.logging.test_pydantic_json_encoder.TestLogContextSerialization" name="test_serialize_log_context_in_dict" time="0.000" /><testcase classname="unit.logging.test_pydantic_json_encoder.TestLogContextSerialization" name="test_serialize_log_context_with_nested_data" time="0.000" /><testcase classname="unit.logging.test_emit.TestLogCodeBlock" name="test_log_code_block_with_data" time="0.001" /><testcase classname="unit.logging.test_pydantic_json_encoder.TestFallbackSerialization" name="test_serialize_standard_types" time="0.001" /><testcase classname="unit.logging.test_emit_conditional_branches.TestSanitizeDataDictConditionalBranches" name="test_sanitize_data_dict_none_value_branch" time="0.001" /><testcase classname="unit.logging.test_pydantic_json_encoder.TestComplexSerializationScenarios" name="test_serialize_list_of_mixed_types" time="0.001" /><testcase classname="unit.logging.test_pydantic_json_encoder.TestEdgeCases" name="test_serialize_none_value" time="0.000" /><testcase classname="unit.logging.test_pydantic_json_encoder.TestEdgeCases" name="test_serialize_empty_pydantic_model" time="0.000" /><testcase classname="unit.logging.test_pydantic_json_encoder.TestEdgeCases" name="test_serialize_pydantic_model_with_special_characters" time="0.000" /><testcase classname="unit.logging.test_pydantic_json_encoder.TestFallbackSerialization" name="test_serialize_empty_containers" time="0.001" /><testcase classname="unit.logging.test_pydantic_json_encoder.TestFallbackSerialization" name="test_serialize_unsupported_type_raises_error" time="0.001" /><testcase classname="unit.logging.test_pydantic_json_encoder.TestFallbackSerialization" name="test_fallback_to_default_encoder" time="0.000" /><testcase classname="unit.logging.test_pydantic_json_encoder.TestEdgeCases" name="test_serialize_uuid_with_special_format" time="0.000" /><testcase classname="unit.logging.test_pydantic_json_encoder.TestComplexSerializationScenarios" name="test_serialize_mixed_types" time="0.001" /><testcase classname="unit.logging.test_emit_conditional_branches.TestValidateNodeIdConditional" name="test_validate_node_id_with_module_name_string" time="0.001" /><testcase classname="unit.logging.test_emit_conditional_branches.TestDetectNodeIdContextConditionalBranches" name="test_detect_node_id_node_class_name_pattern" time="0.001" /><testcase classname="unit.logging.test_pydantic_json_encoder.TestEdgeCases" name="test_round_trip_serialization" time="0.001" /><testcase classname="unit.logging.test_pydantic_json_encoder.TestEncoderExportAndUsage" name="test_encoder_is_exported" time="0.000" /><testcase classname="unit.logging.test_pydantic_json_encoder.TestEncoderExportAndUsage" name="test_encoder_can_be_used_with_json_dump" time="0.001" /><testcase classname="unit.logging.test_emit_conditional_branches.TestEmitLogEventNodeIdBranches" name="test_emit_log_event_node_id_valid_uuid" time="0.001" /><testcase classname="unit.logging.test_pydantic_json_encoder.TestEncoderExportAndUsage" name="test_encoder_can_be_reused" time="0.000" /><testcase classname="unit.logging.test_structured.TestEmitLogEventSyncBasic" name="test_emit_log_event_sync_warning" time="0.001" /><testcase classname="unit.logging.test_emit.TestSanitizationSecurityEdgeCases" name="test_sanitize_preserves_log_structure" time="0.001" /><testcase classname="unit.logging.test_structured.TestEmitLogEventSyncBasic" name="test_emit_log_event_sync_info" time="0.000" /><testcase classname="unit.logging.test_structured.TestLogLevelMapping" name="test_debug_level_mapping" time="0.001" /><testcase classname="unit.logging.test_emit_conditional_branches.TestLogCodeBlockConditionalBranches" name="test_log_code_block_exception_with_type" time="0.002" /><testcase classname="unit.logging.test_structured.TestEmitLogEventSyncBasic" name="test_emit_log_event_sync_error" time="0.001" /><testcase classname="unit.logging.test_structured.TestContextHandling" name="test_context_dict" time="0.001" /><testcase classname="unit.logging.test_structured.TestLogLevelMapping" name="test_info_level_mapping" time="0.000" /><testcase classname="unit.logging.test_structured.TestEmitLogEventSyncBasic" name="test_emit_log_event_sync_critical" time="0.001" /><testcase classname="unit.logging.test_pydantic_json_encoder.TestUUIDSerialization" name="test_serialize_uuid_in_dict" time="0.000" /><testcase classname="unit.logging.test_structured.TestContextHandling" name="test_context_pydantic_model" time="0.000" /><testcase classname="unit.logging.test_structured.TestLogLevelMapping" name="test_warning_level_mapping" time="0.001" /><testcase classname="unit.logging.test_structured.TestLogLevelMapping" name="test_error_level_mapping" time="0.000" /><testcase classname="unit.logging.test_structured.TestStructuredLogEntry" name="test_log_entry_has_message" time="0.001" /><testcase classname="unit.logging.test_structured.TestEmitLogEventSyncBasic" name="test_emit_log_event_sync_fatal" time="0.001" /><testcase classname="unit.logging.test_structured.TestContextHandling" name="test_context_log_protocol" time="0.001" /><testcase classname="unit.logging.test_structured.TestLogLevelMapping" name="test_fatal_level_mapping" time="0.001" /><testcase classname="unit.logging.test_structured.TestLogLevelMapping" name="test_unknown_level_fallback" time="0.001" /><testcase classname="unit.logging.test_structured.TestStructuredLogEntry" name="test_log_entry_has_timestamp" time="0.000" /><testcase classname="unit.logging.test_structured.TestStructuredLogEntry" name="test_log_entry_has_context" time="0.000" /><testcase classname="unit.logging.test_structured.TestStructuredLogEntry" name="test_log_entry_structure" time="0.001" /><testcase classname="unit.logging.test_structured.TestContextHandling" name="test_context_with_uuid" time="0.000" /><testcase classname="unit.logging.test_structured.TestJSONEncoding" name="test_json_encoding_valid_output" time="0.000" /><testcase classname="unit.logging.test_structured.TestJSONEncoding" name="test_json_encoding_handles_uuid" time="0.000" /><testcase classname="unit.logging.test_structured.TestContextHandling" name="test_context_none" time="0.001" /><testcase classname="unit.logging.test_pydantic_json_encoder.TestLogContextSerialization" name="test_serialize_multiple_log_contexts" time="0.000" /><testcase classname="unit.logging.test_structured.TestJSONEncoding" name="test_json_encoding_preserves_types" time="0.000" /><testcase classname="unit.logging.test_structured.TestEdgeCases" name="test_empty_message" time="0.000" /><testcase classname="unit.logging.test_structured.TestEdgeCases" name="test_long_message" time="0.000" /><testcase classname="unit.logging.test_pydantic_json_encoder.TestEdgeCases" name="test_serialize_log_context_with_none_values" time="0.000" /><testcase classname="unit.logging.test_structured.TestEdgeCases" name="test_message_with_special_characters" time="0.001" /><testcase classname="unit.logging.test_structured.TestEdgeCases" name="test_context_with_none_values" time="0.001" /><testcase classname="unit.logging.test_pydantic_json_encoder.TestComplexSerializationScenarios" name="test_serialize_nested_mixed_types" time="0.000" /><testcase classname="unit.logging.test_structured.TestLoggerNaming" name="test_logger_hierarchy" time="0.001" /><testcase classname="unit.logging.test_structured.TestEdgeCases" name="test_context_with_empty_strings" time="0.000" /><testcase classname="unit.logging.test_structured.TestEdgeCases" name="test_multiple_consecutive_emissions" time="0.000" /><testcase classname="unit.mixins.test_mixin_canonical_serialization.TestMixinCanonicalYAMLSerializer" name="test_initialization" time="0.000" /><testcase classname="unit.mixins.test_mixin_canonical_serialization.TestMixinCanonicalYAMLSerializer" name="test_normalize_body_basic" time="0.000" /><testcase classname="unit.logging.test_structured.TestEdgeCases" name="test_concurrent_emissions" time="0.001" /><testcase classname="unit.mixins.test_mixin_canonical_serialization.TestMixinCanonicalYAMLSerializer" name="test_normalize_body_with_crlf" time="0.000" /><testcase classname="unit.logging.test_structured.TestEmitLogEventSyncBasic" name="test_emit_log_event_sync_debug" time="0.000" /><testcase classname="unit.mixins.test_mixin_canonical_serialization.TestMixinCanonicalYAMLSerializer" name="test_normalize_body_empty" time="0.000" /><testcase classname="unit.mixins.test_mixin_canonical_serialization.TestMixinCanonicalYAMLSerializer" name="test_normalize_body_only_whitespace" time="0.000" /><testcase classname="unit.mixins.test_mixin_canonical_serialization.TestMixinCanonicalYAMLSerializer" name="test_canonicalize_metadata_block_basic_dict" time="0.002" /><testcase classname="unit.logging.test_structured.TestLogLevelMapping" name="test_critical_level_mapping" time="0.001" /><testcase classname="unit.mixins.test_mixin_canonical_serialization.TestMixinCanonicalYAMLSerializer" name="test_canonicalize_metadata_block_with_entrypoint" time="0.001" /><testcase classname="unit.logging.test_structured.TestStructuredLogEntry" name="test_log_entry_has_level" time="0.000" /><testcase classname="unit.mixins.test_mixin_canonical_serialization.TestMixinCanonicalYAMLSerializer" name="test_canonicalize_metadata_block_with_comment_prefix" time="0.004" /><testcase classname="unit.mixins.test_mixin_canonical_serialization.TestMixinCanonicalYAMLSerializer" name="test_canonicalize_for_hash_with_comment_prefix" time="0.004" /><testcase classname="unit.logging.test_structured.TestContextHandling" name="test_context_empty_dict" time="0.000" /><testcase classname="unit.logging.test_structured.TestContextHandling" name="test_context_with_nested_data" time="0.001" /><testcase classname="unit.mixins.test_mixin_canonical_serialization.TestStripCommentPrefix" name="test_strip_comment_prefix_mixed_lines" time="0.001" /><testcase classname="unit.logging.test_structured.TestJSONEncoding" name="test_json_encoding_handles_pydantic_model" time="0.001" /><testcase classname="unit.mixins.test_mixin_canonical_serialization.TestMixinCanonicalYAMLSerializer" name="test_canonicalize_metadata_block_sort_keys" time="0.001" /><testcase classname="unit.mixins.test_mixin_canonical_serialization.TestStripCommentPrefix" name="test_strip_comment_prefix_empty" time="0.000" /><testcase classname="unit.mixins.test_mixin_canonical_serialization.TestStripCommentPrefix" name="test_strip_comment_prefix_custom_prefixes" time="0.000" /><testcase classname="unit.mixins.test_mixin_canonical_serialization.TestExtractMetadataBlockAndBody" name="test_extract_with_comment_delimiters" time="0.001" /><testcase classname="unit.mixins.test_mixin_canonical_serialization.TestMixinCanonicalYAMLSerializer" name="test_canonicalize_metadata_block_with_node_metadata_block" time="0.001" /><testcase classname="unit.mixins.test_mixin_canonical_serialization.TestMixinCanonicalYAMLSerializer" name="test_canonicalize_for_hash_empty_body" time="0.001" /><testcase classname="unit.mixins.test_mixin_canonical_serialization.TestExtractMetadataBlockAndBody" name="test_extract_no_metadata_block" time="0.000" /><testcase classname="unit.logging.test_structured.TestEdgeCases" name="test_message_with_json_special_chars" time="0.001" /><testcase classname="unit.mixins.test_mixin_canonical_serialization.TestMixinCanonicalYAMLSerializer" name="test_canonicalize_for_hash_basic" time="0.001" /><testcase classname="unit.mixins.test_mixin_canonical_serialization.TestStripCommentPrefix" name="test_strip_comment_prefix_basic" time="0.000" /><testcase classname="unit.mixins.test_mixin_canonical_serialization.TestStripCommentPrefix" name="test_strip_comment_prefix_with_spaces" time="0.000" /><testcase classname="unit.mixins.test_mixin_canonical_serialization.TestExtractMetadataBlockAndBody" name="test_extract_empty_content" time="0.000" /><testcase classname="unit.mixins.test_mixin_canonical_serialization.TestMixinCanonicalYAMLSerializer" name="test_normalize_body_with_trailing_spaces" time="0.001" /><testcase classname="unit.mixins.test_mixin_canonical_serialization.TestCanonicalSerializationEdgeCases" name="test_canonicalize_with_numeric_values" time="0.002" /><testcase classname="unit.mixins.test_mixin_canonical_serialization.TestCanonicalSerializationEdgeCases" name="test_canonicalize_with_nested_structures" time="0.001" /><testcase classname="unit.mixins.test_mixin_canonical_serialization.TestCanonicalSerializationEdgeCases" name="test_extract_with_malformed_content" time="0.000" /><testcase classname="unit.mixins.test_mixin_canonical_serialization.TestStripBlockDelimitersAndAssert" name="test_strip_delimiters_empty_lines" time="0.000" /><testcase classname="unit.mixins.test_mixin_canonical_serialization.TestStripBlockDelimitersAndAssert" name="test_strip_delimiters_assertion_failure" time="0.000" /><testcase classname="unit.mixins.test_mixin_canonical_serialization.TestNormalizeBodyStandalone" name="test_normalize_body_function_basic" time="0.000" /><testcase classname="unit.logging.test_structured.TestLoggerNaming" name="test_uses_omnibase_logger" time="0.001" /><testcase classname="unit.mixins.test_mixin_canonical_serialization.TestNormalizeBodyStandalone" name="test_normalize_body_function_empty" time="0.000" /><testcase classname="unit.mixins.test_mixin_canonical_serialization.TestCanonicalSerializationEdgeCases" name="test_canonicalize_with_none_values" time="0.003" /><testcase classname="unit.mixins.test_mixin_canonical_serialization.TestCanonicalSerializationEdgeCases" name="test_canonicalize_with_empty_lists" time="0.002" /><testcase classname="unit.mixins.test_mixin_canonical_serialization.TestExtractMetadataBlockAndBody" name="test_extract_only_delimiters" time="0.001" /><testcase classname="unit.mixins.test_mixin_canonical_serialization.TestStripBlockDelimitersAndAssert" name="test_strip_delimiters_basic" time="0.001" /><testcase classname="unit.mixins.test_mixin_canonical_serialization.TestStripBlockDelimitersAndAssert" name="test_strip_delimiters_with_spaces" time="0.000" /><testcase classname="unit.mixins.test_mixin_canonical_serialization.TestMixinCanonicalYAMLSerializer" name="test_canonicalize_metadata_block_with_volatile_fields" time="0.003" /><testcase classname="unit.mixins.test_mixin_canonical_serialization.TestCanonicalSerializationEdgeCases" name="test_normalize_body_with_mixed_line_endings" time="0.000" /><testcase classname="unit.mixins.test_mixin_completion_data.TestMixinCompletionData" name="test_mixin_completion_data_empty" time="0.000" /><testcase classname="unit.mixins.test_mixin_completion_data.TestMixinCompletionData" name="test_mixin_completion_data_with_all_fields" time="0.000" /><testcase classname="unit.mixins.test_mixin_canonical_serialization.TestExtractMetadataBlockAndBody" name="test_extract_basic_yaml_block" time="0.001" /><testcase classname="unit.mixins.test_mixin_completion_data.TestMixinCompletionData" name="test_mixin_completion_data_field_types" time="0.000" /><testcase classname="unit.mixins.test_mixin_completion_data.TestMixinCompletionData" name="test_mixin_completion_data_success_scenarios" time="0.000" /><testcase classname="unit.mixins.test_mixin_completion_data.TestMixinCompletionData" name="test_mixin_completion_data_failure_scenarios" time="0.000" /><testcase classname="unit.mixins.test_mixin_canonical_serialization.TestStripCommentPrefix" name="test_strip_comment_prefix_no_comments" time="0.000" /><testcase classname="unit.mixins.test_mixin_completion_data.TestMixinCompletionData" name="test_mixin_completion_data_immutable" time="0.001" /><testcase classname="unit.mixins.test_mixin_canonical_serialization.TestMixinCanonicalYAMLSerializer" name="test_canonicalize_for_hash_with_volatile_fields" time="0.002" /><testcase classname="unit.mixins.test_mixin_completion_data.TestMixinCompletionData" name="test_mixin_completion_data_empty_tags" time="0.001" /><testcase classname="unit.mixins.test_mixin_completion_data.TestMixinCompletionData" name="test_mixin_completion_data_strict_types" time="0.000" /><testcase classname="unit.mixins.test_mixin_completion_data.TestMixinCompletionData" name="test_mixin_completion_data_zero_code" time="0.000" /><testcase classname="unit.mixins.test_mixin_completion_data.TestMixinCompletionData" name="test_mixin_completion_data_multiple_tags" time="0.001" /><testcase classname="unit.mixins.test_mixin_completion_data.TestMixinCompletionData" name="test_mixin_completion_data_to_event_kwargs" time="0.000" /><testcase classname="unit.mixins.test_mixin_canonical_serialization.TestExtractMetadataBlockAndBody" name="test_extract_with_markdown_delimiters" time="0.000" /><testcase classname="unit.mixins.test_mixin_completion_data.TestMixinCompletionData" name="test_mixin_completion_data_long_message" time="0.000" /><testcase classname="unit.mixins.test_mixin_discovery_responder.TestMixinDiscoveryResponderInitialization" name="test_mixin_initialization" time="0.000" /><testcase classname="unit.mixins.test_mixin_canonical_serialization.TestCanonicalSerializationEdgeCases" name="test_canonicalize_for_hash_consistency" time="0.004" /><testcase classname="unit.mixins.test_mixin_discovery_responder.TestMixinDiscoveryResponderInitialization" name="test_initial_stats" time="0.000" /><testcase classname="unit.mixins.test_mixin_canonical_serialization.TestNormalizeBodyStandalone" name="test_normalize_body_function_with_crlf" time="0.001" /><testcase classname="unit.mixins.test_mixin_discovery_responder.TestStartStopDiscoveryResponder" name="test_stop_discovery_responder_when_active" time="0.003" /><testcase classname="unit.mixins.test_mixin_discovery_responder.TestStartStopDiscoveryResponder" name="test_start_discovery_responder_success" time="0.004" /><testcase classname="unit.mixins.test_mixin_canonical_serialization.TestCanonicalSerializationEdgeCases" name="test_canonicalize_with_boolean_values" time="0.003" /><testcase classname="unit.mixins.test_mixin_discovery_responder.TestStartStopDiscoveryResponder" name="test_stop_discovery_responder_when_inactive" time="0.002" /><testcase classname="unit.mixins.test_mixin_discovery_responder.TestStartStopDiscoveryResponder" name="test_start_discovery_responder_custom_throttle" time="0.003" /><testcase classname="unit.mixins.test_mixin_discovery_responder.TestDiscoveryMessageHandling" name="test_on_discovery_message_malformed_envelope" time="0.003" /><testcase classname="unit.mixins.test_mixin_discovery_responder.TestStartStopDiscoveryResponder" name="test_start_discovery_responder_already_active" time="0.002" /><testcase classname="unit.mixins.test_mixin_canonical_serialization.TestStripBlockDelimitersAndAssert" name="test_strip_delimiters_no_delimiters" time="0.000" /><testcase classname="unit.mixins.test_mixin_discovery_responder.TestDiscoveryCriteriaMatching" name="test_matches_criteria_node_type_no_match" time="0.000" /><testcase classname="unit.mixins.test_mixin_discovery_responder.TestDiscoveryCriteriaMatching" name="test_matches_criteria_capability_match" time="0.001" /><testcase classname="unit.mixins.test_mixin_discovery_responder.TestDiscoveryCriteriaMatching" name="test_matches_criteria_no_filters" time="0.000" /><testcase classname="unit.mixins.test_mixin_completion_data.TestMixinCompletionData" name="test_mixin_completion_data_partial_fields" time="0.000" /><testcase classname="unit.mixins.test_mixin_discovery_responder.TestDiscoveryCriteriaMatching" name="test_matches_custom_criteria_default" time="0.000" /><testcase classname="unit.mixins.test_mixin_discovery_responder.TestDiscoveryCriteriaMatching" name="test_matches_custom_criteria_override" time="0.001" /><testcase classname="unit.mixins.test_mixin_completion_data.TestMixinCompletionData" name="test_mixin_completion_data_different_codes" time="0.000" /><testcase classname="unit.mixins.test_mixin_discovery_responder.TestDiscoveryCapabilities" name="test_get_discovery_capabilities_with_methods" time="0.000" /><testcase classname="unit.mixins.test_mixin_discovery_responder.TestDiscoveryCapabilities" name="test_get_discovery_capabilities_override" time="0.000" /><testcase classname="unit.mixins.test_mixin_completion_data.TestMixinCompletionData" name="test_mixin_completion_data_to_event_kwargs_excludes_none" time="0.001" /><testcase classname="unit.mixins.test_mixin_discovery_responder.TestNodeVersion" name="test_get_node_version_with_version_attr" time="0.001" /><testcase classname="unit.mixins.test_mixin_discovery_responder.TestNodeVersion" name="test_get_node_version_with_node_version_attr" time="0.000" /><testcase classname="unit.mixins.test_mixin_completion_data.TestMixinCompletionData" name="test_mixin_completion_data_negative_code" time="0.001" /><testcase classname="unit.mixins.test_mixin_discovery_responder.TestHealthStatus" name="test_get_health_status_override" time="0.001" /><testcase classname="unit.mixins.test_mixin_discovery_responder.TestDiscoveryStatistics" name="test_get_discovery_stats_initial" time="0.001" /><testcase classname="unit.mixins.test_mixin_discovery_responder.TestDiscoveryMessageHandling" name="test_on_discovery_message_invalid_json" time="0.018" /><testcase classname="unit.mixins.test_mixin_discovery_responder.TestStartStopDiscoveryResponder" name="test_start_discovery_responder_failure" time="0.007" /><testcase classname="unit.mixins.test_mixin_discovery_responder.TestDiscoveryCriteriaMatching" name="test_matches_criteria_capability_no_match" time="0.001" /><testcase classname="unit.mixins.test_mixin_event_listener.TestMixinEventListener" name="test_process_not_implemented" time="0.001" /><testcase classname="unit.discovery.test_mixin_discovery.TestMixinDiscovery" name="test_find_compatible_mixins_with_multiple_base" time="0.875" /><testcase classname="unit.mixins.test_mixin_discovery_responder.TestDiscoveryCriteriaMatching" name="test_matches_criteria_node_type_match" time="0.000" /><testcase classname="unit.mixins.test_mixin_event_listener.TestMixinEventListener" name="test_get_event_patterns_from_contract" time="0.002" /><testcase classname="unit.mixins.test_mixin_discovery_responder.TestNodeVersion" name="test_get_node_version_none" time="0.001" /><testcase classname="unit.mixins.test_mixin_discovery_responder.TestDiscoveryStatistics" name="test_reset_discovery_stats" time="0.000" /><testcase classname="unit.mixins.test_mixin_event_listener.TestMixinEventListener" name="test_event_to_input_state_with_dict_data" time="0.001" /><testcase classname="unit.mixins.test_mixin_discovery_responder.TestHealthStatus" name="test_get_health_status_default" time="0.000" /><testcase classname="unit.mixins.test_mixin_event_listener.TestMixinEventListener" name="test_start_event_listener_without_event_bus" time="0.000" /><testcase classname="unit.mixins.test_mixin_discovery_responder.TestDiscoveryCapabilities" name="test_get_discovery_capabilities_default" time="0.000" /><testcase classname="unit.mixins.test_mixin_event_listener.TestMixinEventListener" name="test_get_event_patterns_default" time="0.000" /><testcase classname="unit.mixins.test_mixin_event_listener.TestMixinEventListener" name="test_event_to_input_state_no_class_found" time="0.001" /><testcase classname="unit.mixins.test_mixin_discovery_responder.TestMixinDiscoveryResponderInitialization" name="test_mixin_in_multiple_inheritance" time="0.000" /><testcase classname="unit.mixins.test_mixin_discovery_responder.TestEventChannels" name="test_get_discovery_event_channels_fallback" time="0.000" /><testcase classname="unit.mixins.test_mixin_discovery_responder.TestIntegrationScenarios" name="test_full_discovery_workflow" time="0.006" /><testcase classname="unit.mixins.test_mixin_event_listener.TestMixinEventListener" name="test_start_event_listener_already_running" time="5.358" /><testcase classname="unit.mixins.test_mixin_event_listener.TestMixinEventListener" name="test_get_node_name_from_class" time="0.001" /><testcase classname="unit.mixins.test_mixin_event_listener.TestMixinEventListener" name="test_get_completion_event_type_known_mappings" time="0.002" /><testcase classname="unit.mixins.test_mixin_event_listener.TestMixinEventListener" name="test_initialization" time="0.000" /><testcase classname="unit.mixins.test_mixin_event_listener.TestMixinEventListener" name="test_start_event_listener_with_event_bus" time="5.380" /><testcase classname="performance.contracts.test_model_dependency_performance.TestModelDependencyPerformance" name="test_memory_efficiency" time="0.207" /><testcase classname="unit.mixins.test_mixin_discovery_responder.TestIntegrationScenarios" name="test_discovery_with_custom_capabilities" time="0.001" /><testcase classname="unit.mixins.test_mixin_event_listener.TestMixinEventListener" name="test_event_to_input_state_conversion_error" time="0.002" /><testcase classname="unit.mixins.test_mixin_event_listener.TestMixinEventListener" name="test_publish_completion_event" time="0.002" /><testcase classname="unit.mixins.test_mixin_event_listener.TestMixinEventListener" name="test_event_to_input_state_with_model_data" time="0.001" /><testcase classname="unit.mixins.test_mixin_event_listener.TestMixinEventListener" name="test_get_node_name_from_attribute" time="0.001" /><testcase classname="unit.mixins.test_mixin_event_listener.TestMixinEventListener" name="test_get_completion_event_type_unknown" time="0.001" /><testcase classname="unit.mixins.test_mixin_event_listener.TestMixinEventListener" name="test_get_completion_event_type_basic" time="0.000" /><testcase classname="unit.mixins.test_mixin_event_listener.TestMixinEventListener" name="test_create_event_handler" time="0.000" /><testcase classname="unit.mixins.test_mixin_event_listener.TestMixinEventListener" name="test_event_bus_property" time="0.001" /><testcase classname="unit.mixins.test_mixin_event_listener.TestMixinEventListener" name="test_event_handler_with_envelope" time="0.005" /><testcase classname="unit.mixins.test_mixin_event_listener.TestMixinEventListener" name="test_publish_completion_event_with_none_output" time="0.002" /><testcase classname="unit.mixins.test_mixin_event_listener.TestMixinEventListener" name="test_publish_error_event" time="0.001" /><testcase classname="unit.mixins.test_mixin_event_listener.TestMixinEventListener" name="test_get_event_patterns_with_invalid_contract" time="0.002" /><testcase classname="unit.mixins.test_mixin_event_listener.TestMixinEventListener" name="test_event_handler_with_specific_handler_method" time="0.001" /><testcase classname="unit.mixins.test_mixin_event_listener.TestMixinEventListener" name="test_event_handler_with_direct_event" time="0.001" /><testcase classname="unit.mixins.test_mixin_event_listener.TestMixinEventListener" name="test_event_handler_with_exception" time="0.001" /><testcase classname="integration.test_validation_integration.TestPreCommitIntegration" name="test_simulate_pre_commit_hook_validation" time="0.377" /><testcase classname="performance.contracts.test_model_dependency_performance.TestModelDependencyPerformance" name="test_stress_validation_performance" time="0.390" /><testcase classname="unit.mixins.test_mixin_event_listener.TestMixinEventListener" name="test_node_name_to_uuid_conversion" time="0.001" /><testcase classname="unit.mixins.test_mixin_event_listener.TestMixinEventListener" name="test_auto_start_with_event_bus" time="5.625" /><testcase classname="unit.mixins.test_mixin_fail_fast.TestMixinFailFast" name="test_mixin_fail_fast_initialization" time="0.000" /><testcase classname="unit.mixins.test_mixin_fail_fast.TestMixinFailFast" name="test_validate_required_with_none_value" time="0.000" /><testcase classname="unit.mixins.test_mixin_fail_fast.TestMixinFailFast" name="test_validate_required_with_valid_value" time="0.000" /><testcase classname="unit.mixins.test_mixin_fail_fast.TestMixinFailFast" name="test_validate_not_empty_with_empty_value" time="0.000" /><testcase classname="unit.mixins.test_mixin_fail_fast.TestMixinFailFast" name="test_validate_not_empty_with_valid_value" time="0.000" /><testcase classname="unit.mixins.test_mixin_event_listener.TestMixinEventListener" name="test_event_listener_loop_heartbeat" time="2.541" /><testcase classname="unit.mixins.test_mixin_fail_fast.TestMixinFailFast" name="test_validate_enum_with_valid_value" time="0.002" /><testcase classname="unit.mixins.test_mixin_fail_fast.TestMixinFailFast" name="test_validate_type_with_matching_type" time="0.001" /><testcase classname="unit.mixins.test_mixin_fail_fast.TestMixinFailFast" name="test_validate_not_empty_with_empty_list" time="0.003" /><testcase classname="unit.mixins.test_mixin_fail_fast.TestMixinFailFast" name="test_validate_enum_with_invalid_value" time="0.000" /><testcase classname="unit.mixins.test_mixin_fail_fast.TestMixinFailFast" name="test_enforce_contract_with_valid_condition" time="0.000" /><testcase classname="unit.mixins.test_mixin_fail_fast.TestMixinFailFast" name="test_require_dependency_with_exception" time="0.002" /><testcase classname="unit.mixins.test_mixin_fail_fast.TestMixinFailFast" name="test_require_dependency_with_unavailable_dependency" time="0.002" /><testcase classname="unit.mixins.test_mixin_fail_fast.TestMixinFailFast" name="test_require_dependency_with_available_dependency" time="0.008" /><testcase classname="unit.mixins.test_mixin_fail_fast.TestMixinFailFast" name="test_handle_error_with_model_onex_error" time="0.001" /><testcase classname="unit.mixins.test_mixin_fail_fast.TestMixinFailFast" name="test_handle_error_with_regular_exception" time="0.001" /><testcase classname="unit.mixins.test_mixin_fail_fast.TestMixinFailFast" name="test_validate_type_with_dict_type" time="0.000" /><testcase classname="unit.mixins.test_mixin_fail_fast.TestMixinFailFast" name="test_fail_fast_decorator_with_exception" time="0.053" /><testcase classname="unit.mixins.test_mixin_fail_fast.TestMixinFailFast" name="test_fail_fast_decorator_with_success" time="0.055" /><testcase classname="unit.mixins.test_mixin_hash_computation.TestMixinHashComputationBasicBehavior" name="test_mixin_inheritance" time="0.002" /><testcase classname="unit.mixins.test_mixin_health_check.TestMixinHealthCheck" name="test_initialization" time="0.000" /><testcase classname="unit.mixins.test_mixin_fail_fast.TestMixinFailFast" name="test_validate_type_with_list_type" time="0.047" /><testcase classname="unit.mixins.test_mixin_health_check.TestMixinHealthCheck" name="test_health_check_with_custom_check_healthy" time="0.000" /><testcase classname="unit.mixins.test_mixin_hash_computation.TestMixinHashComputationBasicBehavior" name="test_compute_hash_method_exists" time="0.002" /><testcase classname="unit.mixins.test_mixin_health_check.TestMixinHealthCheck" name="test_health_check_with_custom_check_unhealthy" time="0.001" /><testcase classname="unit.mixins.test_mixin_fail_fast.TestMixinFailFast" name="test_enforce_contract_with_invalid_condition" time="0.021" /><testcase classname="unit.mixins.test_mixin_health_check.TestMixinHealthCheck" name="test_health_check_with_custom_check_degraded" time="0.001" /><testcase classname="unit.mixins.test_mixin_hash_computation.TestHashComputationInterface" name="test_compute_hash_accepts_required_parameters" time="0.001" /><testcase classname="unit.mixins.test_mixin_health_check.TestMixinHealthCheck" name="test_health_check_with_multiple_checks_one_fails" time="0.002" /><testcase classname="unit.mixins.test_mixin_health_check.TestMixinHealthCheck" name="test_health_check_with_multiple_checks_all_healthy" time="0.001" /><testcase classname="unit.mixins.test_mixin_health_check.TestMixinHealthCheck" name="test_health_check_async_with_async_check" time="0.057" /><testcase classname="unit.mixins.test_mixin_health_check.TestMixinHealthCheck" name="test_health_check_async_with_sync_check" time="0.001" /><testcase classname="unit.mixins.test_mixin_health_check.TestMixinHealthCheck" name="test_health_check_async_with_exception" time="0.001" /><testcase classname="unit.mixins.test_mixin_health_check.TestMixinHealthCheck" name="test_check_dependency_health_available" time="0.000" /><testcase classname="unit.mixins.test_mixin_health_check.TestMixinHealthCheck" name="test_check_dependency_health_unavailable" time="0.000" /><testcase classname="unit.mixins.test_mixin_health_check.TestMixinHealthCheck" name="test_check_dependency_health_with_exception" time="0.000" /><testcase classname="unit.mixins.test_mixin_health_check.TestMixinHealthCheck" name="test_health_check_with_invalid_return_type" time="0.011" /><testcase classname="unit.mixins.test_mixin_health_check.TestMixinHealthCheck" name="test_health_check_basic" time="0.001" /><testcase classname="unit.mixins.test_mixin_hash_computation.TestMixinHashComputationBasicBehavior" name="test_mixin_with_pydantic_model" time="0.001" /><testcase classname="unit.mixins.test_mixin_health_check.TestMixinHealthCheck" name="test_health_check_with_exception_in_check" time="0.000" /><testcase classname="unit.mixins.test_mixin_health_check.TestMixinHealthCheck" name="test_health_check_async_basic" time="0.002" /><testcase classname="unit.mixins.test_mixin_health_check.TestMixinHealthCheck" name="test_health_check_async_invalid_return_type" time="0.001" /><testcase classname="unit.mixins.test_mixin_health_check.TestMixinHealthCheck" name="test_health_check_with_async_check_in_sync_context" time="0.003" /><testcase classname="unit.mixins.test_mixin_health_check.TestMixinHealthCheck" name="test_get_health_checks_default" time="0.001" /><testcase classname="unit.mixins.test_mixin_health_check.TestMixinHealthCheck" name="test_check_dependency_health_with_none_check_result" time="0.000" /><testcase classname="unit.mixins.test_mixin_health_check.TestMixinHealthCheck" name="test_check_dependency_health_with_falsy_values" time="0.001" /><testcase classname="unit.mixins.test_mixin_health_check.TestMixinHealthCheck" name="test_check_dependency_health_with_truthy_values" time="0.001" /><testcase classname="unit.mixins.test_mixin_health_check.TestMixinHealthCheck" name="test_health_check_multiple_failures" time="0.000" /><testcase classname="unit.mixins.test_mixin_hybrid_execution.TestMixinInitialization" name="test_initialization_sets_defaults" time="0.000" /><testcase classname="unit.mixins.test_mixin_hybrid_execution.TestDetermineExecutionMode" name="test_direct_mode_for_low_complexity" time="0.001" /><testcase classname="unit.mixins.test_mixin_hybrid_execution.TestDetermineExecutionMode" name="test_orchestrated_mode_for_medium_complexity" time="0.001" /><testcase classname="unit.mixins.test_mixin_hybrid_execution.TestMixinInitialization" name="test_initialization_logging" time="0.002" /><testcase classname="unit.mixins.test_mixin_hybrid_execution.TestDetermineExecutionMode" name="test_workflow_mode_respects_supported_modes" time="0.001" /><testcase classname="unit.mixins.test_mixin_hybrid_execution.TestDetermineExecutionMode" name="test_workflow_mode_for_high_complexity" time="0.000" /><testcase classname="unit.mixins.test_mixin_hybrid_execution.TestExecuteWithModeSelection" name="test_execute_with_explicit_workflow_mode" time="6.263" /><testcase classname="unit.mixins.test_mixin_hybrid_execution.TestExecuteWithModeSelection" name="test_execute_with_explicit_direct_mode" time="0.000" /><testcase classname="unit.mixins.test_mixin_hash_computation.TestHashComputationInterface" name="test_compute_hash_accepts_optional_parameters" time="0.001" /><testcase classname="performance.contracts.test_model_workflow_dependency_performance.TestModelWorkflowDependencyPerformance" name="test_single_dependency_validation_performance" time="0.167" /><testcase classname="integration.test_validation_integration.TestPreCommitIntegration" name="test_pre_commit_validation_file_list" time="0.587" /><testcase classname="unit.mixins.test_mixin_health_check.TestMixinHealthCheck" name="test_health_check_async_with_mixed_checks" time="0.014" /><testcase classname="performance.contracts.test_model_workflow_dependency_performance.TestModelWorkflowDependencyPerformance" name="test_circular_dependency_detection_performance" time="0.001" /><testcase classname="performance.contracts.test_model_workflow_dependency_performance.TestModelWorkflowDependencyPerformance" name="test_regex_pattern_performance" time="0.437" /><testcase classname="unit.mixins.test_mixin_health_check.TestMixinHealthCheck" name="test_health_check_priority_unhealthy_over_degraded" time="0.042" /><testcase classname="unit.discovery.test_mixin_discovery.TestMixinDiscovery" name="test_find_compatible_mixins_empty_base" time="1.312" /><testcase classname="unit.mixins.test_mixin_hybrid_execution.TestDetermineExecutionMode" name="test_orchestrated_mode_respects_supported_modes" time="0.001" /><testcase classname="performance.contracts.test_model_workflow_dependency_performance.TestModelWorkflowDependencyPerformance" name="test_large_dependency_graph_performance" time="0.141" /><testcase classname="integration.test_validation_integration.TestPreCommitIntegration" name="test_pre_commit_no_python_files" time="0.615" /><testcase classname="performance.contracts.test_model_workflow_dependency_performance.TestModelWorkflowDependencyPerformance" name="test_timeout_validation_performance" time="0.268" /><testcase classname="performance.contracts.test_model_workflow_dependency_performance.TestModelWorkflowDependencyPerformance" name="test_memory_usage_large_graph" time="4.763" /><testcase classname="integration.test_validation_integration.TestContinuousIntegration" name="test_ci_full_repository_scan" time="1.809" /><testcase classname="unit.discovery.test_mixin_discovery.TestMixinDiscovery" name="test_get_mixin_dependencies" time="0.804" /><testcase classname="unit.mixins.test_mixin_fail_fast.TestMixinFailFast" name="test_validate_type_with_non_matching_type" time="0.001" /><testcase classname="unit.discovery.test_mixin_discovery.TestMixinDiscovery" name="test_get_mixin_dependencies_nonexistent" time="2.781" /><testcase classname="integration.test_validation_integration.TestContinuousIntegration" name="test_ci_parallel_validation_simulation" time="0.476" /><testcase classname="integration.test_validation_integration.TestValidationPerformance" name="test_large_repository_validation_performance" time="0.254" /><testcase classname="integration.test_validation_integration.TestValidationPerformance" name="test_validation_memory_usage" time="0.456" /><testcase classname="unit.enums.test_enum_error_category.TestEnumErrorCategory" name="test_enum_serialization" time="0.003" /><testcase classname="unit.enums.test_enum_error_category.TestEnumErrorCategory" name="test_enum_deserialization" time="0.000" /><testcase classname="unit.enums.test_enum_error_category.TestEnumErrorCategory" name="test_enum_invalid_values" time="0.000" /><testcase classname="unit.enums.test_enum_error_category.TestEnumErrorCategory" name="test_enum_all_values" time="0.000" /><testcase classname="unit.enums.test_enum_error_category.TestEnumErrorCategory" name="test_enum_docstring" time="0.000" /><testcase classname="unit.enums.test_enum_event_priority.TestEnumEventPriority" name="test_enum_values" time="0.000" /><testcase classname="unit.enums.test_enum_event_priority.TestEnumEventPriority" name="test_enum_inheritance" time="0.001" /><testcase classname="unit.enums.test_enum_event_priority.TestEnumEventPriority" name="test_enum_string_behavior" time="0.000" /><testcase classname="unit.enums.test_enum_event_priority.TestEnumEventPriority" name="test_enum_iteration" time="0.000" /><testcase classname="unit.enums.test_enum_event_priority.TestEnumEventPriority" name="test_enum_membership" time="0.000" /><testcase classname="unit.enums.test_enum_event_priority.TestEnumEventPriority" name="test_enum_comparison" time="0.000" /><testcase classname="unit.enums.test_enum_event_priority.TestEnumEventPriority" name="test_enum_serialization" time="0.000" /><testcase classname="unit.enums.test_enum_event_priority.TestEnumEventPriority" name="test_enum_deserialization" time="0.000" /><testcase classname="unit.enums.test_enum_event_priority.TestEnumEventPriority" name="test_enum_invalid_values" time="0.000" /><testcase classname="unit.enums.test_enum_event_priority.TestEnumEventPriority" name="test_enum_all_values" time="0.000" /><testcase classname="unit.enums.test_enum_event_priority.TestEnumEventPriority" name="test_enum_docstring" time="0.000" /><testcase classname="unit.enums.test_enum_event_type_discovery.TestEnumEventTypeDiscovery" name="test_enum_values" time="0.000" /><testcase classname="unit.enums.test_enum_event_type_discovery.TestEnumEventTypeDiscovery" name="test_enum_inheritance" time="0.000" /><testcase classname="unit.enums.test_enum_event_type_discovery.TestEnumEventTypeDiscovery" name="test_enum_string_behavior" time="0.000" /><testcase classname="unit.enums.test_enum_event_type_discovery.TestEnumEventTypeDiscovery" name="test_enum_iteration" time="0.000" /><testcase classname="unit.enums.test_enum_event_type_discovery.TestEnumEventTypeDiscovery" name="test_enum_membership" time="0.000" /><testcase classname="unit.enums.test_enum_event_type_discovery.TestEnumEventTypeDiscovery" name="test_enum_comparison" time="0.000" /><testcase classname="unit.enums.test_enum_event_type_discovery.TestEnumEventTypeDiscovery" name="test_enum_serialization" time="0.000" /><testcase classname="unit.enums.test_enum_event_type_discovery.TestEnumEventTypeDiscovery" name="test_enum_deserialization" time="0.000" /><testcase classname="unit.enums.test_enum_event_type_discovery.TestEnumEventTypeDiscovery" name="test_enum_invalid_values" time="0.000" /><testcase classname="unit.enums.test_enum_event_type_discovery.TestEnumEventTypeDiscovery" name="test_enum_all_values" time="0.000" /><testcase classname="unit.enums.test_enum_event_type_discovery.TestEnumEventTypeDiscovery" name="test_enum_docstring" time="0.000" /><testcase classname="unit.enums.test_enum_execution_status.TestEnumExecutionStatus" name="test_enum_values" time="0.000" /><testcase classname="unit.enums.test_enum_execution_status.TestEnumExecutionStatus" name="test_string_representation" time="0.000" /><testcase classname="unit.enums.test_enum_execution_status.TestEnumExecutionStatus" name="test_is_terminal" time="0.000" /><testcase classname="unit.enums.test_enum_execution_status.TestEnumExecutionStatus" name="test_is_active" time="0.000" /><testcase classname="unit.enums.test_enum_execution_status.TestEnumExecutionStatus" name="test_is_successful" time="0.000" /><testcase classname="unit.enums.test_enum_execution_status.TestEnumExecutionStatus" name="test_enum_equality" time="0.000" /><testcase classname="unit.enums.test_enum_execution_status.TestEnumExecutionStatus" name="test_enum_membership" time="0.000" /><testcase classname="unit.mixins.test_mixin_event_listener.TestMixinEventListener" name="test_stop_event_listener" time="3.706" /><testcase classname="unit.mixins.test_mixin_event_listener.TestMixinEventListener" name="test_get_input_state_class_from_annotations" time="0.001" /><testcase classname="unit.mixins.test_mixin_event_listener.TestMixinEventListener" name="test_get_input_state_class_not_found" time="0.001" /><testcase classname="unit.discovery.test_mixin_discovery.TestMixinDiscovery" name="test_validate_composition_valid" time="1.032" /><testcase classname="unit.mixins.test_mixin_fail_fast.TestMixinFailFast" name="test_validate_not_empty_with_none_value" time="0.001" /><testcase classname="performance.contracts.test_model_workflow_dependency_performance.TestModelWorkflowDependencyPerformance" name="test_concurrent_validation_simulation" time="0.413" /><testcase classname="unit.discovery.test_mixin_discovery.TestMixinDiscovery" name="test_validate_composition_with_unknown_mixin" time="1.439" /><testcase classname="performance.test_model_timeout_performance.TestModelTimeoutPerformance" name="test_cached_property_performance" time="0.002" /><testcase classname="performance.test_model_timeout_performance.TestModelTimeoutPerformance" name="test_warning_threshold_caching" time="0.001" /><testcase classname="performance.test_model_timeout_performance.TestModelTimeoutPerformance" name="test_extension_limit_caching" time="0.001" /><testcase classname="performance.test_model_timeout_performance.TestModelTimeoutPerformance" name="test_runtime_category_calculation_caching" time="0.002" /><testcase classname="performance.test_model_timeout_performance.TestModelTimeoutPerformance" name="test_cache_invalidation_on_metadata_change" time="0.002" /><testcase classname="performance.test_model_timeout_performance.TestModelTimeoutPerformance" name="test_serialization_performance" time="0.005" /><testcase classname="performance.test_model_timeout_performance.TestModelTimeoutPerformance" name="test_lru_cache_effectiveness[fast]" time="0.000" /><testcase classname="performance.test_model_timeout_performance.TestModelTimeoutPerformance" name="test_lru_cache_effectiveness[moderate]" time="0.003" /><testcase classname="performance.test_model_timeout_performance.TestModelTimeoutPerformance" name="test_property_access_patterns" time="0.001" /><testcase classname="performance.test_model_timeout_performance.TestModelTimeoutPerformance" name="test_memory_usage_optimization" time="0.140" /><testcase classname="performance.test_model_timeout_performance.TestPerformanceBenchmarks" name="test_benchmark_script_exists" time="0.001" /><testcase classname="performance.test_model_timeout_performance.TestPerformanceBenchmarks" name="test_performance_regression_detection" time="0.001" /><testcase classname="test_direct_instantiation_danger" name="test_direct_instantiation_danger" time="0.001" /><testcase classname="test_direct_instantiation_danger" name="test_current_approach_prevents_this" time="0.000" /><testcase classname="test_direct_instantiation_danger" name="test_real_world_agent_scenario" time="0.001" /><testcase classname="test_json_serialization_crash" name="test_json_crash_proof" time="0.002" /><testcase classname="unit.constants.test_event_types.TestEventTypeConstants" name="test_event_types_all_defined" time="0.003" /><testcase classname="unit.constants.test_event_types.TestEventTypeConstants" name="test_event_types_unique_values" time="0.001" /><testcase classname="unit.constants.test_event_types.TestEventTypeConstants" name="test_event_types_are_strings" time="0.000" /><testcase classname="unit.constants.test_event_types.TestEventTypeConstants" name="test_event_types_follow_naming_convention" time="0.000" /><testcase classname="unit.constants.test_event_types.TestEventTypeSpecificValues" name="test_tool_event_types" time="0.000" /><testcase classname="unit.constants.test_event_types.TestEventTypeSpecificValues" name="test_introspection_event_types" time="0.001" /><testcase classname="unit.constants.test_event_types.TestEventTypeSpecificValues" name="test_health_event_types" time="0.004" /><testcase classname="unit.constants.test_event_types.TestEventTypeSpecificValues" name="test_lifecycle_event_types" time="0.000" /><testcase classname="unit.constants.test_event_types.TestNormalizeLegacyEventType" name="test_normalize_legacy_event_type_with_string" time="0.001" /><testcase classname="unit.constants.test_event_types.TestNormalizeLegacyEventType" name="test_normalize_legacy_event_type_with_object_value_attribute" time="0.000" /><testcase classname="unit.constants.test_event_types.TestNormalizeLegacyEventType" name="test_normalize_legacy_event_type_with_dict_value_key" time="0.000" /><testcase classname="unit.constants.test_event_types.TestNormalizeLegacyEventType" name="test_normalize_legacy_event_type_with_dict_event_type_key" time="0.000" /><testcase classname="unit.constants.test_event_types.TestNormalizeLegacyEventType" name="test_normalize_legacy_event_type_with_fallback_to_string" time="0.000" /><testcase classname="unit.constants.test_event_types.TestNormalizeLegacyEventType" name="test_normalize_legacy_event_type_with_numeric_value" time="0.000" /><testcase classname="unit.constants.test_event_types.TestNormalizeLegacyEventType" name="test_normalize_legacy_event_type_preserves_string_value" time="0.000" /><testcase classname="unit.constants.test_event_types.TestNormalizeLegacyEventTypeEdgeCases" name="test_normalize_legacy_event_type_with_empty_string" time="0.001" /><testcase classname="unit.constants.test_event_types.TestNormalizeLegacyEventTypeEdgeCases" name="test_normalize_legacy_event_type_with_none" time="0.000" /><testcase classname="unit.constants.test_event_types.TestNormalizeLegacyEventTypeEdgeCases" name="test_normalize_legacy_event_type_with_dict_priority" time="0.001" /><testcase classname="unit.constants.test_event_types.TestNormalizeLegacyEventTypeEdgeCases" name="test_normalize_legacy_event_type_with_empty_dict" time="0.001" /><testcase classname="unit.constants.test_event_types.TestNormalizeLegacyEventTypeEdgeCases" name="test_normalize_legacy_event_type_with_complex_object" time="0.002" /><testcase classname="unit.constants.test_event_types.TestEventTypeSerialization" name="test_event_types_serialization" time="0.001" /><testcase classname="unit.constants.test_event_types.TestEventTypeSerialization" name="test_event_types_in_lists" time="0.000" /><testcase classname="unit.constants.test_event_types.TestEventTypeSerialization" name="test_event_types_in_dictionaries" time="0.000" /><testcase classname="unit.constants.test_event_types.TestEventTypeUsagePatterns" name="test_event_type_comparison" time="0.000" /><testcase classname="unit.constants.test_event_types.TestEventTypeUsagePatterns" name="test_event_type_in_conditional" time="0.000" /><testcase classname="unit.constants.test_event_types.TestEventTypeUsagePatterns" name="test_event_type_string_operations" time="0.000" /><testcase classname="unit.constants.test_event_types.TestEventTypeModuleStructure" name="test_event_types_module_has_docstring" time="0.000" /><testcase classname="unit.constants.test_event_types.TestEventTypeModuleStructure" name="test_event_types_module_docstring_describes_purpose" time="0.000" /><testcase classname="unit.constants.test_event_types.TestEventTypeModuleStructure" name="test_normalize_function_has_docstring" time="0.000" /><testcase classname="unit.container.test_container_service_resolver.TestRegistryMapBuilding" name="test_build_registry_map_with_all_services" time="0.001" /><testcase classname="unit.container.test_container_service_resolver.TestRegistryMapBuilding" name="test_build_registry_map_returns_callables" time="0.001" /><testcase classname="unit.container.test_container_service_resolver.TestServiceResolution" name="test_resolve_service_by_name_from_registry" time="0.002" /><testcase classname="unit.discovery.test_mixin_discovery.TestMixinDiscovery" name="test_validate_composition_empty_list" time="0.000" /><testcase classname="unit.discovery.test_mixin_discovery.TestMixinDiscovery" name="test_caching_behavior" time="1.099" /><testcase classname="unit.discovery.test_mixin_discovery.TestMixinDiscovery" name="test_metadata_file_not_found" time="0.002" /><testcase classname="unit.discovery.test_mixin_discovery.TestMixinDiscoveryIntegration" name="test_complete_discovery_workflow" time="0.915" /><testcase classname="unit.discovery.test_mixin_discovery.TestMixinDiscoveryIntegration" name="test_mixin_recommendation_workflow" time="0.574" /><testcase classname="unit.discovery.test_mixin_discovery.TestMixinDiscoveryIntegration" name="test_dependency_resolution_workflow" time="1.012" /><testcase classname="unit.enums.test_enum_acknowledgment_type.TestEnumAcknowledgmentType" name="test_enum_values" time="0.000" /><testcase classname="unit.enums.test_enum_acknowledgment_type.TestEnumAcknowledgmentType" name="test_enum_inheritance" time="0.001" /><testcase classname="unit.enums.test_enum_acknowledgment_type.TestEnumAcknowledgmentType" name="test_enum_string_behavior" time="0.000" /><testcase classname="unit.enums.test_enum_acknowledgment_type.TestEnumAcknowledgmentType" name="test_enum_iteration" time="0.000" /><testcase classname="unit.enums.test_enum_acknowledgment_type.TestEnumAcknowledgmentType" name="test_enum_membership" time="0.000" /><testcase classname="unit.enums.test_enum_daemon_action_type.TestEnumDaemonActionType" name="test_enum_inheritance" time="0.000" /><testcase classname="unit.enums.test_enum_daemon_action_type.TestEnumDaemonActionType" name="test_enum_string_behavior" time="0.000" /><testcase classname="unit.enums.test_enum_daemon_action_type.TestEnumDaemonActionType" name="test_enum_iteration" time="0.000" /><testcase classname="unit.enums.test_enum_daemon_action_type.TestEnumDaemonActionType" name="test_enum_membership" time="0.000" /><testcase classname="unit.enums.test_enum_daemon_action_type.TestEnumDaemonActionType" name="test_enum_comparison" time="0.000" /><testcase classname="unit.enums.test_enum_daemon_action_type.TestEnumDaemonActionType" name="test_enum_serialization" time="0.000" /><testcase classname="unit.enums.test_enum_daemon_action_type.TestEnumDaemonActionType" name="test_enum_deserialization" time="0.000" /><testcase classname="unit.enums.test_enum_daemon_action_type.TestEnumDaemonActionType" name="test_enum_invalid_value" time="0.001" /><testcase classname="unit.enums.test_enum_daemon_action_type.TestEnumDaemonActionType" name="test_enum_all_values" time="0.000" /><testcase classname="unit.enums.test_enum_daemon_action_type.TestEnumDaemonActionType" name="test_enum_docstring" time="0.001" /><testcase classname="unit.enums.test_enum_daemon_action_type.TestEnumDaemonActionType" name="test_enum_str_method" time="0.000" /><testcase classname="unit.enums.test_enum_daemon_action_type.TestEnumDaemonActionType" name="test_is_destructive" time="0.000" /><testcase classname="unit.enums.test_enum_daemon_action_type.TestEnumDaemonActionType" name="test_requires_confirmation" time="0.001" /><testcase classname="unit.enums.test_enum_daemon_action_type.TestEnumDaemonActionType" name="test_enum_daemon_action_types" time="0.000" /><testcase classname="unit.enums.test_enum_data_classification.TestEnumDataClassification" name="test_enum_values" time="0.001" /><testcase classname="unit.enums.test_enum_data_classification.TestEnumDataClassification" name="test_string_inheritance" time="0.000" /><testcase classname="unit.enums.test_enum_data_classification.TestEnumDataClassification" name="test_string_representation" time="0.000" /><testcase classname="unit.enums.test_enum_data_classification.TestEnumDataClassification" name="test_get_security_level" time="0.001" /><testcase classname="unit.enums.test_enum_data_classification.TestEnumDataClassification" name="test_is_public" time="0.000" /><testcase classname="unit.enums.test_enum_data_classification.TestEnumDataClassification" name="test_requires_encryption" time="0.000" /><testcase classname="unit.enums.test_enum_data_classification.TestEnumDataClassification" name="test_get_retention_policy" time="0.001" /><testcase classname="unit.enums.test_enum_data_classification.TestEnumDataClassification" name="test_enum_equality" time="0.000" /><testcase classname="unit.enums.test_enum_data_classification.TestEnumDataClassification" name="test_enum_membership" time="0.000" /><testcase classname="unit.enums.test_enum_data_classification.TestEnumDataClassification" name="test_enum_iteration" time="0.000" /><testcase classname="unit.enums.test_enum_data_classification.TestEnumDataClassification" name="test_json_serialization" time="0.000" /><testcase classname="unit.enums.test_enum_data_classification.TestEnumDataClassification" name="test_pydantic_integration" time="0.012" /><testcase classname="unit.enums.test_enum_data_classification.TestEnumDataClassification" name="test_pydantic_serialization" time="0.001" /><testcase classname="unit.enums.test_enum_data_classification.TestEnumDataClassification" name="test_security_level_ordering" time="0.000" /><testcase classname="unit.enums.test_enum_data_classification.TestEnumDataClassification" name="test_aliases" time="0.000" /><testcase classname="unit.enums.test_enum_data_classification.TestEnumDataClassification" name="test_comprehensive_security_features" time="0.000" /><testcase classname="unit.enums.test_enum_data_classification.TestEnumDataClassification" name="test_encryption_requirements" time="0.002" /><testcase classname="unit.enums.test_enum_data_source_type.TestEnumDataSourceType" name="test_enum_values" time="0.003" /><testcase classname="unit.enums.test_enum_data_source_type.TestEnumDataSourceType" name="test_enum_inheritance" time="0.000" /><testcase classname="unit.enums.test_enum_data_source_type.TestEnumDataSourceType" name="test_enum_string_behavior" time="0.000" /><testcase classname="unit.enums.test_enum_data_source_type.TestEnumDataSourceType" name="test_enum_iteration" time="0.001" /><testcase classname="unit.enums.test_enum_data_source_type.TestEnumDataSourceType" name="test_enum_membership" time="0.000" /><testcase classname="unit.enums.test_enum_data_source_type.TestEnumDataSourceType" name="test_enum_comparison" time="0.001" /><testcase classname="unit.enums.test_enum_data_source_type.TestEnumDataSourceType" name="test_enum_serialization" time="0.000" /><testcase classname="unit.enums.test_enum_data_source_type.TestEnumDataSourceType" name="test_enum_deserialization" time="0.001" /><testcase classname="unit.enums.test_enum_data_source_type.TestEnumDataSourceType" name="test_enum_invalid_value" time="0.000" /><testcase classname="unit.enums.test_enum_data_source_type.TestEnumDataSourceType" name="test_enum_all_values" time="0.001" /></testsuite></testsuites>
