<?xml version="1.0" encoding="utf-8"?><testsuites name="pytest tests"><testsuite name="pytest" errors="0" failures="0" skipped="3" tests="2159" time="168.626" timestamp="2025-10-19T15:05:19.544863-04:00" hostname="Stickybeatz.local"><testcase classname="" name="unit.models.discovery.test_unified_discovery_system" time="0.000"><skipped message="collection skipped">('/Volumes/PRO-G40/Code/omnibase_core/tests/unit/models/discovery/test_unified_discovery_system.py', 48, 'Skipped: Tools not yet implemented: ToolDiscoveryCoordinator, ToolUnifiedDiscovery')</skipped></testcase><testcase classname="" name="unit.validation.test_validation_performance" time="0.000"><skipped message="collection skipped">('/Volumes/PRO-G40/Code/omnibase_core/tests/unit/validation/test_validation_performance.py', 36, "Skipped: Could not import validation modules: No module named 'validate_contracts'")</skipped></testcase><testcase classname="unit.mixins.test_mixin_service_registry.TestMixinServiceRegistry" name="test_initialization_with_custom_config" time="0.002" /><testcase classname="unit.mixins.test_mixin_service_registry.TestMixinServiceRegistry" name="test_start_service_registry" time="0.005" /><testcase classname="unit.models.cli.test_model_cli_command_option.TestModelCliCommandOptionMethods" name="test_get_string_value_from_boolean" time="0.002" /><testcase classname="unit.models.cli.test_model_cli_command_option.TestModelCliCommandOptionMethods" name="test_get_string_value_from_list" time="0.002" /><testcase classname="unit.models.cli.test_model_cli_command_option.TestModelCliCommandOptionMethods" name="test_get_typed_value" time="0.001" /><testcase classname="unit.models.cli.test_model_cli_execution_config.TestModelCliExecutionConfigMethods" name="test_is_debug_mode_all_disabled" time="0.001" /><testcase classname="unit.models.cli.test_model_cli_execution_config.TestModelCliExecutionConfigMethods" name="test_is_debug_mode_debug_enabled" time="0.000" /><testcase classname="unit.models.cli.test_model_cli_execution_config.TestModelCliExecutionConfigMethods" name="test_is_debug_mode_trace_enabled" time="0.001" /><testcase classname="unit.models.cli.test_model_cli_execution_config.TestModelCliExecutionConfigMethods" name="test_is_debug_mode_verbose_enabled" time="0.000" /><testcase classname="unit.mixins.test_mixin_lazy_evaluation.TestLazyStringConversion" name="test_lazy_string_conversion_without_model_dump" time="0.002" /><testcase classname="unit.mixins.test_mixin_lazy_evaluation.TestCacheInvalidation" name="test_invalidate_all_cache" time="0.000" /><testcase classname="unit.models.cli.test_model_cli_advanced_params.TestModelCliAdvancedParams" name="test_max_parallel_tasks_validation" time="0.005" /><testcase classname="unit.models.cli.test_model_cli_advanced_params.TestModelCliAdvancedParams" name="test_cache_ttl_validation" time="0.005" /><testcase classname="unit.models.cli.test_model_cli_execution_config.TestModelCliExecutionConfigFactoryMethods" name="test_create_production" time="0.000" /><testcase classname="unit.models.cli.test_model_cli_execution_config.TestModelCliExecutionConfigFactoryMethods" name="test_create_debug" time="0.000" /><testcase classname="unit.models.cli.test_model_cli_execution_config.TestModelCliExecutionConfigFactoryMethods" name="test_create_test" time="0.000" /><testcase classname="unit.models.cli.test_model_cli_execution_config.TestModelCliExecutionConfigProtocols" name="test_serialize" time="0.014" /><testcase classname="unit.models.cli.test_model_cli_advanced_params.TestModelCliAdvancedParams" name="test_debug_level_validation" time="0.002" /><testcase classname="unit.mixins.test_mixin_service_registry.TestMixinServiceRegistry" name="test_start_service_registry_with_domain_filter" time="0.001" /><testcase classname="unit.mixins.test_mixin_service_registry.TestMixinServiceRegistry" name="test_start_service_registry_already_started" time="0.001" /><testcase classname="unit.mixins.test_mixin_service_registry.TestMixinServiceRegistry" name="test_stop_service_registry" time="0.001" /><testcase classname="unit.mixins.test_mixin_introspection_publisher.TestMixinIntrospectionPublisher" name="test_extract_node_version_from_metadata" time="0.006" /><testcase classname="unit.mixins.test_mixin_introspection_publisher.TestMixinIntrospectionPublisher" name="test_extract_node_version_invalid_format" time="0.000" /><testcase classname="unit.mixins.test_mixin_introspection_publisher.TestMixinIntrospectionPublisher" name="test_extract_node_capabilities_basic" time="0.009" /><testcase classname="unit.mixins.test_mixin_introspection_publisher.TestMixinIntrospectionPublisher" name="test_extract_node_capabilities_with_metadata" time="0.000" /><testcase classname="unit.mixins.test_mixin_introspection_publisher.TestMixinIntrospectionPublisher" name="test_extract_node_actions_from_methods" time="0.000" /><testcase classname="unit.mixins.test_mixin_introspection_publisher.TestMixinIntrospectionPublisher" name="test_extract_node_actions_default" time="0.000" /><testcase classname="unit.mixins.test_mixin_introspection_publisher.TestMixinIntrospectionPublisher" name="test_detect_supported_protocols_basic" time="0.001" /><testcase classname="unit.mixins.test_mixin_introspection_publisher.TestMixinIntrospectionPublisher" name="test_detect_supported_protocols_with_mcp" time="0.000" /><testcase classname="unit.mixins.test_mixin_introspection_publisher.TestMixinIntrospectionPublisher" name="test_detect_supported_protocols_with_http" time="0.000" /><testcase classname="unit.mixins.test_mixin_introspection_publisher.TestMixinIntrospectionPublisher" name="test_generate_discovery_tags_basic" time="0.000" /><testcase classname="unit.mixins.test_mixin_introspection_publisher.TestMixinIntrospectionPublisher" name="test_generate_discovery_tags_from_class_name" time="0.000" /><testcase classname="unit.mixins.test_mixin_introspection_publisher.TestMixinIntrospectionPublisher" name="test_generate_discovery_tags_with_mcp" time="0.000" /><testcase classname="unit.mixins.test_mixin_introspection_publisher.TestMixinIntrospectionPublisher" name="test_detect_health_endpoint_with_method" time="0.001" /><testcase classname="unit.mixins.test_mixin_introspection_publisher.TestMixinIntrospectionPublisher" name="test_detect_health_endpoint_without_method" time="0.000" /><testcase classname="unit.models.cli.test_model_cli_execution_config.TestModelCliExecutionConfigProtocols" name="test_get_name" time="0.001" /><testcase classname="unit.models.cli.test_model_cli_execution_config.TestModelCliExecutionConfigProtocols" name="test_set_name" time="0.000" /><testcase classname="unit.mixins.test_mixin_hybrid_execution.TestExecuteWithModeSelection" name="test_execute_with_auto_mode_calls_determine" time="0.007" /><testcase classname="unit.mixins.test_mixin_hybrid_execution.TestExecuteWithModeSelection" name="test_execute_without_mode_calls_determine" time="0.001" /><testcase classname="unit.mixins.test_mixin_hybrid_execution.TestExecuteWithModeSelection" name="test_execute_with_orchestrated_mode" time="3.234" /><testcase classname="unit.models.cli.test_model_cli_execution_core.TestModelCliExecutionCoreStatus" name="test_is_successful_false" time="0.003" /><testcase classname="unit.models.cli.test_model_cli_execution_core.TestModelCliExecutionCoreStateManagement" name="test_mark_started" time="0.001" /><testcase classname="unit.models.cli.test_model_cli_execution_core.TestModelCliExecutionCoreStateManagement" name="test_mark_completed" time="0.004" /><testcase classname="unit.models.cli.test_model_cli_execution_core.TestModelCliExecutionCoreStateManagement" name="test_mark_completed_does_not_change_non_running_status" time="0.000" /><testcase classname="unit.models.cli.test_model_cli_execution_core.TestModelCliExecutionCoreStateManagement" name="test_mark_failed" time="0.000" /><testcase classname="unit.models.cli.test_model_cli_execution_core.TestModelCliExecutionCoreStateManagement" name="test_mark_cancelled" time="0.000" /><testcase classname="unit.models.cli.test_model_cli_execution_core.TestModelCliExecutionCoreStateManagement" name="test_set_phase" time="0.000" /><testcase classname="unit.models.cli.test_model_cli_execution_core.TestModelCliExecutionCoreStateManagement" name="test_set_progress" time="0.000" /><testcase classname="unit.models.cli.test_model_cli_execution_core.TestModelCliExecutionCoreStateManagement" name="test_set_progress_clamps_to_minimum" time="0.000" /><testcase classname="unit.models.cli.test_model_cli_execution_core.TestModelCliExecutionCoreStateManagement" name="test_set_progress_clamps_to_maximum" time="0.000" /><testcase classname="unit.models.cli.test_model_cli_execution_core.TestModelCliExecutionCoreFactoryMethods" name="test_create_simple_minimal" time="0.001" /><testcase classname="unit.models.cli.test_model_cli_execution_core.TestModelCliExecutionCoreFactoryMethods" name="test_create_simple_with_target" time="0.000" /><testcase classname="unit.models.cli.test_model_cli_execution_core.TestModelCliExecutionCoreFactoryMethods" name="test_create_simple_generates_consistent_uuid" time="0.000" /><testcase classname="unit.models.cli.test_model_cli_execution_core.TestModelCliExecutionCoreProtocols" name="test_serialize" time="0.000" /><testcase classname="unit.mixins.test_mixin_lazy_evaluation.TestCacheInvalidation" name="test_invalidate_cache_by_pattern" time="0.000" /><testcase classname="unit.mixins.test_mixin_lazy_evaluation.TestCacheStatistics" name="test_get_cache_stats_empty" time="0.000" /><testcase classname="unit.mixins.test_mixin_lazy_evaluation.TestCacheStatistics" name="test_get_cache_stats_partial" time="0.000" /><testcase classname="unit.mixins.test_mixin_lazy_evaluation.TestCacheStatistics" name="test_get_cache_stats_all_computed" time="0.000" /><testcase classname="unit.mixins.test_mixin_lazy_evaluation.TestLazyCachedDecorator" name="test_lazy_cached_decorator_basic" time="0.000" /><testcase classname="unit.mixins.test_mixin_lazy_evaluation.TestLazyCachedDecorator" name="test_lazy_cached_decorator_with_custom_key" time="0.000" /><testcase classname="unit.mixins.test_mixin_lazy_evaluation.TestLazyCachedDecorator" name="test_lazy_cached_decorator_with_arguments" time="0.000" /><testcase classname="unit.mixins.test_mixin_lazy_evaluation.TestMemoryEfficiency" name="test_lazy_evaluation_defers_computation" time="0.000" /><testcase classname="unit.mixins.test_mixin_lazy_evaluation.TestMemoryEfficiency" name="test_memory_efficiency_reporting" time="0.001" /><testcase classname="unit.mixins.test_mixin_lazy_evaluation.TestIntegrationScenarios" name="test_combined_lazy_operations" time="0.001" /><testcase classname="unit.mixins.test_mixin_workflow_support.TestSetWorkflowContext" name="test_set_workflow_context_enables_dag" time="0.003" /><testcase classname="unit.mixins.test_mixin_workflow_support.TestSetWorkflowContext" name="test_set_workflow_context_updates_existing" time="0.000" /><testcase classname="unit.mixins.test_mixin_workflow_support.TestEmitDagCompletionEvent" name="test_emit_completion_without_event_bus" time="0.003" /><testcase classname="unit.mixins.test_mixin_workflow_support.TestEmitDagCompletionEvent" name="test_emit_completion_dag_not_enabled" time="0.000" /><testcase classname="unit.mixins.test_mixin_workflow_support.TestEmitDagCompletionEvent" name="test_emit_completion_success" time="0.029" /><testcase classname="unit.mixins.test_mixin_workflow_support.TestEmitDagCompletionEvent" name="test_emit_completion_with_error_message" time="0.001" /><testcase classname="unit.models.cli.test_model_cli_advanced_params.TestModelCliAdvancedParams" name="test_security_level_validation" time="0.001" /><testcase classname="unit.models.cli.test_model_cli_advanced_params.TestModelCliAdvancedParams" name="test_set_timeout_method" time="0.026" /><testcase classname="unit.mixins.test_mixin_introspection_publisher.TestMixinIntrospectionPublisher" name="test_gather_introspection_data_basic" time="0.000" /><testcase classname="unit.mixins.test_mixin_workflow_support.TestEmitDagCompletionEvent" name="test_emit_completion_status_mapping" time="0.008" /><testcase classname="unit.models.cli.test_model_cli_execution_core.TestModelCliExecutionCoreProtocols" name="test_get_name" time="0.000" /><testcase classname="unit.models.cli.test_model_cli_execution_core.TestModelCliExecutionCoreProtocols" name="test_set_name" time="0.001" /><testcase classname="unit.models.cli.test_model_cli_execution_core.TestModelCliExecutionCoreProtocols" name="test_validate_instance" time="0.000" /><testcase classname="unit.models.cli.test_model_cli_execution_core.TestModelCliExecutionCoreSerialization" name="test_model_dump" time="0.000" /><testcase classname="unit.models.cli.test_model_cli_execution_core.TestModelCliExecutionCoreSerialization" name="test_round_trip_serialization" time="0.000" /><testcase classname="unit.models.cli.test_model_cli_execution_core.TestModelCliExecutionCoreEdgeCases" name="test_empty_command_args" time="0.001" /><testcase classname="unit.mixins.test_mixin_service_registry.TestMixinServiceRegistry" name="test_send_discovery_request_without_event_bus" time="0.000" /><testcase classname="unit.mixins.test_mixin_service_registry.TestMixinServiceRegistry" name="test_send_discovery_request_with_event_bus" time="0.000" /><testcase classname="unit.mixins.test_mixin_service_registry.TestMixinServiceRegistry" name="test_handle_node_start_basic" time="0.000" /><testcase classname="unit.mixins.test_mixin_service_registry.TestMixinServiceRegistry" name="test_handle_node_start_skip_own_event" time="0.001" /><testcase classname="unit.mixins.test_mixin_introspection_publisher.TestMixinIntrospectionPublisher" name="test_gather_introspection_data_with_error" time="0.014" /><testcase classname="unit.models.cli.test_model_cli_execution_core.TestModelCliExecutionCoreEdgeCases" name="test_many_command_args" time="0.000" /><testcase classname="unit.models.cli.test_model_cli_execution_core.TestModelCliExecutionCoreEdgeCases" name="test_empty_command_options" time="0.001" /><testcase classname="unit.models.cli.test_model_cli_execution_core.TestModelCliExecutionCoreEdgeCases" name="test_progress_boundary_values" time="0.001" /><testcase classname="unit.models.cli.test_model_cli_execution_core.TestModelCliExecutionCoreEdgeCases" name="test_multiple_status_changes" time="0.000" /><testcase classname="unit.models.cli.test_model_cli_execution_core.TestModelCliExecutionCoreEdgeCases" name="test_status_change_from_pending_to_failed" time="0.000" /><testcase classname="unit.models.cli.test_model_cli_execution_core.TestModelCliExecutionCoreEdgeCases" name="test_all_execution_phases" time="0.000" /><testcase classname="unit.mixins.test_mixin_workflow_support.TestEmitDagCompletionEvent" name="test_emit_completion_uses_env_correlation_id" time="0.002" /><testcase classname="unit.models.cli.test_model_cli_execution_config.TestModelCliExecutionConfigProtocols" name="test_validate_instance" time="0.008" /><testcase classname="unit.models.cli.test_model_cli_command_option.TestModelCliCommandOptionMethods" name="test_is_boolean_flag_true" time="0.016" /><testcase classname="unit.models.cli.test_model_cli_command_option.TestModelCliCommandOptionMethods" name="test_is_boolean_flag_false_not_flag" time="0.000" /><testcase classname="unit.models.cli.test_model_cli_command_option.TestModelCliCommandOptionMethods" name="test_is_boolean_flag_false_not_boolean" time="0.000" /><testcase classname="unit.models.cli.test_model_cli_command_option.TestModelCliCommandOptionMethods" name="test_option_name_with_display_name" time="0.000" /><testcase classname="unit.models.cli.test_model_cli_command_option.TestModelCliCommandOptionMethods" name="test_option_name_without_display_name" time="0.000" /><testcase classname="unit.models.cli.test_model_cli_command_option.TestModelCliCommandOptionProtocols" name="test_serialize" time="0.000" /><testcase classname="unit.models.cli.test_model_cli_command_option.TestModelCliCommandOptionProtocols" name="test_get_name" time="0.000" /><testcase classname="unit.models.cli.test_model_cli_command_option.TestModelCliCommandOptionProtocols" name="test_set_name" time="0.001" /><testcase classname="unit.models.cli.test_model_cli_command_option.TestModelCliCommandOptionProtocols" name="test_validate_instance" time="0.000" /><testcase classname="unit.models.cli.test_model_cli_command_option.TestModelCliCommandOptionEdgeCases" name="test_round_trip_serialization" time="0.000" /><testcase classname="unit.models.cli.test_model_cli_command_option.TestModelCliCommandOptionEdgeCases" name="test_empty_description_and_choices" time="0.000" /><testcase classname="unit.models.cli.test_model_cli_command_option.TestModelCliCommandOptionEdgeCases" name="test_multiple_options_same_display_name" time="0.000" /><testcase classname="unit.models.cli.test_model_cli_command_option.TestModelCliCommandOptionEdgeCases" name="test_complex_metadata_combination" time="0.000" /><testcase classname="unit.models.cli.test_model_cli_debug_info.TestModelCliDebugInfo" name="test_initialization_empty" time="0.011" /><testcase classname="unit.models.cli.test_model_cli_debug_info.TestModelCliDebugInfo" name="test_initialization_with_values" time="0.000" /><testcase classname="unit.models.cli.test_model_cli_debug_info.TestModelCliDebugInfo" name="test_timestamp_default_utc" time="0.001" /><testcase classname="unit.models.cli.test_model_cli_debug_info.TestModelCliDebugInfo" name="test_add_debug_message" time="0.000" /><testcase classname="unit.models.cli.test_model_cli_debug_info.TestModelCliDebugInfo" name="test_add_timing_info" time="0.001" /><testcase classname="unit.models.cli.test_model_cli_debug_info.TestModelCliDebugInfo" name="test_add_memory_info" time="0.000" /><testcase classname="unit.models.cli.test_model_cli_debug_info.TestModelCliDebugInfo" name="test_add_system_info" time="0.000" /><testcase classname="unit.models.cli.test_model_cli_debug_info.TestModelCliDebugInfo" name="test_add_error_detail" time="0.000" /><testcase classname="unit.models.cli.test_model_cli_debug_info.TestModelCliDebugInfo" name="test_add_stack_trace" time="0.000" /><testcase classname="unit.models.cli.test_model_cli_debug_info.TestModelCliDebugInfo" name="test_custom_field_operations" time="0.000" /><testcase classname="unit.models.cli.test_model_cli_debug_info.TestModelCliDebugInfo" name="test_complex_debug_scenario" time="0.000" /><testcase classname="unit.models.cli.test_model_cli_debug_info.TestModelCliDebugInfo" name="test_debug_modes" time="0.000" /><testcase classname="unit.models.cli.test_model_cli_debug_info.TestModelCliDebugInfo" name="test_pydantic_serialization" time="0.024" /><testcase classname="unit.mixins.test_mixin_lazy_evaluation.TestIntegrationScenarios" name="test_lazy_evaluation_workflow" time="0.004" /><testcase classname="unit.mixins.test_mixin_redaction.TestMixinSensitiveFieldRedactionBasicBehavior" name="test_mixin_with_pydantic_model" time="0.000" /><testcase classname="unit.mixins.test_mixin_workflow_support.TestEmitDagStartEvent" name="test_emit_start_without_event_bus" time="0.000" /><testcase classname="unit.mixins.test_mixin_workflow_support.TestEmitDagStartEvent" name="test_emit_start_dag_not_enabled" time="0.000" /><testcase classname="unit.mixins.test_mixin_workflow_support.TestEmitDagStartEvent" name="test_emit_start_success" time="0.000" /><testcase classname="unit.mixins.test_mixin_workflow_support.TestEmitDagStartEvent" name="test_emit_start_uses_env_correlation_id" time="0.001" /><testcase classname="unit.models.cli.test_model_cli_execution_config.TestModelCliExecutionConfigSerialization" name="test_model_dump" time="0.000" /><testcase classname="unit.models.cli.test_model_cli_execution_config.TestModelCliExecutionConfigSerialization" name="test_round_trip_serialization" time="0.001" /><testcase classname="unit.mixins.test_mixin_service_registry.TestMixinServiceRegistry" name="test_handle_node_start_with_domain_filter" time="0.000" /><testcase classname="unit.mixins.test_mixin_service_registry.TestMixinServiceRegistry" name="test_handle_node_start_with_non_matching_domain" time="0.000" /><testcase classname="unit.mixins.test_mixin_service_registry.TestMixinServiceRegistry" name="test_handle_node_start_update_existing" time="0.104" /><testcase classname="unit.mixins.test_mixin_redaction.TestMixinSensitiveFieldRedactionBasicBehavior" name="test_get_sensitive_field_patterns" time="0.001" /><testcase classname="unit.mixins.test_mixin_redaction.TestMixinSensitiveFieldRedactionBasicBehavior" name="test_get_redaction_values" time="0.000" /><testcase classname="unit.mixins.test_mixin_redaction.TestSensitiveFieldDetection" name="test_is_sensitive_field_with_password" time="0.000" /><testcase classname="unit.mixins.test_mixin_redaction.TestSensitiveFieldDetection" name="test_is_sensitive_field_with_token" time="0.000" /><testcase classname="unit.mixins.test_mixin_redaction.TestSensitiveFieldDetection" name="test_is_sensitive_field_with_secret" time="0.001" /><testcase classname="unit.mixins.test_mixin_redaction.TestSensitiveFieldDetection" name="test_is_sensitive_field_with_key" time="0.000" /><testcase classname="unit.mixins.test_mixin_redaction.TestSensitiveFieldDetection" name="test_is_sensitive_field_with_non_sensitive" time="0.000" /><testcase classname="unit.mixins.test_mixin_redaction.TestRedactionValueSelection" name="test_redaction_value_for_password" time="0.000" /><testcase classname="unit.mixins.test_mixin_redaction.TestRedactionValueSelection" name="test_redaction_value_for_token" time="0.000" /><testcase classname="unit.mixins.test_mixin_redaction.TestRedactionValueSelection" name="test_redaction_value_for_secret" time="0.000" /><testcase classname="unit.mixins.test_mixin_redaction.TestRedactionValueSelection" name="test_redaction_value_for_key" time="0.000" /><testcase classname="unit.models.cli.test_model_cli_execution_context.TestModelCliExecutionContextProtocols" name="test_serialize" time="0.015" /><testcase classname="unit.models.cli.test_model_cli_execution_context.TestModelCliExecutionContextProtocols" name="test_get_name" time="0.000" /><testcase classname="unit.models.cli.test_model_cli_execution_context.TestModelCliExecutionContextProtocols" name="test_set_name" time="0.002" /><testcase classname="unit.mixins.test_mixin_redaction.TestRedactSensitiveFields" name="test_redact_basic_sensitive_fields" time="0.000" /><testcase classname="unit.mixins.test_mixin_workflow_support.TestStatusMapping" name="test_map_success_status" time="0.000" /><testcase classname="unit.models.cli.test_model_cli_execution_input_data.TestModelCliExecutionInputDataValueValidation" name="test_validate_boolean_value_type_valid" time="0.022" /><testcase classname="unit.models.cli.test_model_cli_execution_input_data.TestModelCliExecutionInputDataValueValidation" name="test_validate_boolean_value_type_invalid" time="0.019" /><testcase classname="unit.models.cli.test_model_cli_execution_input_data.TestModelCliExecutionInputDataValueValidation" name="test_validate_path_value_type_valid" time="0.001" /><testcase classname="unit.models.cli.test_model_cli_execution_input_data.TestModelCliExecutionInputDataValueValidation" name="test_validate_path_value_type_invalid" time="0.001" /><testcase classname="unit.models.cli.test_model_cli_execution_input_data.TestModelCliExecutionInputDataValueValidation" name="test_validate_uuid_value_type_valid" time="0.001" /><testcase classname="unit.models.cli.test_model_cli_execution_input_data.TestModelCliExecutionInputDataValueValidation" name="test_validate_uuid_value_type_invalid" time="0.000" /><testcase classname="unit.models.cli.test_model_cli_execution_input_data.TestModelCliExecutionInputDataValueValidation" name="test_validate_string_list_value_type_valid" time="0.000" /><testcase classname="unit.models.cli.test_model_cli_execution_input_data.TestModelCliExecutionInputDataValueValidation" name="test_validate_string_list_value_type_invalid_not_list" time="0.000" /><testcase classname="unit.models.cli.test_model_cli_execution_input_data.TestModelCliExecutionInputDataValueValidation" name="test_validate_string_list_value_type_invalid_non_string_items" time="0.000" /><testcase classname="unit.models.cli.test_model_cli_execution_input_data.TestModelCliExecutionInputDataFactoryMethods" name="test_from_string_minimal" time="0.000" /><testcase classname="unit.models.cli.test_model_cli_execution_input_data.TestModelCliExecutionInputDataFactoryMethods" name="test_from_string_with_kwargs" time="0.000" /><testcase classname="unit.models.cli.test_model_cli_execution_input_data.TestModelCliExecutionInputDataFactoryMethods" name="test_from_string_kwargs_type_validation" time="0.000" /><testcase classname="unit.models.cli.test_model_cli_execution_input_data.TestModelCliExecutionInputDataFactoryMethods" name="test_from_integer_minimal" time="0.000" /><testcase classname="unit.models.cli.test_model_cli_execution_input_data.TestModelCliExecutionInputDataFactoryMethods" name="test_from_integer_with_kwargs" time="0.000" /><testcase classname="unit.mixins.test_mixin_introspection_publisher.TestMixinIntrospectionPublisher" name="test_publish_introspection_event_without_event_bus" time="0.000" /><testcase classname="unit.mixins.test_mixin_introspection_publisher.TestMixinIntrospectionPublisher" name="test_publish_introspection_event_with_event_bus" time="0.005" /><testcase classname="unit.mixins.test_mixin_introspection_publisher.TestMixinIntrospectionPublisher" name="test_publish_with_retry_basic" time="0.000" /><testcase classname="unit.mixins.test_mixin_introspection_publisher.TestMixinIntrospectionPublisher" name="test_publish_with_retry_on_failure" time="0.000" /><testcase classname="unit.mixins.test_mixin_introspection_publisher.TestMixinIntrospectionPublisher" name="test_publish_with_retry_max_retries_exceeded" time="0.000" /><testcase classname="unit.mixins.test_mixin_introspection_publisher.TestMixinIntrospectionPublisher" name="test_publish_with_retry_without_event_bus" time="0.000" /><testcase classname="unit.mixins.test_mixin_introspection_publisher.TestMixinIntrospectionPublisher" name="test_extract_node_name_exception_handling" time="0.000" /><testcase classname="unit.mixins.test_mixin_introspection_publisher.TestMixinIntrospectionPublisher" name="test_extract_node_version_exception_handling" time="0.000" /><testcase classname="unit.mixins.test_mixin_introspection_publisher.TestMixinIntrospectionPublisher" name="test_publish_introspection_event_with_validation_error" time="0.001" /><testcase classname="unit.mixins.test_mixin_introspection_publisher.TestMixinIntrospectionPublisher" name="test_publish_introspection_event_with_generic_exception" time="0.000" /><testcase classname="unit.mixins.test_mixin_introspection_publisher.TestMixinIntrospectionPublisher" name="test_extract_node_capabilities_exception_handling" time="0.000" /><testcase classname="unit.mixins.test_mixin_introspection_publisher.TestMixinIntrospectionPublisher" name="test_node_id_as_string" time="0.000" /><testcase classname="unit.mixins.test_mixin_introspection_publisher.TestMixinIntrospectionPublisher" name="test_node_id_as_uuid" time="0.000" /><testcase classname="unit.mixins.test_mixin_introspection_publisher.TestMixinIntrospectionPublisher" name="test_generate_discovery_tags_uniqueness" time="0.000" /><testcase classname="unit.mixins.test_mixin_lazy_evaluation.TestMixinLazyEvaluationBasicBehavior" name="test_mixin_initialization" time="0.000" /><testcase classname="unit.mixins.test_mixin_lazy_evaluation.TestMixinLazyEvaluationBasicBehavior" name="test_mixin_in_multiple_inheritance" time="0.000" /><testcase classname="unit.mixins.test_mixin_lazy_evaluation.TestLazyProperty" name="test_lazy_property_creation" time="0.000" /><testcase classname="unit.mixins.test_mixin_lazy_evaluation.TestLazyProperty" name="test_lazy_property_caching" time="0.000" /><testcase classname="unit.mixins.test_mixin_redaction.TestRedactSensitiveFields" name="test_redact_multiple_sensitive_fields" time="0.000" /><testcase classname="unit.mixins.test_mixin_redaction.TestRedactSensitiveFields" name="test_redact_with_none_values" time="0.000" /><testcase classname="unit.mixins.test_mixin_redaction.TestRedactSensitiveFields" name="test_redact_flat_dict_only" time="0.000" /><testcase classname="unit.mixins.test_mixin_redaction.TestRedactSensitiveFields" name="test_redact_lists_with_simple_values" time="0.000" /><testcase classname="unit.mixins.test_mixin_redaction.TestRedactSensitiveFields" name="test_redact_with_additional_sensitive_fields_basic" time="0.000" /><testcase classname="unit.mixins.test_mixin_redaction.TestRedactMethod" name="test_redact_model_data" time="0.000" /><testcase classname="unit.mixins.test_mixin_redaction.TestRedactMethod" name="test_redact_without_additional_fields" time="0.000" /><testcase classname="unit.mixins.test_mixin_redaction.TestRedactMethod" name="test_redact_with_model_dump_kwargs" time="0.000" /><testcase classname="unit.mixins.test_mixin_redaction.TestModelDumpRedacted" name="test_model_dump_redacted_basic" time="0.000" /><testcase classname="unit.mixins.test_mixin_redaction.TestModelDumpRedacted" name="test_model_dump_redacted_is_alias_for_redact" time="0.000" /><testcase classname="unit.mixins.test_mixin_redaction.TestCustomPatterns" name="test_get_sensitive_field_patterns_can_be_overridden" time="0.000" /><testcase classname="unit.mixins.test_mixin_redaction.TestCustomPatterns" name="test_custom_redaction_values" time="0.000" /><testcase classname="unit.mixins.test_mixin_redaction.TestEdgeCases" name="test_redact_empty_dict" time="0.000" /><testcase classname="unit.mixins.test_mixin_redaction.TestEdgeCases" name="test_redact_deeply_nested_structures" time="0.000" /><testcase classname="unit.mixins.test_mixin_redaction.TestEdgeCases" name="test_redact_mixed_list_types" time="0.000" /><testcase classname="unit.mixins.test_mixin_redaction.TestIntegrationScenarios" name="test_simple_user_model_redaction" time="0.000" /><testcase classname="unit.mixins.test_mixin_redaction.TestIntegrationScenarios" name="test_configuration_model_basic_redaction" time="0.001" /><testcase classname="unit.models.cli.test_model_cli_advanced_params.TestModelCliAdvancedParams" name="test_set_memory_limit_method" time="0.000" /><testcase classname="unit.models.cli.test_model_cli_advanced_params.TestModelCliAdvancedParams" name="test_set_cpu_limit_method" time="0.000" /><testcase classname="unit.models.cli.test_model_cli_advanced_params.TestModelCliAdvancedParams" name="test_environment_variables_management" time="0.000" /><testcase classname="unit.models.cli.test_model_cli_advanced_params.TestModelCliAdvancedParams" name="test_config_override_management" time="0.000" /><testcase classname="unit.models.cli.test_model_cli_advanced_params.TestModelCliAdvancedParams" name="test_custom_parameters_management" time="0.000" /><testcase classname="unit.models.cli.test_model_cli_advanced_params.TestModelCliAdvancedParams" name="test_enable_debug_mode" time="0.000" /><testcase classname="unit.models.cli.test_model_cli_advanced_params.TestModelCliAdvancedParams" name="test_enable_performance_mode" time="0.000" /><testcase classname="unit.models.cli.test_model_cli_advanced_params.TestModelCliAdvancedParams" name="test_enable_security_mode" time="0.000" /><testcase classname="unit.models.cli.test_model_cli_advanced_params.TestModelCliAdvancedParams" name="test_complex_configuration_scenario" time="0.000" /><testcase classname="unit.models.cli.test_model_cli_advanced_params.TestModelCliAdvancedParams" name="test_output_format_options" time="0.000" /><testcase classname="unit.models.cli.test_model_cli_execution_input_data.TestModelCliExecutionInputDataFactoryMethods" name="test_from_float_minimal" time="0.000" /><testcase classname="unit.models.cli.test_model_cli_execution_input_data.TestModelCliExecutionInputDataFactoryMethods" name="test_from_float_with_kwargs" time="0.000" /><testcase classname="unit.models.cli.test_model_cli_execution_input_data.TestModelCliExecutionInputDataFactoryMethods" name="test_from_boolean_minimal" time="0.000" /><testcase classname="unit.models.cli.test_model_cli_execution_input_data.TestModelCliExecutionInputDataFactoryMethods" name="test_from_boolean_with_kwargs" time="0.000" /><testcase classname="unit.models.cli.test_model_cli_execution_input_data.TestModelCliExecutionInputDataFactoryMethods" name="test_from_path_minimal" time="0.001" /><testcase classname="unit.models.cli.test_model_cli_execution_input_data.TestModelCliExecutionInputDataFactoryMethods" name="test_from_path_with_kwargs" time="0.000" /><testcase classname="unit.models.cli.test_model_cli_execution_input_data.TestModelCliExecutionInputDataFactoryMethods" name="test_from_uuid_minimal" time="0.000" /><testcase classname="unit.models.cli.test_model_cli_execution_input_data.TestModelCliExecutionInputDataFactoryMethods" name="test_from_uuid_with_kwargs" time="0.000" /><testcase classname="unit.models.cli.test_model_cli_execution_input_data.TestModelCliExecutionInputDataFactoryMethods" name="test_from_string_list_minimal" time="0.000" /><testcase classname="unit.models.cli.test_model_cli_execution_input_data.TestModelCliExecutionInputDataFactoryMethods" name="test_from_string_list_with_kwargs" time="0.000" /><testcase classname="unit.models.cli.test_model_cli_execution_input_data.TestModelCliExecutionInputDataFactoryMethods" name="test_from_string_list_empty" time="0.000" /><testcase classname="unit.models.cli.test_model_cli_execution_input_data.TestModelCliExecutionInputDataHelperMethods" name="test_get_string_value_from_string" time="0.000" /><testcase classname="unit.models.cli.test_model_cli_execution_input_data.TestModelCliExecutionInputDataHelperMethods" name="test_get_string_value_from_integer" time="0.000" /><testcase classname="unit.models.cli.test_model_cli_execution_input_data.TestModelCliExecutionInputDataHelperMethods" name="test_get_string_value_from_float" time="0.000" /><testcase classname="unit.models.cli.test_model_cli_execution_input_data.TestModelCliExecutionInputDataHelperMethods" name="test_get_string_value_from_boolean" time="0.000" /><testcase classname="unit.models.cli.test_model_cli_execution_input_data.TestModelCliExecutionInputDataHelperMethods" name="test_get_string_value_from_path" time="0.000" /><testcase classname="unit.models.cli.test_model_cli_execution_input_data.TestModelCliExecutionInputDataHelperMethods" name="test_get_string_value_from_uuid" time="0.000" /><testcase classname="unit.models.cli.test_model_cli_execution_input_data.TestModelCliExecutionInputDataHelperMethods" name="test_get_string_value_from_string_list" time="0.000" /><testcase classname="unit.models.cli.test_model_cli_execution_input_data.TestModelCliExecutionInputDataHelperMethods" name="test_get_string_value_from_empty_list" time="0.000" /><testcase classname="unit.models.cli.test_model_cli_execution_input_data.TestModelCliExecutionInputDataHelperMethods" name="test_get_typed_value" time="0.000" /><testcase classname="unit.models.cli.test_model_cli_execution_input_data.TestModelCliExecutionInputDataHelperMethods" name="test_is_path_value_true" time="0.000" /><testcase classname="unit.models.cli.test_model_cli_execution_input_data.TestModelCliExecutionInputDataHelperMethods" name="test_is_path_value_false" time="0.000" /><testcase classname="unit.models.cli.test_model_cli_execution_input_data.TestModelCliExecutionInputDataHelperMethods" name="test_is_uuid_value_true" time="0.000" /><testcase classname="unit.models.cli.test_model_cli_execution_input_data.TestModelCliExecutionInputDataHelperMethods" name="test_is_uuid_value_false" time="0.000" /><testcase classname="unit.models.cli.test_model_cli_execution_input_data.TestModelCliExecutionInputDataProtocols" name="test_serialize" time="0.000" /><testcase classname="unit.models.cli.test_model_cli_execution_input_data.TestModelCliExecutionInputDataProtocols" name="test_get_name_default" time="0.000" /><testcase classname="unit.mixins.test_mixin_workflow_support.TestStatusMapping" name="test_map_completed_status" time="0.001" /><testcase classname="unit.mixins.test_mixin_workflow_support.TestStatusMapping" name="test_map_failed_status" time="0.000" /><testcase classname="unit.mixins.test_mixin_workflow_support.TestStatusMapping" name="test_map_error_status" time="0.000" /><testcase classname="unit.mixins.test_mixin_workflow_support.TestStatusMapping" name="test_map_case_insensitive" time="0.000" /><testcase classname="unit.mixins.test_mixin_workflow_support.TestStatusMapping" name="test_map_all_status_types" time="0.000" /><testcase classname="unit.mixins.test_mixin_workflow_support.TestStatusMapping" name="test_map_unknown_status_defaults_to_completed" time="0.000" /><testcase classname="unit.mixins.test_mixin_workflow_support.TestResultSerialization" name="test_serialize_pydantic_model" time="0.008" /><testcase classname="unit.models.cli.test_model_cli_debug_info.TestModelCliDebugInfo" name="test_pydantic_deserialization" time="0.000" /><testcase classname="unit.models.cli.test_model_cli_debug_info.TestModelCliDebugInfo" name="test_model_round_trip" time="0.000" /><testcase classname="unit.models.cli.test_model_cli_debug_info.TestModelCliDebugInfo" name="test_edge_cases_empty_collections" time="0.000" /><testcase classname="unit.models.cli.test_model_cli_debug_info.TestModelCliDebugInfo" name="test_method_side_effects" time="0.000" /><testcase classname="unit.models.cli.test_model_cli_debug_info.TestModelCliDebugInfo" name="test_json_serialization" time="0.000" /><testcase classname="unit.models.cli.test_model_cli_debug_info.TestModelCliDebugInfo" name="test_custom_field_type_validation" time="0.000" /><testcase classname="unit.models.cli.test_model_cli_debug_info.TestModelCliDebugInfo" name="test_timestamp_handling" time="0.000" /><testcase classname="unit.models.cli.test_model_cli_execution_config.TestModelCliExecutionConfigBasic" name="test_default_configuration" time="0.000" /><testcase classname="unit.models.cli.test_model_cli_execution_config.TestModelCliExecutionConfigBasic" name="test_custom_configuration" time="0.001" /><testcase classname="unit.models.cli.test_model_cli_execution_config.TestModelCliExecutionConfigMethods" name="test_add_input_data" time="0.000" /><testcase classname="unit.models.cli.test_model_cli_execution_config.TestModelCliExecutionConfigMethods" name="test_get_input_data" time="0.000" /><testcase classname="unit.models.cli.test_model_cli_execution_config.TestModelCliExecutionConfigMethods" name="test_get_input_data_with_default" time="0.000" /><testcase classname="unit.models.cli.test_model_cli_execution_config.TestModelCliExecutionConfigMethods" name="test_add_environment_var" time="0.001" /><testcase classname="unit.models.cli.test_model_cli_execution_config.TestModelCliExecutionConfigMethods" name="test_get_environment_var" time="0.000" /><testcase classname="unit.models.cli.test_model_cli_advanced_params.TestModelCliAdvancedParams" name="test_pydantic_serialization" time="0.000" /><testcase classname="unit.models.cli.test_model_cli_advanced_params.TestModelCliAdvancedParams" name="test_pydantic_deserialization" time="0.000" /><testcase classname="unit.models.cli.test_model_cli_advanced_params.TestModelCliAdvancedParams" name="test_model_round_trip" time="0.000" /><testcase classname="unit.models.cli.test_model_cli_advanced_params.TestModelCliAdvancedParams" name="test_json_serialization" time="0.001" /><testcase classname="unit.models.cli.test_model_cli_advanced_params.TestModelCliAdvancedParams" name="test_edge_cases_empty_collections" time="0.000" /><testcase classname="unit.models.cli.test_model_cli_advanced_params.TestModelCliAdvancedParams" name="test_mixed_type_config_overrides" time="0.000" /><testcase classname="unit.mixins.test_mixin_lazy_evaluation.TestLazyProperty" name="test_lazy_property_no_caching" time="0.000" /><testcase classname="unit.mixins.test_mixin_lazy_evaluation.TestLazyProperty" name="test_lazy_property_reuse" time="0.000" /><testcase classname="unit.mixins.test_mixin_lazy_evaluation.TestLazyModelDump" name="test_lazy_model_dump_basic" time="0.001" /><testcase classname="unit.mixins.test_mixin_lazy_evaluation.TestLazyModelDump" name="test_lazy_model_dump_with_exclude" time="0.000" /><testcase classname="unit.mixins.test_mixin_lazy_evaluation.TestLazyModelDump" name="test_lazy_model_dump_with_alias" time="0.001" /><testcase classname="unit.mixins.test_mixin_lazy_evaluation.TestLazyModelDump" name="test_lazy_model_dump_non_basemodel_raises_error" time="0.002" /><testcase classname="unit.mixins.test_mixin_lazy_evaluation.TestLazySerializeNested" name="test_lazy_serialize_nested_with_object" time="0.005" /><testcase classname="unit.mixins.test_mixin_lazy_evaluation.TestLazySerializeNested" name="test_lazy_serialize_nested_with_none" time="0.000" /><testcase classname="unit.mixins.test_mixin_lazy_evaluation.TestLazyStringConversion" name="test_lazy_string_conversion_with_basemodel" time="0.000" /><testcase classname="unit.models.cli.test_model_cli_execution_input_data.TestModelCliExecutionInputDataProtocols" name="test_validate_instance" time="0.000" /><testcase classname="unit.models.cli.test_model_cli_execution_input_data.TestModelCliExecutionInputDataEdgeCases" name="test_sensitive_data_flag" time="0.000" /><testcase classname="unit.models.cli.test_model_cli_execution_input_data.TestModelCliExecutionInputDataEdgeCases" name="test_required_data_flag" time="0.000" /><testcase classname="unit.models.cli.test_model_cli_execution_config.TestModelCliExecutionConfigEdgeCases" name="test_empty_environment_vars" time="0.002" /><testcase classname="unit.models.cli.test_model_cli_execution_config.TestModelCliExecutionConfigEdgeCases" name="test_large_environment_vars" time="0.000" /><testcase classname="unit.models.cli.test_model_cli_execution_config.TestModelCliExecutionConfigEdgeCases" name="test_all_debug_modes_enabled" time="0.000" /><testcase classname="unit.models.cli.test_model_cli_execution_config.TestModelCliExecutionConfigEdgeCases" name="test_output_format_enum" time="0.000" /><testcase classname="unit.models.cli.test_model_cli_execution_context.TestModelCliExecutionContextBasic" name="test_minimal_context_creation" time="0.000" /><testcase classname="unit.models.cli.test_model_cli_execution_context.TestModelCliExecutionContextBasic" name="test_full_context_creation" time="0.000" /><testcase classname="unit.models.cli.test_model_cli_execution_context.TestModelCliExecutionContextBasic" name="test_context_with_string_value" time="0.000" /><testcase classname="unit.models.cli.test_model_cli_execution_context.TestModelCliExecutionContextBasic" name="test_context_with_integer_value" time="0.000" /><testcase classname="unit.models.cli.test_model_cli_execution_context.TestModelCliExecutionContextBasic" name="test_context_with_float_value" time="0.000" /><testcase classname="unit.models.cli.test_model_cli_execution_context.TestModelCliExecutionContextBasic" name="test_context_with_boolean_value" time="0.000" /><testcase classname="unit.models.cli.test_model_cli_execution_context.TestModelCliExecutionContextBasic" name="test_context_with_path_value" time="0.000" /><testcase classname="unit.models.cli.test_model_cli_execution_context.TestModelCliExecutionContextBasic" name="test_context_with_uuid_value" time="0.000" /><testcase classname="unit.models.cli.test_model_cli_execution_context.TestModelCliExecutionContextBasic" name="test_context_with_datetime_value" time="0.000" /><testcase classname="unit.models.cli.test_model_cli_execution_context.TestModelCliExecutionContextBasic" name="test_context_with_list_value" time="0.000" /><testcase classname="unit.models.cli.test_model_cli_execution_context.TestModelCliExecutionContextMethods" name="test_get_string_value_from_string" time="0.000" /><testcase classname="unit.models.cli.test_model_cli_execution_context.TestModelCliExecutionContextMethods" name="test_get_string_value_from_integer" time="0.000" /><testcase classname="unit.models.cli.test_model_cli_execution_context.TestModelCliExecutionContextMethods" name="test_get_string_value_from_path" time="0.000" /><testcase classname="unit.models.cli.test_model_cli_execution_context.TestModelCliExecutionContextMethods" name="test_get_string_value_from_datetime" time="0.000" /><testcase classname="unit.models.cli.test_model_cli_execution_context.TestModelCliExecutionContextMethods" name="test_get_string_value_from_list" time="0.000" /><testcase classname="unit.models.cli.test_model_cli_execution_context.TestModelCliExecutionContextMethods" name="test_get_typed_value" time="0.000" /><testcase classname="unit.models.cli.test_model_cli_execution_context.TestModelCliExecutionContextMethods" name="test_is_datetime_value_true" time="0.000" /><testcase classname="unit.models.cli.test_model_cli_execution_context.TestModelCliExecutionContextMethods" name="test_is_datetime_value_false" time="0.000" /><testcase classname="unit.models.cli.test_model_cli_execution_context.TestModelCliExecutionContextMethods" name="test_is_path_value_true" time="0.000" /><testcase classname="unit.models.cli.test_model_cli_advanced_params.TestModelCliAdvancedParams" name="test_convenience_methods_interaction" time="0.000" /><testcase classname="unit.models.cli.test_model_cli_command_option.TestModelCliCommandOptionBasic" name="test_create_string_option_direct" time="0.000" /><testcase classname="unit.models.cli.test_model_cli_command_option.TestModelCliCommandOptionBasic" name="test_create_integer_option_direct" time="0.000" /><testcase classname="unit.models.cli.test_model_cli_command_option.TestModelCliCommandOptionBasic" name="test_create_boolean_option_direct" time="0.000" /><testcase classname="unit.models.cli.test_model_cli_command_option.TestModelCliCommandOptionBasic" name="test_create_float_option_direct" time="0.000" /><testcase classname="unit.models.cli.test_model_cli_command_option.TestModelCliCommandOptionBasic" name="test_create_uuid_option_direct" time="0.000" /><testcase classname="unit.models.cli.test_model_cli_command_option.TestModelCliCommandOptionBasic" name="test_create_string_list_option_direct" time="0.000" /><testcase classname="unit.models.cli.test_model_cli_command_option.TestModelCliCommandOptionFactoryMethods" name="test_from_string" time="0.000" /><testcase classname="unit.models.cli.test_model_cli_command_option.TestModelCliCommandOptionFactoryMethods" name="test_from_integer" time="0.000" /><testcase classname="unit.models.cli.test_model_cli_command_option.TestModelCliCommandOptionFactoryMethods" name="test_from_float" time="0.001" /><testcase classname="unit.models.cli.test_model_cli_command_option.TestModelCliCommandOptionFactoryMethods" name="test_from_boolean" time="0.000" /><testcase classname="unit.models.cli.test_model_cli_command_option.TestModelCliCommandOptionFactoryMethods" name="test_from_uuid" time="0.000" /><testcase classname="unit.models.cli.test_model_cli_command_option.TestModelCliCommandOptionFactoryMethods" name="test_from_string_list" time="0.000" /><testcase classname="unit.models.cli.test_model_cli_command_option.TestModelCliCommandOptionFactoryMethods" name="test_factory_with_all_metadata" time="0.000" /><testcase classname="unit.models.cli.test_model_cli_command_option.TestModelCliCommandOptionFactoryMethods" name="test_factory_with_invalid_kwarg_types" time="0.000" /><testcase classname="unit.models.cli.test_model_cli_command_option.TestModelCliCommandOptionValueValidation" name="test_value_accepts_any_type_with_discriminator" time="0.000" /><testcase classname="unit.models.cli.test_model_cli_command_option.TestModelCliCommandOptionValueValidation" name="test_validate_float_type_accepts_int_and_float" time="0.001" /><testcase classname="unit.models.cli.test_model_cli_command_option.TestModelCliCommandOptionValueValidation" name="test_value_type_discriminator_pattern" time="0.001" /><testcase classname="unit.models.cli.test_model_cli_command_option.TestModelCliCommandOptionValueValidation" name="test_string_list_value_type" time="0.000" /><testcase classname="unit.models.cli.test_model_cli_command_option.TestModelCliCommandOptionValueValidation" name="test_uuid_value_type" time="0.000" /><testcase classname="unit.models.cli.test_model_cli_command_option.TestModelCliCommandOptionMethods" name="test_get_string_value_from_string" time="0.001" /><testcase classname="unit.models.cli.test_model_cli_command_option.TestModelCliCommandOptionMethods" name="test_get_string_value_from_integer" time="0.000" /><testcase classname="unit.models.cli.test_model_cli_execution_input_data.TestModelCliExecutionInputDataEdgeCases" name="test_description_field" time="0.017" /><testcase classname="unit.models.cli.test_model_cli_execution_input_data.TestModelCliExecutionInputDataEdgeCases" name="test_integer_negative_value" time="0.000" /><testcase classname="unit.models.cli.test_model_cli_execution_input_data.TestModelCliExecutionInputDataEdgeCases" name="test_float_negative_value" time="0.000" /><testcase classname="unit.models.cli.test_model_cli_execution_input_data.TestModelCliExecutionInputDataEdgeCases" name="test_float_zero_value" time="0.000" /><testcase classname="unit.models.cli.test_model_cli_execution_input_data.TestModelCliExecutionInputDataEdgeCases" name="test_string_list_single_item" time="0.000" /><testcase classname="unit.models.cli.test_model_cli_execution_input_data.TestModelCliExecutionInputDataEdgeCases" name="test_path_relative" time="0.000" /><testcase classname="unit.models.cli.test_model_cli_execution_input_data.TestModelCliExecutionInputDataEdgeCases" name="test_path_absolute" time="0.000" /><testcase classname="unit.models.cli.test_model_cli_execution_input_data.TestModelCliExecutionInputDataEdgeCases" name="test_all_data_types_enum" time="0.002" /><testcase classname="unit.models.cli.test_model_cli_execution_input_data.TestModelCliExecutionInputDataEdgeCases" name="test_model_config_extra_ignore" time="0.000" /><testcase classname="unit.models.cli.test_model_cli_execution_input_data.TestModelCliExecutionInputDataEdgeCases" name="test_string_with_special_characters" time="0.000" /><testcase classname="unit.models.cli.test_model_cli_execution_input_data.TestModelCliExecutionInputDataEdgeCases" name="test_string_with_unicode" time="0.001" /><testcase classname="unit.models.cli.test_model_cli_execution_input_data.TestModelCliExecutionInputDataEdgeCases" name="test_empty_string_value" time="0.000" /><testcase classname="unit.models.cli.test_model_cli_execution_input_data.TestModelCliExecutionInputDataEdgeCases" name="test_string_list_with_empty_strings" time="0.001" /><testcase classname="unit.models.cli.test_model_cli_execution_metadata.TestModelCliExecutionMetadataBasic" name="test_default_metadata_creation" time="0.001" /><testcase classname="unit.models.cli.test_model_cli_execution_metadata.TestModelCliExecutionMetadataBasic" name="test_metadata_with_tags" time="0.000" /><testcase classname="unit.models.cli.test_model_cli_execution_metadata.TestModelCliExecutionMetadataBasic" name="test_metadata_with_custom_context" time="0.000" /><testcase classname="unit.models.cli.test_model_cli_execution_metadata.TestModelCliExecutionMetadataTagManagement" name="test_add_tag" time="0.000" /><testcase classname="unit.models.cli.test_model_cli_execution_metadata.TestModelCliExecutionMetadataTagManagement" name="test_add_multiple_tags" time="0.000" /><testcase classname="unit.models.cli.test_model_cli_execution_metadata.TestModelCliExecutionMetadataTagManagement" name="test_add_duplicate_tag" time="0.000" /><testcase classname="unit.models.cli.test_model_cli_execution_metadata.TestModelCliExecutionMetadataTagManagement" name="test_remove_tag" time="0.000" /><testcase classname="unit.models.cli.test_model_cli_execution_metadata.TestModelCliExecutionMetadataTagManagement" name="test_remove_nonexistent_tag" time="0.001" /><testcase classname="unit.models.cli.test_model_cli_execution_metadata.TestModelCliExecutionMetadataTagManagement" name="test_has_tag_true" time="0.000" /><testcase classname="unit.models.cli.test_model_cli_execution_context.TestModelCliExecutionContextMethods" name="test_is_path_value_false" time="0.001" /><testcase classname="unit.models.cli.test_model_cli_execution_context.TestModelCliExecutionContextMethods" name="test_is_uuid_value_true" time="0.001" /><testcase classname="unit.models.cli.test_model_cli_execution_context.TestModelCliExecutionContextMethods" name="test_is_uuid_value_false" time="0.001" /><testcase classname="unit.models.cli.test_model_cli_execution_core.TestModelCliExecutionCoreEdgeCases" name="test_target_path_with_absolute_path" time="0.000" /><testcase classname="unit.models.cli.test_model_cli_execution_core.TestModelCliExecutionCoreEdgeCases" name="test_target_path_with_relative_path" time="0.020" /><testcase classname="unit.mixins.test_mixin_workflow_support.TestResultSerialization" name="test_serialize_regular_object" time="0.000" /><testcase classname="unit.mixins.test_mixin_workflow_support.TestResultSerialization" name="test_serialize_simple_value" time="0.000" /><testcase classname="unit.mixins.test_mixin_workflow_support.TestResultSerialization" name="test_serialize_handles_error" time="0.000" /><testcase classname="unit.mixins.test_mixin_workflow_support.TestTimestampGeneration" name="test_get_current_timestamp_format" time="0.000" /><testcase classname="unit.mixins.test_mixin_workflow_support.TestTimestampGeneration" name="test_timestamps_are_unique" time="0.000" /><testcase classname="unit.mixins.test_mixin_workflow_support.TestErrorLogging" name="test_safe_log_without_logger" time="0.001" /><testcase classname="unit.mixins.test_mixin_workflow_support.TestErrorLogging" name="test_safe_log_with_logger" time="0.002" /><testcase classname="unit.mixins.test_mixin_workflow_support.TestErrorLogging" name="test_safe_log_handles_logger_error" time="0.001" /><testcase classname="unit.mixins.test_mixin_workflow_support.TestWorkflowIntegration" name="test_complete_workflow_lifecycle" time="0.001" /><testcase classname="unit.mixins.test_mixin_workflow_support.TestWorkflowIntegration" name="test_workflow_without_explicit_context" time="0.001" /><testcase classname="unit.mixins.test_mixin_workflow_support.TestWorkflowIntegration" name="test_non_workflow_execution" time="0.001" /><testcase classname="unit.mixins.test_mixin_workflow_support.TestEventEmissionFailureHandling" name="test_completion_event_emission_failure_handled" time="0.000" /><testcase classname="unit.mixins.test_mixin_workflow_support.TestEventEmissionFailureHandling" name="test_start_event_emission_failure_handled" time="0.000" /><testcase classname="unit.mixins.test_mixin_workflow_support.TestEdgeCases" name="test_multiple_context_updates" time="0.000" /><testcase classname="unit.mixins.test_mixin_workflow_support.TestEdgeCases" name="test_mixed_environment_and_explicit_context" time="0.000" /><testcase classname="unit.mixins.test_mixin_workflow_support.TestEdgeCases" name="test_empty_result_serialization" time="0.000" /><testcase classname="unit.models.cli.test_model_cli_advanced_params.TestModelCliAdvancedParams" name="test_initialization_empty" time="0.000" /><testcase classname="unit.models.cli.test_model_cli_execution_context.TestModelCliExecutionContextMethods" name="test_update_value" time="0.001" /><testcase classname="unit.models.cli.test_model_cli_execution_metadata.TestModelCliExecutionMetadataTagManagement" name="test_has_tag_false" time="0.000" /><testcase classname="unit.models.cli.test_model_cli_advanced_params.TestModelCliAdvancedParams" name="test_initialization_with_values" time="0.000" /><testcase classname="unit.models.cli.test_model_cli_execution_context.TestModelCliExecutionContextProtocols" name="test_validate_instance" time="0.001" /><testcase classname="unit.models.cli.test_model_cli_execution_context.TestModelCliExecutionContextSerialization" name="test_model_dump" time="0.000" /><testcase classname="unit.models.cli.test_model_cli_execution_context.TestModelCliExecutionContextSerialization" name="test_round_trip_serialization_with_string" time="0.001" /><testcase classname="unit.models.cli.test_model_cli_execution_context.TestModelCliExecutionContextSerialization" name="test_round_trip_serialization_with_integer" time="0.000" /><testcase classname="unit.models.cli.test_model_cli_execution_context.TestModelCliExecutionContextEdgeCases" name="test_empty_description" time="0.000" /><testcase classname="unit.models.cli.test_model_cli_execution_metadata.TestModelCliExecutionMetadataTagManagement" name="test_clear_tags" time="0.000" /><testcase classname="unit.models.cli.test_model_cli_execution_metadata.TestModelCliExecutionMetadataContextManagement" name="test_add_context" time="0.000" /><testcase classname="unit.models.cli.test_model_cli_execution_metadata.TestModelCliExecutionMetadataContextManagement" name="test_add_multiple_contexts" time="0.000" /><testcase classname="unit.models.cli.test_model_cli_execution_metadata.TestModelCliExecutionMetadataContextManagement" name="test_get_context" time="0.000" /><testcase classname="unit.models.cli.test_model_cli_execution_metadata.TestModelCliExecutionMetadataContextManagement" name="test_get_context_nonexistent" time="0.000" /><testcase classname="unit.models.cli.test_model_cli_execution_metadata.TestModelCliExecutionMetadataContextManagement" name="test_get_context_with_default" time="0.000" /><testcase classname="unit.models.cli.test_model_cli_execution_metadata.TestModelCliExecutionMetadataContextManagement" name="test_remove_context" time="0.000" /><testcase classname="unit.models.cli.test_model_cli_execution_metadata.TestModelCliExecutionMetadataContextManagement" name="test_remove_nonexistent_context" time="0.000" /><testcase classname="unit.models.cli.test_model_cli_execution_metadata.TestModelCliExecutionMetadataContextManagement" name="test_has_context_true" time="0.000" /><testcase classname="unit.models.cli.test_model_cli_execution_metadata.TestModelCliExecutionMetadataContextManagement" name="test_has_context_false" time="0.000" /><testcase classname="unit.models.cli.test_model_cli_execution_context.TestModelCliExecutionContextValidation" name="test_priority_minimum_boundary" time="0.000" /><testcase classname="unit.models.cli.test_model_cli_execution_context.TestModelCliExecutionContextValidation" name="test_priority_maximum_boundary" time="0.000" /><testcase classname="unit.models.cli.test_model_cli_execution_context.TestModelCliExecutionContextValidation" name="test_priority_below_minimum_raises_error" time="0.000" /><testcase classname="unit.models.cli.test_model_cli_execution_context.TestModelCliExecutionContextEdgeCases" name="test_long_description" time="0.000" /><testcase classname="unit.models.cli.test_model_cli_execution_context.TestModelCliExecutionContextEdgeCases" name="test_empty_key" time="0.000" /><testcase classname="unit.models.cli.test_model_cli_execution_context.TestModelCliExecutionContextEdgeCases" name="test_none_value_is_valid" time="0.000" /><testcase classname="unit.models.cli.test_model_cli_execution_context.TestModelCliExecutionContextEdgeCases" name="test_complex_nested_list_value" time="0.000" /><testcase classname="unit.models.cli.test_model_cli_execution_context.TestModelCliExecutionContextEdgeCases" name="test_dict_value" time="0.000" /><testcase classname="unit.models.cli.test_model_cli_execution_context.TestModelCliExecutionContextEdgeCases" name="test_all_context_types" time="0.001" /><testcase classname="unit.models.cli.test_model_cli_execution_context.TestModelCliExecutionContextEdgeCases" name="test_all_context_sources" time="0.000" /><testcase classname="unit.models.cli.test_model_cli_execution_context.TestModelCliExecutionContextEdgeCases" name="test_priority_middle_values" time="0.000" /><testcase classname="unit.models.cli.test_model_cli_execution_context.TestModelCliExecutionContextEdgeCases" name="test_update_value_multiple_times" time="0.002" /><testcase classname="unit.models.cli.test_model_cli_execution_context.TestModelCliExecutionContextTypeHandling" name="test_get_string_value_from_boolean" time="0.000" /><testcase classname="unit.models.cli.test_model_cli_execution_context.TestModelCliExecutionContextTypeHandling" name="test_get_string_value_from_float" time="0.000" /><testcase classname="unit.models.cli.test_model_cli_execution_context.TestModelCliExecutionContextTypeHandling" name="test_get_string_value_from_uuid" time="0.000" /><testcase classname="unit.models.cli.test_model_cli_execution_context.TestModelCliExecutionContextTypeHandling" name="test_get_string_value_from_empty_list" time="0.000" /><testcase classname="unit.models.cli.test_model_cli_execution_context.TestModelCliExecutionContextTypeHandling" name="test_get_string_value_from_single_item_list" time="0.000" /><testcase classname="unit.models.cli.test_model_cli_execution_core.TestModelCliExecutionCoreBasic" name="test_minimal_core_creation" time="0.001" /><testcase classname="unit.models.cli.test_model_cli_execution_core.TestModelCliExecutionCoreBasic" name="test_full_core_creation" time="0.001" /><testcase classname="unit.models.cli.test_model_cli_execution_core.TestModelCliExecutionCoreGetters" name="test_get_command_name_with_display_name" time="0.000" /><testcase classname="unit.models.cli.test_model_cli_execution_core.TestModelCliExecutionCoreGetters" name="test_get_command_name_without_display_name" time="0.000" /><testcase classname="unit.models.cli.test_model_cli_execution_core.TestModelCliExecutionCoreGetters" name="test_get_target_node_id" time="0.000" /><testcase classname="unit.models.cli.test_model_cli_execution_core.TestModelCliExecutionCoreGetters" name="test_get_target_node_id_none" time="0.000" /><testcase classname="unit.models.cli.test_model_cli_execution_core.TestModelCliExecutionCoreGetters" name="test_get_target_node_name" time="0.001" /><testcase classname="unit.models.cli.test_model_cli_advanced_params.TestModelCliAdvancedParams" name="test_timeout_validation_positive" time="0.000" /><testcase classname="unit.models.cli.test_model_cli_advanced_params.TestModelCliAdvancedParams" name="test_timeout_validation_invalid" time="0.000" /><testcase classname="unit.models.cli.test_model_cli_advanced_params.TestModelCliAdvancedParams" name="test_max_retries_validation" time="0.000" /><testcase classname="unit.models.cli.test_model_cli_advanced_params.TestModelCliAdvancedParams" name="test_retry_delay_validation" time="0.000" /><testcase classname="unit.models.cli.test_model_cli_advanced_params.TestModelCliAdvancedParams" name="test_memory_limit_validation" time="0.000" /><testcase classname="unit.models.cli.test_model_cli_execution_core.TestModelCliExecutionCoreGetters" name="test_get_target_node_name_none" time="0.000" /><testcase classname="unit.models.cli.test_model_cli_execution_core.TestModelCliExecutionCoreTiming" name="test_get_elapsed_ms_with_end_time" time="0.000" /><testcase classname="unit.models.cli.test_model_cli_execution_core.TestModelCliExecutionCoreTiming" name="test_get_elapsed_ms_without_end_time" time="0.000" /><testcase classname="unit.models.cli.test_model_cli_execution_metadata.TestModelCliExecutionMetadataContextManagement" name="test_clear_context" time="0.000" /><testcase classname="unit.models.cli.test_model_cli_execution_core.TestModelCliExecutionCoreTiming" name="test_get_elapsed_seconds" time="0.000" /><testcase classname="unit.models.cli.test_model_cli_execution_core.TestModelCliExecutionCoreStatus" name="test_is_completed_true" time="0.000" /><testcase classname="unit.models.cli.test_model_cli_execution_core.TestModelCliExecutionCoreStatus" name="test_is_completed_false" time="0.000" /><testcase classname="unit.models.cli.test_model_cli_execution_core.TestModelCliExecutionCoreStatus" name="test_is_running_true" time="0.000" /><testcase classname="unit.models.cli.test_model_cli_execution_metadata.TestModelCliExecutionMetadataFailureHandling" name="test_add_failure_reason" time="0.000" /><testcase classname="unit.models.cli.test_model_cli_execution_core.TestModelCliExecutionCoreStatus" name="test_is_running_false_with_end_time" time="0.000" /><testcase classname="unit.models.cli.test_model_cli_execution_core.TestModelCliExecutionCoreStatus" name="test_is_running_false_different_status" time="0.000" /><testcase classname="unit.models.cli.test_model_cli_execution_core.TestModelCliExecutionCoreStatus" name="test_is_pending_true" time="0.000" /><testcase classname="unit.mixins.test_mixin_lazy_evaluation.TestLazyStringConversion" name="test_lazy_string_conversion_with_none" time="0.000" /><testcase classname="unit.models.cli.test_model_cli_execution_core.TestModelCliExecutionCoreStatus" name="test_is_pending_false" time="0.000" /><testcase classname="unit.models.cli.test_model_cli_execution_core.TestModelCliExecutionCoreStatus" name="test_is_failed_true" time="0.000" /><testcase classname="unit.models.cli.test_model_cli_execution_core.TestModelCliExecutionCoreStatus" name="test_is_failed_false" time="0.000" /><testcase classname="unit.models.cli.test_model_cli_execution_core.TestModelCliExecutionCoreStatus" name="test_is_successful_with_success_status" time="0.000" /><testcase classname="unit.models.cli.test_model_cli_execution_metadata.TestModelCliExecutionMetadataProtocols" name="test_get_name" time="0.000" /><testcase classname="unit.mixins.test_mixin_service_registry.TestMixinServiceRegistry" name="test_handle_node_start_with_discovery_callback" time="0.001" /><testcase classname="unit.models.cli.test_model_cli_execution_metadata.TestModelCliExecutionMetadataProtocols" name="test_set_name" time="0.000" /><testcase classname="unit.models.cli.test_model_cli_execution_metadata.TestModelCliExecutionMetadataProtocols" name="test_validate_instance" time="0.000" /><testcase classname="unit.models.cli.test_model_cli_execution_metadata.TestModelCliExecutionMetadataSerialization" name="test_model_dump" time="0.000" /><testcase classname="unit.models.cli.test_model_cli_execution_metadata.TestModelCliExecutionMetadataSerialization" name="test_round_trip_serialization_with_tags" time="0.000" /><testcase classname="unit.models.cli.test_model_cli_execution_metadata.TestModelCliExecutionMetadataSerialization" name="test_round_trip_serialization_with_context" time="0.000" /><testcase classname="unit.models.cli.test_model_cli_execution_metadata.TestModelCliExecutionMetadataEdgeCases" name="test_empty_tags_and_context" time="0.000" /><testcase classname="unit.models.cli.test_model_cli_execution_metadata.TestModelCliExecutionMetadataFailureHandling" name="test_get_failure_reason" time="0.014" /><testcase classname="unit.mixins.test_mixin_service_registry.TestMixinServiceRegistry" name="test_handle_node_stop_basic" time="0.002" /><testcase classname="unit.mixins.test_mixin_service_registry.TestMixinServiceRegistry" name="test_handle_node_stop_nonexistent_node" time="0.001" /><testcase classname="unit.mixins.test_mixin_service_registry.TestMixinServiceRegistry" name="test_handle_node_failure" time="0.000" /><testcase classname="unit.mixins.test_mixin_service_registry.TestMixinServiceRegistry" name="test_send_introspection_request" time="0.002" /><testcase classname="unit.mixins.test_mixin_service_registry.TestMixinServiceRegistry" name="test_send_introspection_request_without_event_bus" time="0.001" /><testcase classname="unit.mixins.test_mixin_service_registry.TestMixinServiceRegistry" name="test_handle_introspection_response" time="0.000" /><testcase classname="unit.models.cli.test_model_cli_execution_metadata.TestModelCliExecutionMetadataEdgeCases" name="test_many_tags" time="0.001" /><testcase classname="unit.models.cli.test_model_cli_execution_metadata.TestModelCliExecutionMetadataEdgeCases" name="test_many_contexts" time="0.001" /><testcase classname="unit.models.cli.test_model_cli_execution_metadata.TestModelCliExecutionMetadataEdgeCases" name="test_long_tag_names" time="0.001" /><testcase classname="unit.models.cli.test_model_cli_execution_metadata.TestModelCliExecutionMetadataEdgeCases" name="test_special_characters_in_tags" time="0.001" /><testcase classname="unit.models.cli.test_model_cli_execution_metadata.TestModelCliExecutionMetadataEdgeCases" name="test_context_key_with_special_characters" time="0.000" /><testcase classname="unit.models.cli.test_model_cli_execution_metadata.TestModelCliExecutionMetadataEdgeCases" name="test_add_and_remove_same_tag_multiple_times" time="0.000" /><testcase classname="unit.models.cli.test_model_cli_execution_metadata.TestModelCliExecutionMetadataEdgeCases" name="test_add_and_remove_same_context_multiple_times" time="0.000" /><testcase classname="unit.models.cli.test_model_cli_execution_metadata.TestModelCliExecutionMetadataEdgeCases" name="test_clear_operations_on_empty_metadata" time="0.000" /><testcase classname="unit.models.cli.test_model_cli_execution_metadata.TestModelCliExecutionMetadataEdgeCases" name="test_update_context_with_same_key" time="0.000" /><testcase classname="unit.models.cli.test_model_cli_execution_metadata.TestModelCliExecutionMetadataEdgeCases" name="test_combined_operations" time="0.000" /><testcase classname="unit.models.cli.test_model_cli_execution_resources.TestModelCliExecutionResourcesBasic" name="test_create_unlimited_resources" time="0.000" /><testcase classname="unit.models.cli.test_model_cli_execution_resources.TestModelCliExecutionResourcesBasic" name="test_create_limited_resources" time="0.000" /><testcase classname="unit.models.cli.test_model_cli_execution_resources.TestModelCliExecutionResourcesBasic" name="test_create_quick_resources" time="0.000" /><testcase classname="unit.models.cli.test_model_cli_execution_resources.TestModelCliExecutionResourcesBasic" name="test_default_construction" time="0.000" /><testcase classname="unit.mixins.test_mixin_service_registry.TestMixinServiceRegistry" name="test_handle_discovery_request" time="0.001" /><testcase classname="unit.mixins.test_mixin_service_registry.TestMixinServiceRegistry" name="test_handle_discovery_request_with_domain_filter_match" time="0.001" /><testcase classname="unit.mixins.test_mixin_service_registry.TestMixinServiceRegistry" name="test_handle_discovery_request_with_domain_filter_mismatch" time="0.000" /><testcase classname="unit.mixins.test_mixin_service_registry.TestMixinServiceRegistry" name="test_get_registered_tools" time="0.000" /><testcase classname="unit.mixins.test_mixin_service_registry.TestMixinServiceRegistry" name="test_get_registered_tools_with_status_filter" time="0.000" /><testcase classname="unit.mixins.test_mixin_service_registry.TestMixinServiceRegistry" name="test_get_tool_by_name" time="0.000" /><testcase classname="unit.mixins.test_mixin_service_registry.TestMixinServiceRegistry" name="test_get_tool_by_name_not_found" time="0.000" /><testcase classname="unit.mixins.test_mixin_service_registry.TestMixinServiceRegistry" name="test_get_tools_by_capability" time="0.000" /><testcase classname="unit.mixins.test_mixin_service_registry.TestMixinServiceRegistry" name="test_get_tools_by_capability_only_online" time="0.000" /><testcase classname="unit.mixins.test_mixin_service_registry.TestMixinServiceRegistry" name="test_add_discovery_callback" time="0.000" /><testcase classname="unit.mixins.test_mixin_service_registry.TestMixinServiceRegistry" name="test_cleanup_stale_entries" time="0.000" /><testcase classname="unit.mixins.test_mixin_service_registry.TestMixinServiceRegistry" name="test_cleanup_stale_entries_no_stale" time="0.000" /><testcase classname="unit.mixins.test_mixin_service_registry.TestMixinServiceRegistry" name="test_get_registry_stats" time="0.000" /><testcase classname="unit.mixins.test_mixin_service_registry.TestMixinServiceRegistry" name="test_setup_registry_event_handlers" time="0.000" /><testcase classname="unit.mixins.test_mixin_service_registry.TestMixinServiceRegistry" name="test_handle_node_start_with_string_node_id" time="0.011" /><testcase classname="unit.models.cli.test_model_cli_execution_metadata.TestModelCliExecutionMetadataFailureHandling" name="test_get_failure_reason_none" time="0.008" /><testcase classname="unit.models.cli.test_model_cli_execution_metadata.TestModelCliExecutionMetadataFailureHandling" name="test_failure_reason_overwrites_previous" time="0.000" /><testcase classname="unit.models.cli.test_model_cli_execution_metadata.TestModelCliExecutionMetadataFailureHandling" name="test_failure_reason_context_properties" time="0.009" /><testcase classname="unit.models.cli.test_model_cli_execution_resources.TestModelCliExecutionResourcesBasic" name="test_custom_configuration" time="0.000" /><testcase classname="unit.mixins.test_mixin_workflow_support.TestMixinInitialization" name="test_initialization_without_event_bus" time="0.000" /><testcase classname="unit.mixins.test_mixin_workflow_support.TestMixinInitialization" name="test_initialization_with_event_bus" time="0.001" /><testcase classname="unit.mixins.test_mixin_workflow_support.TestMixinInitialization" name="test_initialization_sets_node_id" time="0.002" /><testcase classname="unit.mixins.test_mixin_workflow_support.TestDagContextDetection" name="test_dag_not_enabled_by_default" time="0.000" /><testcase classname="unit.mixins.test_mixin_workflow_support.TestDagContextDetection" name="test_dag_enabled_via_environment" time="0.000" /><testcase classname="unit.mixins.test_mixin_workflow_support.TestDagContextDetection" name="test_dag_not_enabled_when_env_false" time="0.001" /><testcase classname="unit.mixins.test_mixin_workflow_support.TestDagContextDetection" name="test_dag_enabled_via_correlation_id_env" time="0.001" /><testcase classname="unit.mixins.test_mixin_workflow_support.TestDagContextDetection" name="test_dag_enabled_via_set_context" time="0.000" /><testcase classname="unit.mixins.test_mixin_workflow_support.TestDagContextDetection" name="test_dag_enabled_case_insensitive" time="0.000" /><testcase classname="unit.models.cli.test_model_cli_execution_config.TestModelCliExecutionConfigMethods" name="test_get_environment_var_with_default" time="0.000" /><testcase classname="unit.models.cli.test_model_cli_output_data.TestModelCliOutputDataValueAccessors" name="test_get_field_value_with_default" time="0.000" /><testcase classname="unit.mixins.test_mixin_service_registry.TestMixinServiceRegistry" name="test_initialization" time="0.000" /><testcase classname="unit.models.cli.test_model_cli_result.TestModelCliResultFactoryMethods" name="test_create_failure_with_details" time="0.004" /><testcase classname="unit.models.cli.test_model_cli_result.TestModelCliResultFactoryMethods" name="test_create_validation_failure" time="0.000" /><testcase classname="unit.models.cli.test_model_cli_result.TestModelCliResultFactoryMethods" name="test_create_validation_failure_empty_errors" time="0.000" /><testcase classname="unit.models.cli.test_model_cli_result.TestModelCliResultStatusMethods" name="test_is_success_true" time="0.000" /><testcase classname="unit.models.cli.test_model_cli_result.TestModelCliResultStatusMethods" name="test_is_success_false_with_exit_code" time="0.000" /><testcase classname="unit.models.cli.test_model_cli_output_data.TestModelCliOutputDataValueAccessors" name="test_get_field_value_default_empty_string" time="0.001" /><testcase classname="unit.models.cli.test_model_cli_execution_metadata.TestModelCliExecutionMetadataFactoryMethods" name="test_create_tagged" time="0.023" /><testcase classname="unit.models.cli.test_model_cli_execution_metadata.TestModelCliExecutionMetadataFactoryMethods" name="test_create_tagged_empty_list" time="0.000" /><testcase classname="unit.models.cli.test_model_cli_execution_metadata.TestModelCliExecutionMetadataFactoryMethods" name="test_create_with_context" time="0.000" /><testcase classname="unit.models.cli.test_model_cli_execution_metadata.TestModelCliExecutionMetadataFactoryMethods" name="test_create_with_context_empty_dict" time="0.000" /><testcase classname="unit.models.cli.test_model_cli_output_data.TestModelCliOutputDataValueAccessors" name="test_set_field_value" time="0.000" /><testcase classname="unit.models.cli.test_model_cli_output_data.TestModelCliOutputDataValueAccessors" name="test_set_field_value_overwrites" time="0.001" /><testcase classname="unit.models.cli.test_model_cli_output_data.TestModelCliOutputDataFactoryMethods" name="test_create_simple_minimal" time="0.000" /><testcase classname="unit.models.cli.test_model_cli_output_data.TestModelCliOutputDataFactoryMethods" name="test_create_simple_with_stdout" time="0.000" /><testcase classname="unit.models.cli.test_model_cli_output_data.TestModelCliOutputDataFactoryMethods" name="test_create_simple_with_stderr" time="0.000" /><testcase classname="unit.models.cli.test_model_cli_output_data.TestModelCliOutputDataFactoryMethods" name="test_create_simple_with_error_status" time="0.002" /><testcase classname="unit.models.cli.test_model_cli_output_data.TestModelCliOutputDataFactoryMethods" name="test_create_with_results_empty" time="0.000" /><testcase classname="unit.models.cli.test_model_cli_output_data.TestModelCliOutputDataFactoryMethods" name="test_create_with_results_single" time="0.000" /><testcase classname="unit.models.cli.test_model_cli_output_data.TestModelCliOutputDataFactoryMethods" name="test_create_with_results_multiple" time="0.000" /><testcase classname="unit.models.cli.test_model_cli_output_data.TestModelCliOutputDataFactoryMethods" name="test_create_with_results_and_error_status" time="0.000" /><testcase classname="unit.models.cli.test_model_cli_output_data.TestModelCliOutputDataProtocols" name="test_serialize" time="0.000" /><testcase classname="unit.models.cli.test_model_cli_output_data.TestModelCliOutputDataProtocols" name="test_serialize_with_results" time="0.000" /><testcase classname="unit.models.cli.test_model_cli_output_data.TestModelCliOutputDataProtocols" name="test_get_name_default" time="0.000" /><testcase classname="unit.models.cli.test_model_cli_output_data.TestModelCliOutputDataProtocols" name="test_validate_instance" time="0.000" /><testcase classname="unit.models.cli.test_model_cli_output_data.TestModelCliOutputDataEdgeCases" name="test_result_with_special_characters" time="0.000" /><testcase classname="unit.models.cli.test_model_cli_output_data.TestModelCliOutputDataEdgeCases" name="test_result_with_unicode" time="0.000" /><testcase classname="unit.models.cli.test_model_cli_output_data.TestModelCliOutputDataEdgeCases" name="test_large_stdout" time="0.000" /><testcase classname="unit.models.cli.test_model_cli_output_data.TestModelCliOutputDataEdgeCases" name="test_negative_execution_time" time="0.000" /><testcase classname="unit.models.cli.test_model_cli_output_data.TestModelCliOutputDataEdgeCases" name="test_zero_execution_time" time="0.000" /><testcase classname="unit.models.cli.test_model_cli_output_data.TestModelCliOutputDataEdgeCases" name="test_large_execution_time" time="0.000" /><testcase classname="unit.models.cli.test_model_cli_output_data.TestModelCliOutputDataEdgeCases" name="test_multiple_file_operations_same_file" time="0.000" /><testcase classname="unit.models.cli.test_model_cli_result.TestModelCliResultStatusMethods" name="test_is_failure_true" time="0.000" /><testcase classname="unit.models.cli.test_model_cli_result.TestModelCliResultStatusMethods" name="test_is_failure_false" time="0.001" /><testcase classname="unit.models.cli.test_model_cli_result.TestModelCliResultStatusMethods" name="test_has_errors_with_error_message" time="0.000" /><testcase classname="unit.models.cli.test_model_cli_result.TestModelCliResultStatusMethods" name="test_has_errors_with_validation_errors" time="0.000" /><testcase classname="unit.models.cli.test_model_cli_result.TestModelCliResultStatusMethods" name="test_has_errors_false" time="0.000" /><testcase classname="unit.models.cli.test_model_cli_result.TestModelCliResultStatusMethods" name="test_has_warnings_true" time="0.000" /><testcase classname="unit.models.cli.test_model_cli_result.TestModelCliResultStatusMethods" name="test_has_warnings_false" time="0.000" /><testcase classname="unit.models.cli.test_model_cli_result.TestModelCliResultStatusMethods" name="test_has_critical_errors_true" time="0.000" /><testcase classname="unit.models.cli.test_model_cli_result.TestModelCliResultStatusMethods" name="test_has_critical_errors_false_with_warning" time="0.000" /><testcase classname="unit.models.cli.test_model_cli_result.TestModelCliResultDurationMethods" name="test_get_duration_ms" time="0.062" /><testcase classname="unit.models.cli.test_model_cli_execution_input_data.TestModelCliExecutionInputDataEdgeCases" name="test_validation_pattern" time="0.000" /><testcase classname="unit.models.cli.test_model_cli_result.TestModelCliResultDataManagement" name="test_get_metadata_type_conversion_int" time="0.000" /><testcase classname="unit.models.cli.test_model_cli_result.TestModelCliResultDataManagement" name="test_get_metadata_type_conversion_float" time="0.000" /><testcase classname="unit.models.cli.test_model_cli_result.TestModelCliResultDataManagement" name="test_get_metadata_type_conversion_error_returns_default" time="0.000" /><testcase classname="unit.models.cli.test_model_cli_result.TestModelCliResultDataManagement" name="test_get_typed_metadata" time="0.044"><skipped type="pytest.skip" message="get_typed_metadata requires complex ModelCliResultMetadata setup">/Volumes/PRO-G40/Code/omnibase_core/tests/unit/models/cli/test_model_cli_result.py:785: get_typed_metadata requires complex ModelCliResultMetadata setup</skipped></testcase><testcase classname="unit.models.cli.test_model_cli_execution_resources.TestModelCliExecutionResourcesTimeouts" name="test_is_timed_out_no_limit" time="0.025" /><testcase classname="unit.models.cli.test_model_cli_result.TestModelCliResultDurationMethods" name="test_get_duration_seconds" time="0.002" /><testcase classname="unit.models.cli.test_model_cli_result.TestModelCliResultErrorMethods" name="test_get_primary_error_from_error_message" time="0.000" /><testcase classname="unit.models.cli.test_model_cli_result.TestModelCliResultDataManagement" name="test_get_typed_metadata_wrong_type_returns_default" time="0.002" /><testcase classname="unit.models.cli.test_model_cli_output_data.TestModelCliOutputDataEdgeCases" name="test_all_status_values" time="0.001" /><testcase classname="unit.models.cli.test_model_cli_result.TestModelCliResultErrorMethods" name="test_get_primary_error_from_critical_validation_error" time="0.001" /><testcase classname="unit.models.cli.test_model_cli_result.TestModelCliResultOutputMethods" name="test_set_output_value" time="0.000" /><testcase classname="unit.models.cli.test_model_cli_result.TestModelCliResultErrorMethods" name="test_get_primary_error_from_first_validation_error" time="0.000" /><testcase classname="unit.models.cli.test_model_cli_result.TestModelCliResultErrorMethods" name="test_get_primary_error_none" time="0.001" /><testcase classname="unit.models.cli.test_model_cli_result.TestModelCliResultOutputMethods" name="test_get_output_value_with_default" time="0.001" /><testcase classname="unit.models.cli.test_model_cli_output_data.TestModelCliOutputDataEdgeCases" name="test_all_output_types" time="0.000" /><testcase classname="unit.models.cli.test_model_cli_output_data.TestModelCliOutputDataEdgeCases" name="test_all_output_formats" time="0.000" /><testcase classname="unit.models.cli.test_model_cli_output_data.TestModelCliOutputDataEdgeCases" name="test_is_valid_flag_manipulation" time="0.000" /><testcase classname="unit.models.cli.test_model_cli_result.TestModelCliResultErrorMethods" name="test_get_all_errors" time="0.002" /><testcase classname="unit.models.cli.test_model_cli_output_data.TestModelCliOutputDataEdgeCases" name="test_empty_results_and_metadata" time="0.000" /><testcase classname="unit.models.cli.test_model_cli_output_data.TestModelCliOutputDataEdgeCases" name="test_model_config_extra_ignore" time="0.000" /><testcase classname="unit.models.cli.test_model_cli_output_data.TestModelCliOutputDataEdgeCases" name="test_combined_operations" time="0.000" /><testcase classname="unit.models.cli.test_model_cli_result.TestModelCliResultOutputMethods" name="test_get_output_value_type_conversion_bool" time="0.001" /><testcase classname="unit.models.cli.test_model_cli_result.TestModelCliResultFactoryMethods" name="test_create_success_minimal" time="0.000" /><testcase classname="unit.models.cli.test_model_cli_result.TestModelCliResultFactoryMethods" name="test_create_success_with_output_data" time="0.001" /><testcase classname="unit.models.cli.test_model_cli_result.TestModelCliResultFactoryMethods" name="test_create_success_with_execution_time" time="0.000" /><testcase classname="unit.models.cli.test_model_cli_result.TestModelCliResultErrorMethods" name="test_get_critical_errors" time="0.000" /><testcase classname="unit.models.cli.test_model_cli_result.TestModelCliResultErrorMethods" name="test_get_non_critical_errors" time="0.000" /><testcase classname="unit.models.cli.test_model_cli_result.TestModelCliResultErrorMethods" name="test_add_warning_unique" time="0.000" /><testcase classname="unit.models.cli.test_model_cli_result.TestModelCliResultErrorMethods" name="test_add_warning_duplicate" time="0.000" /><testcase classname="unit.models.cli.test_model_cli_result.TestModelCliResultErrorMethods" name="test_add_validation_error" time="0.000" /><testcase classname="unit.models.cli.test_model_cli_result.TestModelCliResultDataManagement" name="test_add_performance_metric_creates_metrics_object" time="0.000" /><testcase classname="unit.models.cli.test_model_cli_result.TestModelCliResultDataManagement" name="test_add_debug_info_when_debug_enabled" time="0.000" /><testcase classname="unit.models.cli.test_model_cli_result.TestModelCliResultDataManagement" name="test_add_debug_info_when_debug_disabled" time="0.000" /><testcase classname="unit.models.cli.test_model_cli_result.TestModelCliResultDataManagement" name="test_add_trace_data_creates_trace_object" time="0.000" /><testcase classname="unit.models.cli.test_model_cli_result.TestModelCliResultDataManagement" name="test_add_metadata_creates_metadata_object" time="0.000" /><testcase classname="unit.models.cli.test_model_cli_result.TestModelCliResultOutputMethods" name="test_get_output_value_type_conversion_int" time="0.000" /><testcase classname="unit.models.cli.test_model_cli_result.TestModelCliResultOutputMethods" name="test_get_formatted_output" time="0.001" /><testcase classname="unit.models.cli.test_model_cli_result.TestModelCliResultDataManagement" name="test_get_metadata_with_default" time="0.000" /><testcase classname="unit.models.cli.test_model_cli_result.TestModelCliResultSummary" name="test_get_summary" time="0.001" /><testcase classname="unit.models.cli.test_model_cli_result.TestModelCliResultProtocols" name="test_serialize" time="0.001" /><testcase classname="unit.models.cli.test_model_cli_result.TestModelCliResultProtocols" name="test_get_name_default" time="0.001" /><testcase classname="unit.models.cli.test_model_cli_result.TestModelCliResultProtocols" name="test_validate_instance" time="0.000" /><testcase classname="unit.models.cli.test_model_cli_execution_resources.TestModelCliExecutionResourcesTimeouts" name="test_is_timed_out_within_limit" time="0.001" /><testcase classname="unit.models.cli.test_model_cli_execution_resources.TestModelCliExecutionResourcesTimeouts" name="test_is_timed_out_exceeded" time="0.000" /><testcase classname="unit.models.cli.test_model_cli_execution_resources.TestModelCliExecutionResourcesTimeouts" name="test_is_timed_out_boundary_conditions" time="0.000" /><testcase classname="unit.models.cli.test_model_cli_execution_resources.TestModelCliExecutionResourcesRetries" name="test_increment_retry_available" time="0.000" /><testcase classname="unit.models.cli.test_model_cli_execution_resources.TestModelCliExecutionResourcesRetries" name="test_increment_retry_exhausted" time="0.000" /><testcase classname="unit.models.cli.test_model_cli_advanced_params.TestModelCliAdvancedParams" name="test_cpu_limit_validation" time="0.000" /><testcase classname="unit.models.cli.test_model_cli_command_option.TestModelCliCommandOptionMethods" name="test_get_string_value_from_float" time="0.001" /><testcase classname="unit.models.cli.test_model_cli_result_formatter.TestModelCliResultFormatterErrorFormatting" name="test_format_error_with_details" time="0.000" /><testcase classname="unit.models.cli.test_model_cli_result_formatter.TestModelCliResultFormatterErrorFormatting" name="test_format_error_with_validation_errors" time="0.000" /><testcase classname="unit.models.cli.test_model_cli_result_formatter.TestModelCliResultFormatterErrorFormatting" name="test_format_error_all_fields" time="0.000" /><testcase classname="unit.models.cli.test_model_cli_result_metadata.TestModelCliResultMetadata" name="test_compliance_flags" time="0.000" /><testcase classname="unit.models.cli.test_model_cli_execution_resources.TestModelCliExecutionResourcesRetries" name="test_can_attempt_retry_available" time="0.000" /><testcase classname="unit.models.cli.test_model_cli_result_metadata.TestModelCliResultMetadata" name="test_audit_trail" time="0.001" /><testcase classname="unit.models.cli.test_model_cli_result_formatter.TestModelCliResultFormatterErrorFormatting" name="test_format_error_none_message" time="0.000" /><testcase classname="unit.models.cli.test_model_cli_result_metadata.TestModelCliResultMetadata" name="test_custom_metadata_operations" time="0.001" /><testcase classname="unit.models.cli.test_model_cli_result_formatter.TestModelCliResultFormatterErrorFormatting" name="test_format_error_empty_validation_list" time="0.001" /><testcase classname="unit.models.cli.test_model_cli_result_formatter.TestModelCliResultFormatterErrorFormatting" name="test_format_error_multiline_message" time="0.000" /><testcase classname="unit.models.cli.test_model_cli_result_formatter.TestModelCliResultFormatterErrorFormatting" name="test_format_error_special_characters" time="0.000" /><testcase classname="unit.models.cli.test_model_cli_result_formatter.TestModelCliResultFormatterSummaryFormatting" name="test_format_summary_success" time="0.000" /><testcase classname="unit.models.cli.test_model_cli_result_metadata.TestModelCliResultMetadata" name="test_complex_metadata_scenario" time="0.001" /><testcase classname="unit.models.cli.test_model_cli_result_metadata.TestModelCliResultMetadata" name="test_pydantic_validation_constraints" time="0.000" /><testcase classname="unit.models.cli.test_model_cli_result_metadata.TestModelCliResultMetadata" name="test_pydantic_serialization" time="0.000" /><testcase classname="unit.models.cli.test_model_cli_result_metadata.TestModelCliResultMetadata" name="test_pydantic_deserialization" time="0.000" /><testcase classname="unit.models.cli.test_model_cli_result_metadata.TestModelCliResultMetadata" name="test_model_round_trip" time="0.000" /><testcase classname="unit.models.cli.test_model_cli_result_metadata.TestModelCliResultMetadata" name="test_json_serialization" time="0.000" /><testcase classname="unit.models.cli.test_model_cli_result_metadata.TestModelCliResultMetadata" name="test_is_compliant_edge_cases" time="0.000" /><testcase classname="unit.models.cli.test_model_cli_result_metadata.TestModelCliResultMetadata" name="test_edge_cases_empty_collections" time="0.000" /><testcase classname="unit.models.cli.test_model_cli_result_metadata.TestModelCliResultMetadata" name="test_metadata_version_with_semver" time="0.000" /><testcase classname="unit.models.cli.test_model_output_format_options.TestModelOutputFormatOptionsBasics" name="test_default_initialization" time="0.000" /><testcase classname="unit.models.cli.test_model_output_format_options.TestModelOutputFormatOptionsBasics" name="test_custom_initialization" time="0.000" /><testcase classname="unit.models.cli.test_model_output_format_options.TestModelOutputFormatOptionsBasics" name="test_validation_indent_size" time="0.000" /><testcase classname="unit.models.cli.test_model_output_format_options.TestModelOutputFormatOptionsBasics" name="test_validation_line_width" time="0.000" /><testcase classname="unit.models.cli.test_model_output_format_options.TestModelOutputFormatOptionsBasics" name="test_validation_page_size" time="0.000" /><testcase classname="unit.models.cli.test_model_output_format_options.TestModelOutputFormatOptionsModes" name="test_set_compact_mode" time="0.001" /><testcase classname="unit.models.cli.test_model_cli_result_formatter.TestModelCliResultFormatterSummaryFormatting" name="test_format_summary_failure" time="0.000" /><testcase classname="unit.models.cli.test_model_cli_result_formatter.TestModelCliResultFormatterSummaryFormatting" name="test_format_summary_with_warnings" time="0.000" /><testcase classname="unit.models.cli.test_model_cli_result_formatter.TestModelCliResultFormatterSummaryFormatting" name="test_format_summary_empty_warnings" time="0.000" /><testcase classname="unit.models.cli.test_model_cli_result_formatter.TestModelCliResultFormatterSummaryFormatting" name="test_format_summary_zero_duration" time="0.000" /><testcase classname="unit.models.cli.test_model_cli_result_formatter.TestModelCliResultFormatterSummaryFormatting" name="test_format_summary_large_duration" time="0.000" /><testcase classname="unit.models.cli.test_model_cli_result_formatter.TestModelCliResultFormatterSummaryFormatting" name="test_format_summary_non_zero_exit_code" time="0.001" /><testcase classname="unit.models.cli.test_model_cli_result_formatter.TestModelCliResultFormatterSummaryFormatting" name="test_format_summary_multiline_output" time="0.000" /><testcase classname="unit.models.cli.test_model_cli_result_formatter.TestModelCliResultFormatterEdgeCases" name="test_format_output_none_text_none_data" time="0.000" /><testcase classname="unit.models.cli.test_model_output_format_options.TestModelOutputFormatOptionsModes" name="test_set_verbose_mode" time="0.001" /><testcase classname="unit.models.cli.test_model_cli_execution_resources.TestModelCliExecutionResourcesRetries" name="test_can_attempt_retry_exhausted" time="0.001" /><testcase classname="unit.models.cli.test_model_cli_execution_resources.TestModelCliExecutionResourcesRetries" name="test_reset_retries" time="0.000" /><testcase classname="unit.models.cli.test_model_cli_execution_resources.TestModelCliExecutionResourcesRetries" name="test_retry_workflow" time="0.000" /><testcase classname="unit.models.cli.test_model_cli_execution_resources.TestModelCliExecutionResourcesRetries" name="test_no_retries_allowed" time="0.000" /><testcase classname="unit.models.cli.test_model_cli_execution_resources.TestModelCliExecutionResourcesUserContext" name="test_set_user_context_full" time="0.000" /><testcase classname="unit.models.cli.test_model_output_format_options.TestModelOutputFormatOptionsModes" name="test_set_minimal_mode" time="0.001" /><testcase classname="unit.models.cli.test_model_output_format_options.TestModelOutputFormatOptionsModes" name="test_mode_switching" time="0.000" /><testcase classname="unit.models.cli.test_model_output_format_options.TestModelOutputFormatOptionsStyles" name="test_set_table_style_defaults" time="0.000" /><testcase classname="unit.models.cli.test_model_output_format_options.TestModelOutputFormatOptionsStyles" name="test_set_table_style_custom" time="0.000" /><testcase classname="unit.models.cli.test_model_output_format_options.TestModelOutputFormatOptionsStyles" name="test_set_json_style_defaults" time="0.000" /><testcase classname="unit.models.cli.test_model_cli_result_formatter.TestModelCliResultFormatterEdgeCases" name="test_format_error_all_none" time="0.000" /><testcase classname="unit.models.cli.test_model_cli_result_formatter.TestModelCliResultFormatterEdgeCases" name="test_static_methods_no_state" time="0.000" /><testcase classname="unit.models.cli.test_model_cli_result_formatter.TestModelCliResultFormatterEdgeCases" name="test_format_error_complex_validation_errors" time="0.000" /><testcase classname="unit.models.cli.test_model_cli_result_formatter.TestModelCliResultFormatterEdgeCases" name="test_format_output_data_serialization_error" time="0.000" /><testcase classname="unit.models.cli.test_model_cli_result_formatter.TestModelCliResultFormatterEdgeCases" name="test_format_summary_single_warning" time="0.000" /><testcase classname="unit.models.cli.test_model_cli_result_formatter.TestModelCliResultFormatterEdgeCases" name="test_all_methods_return_strings" time="0.000" /><testcase classname="unit.models.cli.test_model_cli_result_formatter.TestModelCliResultFormatterEdgeCases" name="test_formatter_is_utility_class" time="0.000" /><testcase classname="unit.models.cli.test_model_cli_result_metadata.TestModelCliResultMetadata" name="test_initialization_empty" time="0.000" /><testcase classname="unit.models.cli.test_model_cli_result_metadata.TestModelCliResultMetadata" name="test_initialization_with_values" time="0.000" /><testcase classname="unit.models.cli.test_model_cli_result_metadata.TestModelCliResultMetadata" name="test_processed_at_default_utc" time="0.000" /><testcase classname="unit.models.cli.test_model_cli_result_metadata.TestModelCliResultMetadata" name="test_add_tag" time="0.000" /><testcase classname="unit.models.cli.test_model_cli_result_metadata.TestModelCliResultMetadata" name="test_add_label" time="0.000" /><testcase classname="unit.models.cli.test_model_cli_result_metadata.TestModelCliResultMetadata" name="test_quality_score_validation" time="0.000" /><testcase classname="unit.models.cli.test_model_cli_result_metadata.TestModelCliResultMetadata" name="test_confidence_level_validation" time="0.000" /><testcase classname="unit.models.cli.test_model_output_format_options.TestModelOutputFormatOptionsStyles" name="test_set_json_style_custom" time="0.000" /><testcase classname="unit.models.cli.test_model_output_format_options.TestModelOutputFormatOptionsStyles" name="test_set_color_scheme_defaults" time="0.000" /><testcase classname="unit.models.cli.test_model_output_format_options.TestModelOutputFormatOptionsStyles" name="test_set_color_scheme_disabled" time="0.000" /><testcase classname="unit.models.cli.test_model_output_format_options.TestModelOutputFormatOptionsCustomOptions" name="test_add_custom_option_string" time="0.000" /><testcase classname="unit.models.cli.test_model_output_format_options.TestModelOutputFormatOptionsCustomOptions" name="test_add_custom_option_int" time="0.000" /><testcase classname="unit.models.cli.test_model_output_format_options.TestModelOutputFormatOptionsCustomOptions" name="test_add_custom_option_bool" time="0.000" /><testcase classname="unit.models.cli.test_model_cli_execution_context.TestModelCliExecutionContextValidation" name="test_priority_above_maximum_raises_error" time="0.000" /><testcase classname="unit.models.cli.test_model_output_format_options.TestModelOutputFormatOptionsCustomOptions" name="test_get_custom_option_default" time="0.000" /><testcase classname="unit.models.cli.test_model_output_format_options.TestModelOutputFormatOptionsCustomOptions" name="test_multiple_custom_options" time="0.000" /><testcase classname="unit.models.cli.test_model_output_format_options.TestModelOutputFormatOptionsStringData" name="test_create_from_string_data_empty" time="0.000" /><testcase classname="unit.models.cli.test_model_output_format_options.TestModelOutputFormatOptionsProtocols" name="test_serialize" time="0.000" /><testcase classname="unit.models.cli.test_model_output_format_options.TestModelOutputFormatOptionsProtocols" name="test_serialize_with_custom_options" time="0.000" /><testcase classname="unit.models.cli.test_model_output_format_options.TestModelOutputFormatOptionsProtocols" name="test_get_name_default" time="0.000" /><testcase classname="unit.models.cli.test_model_output_format_options.TestModelOutputFormatOptionsProtocols" name="test_set_name_no_field" time="0.000" /><testcase classname="unit.models.cli.test_model_output_format_options.TestModelOutputFormatOptionsProtocols" name="test_validate_instance" time="0.000" /><testcase classname="unit.models.cli.test_model_output_format_options.TestModelOutputFormatOptionsProtocols" name="test_validate_instance_invalid_state" time="0.000" /><testcase classname="unit.models.cli.test_model_output_format_options.TestModelOutputFormatOptionsEdgeCases" name="test_all_boolean_flags_false" time="0.000" /><testcase classname="unit.models.cli.test_model_output_format_options.TestModelOutputFormatOptionsEdgeCases" name="test_all_boolean_flags_true" time="0.000" /><testcase classname="unit.models.cli.test_model_output_format_options.TestModelOutputFormatOptionsEdgeCases" name="test_boundary_values" time="0.000" /><testcase classname="unit.models.cli.test_model_output_format_options.TestModelOutputFormatOptionsEdgeCases" name="test_model_config_extra_ignore" time="0.000" /><testcase classname="unit.models.cli.test_model_output_format_options.TestModelOutputFormatOptionsEdgeCases" name="test_validate_assignment" time="0.000" /><testcase classname="unit.models.cli.test_model_performance_metrics.TestModelPerformanceMetricsBasics" name="test_minimal_initialization" time="0.000" /><testcase classname="unit.models.cli.test_model_performance_metrics.TestModelPerformanceMetricsBasics" name="test_full_initialization" time="0.000" /><testcase classname="unit.models.cli.test_model_performance_metrics.TestModelPerformanceMetricsBasics" name="test_missing_required_field" time="0.000" /><testcase classname="unit.models.cli.test_model_performance_metrics.TestModelPerformanceMetricsBasics" name="test_zero_execution_time" time="0.000" /><testcase classname="unit.models.cli.test_model_performance_metrics.TestModelPerformanceMetricsBasics" name="test_negative_execution_time" time="0.000" /><testcase classname="unit.models.cli.test_model_performance_metrics.TestModelPerformanceMetricsProtocols" name="test_serialize_minimal" time="0.000" /><testcase classname="unit.models.cli.test_model_performance_metrics.TestModelPerformanceMetricsProtocols" name="test_serialize_full" time="0.000" /><testcase classname="unit.models.cli.test_model_performance_metrics.TestModelPerformanceMetricsProtocols" name="test_serialize_preserves_types" time="0.000" /><testcase classname="unit.models.cli.test_model_performance_metrics.TestModelPerformanceMetricsProtocols" name="test_get_name_default" time="0.000" /><testcase classname="unit.models.cli.test_model_performance_metrics.TestModelPerformanceMetricsProtocols" name="test_get_name_no_name_field" time="0.000" /><testcase classname="unit.models.cli.test_model_cli_execution_core.TestModelCliExecutionCoreEdgeCases" name="test_zero_elapsed_time" time="0.158" /><testcase classname="unit.models.cli.test_model_cli_execution_fixes.TestModelCliExecutionTyping" name="test_command_options_typed_properly" time="0.000" /><testcase classname="unit.models.cli.test_model_cli_execution_fixes.TestModelCliExecutionTyping" name="test_input_data_typed_properly" time="0.000" /><testcase classname="unit.models.cli.test_model_cli_execution_fixes.TestModelCliExecutionTyping" name="test_custom_context_typed_properly" time="0.000" /><testcase classname="unit.models.cli.test_model_cli_execution_fixes.TestModelCliExecutionTyping" name="test_execution_summary_returns_typed_model" time="0.000" /><testcase classname="unit.models.cli.test_model_cli_execution_fixes.TestModelCliExecutionTyping" name="test_mark_failed_uses_typed_context" time="0.000" /><testcase classname="unit.models.cli.test_model_cli_execution_fixes.TestNewModelValidation" name="test_command_option_validation" time="0.000" /><testcase classname="unit.models.cli.test_model_cli_execution_fixes.TestNewModelValidation" name="test_input_data_validation" time="0.000" /><testcase classname="unit.models.cli.test_model_cli_execution_fixes.TestNewModelValidation" name="test_execution_context_validation" time="0.000" /><testcase classname="unit.models.cli.test_model_cli_execution_fixes.TestNewModelValidation" name="test_execution_summary_validation" time="0.000" /><testcase classname="unit.models.cli.test_model_cli_execution_input_data.TestModelCliExecutionInputDataValueValidation" name="test_validate_string_value_type_valid" time="0.000" /><testcase classname="unit.models.cli.test_model_cli_execution_input_data.TestModelCliExecutionInputDataValueValidation" name="test_validate_string_value_type_invalid" time="0.002" /><testcase classname="unit.models.cli.test_model_cli_execution_input_data.TestModelCliExecutionInputDataValueValidation" name="test_validate_integer_value_type_valid" time="0.001" /><testcase classname="unit.models.cli.test_model_cli_execution_input_data.TestModelCliExecutionInputDataValueValidation" name="test_validate_integer_value_type_invalid" time="0.002" /><testcase classname="unit.models.cli.test_model_cli_execution_input_data.TestModelCliExecutionInputDataValueValidation" name="test_validate_float_value_type_valid" time="0.000" /><testcase classname="unit.models.cli.test_model_cli_execution_input_data.TestModelCliExecutionInputDataValueValidation" name="test_validate_float_value_type_invalid" time="0.000" /><testcase classname="unit.models.cli.test_model_cli_execution_resources.TestModelCliExecutionResourcesUserContext" name="test_set_user_context_overwrite" time="0.001" /><testcase classname="unit.models.cli.test_model_cli_execution_resources.TestModelCliExecutionResourcesUserContext" name="test_user_context_in_constructor" time="0.000" /><testcase classname="unit.models.cli.test_model_cli_execution_resources.TestModelCliExecutionResourcesProtocols" name="test_serialize" time="0.000" /><testcase classname="unit.models.cli.test_model_cli_execution_resources.TestModelCliExecutionResourcesProtocols" name="test_get_name" time="0.000" /><testcase classname="unit.models.cli.test_model_cli_execution_resources.TestModelCliExecutionResourcesProtocols" name="test_set_name" time="0.001" /><testcase classname="unit.models.cli.test_model_cli_execution_resources.TestModelCliExecutionResourcesProtocols" name="test_validate_instance" time="0.001" /><testcase classname="unit.models.cli.test_model_cli_execution_resources.TestModelCliExecutionResourcesValidation" name="test_timeout_seconds_positive" time="0.001" /><testcase classname="unit.models.cli.test_model_cli_result.TestModelCliResultEdgeCases" name="test_create_success_marks_execution_completed" time="0.037" /><testcase classname="unit.models.cli.test_model_performance_metrics.TestModelPerformanceMetricsProtocols" name="test_set_name_no_field" time="0.000" /><testcase classname="unit.models.cli.test_model_performance_metrics.TestModelPerformanceMetricsProtocols" name="test_validate_instance_success" time="0.000" /><testcase classname="unit.models.cli.test_model_performance_metrics.TestModelPerformanceMetricsProtocols" name="test_validate_instance_with_all_fields" time="0.000" /><testcase classname="unit.models.cli.test_model_performance_metrics.TestModelPerformanceMetricsEdgeCases" name="test_large_execution_time" time="0.000" /><testcase classname="unit.models.cli.test_model_performance_metrics.TestModelPerformanceMetricsEdgeCases" name="test_large_memory_usage" time="0.000" /><testcase classname="unit.models.cli.test_model_cli_execution_resources.TestModelCliExecutionResourcesValidation" name="test_max_memory_mb_positive" time="0.000" /><testcase classname="unit.models.cli.test_model_cli_execution_resources.TestModelCliExecutionResourcesValidation" name="test_max_retries_non_negative" time="0.037" /><testcase classname="unit.models.cli.test_model_cli_result.TestModelCliResultEdgeCases" name="test_create_failure_marks_execution_completed" time="0.007" /><testcase classname="unit.models.cli.test_model_cli_result.TestModelCliResultEdgeCases" name="test_exit_code_validation_range" time="0.008" /><testcase classname="unit.models.cli.test_model_cli_result.TestModelCliResultEdgeCases" name="test_multiple_warnings_management" time="0.001" /><testcase classname="unit.models.cli.test_model_cli_result.TestModelCliResultEdgeCases" name="test_multiple_validation_errors_management" time="0.001" /><testcase classname="unit.models.cli.test_model_cli_result.TestModelCliResultEdgeCases" name="test_get_output_value_with_empty_string" time="0.001" /><testcase classname="unit.models.cli.test_model_cli_result.TestModelCliResultEdgeCases" name="test_retry_count_tracking" time="0.000" /><testcase classname="unit.models.cli.test_model_cli_result_formatter.TestModelCliResultFormatterOutputFormatting" name="test_format_output_with_text" time="0.000" /><testcase classname="unit.models.cli.test_model_cli_result_formatter.TestModelCliResultFormatterOutputFormatting" name="test_format_output_text_priority" time="0.000" /><testcase classname="unit.models.cli.test_model_cli_result_formatter.TestModelCliResultFormatterOutputFormatting" name="test_format_output_with_data_only" time="0.000" /><testcase classname="unit.models.cli.test_model_cli_result_formatter.TestModelCliResultFormatterOutputFormatting" name="test_format_output_empty" time="0.000" /><testcase classname="unit.models.cli.test_model_cli_result_formatter.TestModelCliResultFormatterOutputFormatting" name="test_format_output_empty_text_empty_data" time="0.000" /><testcase classname="unit.models.cli.test_model_cli_result_formatter.TestModelCliResultFormatterOutputFormatting" name="test_format_output_data_with_results" time="0.000" /><testcase classname="unit.models.cli.test_model_cli_result_formatter.TestModelCliResultFormatterOutputFormatting" name="test_format_output_multiline_text" time="0.000" /><testcase classname="unit.models.cli.test_model_cli_result_formatter.TestModelCliResultFormatterOutputFormatting" name="test_format_output_whitespace_text" time="0.000" /><testcase classname="unit.models.cli.test_model_cli_result_formatter.TestModelCliResultFormatterOutputFormatting" name="test_format_output_unicode_text" time="0.000" /><testcase classname="unit.models.cli.test_model_cli_result_formatter.TestModelCliResultFormatterOutputFormatting" name="test_format_output_data_json_pretty" time="0.000" /><testcase classname="unit.models.cli.test_model_cli_execution_resources.TestModelCliExecutionResourcesValidation" name="test_retry_count_non_negative" time="0.000" /><testcase classname="unit.models.cli.test_model_cli_execution_resources.TestModelCliExecutionResourcesEdgeCases" name="test_serialization_with_none_values" time="0.011" /><testcase classname="unit.models.cli.test_model_cli_execution_resources.TestModelCliExecutionResourcesEdgeCases" name="test_round_trip_serialization" time="0.001" /><testcase classname="unit.models.cli.test_model_cli_execution_resources.TestModelCliExecutionResourcesEdgeCases" name="test_validate_assignment_enabled" time="0.000" /><testcase classname="unit.models.cli.test_model_cli_execution_resources.TestModelCliExecutionResourcesEdgeCases" name="test_factory_method_defaults" time="0.000" /><testcase classname="unit.models.cli.test_model_cli_execution_resources.TestModelCliExecutionResourcesEdgeCases" name="test_complex_retry_scenario" time="0.001" /><testcase classname="unit.models.cli.test_model_cli_output_data.TestModelCliOutputDataInitialization" name="test_initialization_with_defaults" time="0.001" /><testcase classname="unit.models.cli.test_model_cli_output_data.TestModelCliOutputDataInitialization" name="test_initialization_with_custom_values" time="0.000" /><testcase classname="unit.models.cli.test_model_cli_output_data.TestModelCliOutputDataResultsMethods" name="test_add_result_single" time="0.000" /><testcase classname="unit.models.cli.test_model_cli_output_data.TestModelCliOutputDataResultsMethods" name="test_add_result_multiple" time="0.000" /><testcase classname="unit.models.cli.test_model_cli_output_data.TestModelCliOutputDataResultsMethods" name="test_add_result_overwrite" time="0.000" /><testcase classname="unit.models.cli.test_model_cli_execution_metadata.TestModelCliExecutionMetadataProtocols" name="test_serialize" time="0.000" /><testcase classname="unit.models.cli.test_model_cli_output_data.TestModelCliOutputDataResultsMethods" name="test_add_metadata_single" time="0.000" /><testcase classname="unit.models.cli.test_model_performance_metrics.TestModelPerformanceMetricsEdgeCases" name="test_large_io_operations" time="0.000" /><testcase classname="unit.models.cli.test_model_performance_metrics.TestModelPerformanceMetricsEdgeCases" name="test_large_network_calls" time="0.000" /><testcase classname="unit.models.cli.test_model_cli_output_data.TestModelCliOutputDataResultsMethods" name="test_add_metadata_multiple" time="0.001" /><testcase classname="unit.models.cli.test_model_performance_metrics.TestModelPerformanceMetricsEdgeCases" name="test_fractional_values" time="0.000" /><testcase classname="unit.models.cli.test_model_performance_metrics.TestModelPerformanceMetricsConfig" name="test_extra_fields_ignored" time="0.000" /><testcase classname="unit.models.cli.test_model_performance_metrics.TestModelPerformanceMetricsConfig" name="test_validate_assignment" time="0.000" /><testcase classname="unit.models.cli.test_model_performance_metrics.TestModelPerformanceMetricsConfig" name="test_model_dump" time="0.000" /><testcase classname="unit.models.cli.test_model_performance_metrics.TestModelPerformanceMetricsConfig" name="test_model_dump_exclude_none" time="0.000" /><testcase classname="unit.models.cli.test_model_cli_output_data.TestModelCliOutputDataResultsMethods" name="test_add_result_empty_string" time="0.001" /><testcase classname="unit.models.cli.test_model_performance_metrics.TestModelPerformanceMetricsComparisons" name="test_create_multiple_instances" time="0.000" /><testcase classname="unit.models.cli.test_model_performance_metrics.TestModelPerformanceMetricsComparisons" name="test_metrics_equality" time="0.000" /><testcase classname="unit.models.cli.test_model_performance_metrics.TestModelPerformanceMetricsComparisons" name="test_metrics_inequality" time="0.000" /><testcase classname="unit.models.cli.test_model_performance_metrics.TestModelPerformanceMetricsComparisons" name="test_update_metrics" time="0.000" /><testcase classname="unit.models.cli.test_model_performance_metrics.TestModelPerformanceMetricsRealisticScenarios" name="test_fast_execution_low_resources" time="0.000" /><testcase classname="unit.models.cli.test_model_performance_metrics.TestModelPerformanceMetricsRealisticScenarios" name="test_slow_execution_high_resources" time="0.000" /><testcase classname="unit.models.cli.test_model_performance_metrics.TestModelPerformanceMetricsRealisticScenarios" name="test_io_intensive_operation" time="0.000" /><testcase classname="unit.models.cli.test_model_performance_metrics.TestModelPerformanceMetricsRealisticScenarios" name="test_network_intensive_operation" time="0.000" /><testcase classname="unit.models.cli.test_model_cli_output_data.TestModelCliOutputDataResultsMethods" name="test_add_metadata_empty_string" time="0.000" /><testcase classname="unit.models.cli.test_model_result_summary.TestModelResultSummaryBasics" name="test_successful_execution_minimal" time="0.000" /><testcase classname="unit.models.cli.test_model_result_summary.TestModelResultSummaryBasics" name="test_failed_execution_with_errors" time="0.000" /><testcase classname="unit.models.cli.test_model_cli_output_data.TestModelCliOutputDataFilesMethods" name="test_add_file_created_single" time="0.000" /><testcase classname="unit.models.cli.test_model_cli_output_data.TestModelCliOutputDataFilesMethods" name="test_add_file_created_multiple" time="0.000" /><testcase classname="unit.models.cli.test_model_result_summary.TestModelResultSummaryBasics" name="test_missing_required_fields" time="0.000" /><testcase classname="unit.models.cli.test_model_result_summary.TestModelResultSummaryBasics" name="test_none_target_node" time="0.000" /><testcase classname="unit.models.cli.test_model_result_summary.TestModelResultSummaryExecutionStatus" name="test_successful_no_retries" time="0.000" /><testcase classname="unit.models.cli.test_model_cli_output_data.TestModelCliOutputDataFilesMethods" name="test_add_file_created_duplicate" time="0.000" /><testcase classname="unit.models.cli.test_model_result_summary.TestModelResultSummaryExecutionStatus" name="test_successful_with_retries" time="0.000" /><testcase classname="unit.models.cli.test_model_result_summary.TestModelResultSummaryExecutionStatus" name="test_failed_no_retries" time="0.000" /><testcase classname="unit.models.cli.test_model_cli_output_data.TestModelCliOutputDataFilesMethods" name="test_add_file_modified_single" time="0.000" /><testcase classname="unit.models.cli.test_model_result_summary.TestModelResultSummaryExecutionStatus" name="test_failed_max_retries" time="0.000" /><testcase classname="unit.models.cli.test_model_result_summary.TestModelResultSummaryErrorCounts" name="test_no_errors_or_warnings" time="0.000" /><testcase classname="unit.models.cli.test_model_cli_output_data.TestModelCliOutputDataFilesMethods" name="test_add_file_modified_multiple" time="0.000" /><testcase classname="unit.models.cli.test_model_cli_output_data.TestModelCliOutputDataFilesMethods" name="test_add_file_modified_duplicate" time="0.000" /><testcase classname="unit.models.cli.test_model_result_summary.TestModelResultSummaryErrorCounts" name="test_only_warnings" time="0.000" /><testcase classname="unit.models.cli.test_model_result_summary.TestModelResultSummaryErrorCounts" name="test_errors_and_warnings" time="0.000" /><testcase classname="unit.models.cli.test_model_result_summary.TestModelResultSummaryErrorCounts" name="test_only_critical_errors" time="0.000" /><testcase classname="unit.models.cli.test_model_cli_output_data.TestModelCliOutputDataFilesMethods" name="test_mixed_files_operations" time="0.000" /><testcase classname="unit.models.cli.test_model_cli_output_data.TestModelCliOutputDataValueAccessors" name="test_get_field_value_from_results" time="0.000" /><testcase classname="unit.models.cli.test_model_cli_output_data.TestModelCliOutputDataValueAccessors" name="test_get_field_value_from_metadata" time="0.009" /><testcase classname="unit.models.cli.test_model_result_summary.TestModelResultSummaryProtocols" name="test_serialize" time="0.000" /><testcase classname="unit.models.cli.test_model_result_summary.TestModelResultSummaryProtocols" name="test_get_name_default" time="0.000" /><testcase classname="unit.models.cli.test_model_cli_execution_core.TestModelCliExecutionCoreStatus" name="test_is_successful_with_completed_status" time="0.001" /><testcase classname="unit.models.cli.test_model_result_summary.TestModelResultSummaryProtocols" name="test_validate_instance" time="0.000" /><testcase classname="unit.models.cli.test_model_result_summary.TestModelResultSummaryEdgeCases" name="test_zero_duration" time="0.001" /><testcase classname="unit.models.cli.test_model_result_summary.TestModelResultSummaryEdgeCases" name="test_large_duration" time="0.000" /><testcase classname="unit.models.cli.test_model_result_summary.TestModelResultSummaryEdgeCases" name="test_various_exit_codes" time="0.000" /><testcase classname="unit.models.cli.test_model_result_summary.TestModelResultSummaryEdgeCases" name="test_large_retry_count" time="0.000" /><testcase classname="unit.models.cli.test_model_result_summary.TestModelResultSummaryEdgeCases" name="test_model_config_extra_ignore" time="0.000" /><testcase classname="unit.models.cli.test_model_result_summary.TestModelResultSummaryEdgeCases" name="test_validate_assignment" time="0.001" /><testcase classname="unit.models.cli.test_model_trace_data.TestModelTraceDataBasics" name="test_minimal_initialization" time="0.000" /><testcase classname="unit.models.cli.test_model_trace_data.TestModelTraceDataBasics" name="test_full_initialization" time="0.000" /><testcase classname="unit.models.cli.test_model_trace_data.TestModelTraceDataBasics" name="test_missing_required_fields" time="0.000" /><testcase classname="unit.models.cli.test_model_trace_data.TestModelTraceDataBasics" name="test_uuid_types" time="0.000" /><testcase classname="unit.models.cli.test_model_trace_data.TestModelTraceDataTimestamps" name="test_datetime_fields" time="0.000" /><testcase classname="unit.models.cli.test_model_trace_data.TestModelTraceDataTimestamps" name="test_duration_calculation" time="0.000" /><testcase classname="unit.models.cli.test_model_trace_data.TestModelTraceDataTimestamps" name="test_zero_duration" time="0.000" /><testcase classname="unit.models.cli.test_model_trace_data.TestModelTraceDataTagsAndLogs" name="test_empty_tags_and_logs" time="0.000" /><testcase classname="unit.models.cli.test_model_trace_data.TestModelTraceDataTagsAndLogs" name="test_multiple_tags" time="0.001" /><testcase classname="unit.models.cli.test_model_trace_data.TestModelTraceDataTagsAndLogs" name="test_multiple_logs" time="0.000" /><testcase classname="unit.models.cli.test_model_trace_data.TestModelTraceDataProtocols" name="test_serialize" time="0.000" /><testcase classname="unit.models.cli.test_model_trace_data.TestModelTraceDataProtocols" name="test_get_name_default" time="0.000" /><testcase classname="unit.models.cli.test_model_trace_data.TestModelTraceDataProtocols" name="test_set_name_no_field" time="0.001" /><testcase classname="unit.models.cli.test_model_trace_data.TestModelTraceDataProtocols" name="test_validate_instance" time="0.001" /><testcase classname="unit.models.cli.test_model_trace_data.TestModelTraceDataEdgeCases" name="test_parent_span_with_parent" time="0.001" /><testcase classname="unit.models.cli.test_model_trace_data.TestModelTraceDataEdgeCases" name="test_parent_span_none" time="0.001" /><testcase classname="unit.models.cli.test_model_trace_data.TestModelTraceDataEdgeCases" name="test_large_duration" time="0.000" /><testcase classname="unit.models.cli.test_model_trace_data.TestModelTraceDataEdgeCases" name="test_fractional_duration" time="0.000" /><testcase classname="unit.models.cli.test_model_trace_data.TestModelTraceDataEdgeCases" name="test_model_config_extra_ignore" time="0.000" /><testcase classname="unit.models.cli.test_model_trace_data.TestModelTraceDataEdgeCases" name="test_validate_assignment" time="0.000" /><testcase classname="unit.models.common.test_model_error_context.TestModelErrorContextInstantiation" name="test_create_empty" time="0.001" /><testcase classname="unit.models.cli.test_model_cli_execution_resources.TestModelCliExecutionResourcesUserContext" name="test_set_user_context_no_session" time="0.001" /><testcase classname="unit.models.common.test_model_flexible_value.TestModelFlexibleValueAutoDetection" name="test_from_any_string" time="0.004" /><testcase classname="unit.models.common.test_model_flexible_value.TestModelFlexibleValueAutoDetection" name="test_from_any_integer" time="0.001" /><testcase classname="unit.models.common.test_model_flexible_value.TestModelFlexibleValueAutoDetection" name="test_from_any_float" time="0.000" /><testcase classname="unit.models.common.test_model_flexible_value.TestModelFlexibleValueAutoDetection" name="test_from_any_boolean" time="0.001" /><testcase classname="unit.models.common.test_model_flexible_value.TestModelFlexibleValueAutoDetection" name="test_from_any_dict" time="0.000" /><testcase classname="unit.mixins.test_mixin_workflow_support.TestSetWorkflowContext" name="test_set_workflow_context_basic" time="0.002" /><testcase classname="unit.models.common.test_model_error_context.TestModelErrorContextInstantiation" name="test_create_with_function_info" time="0.000" /><testcase classname="unit.models.common.test_model_error_context.TestModelErrorContextInstantiation" name="test_create_with_stack_trace" time="0.000" /><testcase classname="unit.models.common.test_model_error_context.TestModelErrorContextInstantiation" name="test_create_with_additional_context" time="0.000" /><testcase classname="unit.models.common.test_model_error_context.TestModelErrorContextFactoryMethods" name="test_with_context_empty" time="0.000" /><testcase classname="unit.models.common.test_model_error_context.TestModelErrorContextFactoryMethods" name="test_with_context_single_value" time="0.000" /><testcase classname="unit.models.common.test_model_error_context.TestModelErrorContextFactoryMethods" name="test_with_context_multiple_values" time="0.000" /><testcase classname="unit.models.common.test_model_error_context.TestModelErrorContextSerialization" name="test_serialize_empty" time="0.000" /><testcase classname="unit.models.common.test_model_error_context.TestModelErrorContextSerialization" name="test_serialize_with_data" time="0.000" /><testcase classname="unit.models.common.test_model_error_context.TestModelErrorContextSerialization" name="test_model_dump" time="0.000" /><testcase classname="unit.models.common.test_model_error_context.TestModelErrorContextProtocols" name="test_validate_instance" time="0.000" /><testcase classname="unit.models.common.test_model_error_context.TestModelErrorContextProtocols" name="test_validate_instance_with_data" time="0.000" /><testcase classname="unit.models.common.test_model_error_context.TestModelErrorContextEdgeCases" name="test_all_fields_populated" time="0.000" /><testcase classname="unit.models.common.test_model_error_context.TestModelErrorContextEdgeCases" name="test_zero_line_number" time="0.000" /><testcase classname="unit.models.common.test_model_error_context.TestModelErrorContextEdgeCases" name="test_negative_line_number" time="0.000" /><testcase classname="unit.models.common.test_model_error_context.TestModelErrorContextEdgeCases" name="test_empty_string_fields" time="0.000" /><testcase classname="unit.models.common.test_model_error_context.TestModelErrorContextEdgeCases" name="test_additional_context_with_various_types" time="0.000" /><testcase classname="unit.models.common.test_model_error_context.TestModelErrorContextEdgeCases" name="test_large_stack_trace" time="0.000" /><testcase classname="unit.models.common.test_model_error_context.TestModelErrorContextEdgeCases" name="test_special_characters_in_fields" time="0.000" /><testcase classname="unit.models.common.test_model_flexible_value.TestModelFlexibleValueInstantiation" name="test_create_from_string" time="0.001" /><testcase classname="unit.models.common.test_model_flexible_value.TestModelFlexibleValueInstantiation" name="test_create_from_integer" time="0.000" /><testcase classname="unit.models.common.test_model_flexible_value.TestModelFlexibleValueInstantiation" name="test_create_from_float" time="0.001" /><testcase classname="unit.models.common.test_model_flexible_value.TestModelFlexibleValueInstantiation" name="test_create_from_boolean" time="0.000" /><testcase classname="unit.models.common.test_model_flexible_value.TestModelFlexibleValueInstantiation" name="test_create_from_uuid" time="0.000" /><testcase classname="unit.models.common.test_model_flexible_value.TestModelFlexibleValueInstantiation" name="test_create_from_none" time="0.000" /><testcase classname="unit.models.common.test_model_flexible_value.TestModelFlexibleValueCollections" name="test_create_from_dict_value" time="0.000" /><testcase classname="unit.models.common.test_model_flexible_value.TestModelFlexibleValueCollections" name="test_create_from_raw_dict" time="0.000" /><testcase classname="unit.models.common.test_model_flexible_value.TestModelFlexibleValueCollections" name="test_create_from_list" time="0.000" /><testcase classname="unit.models.common.test_model_flexible_value.TestModelFlexibleValueAutoDetection" name="test_from_any_list" time="0.000" /><testcase classname="unit.models.common.test_model_flexible_value.TestModelFlexibleValueAutoDetection" name="test_from_any_uuid" time="0.000" /><testcase classname="unit.models.common.test_model_flexible_value.TestModelFlexibleValueAutoDetection" name="test_from_any_none" time="0.000" /><testcase classname="unit.models.common.test_model_flexible_value.TestModelFlexibleValueRetrieval" name="test_get_value_string" time="0.000" /><testcase classname="unit.models.common.test_model_flexible_value.TestModelFlexibleValueRetrieval" name="test_get_value_integer" time="0.000" /><testcase classname="unit.models.common.test_model_flexible_value.TestModelFlexibleValueRetrieval" name="test_get_value_float" time="0.000" /><testcase classname="unit.models.common.test_model_flexible_value.TestModelFlexibleValueRetrieval" name="test_get_value_boolean" time="0.000" /><testcase classname="unit.models.common.test_model_flexible_value.TestModelFlexibleValueRetrieval" name="test_get_value_none" time="0.000" /><testcase classname="unit.models.common.test_model_flexible_value.TestModelFlexibleValueRetrieval" name="test_get_python_type" time="0.000" /><testcase classname="unit.models.common.test_model_flexible_value.TestModelFlexibleValueValidation" name="test_validation_single_value" time="0.000" /><testcase classname="unit.models.common.test_model_flexible_value.TestModelFlexibleValueValidation" name="test_validation_none_type_with_values" time="0.000" /><testcase classname="unit.models.common.test_model_flexible_value.TestModelFlexibleValueValidation" name="test_validation_missing_required_value" time="0.000" /><testcase classname="unit.models.common.test_model_flexible_value.TestModelFlexibleValueValidation" name="test_validation_wrong_value_type" time="0.000" /><testcase classname="unit.models.common.test_model_flexible_value.TestModelFlexibleValueComparison" name="test_compare_value_same_type" time="0.000" /><testcase classname="unit.models.common.test_model_flexible_value.TestModelFlexibleValueComparison" name="test_compare_value_different_values" time="0.000" /><testcase classname="unit.models.common.test_model_flexible_value.TestModelFlexibleValueComparison" name="test_compare_value_with_raw_value" time="0.000" /><testcase classname="unit.models.common.test_model_flexible_value.TestModelFlexibleValueComparison" name="test_equality_operator" time="0.000" /><testcase classname="unit.models.common.test_model_flexible_value.TestModelFlexibleValueComparison" name="test_equality_with_raw_value" time="0.000" /><testcase classname="unit.models.common.test_model_flexible_value.TestModelFlexibleValueTypeChecks" name="test_is_none" time="0.000" /><testcase classname="unit.models.common.test_model_flexible_value.TestModelFlexibleValueTypeChecks" name="test_is_primitive" time="0.000" /><testcase classname="unit.models.common.test_model_flexible_value.TestModelFlexibleValueTypeChecks" name="test_is_collection" time="0.000" /><testcase classname="unit.models.common.test_model_flexible_value.TestModelFlexibleValueConversion" name="test_to_schema_value" time="0.000" /><testcase classname="unit.models.cli.test_model_cli_result.TestModelCliResultFactoryMethods" name="test_create_failure_minimal" time="0.001" /><testcase classname="unit.models.common.test_model_flexible_value.TestModelFlexibleValueStringRepresentation" name="test_repr_representation" time="0.000" /><testcase classname="unit.models.common.test_model_flexible_value.TestModelFlexibleValueSerialization" name="test_serialize" time="0.000" /><testcase classname="unit.models.common.test_model_flexible_value.TestModelFlexibleValueSerialization" name="test_validate_instance" time="0.001" /><testcase classname="unit.models.cli.test_model_cli_result.TestModelCliResultDataManagement" name="test_get_metadata_type_conversion_bool" time="0.001" /><testcase classname="unit.models.common.test_model_flexible_value.TestModelFlexibleValueEdgeCases" name="test_empty_string" time="0.001" /><testcase classname="unit.models.common.test_model_numeric_value.TestModelNumericValueComparison" name="test_compare_value_equal" time="0.000" /><testcase classname="unit.models.common.test_model_numeric_value.TestModelNumericValueComparison" name="test_compare_value_different" time="0.000" /><testcase classname="unit.models.common.test_model_flexible_value.TestModelFlexibleValueEdgeCases" name="test_zero_integer" time="0.000" /><testcase classname="unit.models.common.test_model_flexible_value.TestModelFlexibleValueEdgeCases" name="test_negative_integer" time="0.000" /><testcase classname="unit.models.common.test_model_flexible_value.TestModelFlexibleValueEdgeCases" name="test_empty_list" time="0.000" /><testcase classname="unit.models.common.test_model_numeric_value.TestModelNumericValueComparison" name="test_compare_with_float" time="0.000" /><testcase classname="unit.models.common.test_model_numeric_value.TestModelNumericValueComparison" name="test_equality_operator_with_numeric_value" time="0.000" /><testcase classname="unit.models.common.test_model_numeric_value.TestModelNumericValueComparison" name="test_equality_operator_with_int" time="0.000" /><testcase classname="unit.models.common.test_model_numeric_value.TestModelNumericValueComparison" name="test_equality_operator_with_float" time="0.000" /><testcase classname="unit.models.common.test_model_numeric_value.TestModelNumericValueComparison" name="test_inequality_operator" time="0.000" /><testcase classname="unit.models.common.test_model_numeric_value.TestModelNumericValueComparison" name="test_less_than" time="0.000" /><testcase classname="unit.models.common.test_model_flexible_value.TestModelFlexibleValueEdgeCases" name="test_empty_dict" time="0.000" /><testcase classname="unit.models.common.test_model_flexible_value.TestModelFlexibleValueEdgeCases" name="test_source_field" time="0.000" /><testcase classname="unit.models.common.test_model_flexible_value.TestModelFlexibleValueEdgeCases" name="test_nested_collections" time="0.001" /><testcase classname="unit.models.common.test_model_numeric_value.TestModelNumericValueComparison" name="test_less_than_or_equal" time="0.000" /><testcase classname="unit.models.common.test_model_numeric_value.TestModelNumericValueComparison" name="test_greater_than" time="0.000" /><testcase classname="unit.models.common.test_model_numeric_value.TestModelNumericValueInstantiation" name="test_create_from_int" time="0.000" /><testcase classname="unit.models.common.test_model_numeric_value.TestModelNumericValueComparison" name="test_greater_than_or_equal" time="0.000" /><testcase classname="unit.models.common.test_model_numeric_value.TestModelNumericValueSerialization" name="test_serialize" time="0.000" /><testcase classname="unit.models.common.test_model_numeric_value.TestModelNumericValueSerialization" name="test_model_dump" time="0.000" /><testcase classname="unit.models.common.test_model_numeric_value.TestModelNumericValueInstantiation" name="test_create_from_float" time="0.000" /><testcase classname="unit.models.common.test_model_numeric_value.TestModelNumericValueSerialization" name="test_validate_instance" time="0.000" /><testcase classname="unit.models.common.test_model_numeric_value.TestModelNumericValueEdgeCases" name="test_zero_integer" time="0.000" /><testcase classname="unit.models.common.test_model_numeric_value.TestModelNumericValueEdgeCases" name="test_negative_integer" time="0.000" /><testcase classname="unit.models.common.test_model_numeric_value.TestModelNumericValueInstantiation" name="test_create_from_numeric_int" time="0.001" /><testcase classname="unit.models.common.test_model_numeric_value.TestModelNumericValueEdgeCases" name="test_negative_float" time="0.000" /><testcase classname="unit.models.common.test_model_numeric_value.TestModelNumericValueInstantiation" name="test_create_from_numeric_float" time="0.000" /><testcase classname="unit.models.common.test_model_numeric_value.TestModelNumericValueEdgeCases" name="test_very_large_integer" time="0.000" /><testcase classname="unit.models.common.test_model_numeric_value.TestModelNumericValueInstantiation" name="test_create_with_source" time="0.000" /><testcase classname="unit.models.common.test_model_numeric_value.TestModelNumericValueValidation" name="test_invalid_value_type_string" time="0.000" /><testcase classname="unit.models.common.test_model_numeric_value.TestModelNumericValueValidation" name="test_invalid_value_type_list" time="0.000" /><testcase classname="unit.models.common.test_model_numeric_value.TestModelNumericValueEdgeCases" name="test_very_small_float" time="0.001" /><testcase classname="unit.models.common.test_model_numeric_value.TestModelNumericValueValidation" name="test_invalid_value_type_dict" time="0.000" /><testcase classname="unit.models.common.test_model_numeric_value.TestModelNumericValueValidation" name="test_invalid_value_type_none" time="0.000" /><testcase classname="unit.models.common.test_model_numeric_value.TestModelNumericValueRetrieval" name="test_as_int" time="0.000" /><testcase classname="unit.models.common.test_model_numeric_value.TestModelNumericValueRetrieval" name="test_as_float" time="0.000" /><testcase classname="unit.models.common.test_model_numeric_value.TestModelNumericValueEdgeCases" name="test_float_precision" time="0.000" /><testcase classname="unit.models.common.test_model_numeric_value.TestModelNumericValueRetrieval" name="test_integer_value_property" time="0.000" /><testcase classname="unit.models.common.test_model_numeric_value.TestModelNumericValueRetrieval" name="test_float_value_property" time="0.000" /><testcase classname="unit.models.common.test_model_numeric_value.TestModelNumericValueRetrieval" name="test_to_python_value_integer" time="0.000" /><testcase classname="unit.models.common.test_model_numeric_value.TestModelNumericValueRetrieval" name="test_to_python_value_float" time="0.000" /><testcase classname="unit.models.common.test_model_numeric_value.TestModelNumericValueRetrieval" name="test_to_original_type_integer" time="0.000" /><testcase classname="unit.models.common.test_model_numeric_value.TestModelNumericValueEdgeCases" name="test_integer_to_float_conversion" time="0.000" /><testcase classname="unit.models.common.test_model_numeric_value.TestModelNumericValueEdgeCases" name="test_comparison_cross_type" time="0.000" /><testcase classname="unit.models.common.test_model_numeric_value.TestModelNumericValueEdgeCases" name="test_source_preservation" time="0.000" /><testcase classname="unit.models.common.test_model_numeric_value.TestModelNumericValueEdgeCases" name="test_validation_flag" time="0.000" /><testcase classname="unit.models.common.test_model_numeric_value.TestModelNumericValueEdgeCases" name="test_equality_with_non_numeric" time="0.000" /><testcase classname="unit.models.common.test_model_typed_mapping.TestModelTypedMapping" name="test_model_initialization" time="0.000" /><testcase classname="unit.models.cli.test_model_cli_result_formatter.TestModelCliResultFormatterErrorFormatting" name="test_format_error_message_only" time="0.001" /><testcase classname="unit.models.common.test_model_typed_mapping.TestModelTypedMapping" name="test_model_constants" time="0.001" /><testcase classname="unit.models.common.test_model_typed_mapping.TestModelTypedMapping" name="test_set_string" time="0.000" /><testcase classname="unit.models.common.test_model_typed_mapping.TestModelTypedMapping" name="test_set_int" time="0.000" /><testcase classname="unit.models.common.test_model_typed_mapping.TestModelTypedMapping" name="test_set_float" time="0.000" /><testcase classname="unit.models.common.test_model_typed_mapping.TestModelTypedMapping" name="test_set_bool" time="0.001" /><testcase classname="unit.models.common.test_model_typed_mapping.TestModelTypedMapping" name="test_set_list" time="0.000" /><testcase classname="unit.models.common.test_model_typed_mapping.TestModelTypedMapping" name="test_set_dict" time="0.000" /><testcase classname="unit.models.common.test_model_typed_mapping.TestModelTypedMapping" name="test_set_dict_depth_limit" time="0.000" /><testcase classname="unit.models.common.test_model_typed_mapping.TestModelTypedMapping" name="test_set_value_string" time="0.000" /><testcase classname="unit.models.common.test_model_typed_mapping.TestModelTypedMapping" name="test_set_value_int" time="0.000" /><testcase classname="unit.models.common.test_model_typed_mapping.TestModelTypedMapping" name="test_set_value_float" time="0.000" /><testcase classname="unit.models.common.test_model_typed_mapping.TestModelTypedMapping" name="test_set_value_bool" time="0.000" /><testcase classname="unit.models.common.test_model_typed_mapping.TestModelTypedMapping" name="test_set_value_list" time="0.000" /><testcase classname="unit.models.common.test_model_typed_mapping.TestModelTypedMapping" name="test_set_value_dict" time="0.000" /><testcase classname="unit.models.common.test_model_typed_mapping.TestModelTypedMapping" name="test_set_value_none" time="0.000" /><testcase classname="unit.models.common.test_model_typed_mapping.TestModelTypedMapping" name="test_set_value_unsupported_type" time="0.000" /><testcase classname="unit.models.common.test_model_typed_mapping.TestModelTypedMapping" name="test_get_value_existing" time="0.000" /><testcase classname="unit.models.common.test_model_typed_mapping.TestModelTypedMapping" name="test_get_value_missing" time="0.000" /><testcase classname="unit.models.common.test_model_typed_mapping.TestModelTypedMapping" name="test_get_value_default" time="0.000" /><testcase classname="unit.models.common.test_model_typed_mapping.TestModelTypedMapping" name="test_get_string_valid" time="0.000" /><testcase classname="unit.models.common.test_model_typed_mapping.TestModelTypedMapping" name="test_get_string_missing" time="0.000" /><testcase classname="unit.models.common.test_model_typed_mapping.TestModelTypedMapping" name="test_get_string_default" time="0.000" /><testcase classname="unit.models.common.test_model_typed_mapping.TestModelTypedMapping" name="test_get_string_wrong_type" time="0.002" /><testcase classname="unit.models.common.test_model_typed_mapping.TestModelTypedMapping" name="test_get_int_valid" time="0.000" /><testcase classname="unit.models.common.test_model_typed_mapping.TestModelTypedMapping" name="test_get_int_missing" time="0.000" /><testcase classname="unit.models.cli.test_model_cli_result_metadata.TestModelCliResultMetadata" name="test_add_resource_usage" time="0.000" /><testcase classname="unit.models.common.test_model_typed_mapping.TestModelTypedMapping" name="test_get_int_wrong_type" time="0.001" /><testcase classname="unit.models.common.test_model_typed_mapping.TestModelTypedMapping" name="test_get_bool_valid" time="0.000" /><testcase classname="unit.models.common.test_model_typed_mapping.TestModelTypedMapping" name="test_get_bool_missing" time="0.000" /><testcase classname="unit.models.common.test_model_typed_mapping.TestModelTypedMapping" name="test_get_bool_default" time="0.000" /><testcase classname="unit.models.common.test_model_typed_mapping.TestModelTypedMapping" name="test_get_bool_wrong_type" time="0.001" /><testcase classname="unit.models.common.test_model_typed_mapping.TestModelTypedMapping" name="test_has_key_existing" time="0.000" /><testcase classname="unit.models.common.test_model_typed_mapping.TestModelTypedMapping" name="test_has_key_missing" time="0.000" /><testcase classname="unit.models.common.test_model_typed_mapping.TestModelTypedMapping" name="test_keys_empty" time="0.000" /><testcase classname="unit.models.common.test_model_typed_mapping.TestModelTypedMapping" name="test_keys_populated" time="0.000" /><testcase classname="unit.models.common.test_model_typed_mapping.TestModelTypedMapping" name="test_to_python_dict_empty" time="0.000" /><testcase classname="unit.models.common.test_model_typed_mapping.TestModelTypedMapping" name="test_to_python_dict_populated" time="0.001" /><testcase classname="unit.models.common.test_model_typed_mapping.TestModelTypedMapping" name="test_is_valid_empty" time="0.000" /><testcase classname="unit.models.common.test_model_typed_mapping.TestModelTypedMapping" name="test_is_valid_normal_depth" time="0.000" /><testcase classname="unit.models.common.test_model_typed_mapping.TestModelTypedMapping" name="test_is_valid_exceeds_depth" time="0.000" /><testcase classname="unit.models.common.test_model_typed_mapping.TestModelTypedMapping" name="test_get_errors_empty" time="0.000" /><testcase classname="unit.models.common.test_model_typed_mapping.TestModelTypedMapping" name="test_get_errors_depth_exceeded" time="0.000" /><testcase classname="unit.models.common.test_model_typed_mapping.TestModelTypedMapping" name="test_validate_mapping_constraints_normal" time="0.000" /><testcase classname="unit.models.common.test_model_typed_mapping.TestModelTypedMapping" name="test_validate_mapping_constraints_size_limit" time="0.023" /><testcase classname="unit.models.common.test_model_typed_mapping.TestModelTypedMapping" name="test_validate_mapping_constraints_empty_key" time="0.000" /><testcase classname="unit.models.common.test_model_typed_mapping.TestModelTypedMapping" name="test_validate_mapping_constraints_long_key" time="0.000" /><testcase classname="unit.models.common.test_model_typed_mapping.TestModelTypedMapping" name="test_validate_mapping_constraints_null_byte_key" time="0.000" /><testcase classname="unit.models.common.test_model_typed_mapping.TestModelTypedMapping" name="test_validate_mapping_constraints_control_char_key" time="0.000" /><testcase classname="unit.models.common.test_model_typed_mapping.TestModelTypedMapping" name="test_validate_mapping_constraints_valid_whitespace_key" time="0.001" /><testcase classname="unit.models.common.test_model_typed_mapping.TestModelTypedMapping" name="test_get_mapping_constraint_errors_normal" time="0.000" /><testcase classname="unit.models.cli.test_model_output_format_options.TestModelOutputFormatOptionsCustomOptions" name="test_get_custom_option_existing" time="0.001" /><testcase classname="unit.models.common.test_model_typed_mapping.TestModelTypedMapping" name="test_get_mapping_constraint_errors_empty_key" time="0.001" /><testcase classname="unit.models.common.test_model_typed_mapping.TestModelTypedMapping" name="test_get_mapping_constraint_errors_long_key" time="0.001" /><testcase classname="unit.models.common.test_model_typed_mapping.TestModelTypedMapping" name="test_get_mapping_constraint_errors_null_byte_key" time="0.000" /><testcase classname="unit.models.common.test_model_typed_mapping.TestModelTypedMapping" name="test_get_mapping_constraint_errors_control_char_key" time="0.000" /><testcase classname="unit.models.common.test_model_typed_mapping.TestModelTypedMapping" name="test_validate_all_containers_empty" time="0.000" /><testcase classname="unit.models.common.test_model_typed_mapping.TestModelTypedMapping" name="test_validate_all_containers_populated" time="0.000" /><testcase classname="unit.models.common.test_model_typed_mapping.TestModelTypedMapping" name="test_get_invalid_containers_empty" time="0.000" /><testcase classname="unit.models.common.test_model_typed_mapping.TestModelTypedMapping" name="test_get_invalid_containers_all_valid" time="0.000" /><testcase classname="unit.models.common.test_model_typed_mapping.TestModelTypedMapping" name="test_is_container_valid_existing" time="0.000" /><testcase classname="unit.models.common.test_model_typed_mapping.TestModelTypedMapping" name="test_is_container_valid_missing" time="0.002" /><testcase classname="unit.models.common.test_model_typed_mapping.TestModelTypedMapping" name="test_model_serialization" time="0.001" /><testcase classname="unit.models.common.test_model_typed_mapping.TestModelTypedMapping" name="test_model_deserialization" time="0.000" /><testcase classname="unit.models.common.test_model_typed_mapping.TestModelTypedMapping" name="test_model_json_serialization" time="0.000" /><testcase classname="unit.models.common.test_model_typed_mapping.TestModelTypedMapping" name="test_model_roundtrip" time="0.000" /><testcase classname="unit.models.common.test_model_typed_mapping.TestModelTypedMapping" name="test_model_equality" time="0.000" /><testcase classname="unit.models.common.test_model_typed_mapping.TestModelTypedMapping" name="test_model_str" time="0.000" /><testcase classname="unit.models.common.test_model_typed_mapping.TestModelTypedMapping" name="test_model_repr" time="0.000" /><testcase classname="unit.models.common.test_model_typed_mapping.TestModelTypedMapping" name="test_model_attributes" time="0.000" /><testcase classname="unit.models.common.test_model_typed_mapping.TestModelTypedMapping" name="test_model_metadata" time="0.000" /><testcase classname="unit.models.common.test_model_typed_mapping.TestModelTypedMapping" name="test_model_copy" time="0.000" /><testcase classname="unit.models.common.test_model_typed_mapping.TestModelTypedMapping" name="test_model_immutability" time="0.000" /><testcase classname="unit.models.common.test_model_value_container.TestModelValueContainer" name="test_model_initialization" time="0.000" /><testcase classname="unit.models.common.test_model_value_container.TestModelValueContainer" name="test_model_inheritance" time="0.000" /><testcase classname="unit.models.common.test_model_value_container.TestModelValueContainer" name="test_model_with_metadata" time="0.000" /><testcase classname="unit.models.cli.test_model_performance_metrics.TestModelPerformanceMetricsEdgeCases" name="test_cpu_usage_over_100" time="0.000" /><testcase classname="unit.models.common.test_model_value_container.TestModelValueContainer" name="test_type_name_property" time="0.000" /><testcase classname="unit.models.common.test_model_value_container.TestModelValueContainer" name="test_is_type_method" time="0.000" /><testcase classname="unit.models.common.test_model_value_container.TestModelValueContainer" name="test_is_json_serializable_string" time="0.000" /><testcase classname="unit.models.common.test_model_value_container.TestModelValueContainer" name="test_is_json_serializable_int" time="0.000" /><testcase classname="unit.models.common.test_model_value_container.TestModelValueContainer" name="test_is_json_serializable_float" time="0.000" /><testcase classname="unit.models.common.test_model_value_container.TestModelValueContainer" name="test_is_json_serializable_bool" time="0.000" /><testcase classname="unit.models.common.test_model_value_container.TestModelValueContainer" name="test_is_json_serializable_list" time="0.000" /><testcase classname="unit.models.common.test_model_value_container.TestModelValueContainer" name="test_is_json_serializable_dict" time="0.000" /><testcase classname="unit.models.common.test_model_value_container.TestModelValueContainer" name="test_is_json_serializable_none" time="0.000" /><testcase classname="unit.models.common.test_model_value_container.TestModelValueContainer" name="test_validate_serializable_valid" time="0.000" /><testcase classname="unit.models.common.test_model_value_container.TestModelValueContainer" name="test_validate_serializable_invalid" time="0.003" /><testcase classname="unit.models.common.test_model_value_container.TestModelValueContainer" name="test_is_valid_string" time="0.000" /><testcase classname="unit.models.common.test_model_value_container.TestModelValueContainer" name="test_is_valid_empty_string_without_metadata" time="0.000" /><testcase classname="unit.models.common.test_model_value_container.TestModelValueContainer" name="test_is_valid_empty_string_with_metadata" time="0.000" /><testcase classname="unit.models.common.test_model_value_container.TestModelValueContainer" name="test_is_valid_int" time="0.000" /><testcase classname="unit.models.common.test_model_value_container.TestModelValueContainer" name="test_is_valid_float" time="0.000" /><testcase classname="unit.models.common.test_model_value_container.TestModelValueContainer" name="test_is_valid_float_nan" time="0.000" /><testcase classname="unit.models.common.test_model_value_container.TestModelValueContainer" name="test_is_valid_float_inf" time="0.000" /><testcase classname="unit.models.common.test_model_value_container.TestModelValueContainer" name="test_is_valid_list" time="0.000" /><testcase classname="unit.models.common.test_model_value_container.TestModelValueContainer" name="test_is_valid_large_list" time="0.002" /><testcase classname="unit.models.cli.test_model_cli_output_data.TestModelCliOutputDataValueAccessors" name="test_get_field_value_prioritizes_results" time="0.000" /><testcase classname="unit.models.common.test_model_value_container.TestModelValueContainer" name="test_get_errors_valid" time="0.001" /><testcase classname="unit.models.common.test_model_value_container.TestModelValueContainer" name="test_get_errors_empty_string" time="0.001" /><testcase classname="unit.models.common.test_model_value_container.TestModelValueContainer" name="test_get_errors_float_nan" time="0.001" /><testcase classname="unit.models.common.test_model_value_container.TestModelValueContainer" name="test_is_valid_dict" time="0.001" /><testcase classname="unit.models.common.test_model_value_container.TestModelValueContainer" name="test_is_valid_large_dict" time="0.001" /><testcase classname="unit.models.common.test_model_value_container.TestModelValueContainer" name="test_is_valid_dict_non_string_keys" time="0.000" /><testcase classname="unit.models.common.test_model_value_container.TestModelValueContainer" name="test_get_errors_float_inf" time="0.001" /><testcase classname="unit.models.common.test_model_value_container.TestModelValueContainer" name="test_get_errors_large_list" time="0.004" /><testcase classname="unit.models.common.test_model_value_container.TestModelValueContainer" name="test_get_errors_large_dict" time="0.002" /><testcase classname="unit.models.common.test_model_value_container.TestModelValueContainer" name="test_get_errors_dict_non_string_keys" time="0.000" /><testcase classname="unit.models.cli.test_model_result_summary.TestModelResultSummaryProtocols" name="test_set_name_no_field" time="0.001" /><testcase classname="unit.models.common.test_model_value_container.TestModelValueContainer" name="test_get_errors_metadata_too_large" time="0.000" /><testcase classname="unit.models.common.test_model_value_container.TestModelValueContainer" name="test_validate_metadata_long_value" time="0.001" /><testcase classname="unit.models.common.test_model_value_container.TestModelValueContainer" name="test_validate_type_specific_constraints_string" time="0.000" /><testcase classname="unit.models.common.test_model_value_container.TestModelValueContainer" name="test_validate_type_specific_constraints_empty_string" time="0.000" /><testcase classname="unit.models.common.test_model_value_container.TestModelValueContainer" name="test_get_type_specific_errors_string" time="0.000" /><testcase classname="unit.models.common.test_model_value_container.TestModelValueContainer" name="test_get_type_specific_errors_empty_string" time="0.000" /><testcase classname="unit.models.common.test_model_value_container.TestModelValueContainer" name="test_validate_type_specific_constraints_empty_string_allowed" time="0.001" /><testcase classname="unit.models.common.test_model_value_container.TestModelValueContainer" name="test_get_type_specific_errors_float_nan" time="0.000" /><testcase classname="unit.models.common.test_model_value_container.TestModelValueContainer" name="test_validate_type_specific_constraints_int" time="0.000" /><testcase classname="unit.models.common.test_model_value_container.TestModelValueContainer" name="test_validate_type_specific_constraints_float" time="0.000" /><testcase classname="unit.models.common.test_model_value_container.TestModelValueContainer" name="test_get_type_specific_errors_float_inf" time="0.000" /><testcase classname="unit.models.common.test_model_value_container.TestModelValueContainer" name="test_get_type_specific_errors_large_list" time="0.002" /><testcase classname="unit.models.common.test_model_value_container.TestModelValueContainer" name="test_validate_type_specific_constraints_float_nan" time="0.000" /><testcase classname="unit.models.common.test_model_value_container.TestModelValueContainer" name="test_validate_type_specific_constraints_float_inf" time="0.000" /><testcase classname="unit.models.common.test_model_value_container.TestModelValueContainer" name="test_validate_type_specific_constraints_list" time="0.000" /><testcase classname="unit.models.common.test_model_value_container.TestModelValueContainer" name="test_validate_type_specific_constraints_large_list" time="0.001" /><testcase classname="unit.models.common.test_model_value_container.TestModelValueContainer" name="test_validate_type_specific_constraints_dict" time="0.000" /><testcase classname="unit.models.common.test_model_value_container.TestModelValueContainer" name="test_validate_type_specific_constraints_large_dict" time="0.001" /><testcase classname="unit.models.common.test_model_value_container.TestModelValueContainer" name="test_validate_type_specific_constraints_dict_non_string_keys" time="0.000" /><testcase classname="unit.models.common.test_model_value_container.TestModelValueContainer" name="test_validate_metadata_valid" time="0.000" /><testcase classname="unit.models.common.test_model_value_container.TestModelValueContainer" name="test_validate_metadata_empty" time="0.000" /><testcase classname="unit.models.common.test_model_value_container.TestModelValueContainer" name="test_get_type_specific_errors_large_dict" time="0.001" /><testcase classname="unit.models.common.test_model_value_container.TestModelValueContainer" name="test_validate_metadata_too_large" time="0.000" /><testcase classname="unit.models.common.test_model_value_container.TestModelValueContainer" name="test_get_type_specific_errors_dict_non_string_keys" time="0.000" /><testcase classname="unit.models.common.test_model_value_container.TestModelValueContainer" name="test_get_metadata_errors_valid" time="0.000" /><testcase classname="unit.models.common.test_model_value_container.TestModelValueContainer" name="test_get_metadata_errors_empty" time="0.000" /><testcase classname="unit.models.common.test_model_value_container.TestModelValueContainer" name="test_get_metadata_errors_too_large" time="0.000" /><testcase classname="unit.models.common.test_model_value_container.TestModelValueContainer" name="test_get_metadata_errors_long_key" time="0.000" /><testcase classname="unit.models.common.test_model_value_container.TestModelValueContainer" name="test_get_metadata_errors_long_value" time="0.000" /><testcase classname="unit.models.common.test_model_value_container.TestModelValueContainer" name="test_model_serialization" time="0.000" /><testcase classname="unit.models.common.test_model_value_container.TestModelValueContainer" name="test_model_deserialization" time="0.000" /><testcase classname="unit.models.common.test_model_value_container.TestModelValueContainer" name="test_model_json_serialization" time="0.000" /><testcase classname="unit.models.common.test_model_value_container.TestModelValueContainer" name="test_model_roundtrip" time="0.000" /><testcase classname="unit.models.common.test_model_value_container.TestModelValueContainer" name="test_model_equality" time="0.000" /><testcase classname="unit.models.common.test_model_value_container.TestModelValueContainer" name="test_model_str" time="0.000" /><testcase classname="unit.models.common.test_model_value_container.TestModelValueContainer" name="test_model_repr" time="0.000" /><testcase classname="unit.models.common.test_model_value_container.TestModelValueContainer" name="test_model_attributes" time="0.000" /><testcase classname="unit.models.common.test_model_value_container.TestModelValueContainer" name="test_model_metadata" time="0.000" /><testcase classname="unit.models.common.test_model_error_context.TestModelErrorContextInstantiation" name="test_create_with_file_info" time="0.001" /><testcase classname="unit.models.common.test_model_value_container.TestModelValueContainer" name="test_model_immutability" time="0.000" /><testcase classname="unit.models.common.test_model_value_container.TestModelValueContainer" name="test_edge_case_none_value" time="0.001" /><testcase classname="unit.models.common.test_model_value_container.TestModelValueContainer" name="test_edge_case_boolean_values" time="0.000" /><testcase classname="unit.models.common.test_model_value_container.TestModelValueContainer" name="test_edge_case_nested_structures" time="0.000" /><testcase classname="unit.models.common.test_model_value_container.TestModelValueContainer" name="test_edge_case_unicode_strings" time="0.000" /><testcase classname="unit.models.common.test_model_value_container.TestModelValueContainer" name="test_edge_case_special_floats" time="0.000" /><testcase classname="unit.models.common.test_model_value_container.TestModelValueContainer" name="test_edge_case_empty_structures" time="0.000" /><testcase classname="unit.models.common.test_model_value_container.TestModelValueContainer" name="test_edge_case_metadata_edge_values" time="0.001" /><testcase classname="unit.models.config.test_model_example.TestModelExample" name="test_default_creation" time="0.000" /><testcase classname="unit.models.config.test_model_example.TestModelExample" name="test_creation_with_all_fields" time="0.000" /><testcase classname="unit.models.config.test_model_example.TestModelExample" name="test_json_serialization" time="0.001" /><testcase classname="unit.models.config.test_model_example.TestModelExample" name="test_json_deserialization" time="0.000" /><testcase classname="unit.models.config.test_model_example.TestModelExample" name="test_round_trip_serialization" time="0.000" /><testcase classname="unit.models.config.test_model_example.TestModelExample" name="test_field_validation" time="0.000" /><testcase classname="unit.models.config.test_model_example.TestModelExampleEdgeCases" name="test_empty_string_handling" time="0.000" /><testcase classname="unit.models.config.test_model_example.TestModelExampleEdgeCases" name="test_unicode_handling" time="0.000" /><testcase classname="unit.models.config.test_model_example.TestModelExampleEdgeCases" name="test_large_string_handling" time="0.001" /><testcase classname="unit.models.config.test_model_example_context_data.TestModelExampleContextData" name="test_initialization_empty" time="0.000" /><testcase classname="unit.models.config.test_model_example_context_data.TestModelExampleContextData" name="test_initialization_with_values" time="0.000" /><testcase classname="unit.models.config.test_model_example_context_data.TestModelExampleContextData" name="test_environment_variables_management" time="0.000" /><testcase classname="unit.models.config.test_model_example_context_data.TestModelExampleContextData" name="test_configuration_overrides_management" time="0.001" /><testcase classname="unit.models.config.test_model_example_context_data.TestModelExampleContextData" name="test_tags_management" time="0.001" /><testcase classname="unit.models.common.test_model_flexible_value.TestModelFlexibleValueCollections" name="test_list_value_conversion" time="0.000" /><testcase classname="unit.models.config.test_model_example_context_data.TestModelExampleContextData" name="test_timeout_validation_positive" time="0.000" /><testcase classname="unit.models.config.test_model_example_context_data.TestModelExampleContextData" name="test_complex_initialization" time="0.000" /><testcase classname="unit.models.config.test_model_example_context_data.TestModelExampleContextData" name="test_pydantic_serialization" time="0.000" /><testcase classname="unit.models.config.test_model_example_context_data.TestModelExampleContextData" name="test_pydantic_deserialization" time="0.000" /><testcase classname="unit.models.config.test_model_example_context_data.TestModelExampleContextData" name="test_model_copy" time="0.000" /><testcase classname="unit.models.config.test_model_example_context_data.TestModelExampleContextData" name="test_model_round_trip" time="0.000" /><testcase classname="unit.models.config.test_model_example_context_data.TestModelExampleContextData" name="test_edge_cases_empty_collections" time="0.000" /><testcase classname="unit.models.config.test_model_example_context_data.TestModelExampleContextData" name="test_edge_cases_none_values" time="0.000" /><testcase classname="unit.models.config.test_model_example_context_data.TestModelExampleContextData" name="test_field_types_validation" time="0.000" /><testcase classname="unit.models.config.test_model_example_context_data.TestModelExampleContextData" name="test_json_serialization" time="0.000" /><testcase classname="unit.models.config.test_model_example_context_data.TestModelExampleContextData" name="test_model_equality" time="0.000" /><testcase classname="unit.models.config.test_model_uri_branches.TestModelOnexUriBranchCoverage" name="test_configure_hasattr_true_branch" time="0.000" /><testcase classname="unit.models.config.test_model_uri_branches.TestModelOnexUriBranchCoverage" name="test_configure_hasattr_false_branch" time="0.000" /><testcase classname="unit.models.config.test_model_uri_branches.TestModelOnexUriBranchCoverage" name="test_configure_only_nonexistent_attributes" time="0.000" /><testcase classname="unit.models.config.test_model_uri_branches.TestModelOnexUriBranchCoverage" name="test_configure_empty_kwargs" time="0.000" /><testcase classname="unit.models.config.test_model_uri_branches.TestModelOnexUriBranchCoverage" name="test_configure_partial_update" time="0.000" /><testcase classname="unit.models.config.test_model_uri_branches.TestModelOnexUriBranchCoverage" name="test_configure_all_valid_fields" time="0.000" /><testcase classname="unit.models.config.test_model_uri_branches.TestModelOnexUriBranchCoverage" name="test_serialize_protocol" time="0.000" /><testcase classname="unit.models.config.test_model_uri_branches.TestModelOnexUriBranchCoverage" name="test_validate_instance_protocol" time="0.000" /><testcase classname="unit.models.config.test_model_uri_branches.TestModelOnexUriBranchCoverage" name="test_protocol_implementations_chaining" time="0.003" /><testcase classname="unit.models.config.test_model_uri_branches.TestModelOnexUriBranchCoverage" name="test_configure_type_validation_still_enforced" time="0.000" /><testcase classname="unit.models.common.test_model_flexible_value.TestModelFlexibleValueStringRepresentation" name="test_str_representation" time="0.001" /><testcase classname="unit.models.config.test_model_uri_branches.TestModelOnexUriProtocolEdgeCases" name="test_configure_with_none_values" time="0.000" /><testcase classname="unit.models.config.test_model_uri_branches.TestModelOnexUriProtocolEdgeCases" name="test_serialize_after_configure" time="0.000" /><testcase classname="unit.models.config.test_model_uri_branches.TestModelOnexUriProtocolEdgeCases" name="test_validate_instance_always_true" time="0.000" /><testcase classname="unit.models.config.test_model_uri_branches.TestModelOnexUriProtocolEdgeCases" name="test_configure_multiple_times" time="0.000" /><testcase classname="unit.models.config.test_model_uri_branches.TestModelOnexUriProtocolEdgeCases" name="test_configure_with_special_characters" time="0.000" /><testcase classname="unit.models.configuration.test_model_burst_config.TestModelBurstConfigBasics" name="test_create_default" time="0.000" /><testcase classname="unit.models.configuration.test_model_burst_config.TestModelBurstConfigBasics" name="test_create_with_custom_values" time="0.000" /><testcase classname="unit.models.configuration.test_model_burst_config.TestModelBurstConfigMethods" name="test_get_burst_capacity" time="0.000" /><testcase classname="unit.models.configuration.test_model_burst_config.TestModelBurstConfigMethods" name="test_get_burst_capacity_with_max" time="0.000" /><testcase classname="unit.models.configuration.test_model_burst_config.TestModelBurstConfigMethods" name="test_get_burst_threshold" time="0.000" /><testcase classname="unit.models.configuration.test_model_burst_config.TestModelBurstConfigMethods" name="test_is_burst_triggered_enabled" time="0.000" /><testcase classname="unit.models.configuration.test_model_burst_config.TestModelBurstConfigMethods" name="test_is_burst_triggered_disabled" time="0.000" /><testcase classname="unit.models.configuration.test_model_burst_config.TestModelBurstConfigMethods" name="test_calculate_degraded_capacity" time="0.000" /><testcase classname="unit.models.configuration.test_model_burst_config.TestModelBurstConfigMethods" name="test_should_warn_about_burst" time="0.000" /><testcase classname="unit.models.configuration.test_model_burst_config.TestModelBurstConfigMethods" name="test_can_allow_overflow" time="0.000" /><testcase classname="unit.models.configuration.test_model_burst_config.TestModelBurstConfigMethods" name="test_calculate_overflow_penalty" time="0.000" /><testcase classname="unit.models.configuration.test_model_burst_config.TestModelBurstConfigMethods" name="test_is_in_cooldown" time="0.000" /><testcase classname="unit.models.configuration.test_model_burst_config.TestModelBurstConfigMethods" name="test_is_in_grace_period" time="0.000" /><testcase classname="unit.models.configuration.test_model_burst_config.TestModelBurstConfigMethods" name="test_get_adaptive_burst_size" time="0.000" /><testcase classname="unit.models.configuration.test_model_burst_config.TestModelBurstConfigMethods" name="test_get_adaptive_burst_size_disabled" time="0.000" /><testcase classname="unit.models.configuration.test_model_burst_config.TestModelBurstConfigSerialization" name="test_serialization" time="0.000" /><testcase classname="unit.models.common.test_model_numeric_value.TestModelNumericValueRetrieval" name="test_to_original_type_float" time="0.000" /><testcase classname="unit.models.configuration.test_model_cache_settings.TestModelCacheSettingsInitialization" name="test_create_default_cache_settings" time="0.000" /><testcase classname="unit.models.configuration.test_model_cache_settings.TestModelCacheSettingsInitialization" name="test_cache_settings_with_custom_values" time="0.001" /><testcase classname="unit.models.common.test_model_typed_mapping.TestModelTypedMapping" name="test_model_inheritance" time="0.001" /><testcase classname="unit.models.configuration.test_model_cache_settings.TestModelCacheSettingsInitialization" name="test_cache_settings_inheritance" time="0.000" /><testcase classname="unit.models.configuration.test_model_cache_settings.TestModelCacheSettingsAttributes" name="test_cache_settings_attributes" time="0.001" /><testcase classname="unit.models.configuration.test_model_cache_settings.TestModelCacheSettingsValidation" name="test_cache_type_validation" time="0.000" /><testcase classname="unit.models.configuration.test_model_cache_settings.TestModelCacheSettingsAttributes" name="test_cache_settings_docstring" time="0.000" /><testcase classname="unit.models.configuration.test_model_cache_settings.TestModelCacheSettingsAttributes" name="test_cache_settings_class_name" time="0.000" /><testcase classname="unit.models.configuration.test_model_cache_settings.TestModelCacheSettingsAttributes" name="test_cache_settings_module" time="0.000" /><testcase classname="unit.models.configuration.test_model_cache_settings.TestModelCacheSettingsValidation" name="test_compression_level_validation" time="0.000" /><testcase classname="unit.models.configuration.test_model_cache_settings.TestModelCacheSettingsValidation" name="test_eviction_policy_validation" time="0.000" /><testcase classname="unit.models.configuration.test_model_cache_settings.TestModelCacheSettingsSerialization" name="test_cache_settings_serialization" time="0.000" /><testcase classname="unit.models.configuration.test_model_cache_settings.TestModelCacheSettingsSerialization" name="test_cache_settings_deserialization" time="0.000" /><testcase classname="unit.models.configuration.test_model_cache_settings.TestModelCacheSettingsSerialization" name="test_cache_settings_json_serialization" time="0.000" /><testcase classname="unit.models.configuration.test_model_cache_settings.TestModelCacheSettingsSerialization" name="test_cache_settings_roundtrip" time="0.000" /><testcase classname="unit.models.configuration.test_model_cache_settings.TestModelCacheSettingsMethods" name="test_get_effective_ttl_with_default" time="0.000" /><testcase classname="unit.models.configuration.test_model_cache_settings.TestModelCacheSettingsMethods" name="test_get_effective_ttl_with_requested" time="0.000" /><testcase classname="unit.models.configuration.test_model_cache_settings.TestModelCacheSettingsMethods" name="test_get_effective_ttl_with_max_limit" time="0.000" /><testcase classname="unit.models.configuration.test_model_cache_settings.TestModelCacheSettingsMethods" name="test_get_effective_ttl_when_disabled" time="0.000" /><testcase classname="unit.models.configuration.test_model_cache_settings.TestModelCacheSettingsMethods" name="test_get_effective_ttl_negative_clamping" time="0.000" /><testcase classname="unit.models.configuration.test_model_cache_settings.TestModelCacheSettingsEdgeCases" name="test_compression_disabled_by_default" time="0.000" /><testcase classname="unit.models.configuration.test_model_cache_settings.TestModelCacheSettingsEdgeCases" name="test_statistics_enabled_by_default" time="0.000" /><testcase classname="unit.models.configuration.test_model_cache_settings.TestModelCacheSettingsEdgeCases" name="test_invalidation_enabled_by_default" time="0.000" /><testcase classname="unit.models.configuration.test_model_cache_settings.TestModelCacheSettingsEdgeCases" name="test_invalidation_patterns_default_empty" time="0.000" /><testcase classname="unit.models.configuration.test_model_cache_settings.TestModelCacheSettingsEdgeCases" name="test_key_prefix_none_by_default" time="0.000" /><testcase classname="unit.models.configuration.test_model_cache_settings.TestModelCacheSettingsEdgeCases" name="test_key_hash_algorithm_default" time="0.000" /><testcase classname="unit.models.configuration.test_model_cache_settings.TestModelCacheSettingsAttributes" name="test_cache_settings_copy" time="0.000" /><testcase classname="unit.models.configuration.test_model_cache_settings.TestModelCacheSettingsAttributes" name="test_cache_settings_equality" time="0.001" /><testcase classname="unit.models.configuration.test_model_cache_settings.TestModelCacheSettingsAttributes" name="test_cache_settings_str_repr" time="0.000" /><testcase classname="unit.models.configuration.test_model_circuit_breaker.TestModelCircuitBreakerInitialization" name="test_create_default_circuit_breaker" time="0.000" /><testcase classname="unit.models.configuration.test_model_circuit_breaker.TestModelCircuitBreakerInitialization" name="test_circuit_breaker_with_custom_values" time="0.002" /><testcase classname="unit.models.configuration.test_model_circuit_breaker.TestModelCircuitBreakerInitialization" name="test_circuit_breaker_inheritance" time="0.000" /><testcase classname="unit.models.configuration.test_model_circuit_breaker.TestModelCircuitBreakerValidation" name="test_failure_threshold_validation" time="0.000" /><testcase classname="unit.models.configuration.test_model_circuit_breaker.TestModelCircuitBreakerValidation" name="test_success_threshold_validation" time="0.000" /><testcase classname="unit.models.configuration.test_model_circuit_breaker.TestModelCircuitBreakerValidation" name="test_timeout_seconds_validation" time="0.001" /><testcase classname="unit.models.configuration.test_model_circuit_breaker.TestModelCircuitBreakerValidation" name="test_state_pattern_validation" time="0.001" /><testcase classname="unit.models.configuration.test_model_circuit_breaker.TestModelCircuitBreakerValidation" name="test_failure_rate_threshold_validation" time="0.001" /><testcase classname="unit.models.configuration.test_model_circuit_breaker.TestModelCircuitBreakerSerialization" name="test_circuit_breaker_serialization" time="0.001" /><testcase classname="unit.models.configuration.test_model_circuit_breaker.TestModelCircuitBreakerSerialization" name="test_circuit_breaker_deserialization" time="0.000" /><testcase classname="unit.models.configuration.test_model_circuit_breaker.TestModelCircuitBreakerSerialization" name="test_circuit_breaker_json_serialization" time="0.000" /><testcase classname="unit.models.configuration.test_model_circuit_breaker.TestModelCircuitBreakerSerialization" name="test_circuit_breaker_roundtrip" time="0.000" /><testcase classname="unit.models.configuration.test_model_circuit_breaker.TestModelCircuitBreakerStateManagement" name="test_should_allow_request_when_disabled" time="0.000" /><testcase classname="unit.models.common.test_model_typed_mapping.TestModelTypedMapping" name="test_get_int_default" time="0.001" /><testcase classname="unit.models.configuration.test_model_circuit_breaker.TestModelCircuitBreakerStateManagement" name="test_should_deny_request_when_open" time="0.002" /><testcase classname="unit.models.configuration.test_model_circuit_breaker.TestModelCircuitBreakerStateManagement" name="test_should_allow_limited_requests_when_half_open" time="0.001" /><testcase classname="unit.models.configuration.test_model_circuit_breaker.TestModelCircuitBreakerFailureTracking" name="test_record_success" time="0.001" /><testcase classname="unit.models.configuration.test_model_circuit_breaker.TestModelCircuitBreakerFailureTracking" name="test_record_failure" time="0.001" /><testcase classname="unit.models.configuration.test_model_circuit_breaker.TestModelCircuitBreakerFailureTracking" name="test_record_slow_call" time="0.001" /><testcase classname="unit.models.configuration.test_model_circuit_breaker.TestModelCircuitBreakerFailureTracking" name="test_record_slow_call_below_threshold" time="0.000" /><testcase classname="unit.models.configuration.test_model_circuit_breaker.TestModelCircuitBreakerFailureTracking" name="test_get_failure_rate" time="0.000" /><testcase classname="unit.models.configuration.test_model_circuit_breaker.TestModelCircuitBreakerStateTransitions" name="test_transition_to_open_on_threshold" time="0.003" /><testcase classname="unit.models.configuration.test_model_circuit_breaker.TestModelCircuitBreakerStateTransitions" name="test_transition_to_half_open_after_timeout" time="0.001" /><testcase classname="unit.models.configuration.test_model_circuit_breaker.TestModelCircuitBreakerStateTransitions" name="test_transition_to_closed_on_success" time="0.001" /><testcase classname="unit.models.configuration.test_model_circuit_breaker.TestModelCircuitBreakerStateTransitions" name="test_transition_back_to_open_on_half_open_failure" time="0.000" /><testcase classname="unit.models.configuration.test_model_circuit_breaker.TestModelCircuitBreakerManualControl" name="test_force_open" time="0.000" /><testcase classname="unit.models.configuration.test_model_circuit_breaker.TestModelCircuitBreakerManualControl" name="test_force_close" time="0.000" /><testcase classname="unit.models.configuration.test_model_circuit_breaker.TestModelCircuitBreakerManualControl" name="test_reset_state" time="0.001" /><testcase classname="unit.models.configuration.test_model_circuit_breaker.TestModelCircuitBreakerFactoryMethods" name="test_create_fast_fail" time="0.000" /><testcase classname="unit.models.configuration.test_model_circuit_breaker.TestModelCircuitBreakerFactoryMethods" name="test_create_resilient" time="0.000" /><testcase classname="unit.models.configuration.test_model_circuit_breaker.TestModelCircuitBreakerFactoryMethods" name="test_create_disabled" time="0.000" /><testcase classname="unit.models.configuration.test_model_circuit_breaker.TestModelCircuitBreakerEdgeCases" name="test_cleanup_old_data" time="0.000" /><testcase classname="unit.models.configuration.test_model_circuit_breaker.TestModelCircuitBreakerEdgeCases" name="test_minimum_request_threshold" time="0.000" /><testcase classname="unit.models.configuration.test_model_circuit_breaker.TestModelCircuitBreakerEdgeCases" name="test_get_current_state_when_disabled" time="0.000" /><testcase classname="unit.models.common.test_model_typed_mapping.TestModelTypedMapping" name="test_get_mapping_constraint_errors_size_limit" time="0.036" /><testcase classname="unit.models.common.test_model_value_container.TestModelValueContainer" name="test_python_type_property" time="0.001" /><testcase classname="unit.models.configuration.test_model_compute_cache_config.TestModelComputeCacheConfigSerialization" name="test_config_json_serialization" time="0.001" /><testcase classname="unit.models.configuration.test_model_compute_cache_config.TestModelComputeCacheConfigSerialization" name="test_config_roundtrip" time="0.000" /><testcase classname="unit.models.configuration.test_model_compute_cache_config.TestModelComputeCacheConfigMethods" name="test_get_ttl_minutes_conversion" time="0.001" /><testcase classname="unit.models.configuration.test_model_compute_cache_config.TestModelComputeCacheConfigMethods" name="test_get_ttl_minutes_with_none" time="0.000" /><testcase classname="unit.models.configuration.test_model_compute_cache_config.TestModelComputeCacheConfigMethods" name="test_get_ttl_minutes_with_partial_minutes" time="0.000" /><testcase classname="unit.models.configuration.test_model_compute_cache_config.TestModelComputeCacheConfigMethods" name="test_get_effective_ttl_seconds" time="0.000" /><testcase classname="unit.models.configuration.test_model_circuit_breaker.TestModelCircuitBreakerEdgeCases" name="test_record_failure_when_disabled" time="0.000" /><testcase classname="unit.models.configuration.test_model_circuit_breaker.TestModelCircuitBreakerEdgeCases" name="test_slow_call_when_disabled" time="0.000" /><testcase classname="unit.models.configuration.test_model_compute_cache_config.TestModelComputeCacheConfigMethods" name="test_get_effective_ttl_seconds_with_none" time="0.000" /><testcase classname="unit.models.configuration.test_model_circuit_breaker.TestModelCircuitBreakerEdgeCases" name="test_slow_call_without_threshold" time="0.001" /><testcase classname="unit.models.configuration.test_model_compute_cache_config.TestModelComputeCacheConfigMethods" name="test_validate_memory_requirements_default" time="0.000" /><testcase classname="unit.models.configuration.test_model_circuit_breaker.TestModelCircuitBreakerAttributes" name="test_circuit_breaker_attributes" time="0.000" /><testcase classname="unit.models.configuration.test_model_circuit_breaker.TestModelCircuitBreakerAttributes" name="test_circuit_breaker_docstring" time="0.000" /><testcase classname="unit.models.configuration.test_model_circuit_breaker.TestModelCircuitBreakerAttributes" name="test_circuit_breaker_class_name" time="0.000" /><testcase classname="unit.models.configuration.test_model_circuit_breaker.TestModelCircuitBreakerAttributes" name="test_circuit_breaker_module" time="0.000" /><testcase classname="unit.models.configuration.test_model_circuit_breaker.TestModelCircuitBreakerAttributes" name="test_circuit_breaker_copy" time="0.000" /><testcase classname="unit.models.configuration.test_model_compute_cache_config.TestModelComputeCacheConfigMethods" name="test_validate_memory_requirements_custom_entry_size" time="0.000" /><testcase classname="unit.models.configuration.test_model_compute_cache_config.TestModelComputeCacheConfigMethods" name="test_validate_memory_requirements_large_cache" time="0.000" /><testcase classname="unit.models.configuration.test_model_compute_cache_config.TestModelComputeCacheConfigInitialization" name="test_create_default_config" time="0.000" /><testcase classname="unit.models.configuration.test_model_compute_cache_config.TestModelComputeCacheConfigInitialization" name="test_config_with_custom_values" time="0.000" /><testcase classname="unit.models.configuration.test_model_compute_cache_config.TestModelComputeCacheConfigEdgeCases" name="test_minimum_max_size" time="0.000" /><testcase classname="unit.models.configuration.test_model_compute_cache_config.TestModelComputeCacheConfigInitialization" name="test_config_inheritance" time="0.000" /><testcase classname="unit.models.configuration.test_model_compute_cache_config.TestModelComputeCacheConfigValidation" name="test_max_size_validation_bounds" time="0.000" /><testcase classname="unit.models.configuration.test_model_compute_cache_config.TestModelComputeCacheConfigValidation" name="test_max_size_validation_errors" time="0.001" /><testcase classname="unit.models.configuration.test_model_compute_cache_config.TestModelComputeCacheConfigEdgeCases" name="test_maximum_max_size" time="0.000" /><testcase classname="unit.models.configuration.test_model_compute_cache_config.TestModelComputeCacheConfigEdgeCases" name="test_minimum_ttl_seconds" time="0.000" /><testcase classname="unit.models.configuration.test_model_compute_cache_config.TestModelComputeCacheConfigEdgeCases" name="test_stats_enabled_by_default" time="0.000" /><testcase classname="unit.models.configuration.test_model_compute_cache_config.TestModelComputeCacheConfigEdgeCases" name="test_lru_policy_by_default" time="0.000" /><testcase classname="unit.models.configuration.test_model_compute_cache_config.TestModelComputeCacheConfigEdgeCases" name="test_ttl_none_for_no_expiration" time="0.000" /><testcase classname="unit.models.configuration.test_model_compute_cache_config.TestModelComputeCacheConfigValidation" name="test_ttl_seconds_validation" time="0.001" /><testcase classname="unit.models.configuration.test_model_compute_cache_config.TestModelComputeCacheConfigAttributes" name="test_config_attributes" time="0.000" /><testcase classname="unit.models.configuration.test_model_compute_cache_config.TestModelComputeCacheConfigAttributes" name="test_config_docstring" time="0.000" /><testcase classname="unit.models.configuration.test_model_compute_cache_config.TestModelComputeCacheConfigAttributes" name="test_config_class_name" time="0.000" /><testcase classname="unit.models.configuration.test_model_compute_cache_config.TestModelComputeCacheConfigValidation" name="test_ttl_seconds_validation_errors" time="0.000" /><testcase classname="unit.models.configuration.test_model_compute_cache_config.TestModelComputeCacheConfigValidation" name="test_eviction_policy_validation" time="0.001" /><testcase classname="unit.models.configuration.test_model_compute_cache_config.TestModelComputeCacheConfigValidation" name="test_eviction_policy_validation_errors" time="0.001" /><testcase classname="unit.models.configuration.test_model_compute_cache_config.TestModelComputeCacheConfigValidation" name="test_enable_stats_validation" time="0.000" /><testcase classname="unit.models.configuration.test_model_compute_cache_config.TestModelComputeCacheConfigSerialization" name="test_config_serialization" time="0.000" /><testcase classname="unit.models.common.test_model_value_container.TestModelValueContainer" name="test_is_valid_metadata_too_large" time="0.001" /><testcase classname="unit.models.configuration.test_model_compute_cache_config.TestModelComputeCacheConfigAttributes" name="test_config_copy" time="0.001" /><testcase classname="unit.models.configuration.test_model_compute_cache_config.TestModelComputeCacheConfigAttributes" name="test_config_equality" time="0.000" /><testcase classname="unit.models.configuration.test_model_compute_cache_config.TestModelComputeCacheConfigAttributes" name="test_config_str_repr" time="0.001" /><testcase classname="unit.models.configuration.test_model_compute_cache_config.TestModelComputeCacheConfigProductionScenarios" name="test_small_workload_config" time="0.498" /><testcase classname="unit.models.common.test_model_value_container.TestModelValueContainer" name="test_validate_metadata_long_key" time="0.022" /><testcase classname="unit.models.common.test_model_value_container.TestModelValueContainer" name="test_model_copy" time="0.001" /><testcase classname="unit.models.configuration.test_model_database_secure_config.TestConnectionStringGeneration" name="test_sqlite_connection_string" time="0.001" /><testcase classname="unit.models.configuration.test_model_database_secure_config.TestConnectionStringGeneration" name="test_oracle_connection_string" time="0.000" /><testcase classname="unit.models.configuration.test_model_database_secure_config.TestConnectionStringGeneration" name="test_mssql_connection_string" time="0.000" /><testcase classname="unit.models.configuration.test_model_database_secure_config.TestConnectionStringGeneration" name="test_mssql_connection_string_with_ssl" time="0.000" /><testcase classname="unit.models.configuration.test_model_database_secure_config.TestConnectionStringGeneration" name="test_mongodb_connection_string" time="0.000" /><testcase classname="unit.models.configuration.test_model_database_secure_config.TestConnectionStringGeneration" name="test_mongodb_connection_string_with_ssl" time="0.000" /><testcase classname="unit.models.configuration.test_model_database_secure_config.TestConnectionStringParsing" name="test_parse_postgresql_connection_string" time="0.000" /><testcase classname="unit.models.configuration.test_model_database_secure_config.TestConnectionStringParsing" name="test_parse_mysql_connection_string" time="0.000" /><testcase classname="unit.models.configuration.test_model_database_secure_config.TestSecurityAssessment" name="test_security_assessment_no_ssl" time="0.000" /><testcase classname="unit.models.configuration.test_model_database_secure_config.TestSecurityAssessment" name="test_security_assessment_with_ssl_weak_mode" time="0.000" /><testcase classname="unit.models.configuration.test_model_database_secure_config.TestSecurityAssessment" name="test_security_assessment_with_ssl_verify_full" time="0.000" /><testcase classname="unit.models.configuration.test_model_database_secure_config.TestSecurityAssessment" name="test_security_assessment_weak_password" time="0.000" /><testcase classname="unit.models.configuration.test_model_database_secure_config.TestSecurityAssessment" name="test_security_assessment_common_password" time="0.000" /><testcase classname="unit.models.configuration.test_model_database_secure_config.TestSecurityAssessment" name="test_security_assessment_postgres_superuser" time="0.000" /><testcase classname="unit.models.configuration.test_model_database_secure_config.TestSecurityAssessment" name="test_security_assessment_mysql_root_user" time="0.000" /><testcase classname="unit.models.configuration.test_model_database_secure_config.TestSecurityAssessment" name="test_security_assessment_compliance_status" time="0.000" /><testcase classname="unit.models.configuration.test_model_database_secure_config.TestSecurityAssessment" name="test_is_production_ready_without_ssl" time="0.002" /><testcase classname="unit.models.configuration.test_model_database_secure_config.TestSecurityAssessment" name="test_is_production_ready_with_weak_password" time="0.000" /><testcase classname="unit.models.configuration.test_model_database_secure_config.TestModelDatabaseSecureConfigValidation" name="test_validate_port_valid_range" time="0.000" /><testcase classname="unit.models.configuration.test_model_database_secure_config.TestModelDatabaseSecureConfigValidation" name="test_validate_port_below_range_raises_error" time="0.000" /><testcase classname="unit.models.configuration.test_model_database_secure_config.TestModelDatabaseSecureConfigValidation" name="test_validate_port_above_range_raises_error" time="0.000" /><testcase classname="unit.models.configuration.test_model_database_secure_config.TestModelDatabaseSecureConfigValidation" name="test_validate_database_name_valid" time="0.000" /><testcase classname="unit.models.configuration.test_model_database_secure_config.TestModelDatabaseSecureConfigValidation" name="test_validate_database_name_empty_raises_error" time="0.000" /><testcase classname="unit.models.configuration.test_model_database_secure_config.TestModelDatabaseSecureConfigValidation" name="test_validate_database_name_sql_injection_patterns" time="0.001" /><testcase classname="unit.models.configuration.test_model_database_secure_config.TestModelDatabaseSecureConfigValidation" name="test_validate_driver_postgresql" time="0.000" /><testcase classname="unit.models.configuration.test_model_database_secure_config.TestModelDatabaseSecureConfigValidation" name="test_validate_driver_mysql" time="0.001" /><testcase classname="unit.models.configuration.test_model_database_secure_config.TestModelDatabaseSecureConfigValidation" name="test_validate_driver_sqlite" time="0.000" /><testcase classname="unit.models.configuration.test_model_database_secure_config.TestModelDatabaseSecureConfigValidation" name="test_validate_driver_oracle" time="0.000" /><testcase classname="unit.models.configuration.test_model_database_secure_config.TestModelDatabaseSecureConfigValidation" name="test_validate_driver_mssql" time="0.000" /><testcase classname="unit.models.configuration.test_model_database_secure_config.TestModelDatabaseSecureConfigValidation" name="test_validate_driver_mongodb" time="0.000" /><testcase classname="unit.models.configuration.test_model_database_secure_config.TestModelDatabaseSecureConfigValidation" name="test_validate_driver_invalid_raises_error" time="0.001" /><testcase classname="unit.models.configuration.test_model_database_secure_config.TestConnectionStringGeneration" name="test_postgresql_connection_string_basic" time="0.000" /><testcase classname="unit.models.configuration.test_model_database_secure_config.TestConnectionStringGeneration" name="test_postgresql_connection_string_with_ssl" time="0.007" /><testcase classname="unit.models.configuration.test_model_database_secure_config.TestConnectionStringGeneration" name="test_postgresql_connection_string_with_schema" time="0.000" /><testcase classname="unit.models.configuration.test_model_database_secure_config.TestConnectionStringGeneration" name="test_postgresql_connection_string_masked_password" time="0.000" /><testcase classname="unit.models.configuration.test_model_database_secure_config.TestConnectionStringGeneration" name="test_mysql_connection_string_basic" time="0.000" /><testcase classname="unit.models.config.test_model_example_context_data.TestModelExampleContextData" name="test_schema_version_with_semver" time="0.001" /><testcase classname="unit.models.configuration.test_model_database_secure_config.TestPoolRecommendations" name="test_pool_recommendations_basic" time="0.001" /><testcase classname="unit.models.configuration.test_model_database_secure_config.TestPoolRecommendations" name="test_pool_recommendations_small_pool" time="0.000" /><testcase classname="unit.models.configuration.test_model_database_secure_config.TestPoolRecommendations" name="test_pool_recommendations_large_pool" time="0.000" /><testcase classname="unit.models.configuration.test_model_database_secure_config.TestPoolRecommendations" name="test_pool_recommendations_no_overflow" time="0.000" /><testcase classname="unit.models.configuration.test_model_database_secure_config.TestPoolRecommendations" name="test_pool_recommendations_postgresql_profile" time="0.000" /><testcase classname="unit.models.configuration.test_model_database_secure_config.TestPoolRecommendations" name="test_pool_recommendations_mysql_profile" time="0.000" /><testcase classname="unit.models.configuration.test_model_database_secure_config.TestPerformanceProfile" name="test_performance_profile_basic" time="0.000" /><testcase classname="unit.models.configuration.test_model_database_secure_config.TestPerformanceProfile" name="test_latency_profile_with_ssl" time="0.000" /><testcase classname="unit.models.configuration.test_model_database_secure_config.TestPerformanceProfile" name="test_throughput_recommendations_postgresql" time="0.000" /><testcase classname="unit.models.configuration.test_model_database_secure_config.TestPerformanceProfile" name="test_resource_usage_large_pool" time="0.000" /><testcase classname="unit.models.configuration.test_model_database_secure_config.TestPerformanceProfile" name="test_resource_usage_sqlite" time="0.000" /><testcase classname="unit.models.configuration.test_model_database_secure_config.TestPerformanceProfile" name="test_monitoring_recommendations" time="0.000" /><testcase classname="unit.models.config.test_model_uri_branches.TestModelOnexUriBranchCoverage" name="test_configure_preserves_model_config" time="0.000" /><testcase classname="unit.models.configuration.test_model_database_secure_config.TestEnvironmentIntegration" name="test_load_from_env_custom_prefix" time="0.001" /><testcase classname="unit.models.configuration.test_model_database_secure_config.TestHealthAndTroubleshooting" name="test_can_connect_valid_credentials" time="0.000" /><testcase classname="unit.models.configuration.test_model_database_secure_config.TestHealthAndTroubleshooting" name="test_can_connect_with_ssl_missing_files" time="0.000" /><testcase classname="unit.models.configuration.test_model_database_secure_config.TestHealthAndTroubleshooting" name="test_troubleshooting_guide_structure" time="0.000" /><testcase classname="unit.models.configuration.test_model_database_secure_config.TestEnvironmentIntegration" name="test_load_from_env_missing_password" time="0.000" /><testcase classname="unit.models.configuration.test_model_database_secure_config.TestHealthAndTroubleshooting" name="test_troubleshooting_guide_postgresql" time="0.000" /><testcase classname="unit.models.configuration.test_model_database_secure_config.TestHealthAndTroubleshooting" name="test_troubleshooting_guide_mysql" time="0.000" /><testcase classname="unit.models.configuration.test_model_database_secure_config.TestEnvironmentIntegration" name="test_load_from_env_with_ssl" time="0.001" /><testcase classname="unit.models.configuration.test_model_database_secure_config.TestFactoryMethods" name="test_create_postgresql" time="0.000" /><testcase classname="unit.models.configuration.test_model_database_secure_config.TestFactoryMethods" name="test_create_postgresql_without_password_raises_error" time="0.000" /><testcase classname="unit.models.configuration.test_model_database_secure_config.TestFactoryMethods" name="test_create_mysql" time="0.000" /><testcase classname="unit.models.configuration.test_model_database_secure_config.TestFactoryMethods" name="test_create_sqlite" time="0.000" /><testcase classname="unit.models.configuration.test_model_database_secure_config.TestFactoryMethods" name="test_create_production_postgresql" time="0.000" /><testcase classname="unit.models.configuration.test_model_database_secure_config.TestEdgeCases" name="test_minimum_pool_size" time="0.000" /><testcase classname="unit.models.configuration.test_model_database_secure_config.TestEdgeCases" name="test_maximum_pool_size" time="0.000" /><testcase classname="unit.models.configuration.test_model_database_secure_config.TestEdgeCases" name="test_minimum_port" time="0.000" /><testcase classname="unit.models.configuration.test_model_database_secure_config.TestEdgeCases" name="test_maximum_port" time="0.000" /><testcase classname="unit.models.configuration.test_model_database_secure_config.TestEdgeCases" name="test_empty_password_validation" time="0.000" /><testcase classname="unit.models.configuration.test_model_database_secure_config.TestEdgeCases" name="test_very_long_password" time="0.000" /><testcase classname="unit.models.configuration.test_model_database_secure_config.TestEdgeCases" name="test_special_characters_in_database_name" time="0.000" /><testcase classname="unit.models.configuration.test_model_database_secure_config.TestEdgeCases" name="test_unicode_in_application_name" time="0.000" /><testcase classname="unit.models.configuration.test_model_event_bus_config.TestModelEventBusConfigInitialization" name="test_create_event_bus_config" time="0.000" /><testcase classname="unit.models.configuration.test_model_burst_config.TestModelBurstConfigSerialization" name="test_roundtrip" time="0.001" /><testcase classname="unit.models.configuration.test_model_event_bus_config.TestModelEventBusConfigInitialization" name="test_event_bus_config_inheritance" time="0.005" /><testcase classname="unit.models.configuration.test_model_event_bus_config.TestModelEventBusConfigValidation" name="test_bootstrap_servers_required" time="0.001" /><testcase classname="unit.models.configuration.test_model_event_bus_config.TestModelEventBusConfigValidation" name="test_topics_required" time="0.002" /><testcase classname="unit.models.configuration.test_model_event_bus_config.TestModelEventBusConfigValidation" name="test_acks_default_value" time="0.000" /><testcase classname="unit.models.configuration.test_model_event_bus_config.TestModelEventBusConfigValidation" name="test_enable_auto_commit_default" time="0.000" /><testcase classname="unit.models.configuration.test_model_event_bus_config.TestModelEventBusConfigValidation" name="test_auto_offset_reset_default" time="0.000" /><testcase classname="unit.models.configuration.test_model_event_bus_config.TestModelEventBusConfigSerialization" name="test_event_bus_config_serialization" time="0.000" /><testcase classname="unit.models.configuration.test_model_event_bus_config.TestModelEventBusConfigSerialization" name="test_event_bus_config_deserialization" time="0.000" /><testcase classname="unit.models.configuration.test_model_event_bus_config.TestModelEventBusConfigSerialization" name="test_event_bus_config_json_serialization" time="0.000" /><testcase classname="unit.models.configuration.test_model_event_bus_config.TestModelEventBusConfigSerialization" name="test_event_bus_config_roundtrip" time="0.000" /><testcase classname="unit.models.configuration.test_model_event_bus_config.TestModelEventBusConfigMethods" name="test_get_sasl_password_value_with_password" time="0.000" /><testcase classname="unit.models.configuration.test_model_event_bus_config.TestModelEventBusConfigMethods" name="test_get_sasl_password_value_without_password" time="0.000" /><testcase classname="unit.models.configuration.test_model_event_bus_config.TestModelEventBusConfigMethods" name="test_apply_environment_overrides_bootstrap_servers" time="0.000" /><testcase classname="unit.models.configuration.test_model_event_bus_config.TestModelEventBusConfigMethods" name="test_apply_environment_overrides_topics" time="0.000" /><testcase classname="unit.models.configuration.test_model_event_bus_config.TestModelEventBusConfigMethods" name="test_apply_environment_overrides_security" time="0.000" /><testcase classname="unit.models.configuration.test_model_event_bus_config.TestModelEventBusConfigMethods" name="test_apply_environment_overrides_integers" time="0.000" /><testcase classname="unit.models.configuration.test_model_cache_settings.TestModelCacheSettingsEdgeCases" name="test_max_ttl_none_allows_any" time="0.000" /><testcase classname="unit.models.configuration.test_model_event_bus_config.TestModelEventBusConfigMethods" name="test_apply_environment_overrides_no_changes" time="0.000" /><testcase classname="unit.models.configuration.test_model_event_bus_config.TestModelEventBusConfigFactoryMethods" name="test_default_factory_method" time="0.000" /><testcase classname="unit.models.configuration.test_model_event_bus_config.TestModelEventBusConfigEdgeCases" name="test_multiple_bootstrap_servers" time="0.000" /><testcase classname="unit.models.configuration.test_model_event_bus_config.TestModelEventBusConfigEdgeCases" name="test_multiple_topics" time="0.000" /><testcase classname="unit.models.configuration.test_model_event_bus_config.TestModelEventBusConfigEdgeCases" name="test_ssl_file_paths" time="0.000" /><testcase classname="unit.models.configuration.test_model_event_bus_config.TestModelEventBusConfigEdgeCases" name="test_custom_client_and_group_ids" time="0.001" /><testcase classname="unit.models.configuration.test_model_event_bus_config.TestModelEventBusConfigAttributes" name="test_event_bus_config_attributes" time="0.000" /><testcase classname="unit.models.configuration.test_model_circuit_breaker.TestModelCircuitBreakerStateManagement" name="test_should_allow_request_when_closed" time="0.001" /><testcase classname="unit.models.configuration.test_model_event_bus_config.TestModelEventBusConfigAttributes" name="test_event_bus_config_docstring" time="0.000" /><testcase classname="unit.models.configuration.test_model_log_filter.TestModelLogFilterMatching" name="test_matches_level_range" time="0.000" /><testcase classname="unit.models.configuration.test_model_event_bus_config.TestModelEventBusConfigAttributes" name="test_event_bus_config_class_name" time="0.000" /><testcase classname="unit.models.configuration.test_model_log_filter.TestModelLogFilterMatching" name="test_matches_keywords_case_sensitive" time="0.001" /><testcase classname="unit.models.configuration.test_model_event_bus_config.TestModelEventBusConfigAttributes" name="test_event_bus_config_module" time="0.000" /><testcase classname="unit.models.configuration.test_model_event_bus_config.TestModelEventBusConfigAttributes" name="test_event_bus_config_copy" time="0.000" /><testcase classname="unit.models.configuration.test_model_log_filter.TestModelLogFilterMatching" name="test_matches_keywords_case_insensitive" time="0.000" /><testcase classname="unit.models.configuration.test_model_event_bus_config.TestModelEventBusConfigAttributes" name="test_event_bus_config_equality" time="0.000" /><testcase classname="unit.models.configuration.test_model_log_filter.TestModelLogFilterMatching" name="test_apply_filter_exclude" time="0.000" /><testcase classname="unit.models.configuration.test_model_log_filter.TestModelLogFilterBasics" name="test_create_with_required_fields" time="0.001" /><testcase classname="unit.models.configuration.test_model_log_filter.TestModelLogFilterMatching" name="test_apply_filter_include" time="0.000" /><testcase classname="unit.models.configuration.test_model_log_filter.TestModelLogFilterBasics" name="test_filter_type_validation" time="0.000" /><testcase classname="unit.models.configuration.test_model_log_filter.TestModelLogFilterSerialization" name="test_serialization" time="0.001" /><testcase classname="unit.models.configuration.test_model_log_filter.TestModelLogFilterMatching" name="test_matches_message_disabled" time="0.000" /><testcase classname="unit.models.configuration.test_model_log_filter.TestModelLogFilterSerialization" name="test_roundtrip" time="0.000" /><testcase classname="unit.models.configuration.test_model_log_formatting.TestModelLogFormattingBasics" name="test_create_default" time="0.000" /><testcase classname="unit.models.configuration.test_model_log_filter.TestModelLogFilterMatching" name="test_matches_regex" time="0.001" /><testcase classname="unit.models.configuration.test_model_circuit_breaker.TestModelCircuitBreakerEdgeCases" name="test_record_success_when_disabled" time="0.001" /><testcase classname="unit.models.configuration.test_model_log_formatting.TestModelLogFormattingCustomization" name="test_field_separator_customization" time="0.000" /><testcase classname="unit.models.configuration.test_model_log_formatting.TestModelLogFormattingCustomization" name="test_timestamp_format_customization" time="0.000" /><testcase classname="unit.models.configuration.test_model_log_formatting.TestModelLogFormattingSerialization" name="test_serialization" time="0.000" /><testcase classname="unit.models.configuration.test_model_log_formatting.TestModelLogFormattingBasics" name="test_format_type_validation" time="0.001" /><testcase classname="unit.models.configuration.test_model_log_formatting.TestModelLogFormattingSerialization" name="test_roundtrip" time="0.000" /><testcase classname="unit.models.configuration.test_model_per_user_limits.TestModelPerUserLimitsBasics" name="test_create_default" time="0.000" /><testcase classname="unit.models.configuration.test_model_per_user_limits.TestModelPerUserLimitsBasics" name="test_create_with_custom_values" time="0.000" /><testcase classname="unit.models.configuration.test_model_log_formatting.TestModelLogFormattingMethods" name="test_format_message_text" time="0.000" /><testcase classname="unit.models.configuration.test_model_per_user_limits.TestModelPerUserLimitsBasics" name="test_user_tier_limits_default" time="0.000" /><testcase classname="unit.models.configuration.test_model_per_user_limits.TestModelPerUserLimitsUserManagement" name="test_get_user_limit_default" time="0.000" /><testcase classname="unit.models.configuration.test_model_log_formatting.TestModelLogFormattingMethods" name="test_format_message_json" time="0.000" /><testcase classname="unit.models.configuration.test_model_per_user_limits.TestModelPerUserLimitsUserManagement" name="test_get_user_limit_blocked" time="0.000" /><testcase classname="unit.models.configuration.test_model_per_user_limits.TestModelPerUserLimitsUserManagement" name="test_get_user_limit_unlimited" time="0.000" /><testcase classname="unit.models.configuration.test_model_per_user_limits.TestModelPerUserLimitsUserManagement" name="test_get_user_limit_override" time="0.000" /><testcase classname="unit.models.configuration.test_model_log_formatting.TestModelLogFormattingMethods" name="test_format_message_structured" time="0.000" /><testcase classname="unit.models.configuration.test_model_per_user_limits.TestModelPerUserLimitsUserManagement" name="test_get_user_limit_by_tier" time="0.000" /><testcase classname="unit.models.configuration.test_model_log_formatting.TestModelLogFormattingMethods" name="test_apply_truncation" time="0.000" /><testcase classname="unit.models.configuration.test_model_per_user_limits.TestModelPerUserLimitsBurst" name="test_get_user_burst_capacity_default" time="0.000" /><testcase classname="unit.models.configuration.test_model_per_user_limits.TestModelPerUserLimitsBurst" name="test_get_user_burst_capacity_with_default_multiplier" time="0.000" /><testcase classname="unit.models.configuration.test_model_per_user_limits.TestModelPerUserLimitsBurst" name="test_get_user_burst_capacity_user_specific" time="0.000" /><testcase classname="unit.models.configuration.test_model_log_formatting.TestModelLogFormattingMethods" name="test_no_truncation_when_disabled" time="0.001" /><testcase classname="unit.models.configuration.test_model_log_formatting.TestModelLogFormattingMethods" name="test_effective_json_indent" time="0.001" /><testcase classname="unit.models.configuration.test_model_compute_cache_config.TestModelComputeCacheConfigAttributes" name="test_config_module" time="0.001" /><testcase classname="unit.models.configuration.test_model_log_formatting.TestModelLogFormattingMethods" name="test_format_analysis" time="0.001" /><testcase classname="unit.models.configuration.test_model_per_user_limits.TestModelPerUserLimitsQuotas" name="test_get_daily_quota_enabled" time="0.000" /><testcase classname="unit.models.configuration.test_model_per_user_limits.TestModelPerUserLimitsQuotas" name="test_get_monthly_quota_enabled" time="0.000" /><testcase classname="unit.models.configuration.test_model_per_user_limits.TestModelPerUserLimitsUserChecks" name="test_is_user_blocked" time="0.000" /><testcase classname="unit.models.configuration.test_model_compute_cache_config.TestModelComputeCacheConfigSerialization" name="test_config_deserialization" time="0.001" /><testcase classname="unit.models.configuration.test_model_per_user_limits.TestModelPerUserLimitsUserChecks" name="test_is_user_unlimited" time="0.000" /><testcase classname="unit.models.configuration.test_model_per_user_limits.TestModelPerUserLimitsUserChecks" name="test_block_removes_unlimited" time="0.000" /><testcase classname="unit.models.configuration.test_model_per_user_limits.TestModelPerUserLimitsEscalation" name="test_should_escalate_user_enabled" time="0.000" /><testcase classname="unit.models.configuration.test_model_per_user_limits.TestModelPerUserLimitsEscalation" name="test_should_escalate_user_disabled" time="0.000" /><testcase classname="unit.models.configuration.test_model_per_user_limits.TestModelPerUserLimitsManagement" name="test_add_remove_user_override" time="0.001" /><testcase classname="unit.models.configuration.test_model_per_user_limits.TestModelPerUserLimitsEscalation" name="test_get_escalated_limit" time="0.000" /><testcase classname="unit.models.configuration.test_model_per_user_limits.TestModelPerUserLimitsUserIdentification" name="test_extract_user_id_from_header" time="0.000" /><testcase classname="unit.models.configuration.test_model_per_user_limits.TestModelPerUserLimitsUserIdentification" name="test_extract_api_key" time="0.000" /><testcase classname="unit.models.configuration.test_model_per_user_limits.TestModelPerUserLimitsUserIdentification" name="test_extract_ip_address" time="0.000" /><testcase classname="unit.models.configuration.test_model_per_user_limits.TestModelPerUserLimitsUserIdentification" name="test_extract_custom_header" time="0.000" /><testcase classname="unit.models.configuration.test_model_per_user_limits.TestModelPerUserLimitsManagement" name="test_block_unblock_user" time="0.000" /><testcase classname="unit.models.configuration.test_model_per_user_limits.TestModelPerUserLimitsManagement" name="test_grant_revoke_unlimited" time="0.000" /><testcase classname="unit.models.configuration.test_model_per_user_limits.TestModelPerUserLimitsSerialization" name="test_serialization" time="0.000" /><testcase classname="unit.models.configuration.test_model_per_user_limits.TestModelPerUserLimitsSerialization" name="test_deserialization" time="0.000" /><testcase classname="unit.models.configuration.test_model_per_user_limits.TestModelPerUserLimitsSerialization" name="test_roundtrip" time="0.000" /><testcase classname="unit.models.configuration.test_model_rate_limit_policy.TestModelRateLimitPolicyBasics" name="test_create_with_required_fields" time="0.000" /><testcase classname="unit.models.configuration.test_model_rate_limit_policy.TestModelRateLimitPolicyBasics" name="test_policy_name_validation" time="0.000" /><testcase classname="unit.models.configuration.test_model_rate_limit_policy.TestModelRateLimitPolicyMethods" name="test_get_effective_rate_limit_disabled" time="0.000" /><testcase classname="unit.models.configuration.test_model_rate_limit_policy.TestModelRateLimitPolicyMethods" name="test_get_effective_rate_limit_global" time="0.000" /><testcase classname="unit.models.configuration.test_model_rate_limit_policy.TestModelRateLimitPolicyMethods" name="test_get_effective_rate_limit_endpoint" time="0.000" /><testcase classname="unit.models.configuration.test_model_rate_limit_policy.TestModelRateLimitPolicyMethods" name="test_is_ip_whitelisted" time="0.000" /><testcase classname="unit.models.configuration.test_model_rate_limit_policy.TestModelRateLimitPolicyMethods" name="test_is_ip_blacklisted" time="0.000" /><testcase classname="unit.models.configuration.test_model_rate_limit_policy.TestModelRateLimitPolicyMethods" name="test_get_cache_key" time="0.000" /><testcase classname="unit.models.configuration.test_model_rate_limit_policy.TestModelRateLimitPolicyMethods" name="test_calculate_retry_after" time="0.000" /><testcase classname="unit.models.configuration.test_model_per_user_limits.TestModelPerUserLimitsFactoryMethods" name="test_create_basic_user_limits" time="0.000" /><testcase classname="unit.models.configuration.test_model_per_user_limits.TestModelPerUserLimitsFactoryMethods" name="test_create_enterprise_user_limits" time="0.001" /><testcase classname="unit.models.configuration.test_model_per_user_limits.TestModelPerUserLimitsFactoryMethods" name="test_create_api_key_limits" time="0.001" /><testcase classname="unit.models.configuration.test_model_database_secure_config.TestSecurityAssessment" name="test_is_production_ready_secure_config" time="0.000" /><testcase classname="unit.models.configuration.test_model_rate_limit_policy.TestModelRateLimitPolicyMethods" name="test_validate_policy_consistency" time="0.002" /><testcase classname="unit.models.configuration.test_model_rate_limit_policy.TestModelRateLimitPolicySerialization" name="test_serialization" time="0.001" /><testcase classname="unit.models.configuration.test_model_rate_limit_policy.TestModelRateLimitPolicySerialization" name="test_roundtrip" time="0.000" /><testcase classname="unit.models.configuration.test_model_rate_limit_window.TestModelRateLimitWindowBasics" name="test_create_default" time="0.000" /><testcase classname="unit.models.configuration.test_model_rate_limit_window.TestModelRateLimitWindowBasics" name="test_window_type_validation" time="0.000" /><testcase classname="unit.models.configuration.test_model_rate_limit_window.TestModelRateLimitWindowMethods" name="test_get_effective_window_size_no_burst" time="0.000" /><testcase classname="unit.models.configuration.test_model_rate_limit_window.TestModelRateLimitWindowMethods" name="test_get_effective_window_size_with_burst" time="0.000" /><testcase classname="unit.models.configuration.test_model_rate_limit_window.TestModelRateLimitWindowMethods" name="test_get_sub_window_duration" time="0.000" /><testcase classname="unit.models.configuration.test_model_rate_limit_window.TestModelRateLimitWindowMethods" name="test_get_requests_per_second_limit" time="0.000" /><testcase classname="unit.models.configuration.test_model_rate_limit_window.TestModelRateLimitWindowMethods" name="test_calculate_window_start_fixed" time="0.000" /><testcase classname="unit.models.configuration.test_model_rate_limit_window.TestModelRateLimitWindowMethods" name="test_calculate_window_start_sliding" time="0.000" /><testcase classname="unit.models.configuration.test_model_rate_limit_window.TestModelRateLimitWindowMethods" name="test_is_within_current_window" time="0.000" /><testcase classname="unit.models.configuration.test_model_rate_limit_window.TestModelRateLimitWindowMethods" name="test_get_tokens_to_add" time="0.000" /><testcase classname="unit.models.configuration.test_model_rate_limit_window.TestModelRateLimitWindowMethods" name="test_get_requests_to_leak" time="0.000" /><testcase classname="unit.models.configuration.test_model_database_secure_config.TestConnectionStringGeneration" name="test_mysql_connection_string_with_ssl" time="0.001" /><testcase classname="unit.models.configuration.test_model_rate_limit_window.TestModelRateLimitWindowFactoryMethods" name="test_create_sliding_window" time="0.000" /><testcase classname="unit.models.configuration.test_model_rate_limit_window.TestModelRateLimitWindowFactoryMethods" name="test_create_token_bucket" time="0.000" /><testcase classname="unit.models.configuration.test_model_rate_limit_window.TestModelRateLimitWindowFactoryMethods" name="test_create_leaky_bucket" time="0.000" /><testcase classname="unit.models.configuration.test_model_rate_limit_window.TestModelRateLimitWindowFactoryMethods" name="test_create_burst_friendly" time="0.000" /><testcase classname="unit.models.configuration.test_model_rate_limit_window.TestModelRateLimitWindowSerialization" name="test_serialization" time="0.000" /><testcase classname="unit.models.configuration.test_model_rate_limit_window.TestModelRateLimitWindowSerialization" name="test_roundtrip" time="0.000" /><testcase classname="unit.models.configuration.test_model_database_secure_config.TestEnvironmentIntegration" name="test_load_from_env_basic" time="0.001" /><testcase classname="unit.models.configuration.test_model_workflow_input.TestModelWorkflowInput" name="test_model_initialization" time="0.000" /><testcase classname="unit.models.configuration.test_model_workflow_input.TestModelWorkflowInput" name="test_model_inheritance" time="0.000" /><testcase classname="unit.models.configuration.test_model_workflow_input.TestModelWorkflowInput" name="test_model_serialization" time="0.001" /><testcase classname="unit.models.configuration.test_model_workflow_input.TestModelWorkflowInput" name="test_model_with_minimal_fields" time="0.000" /><testcase classname="unit.models.configuration.test_model_workflow_input.TestModelWorkflowInput" name="test_model_with_all_fields" time="0.001" /><testcase classname="unit.models.configuration.test_model_workflow_input.TestModelWorkflowInput" name="test_model_required_field_validation" time="0.000" /><testcase classname="unit.models.configuration.test_model_workflow_input.TestModelWorkflowInput" name="test_model_boolean_required_field" time="0.001" /><testcase classname="unit.models.configuration.test_model_workflow_input.TestModelWorkflowInput" name="test_model_deserialization" time="0.001" /><testcase classname="unit.models.configuration.test_model_event_bus_config.TestModelEventBusConfigInitialization" name="test_event_bus_config_with_security" time="0.001" /><testcase classname="unit.models.connections.test_model_custom_connection_properties.TestModelCustomConnectionProperties" name="test_default_initialization" time="0.000" /><testcase classname="unit.models.connections.test_model_custom_connection_properties.TestModelCustomConnectionProperties" name="test_database_connection_factory" time="0.000" /><testcase classname="unit.models.connections.test_model_custom_connection_properties.TestModelCustomConnectionProperties" name="test_queue_connection_factory" time="0.000" /><testcase classname="unit.models.connections.test_model_custom_connection_properties.TestModelCustomConnectionProperties" name="test_service_connection_factory_with_enum" time="0.000" /><testcase classname="unit.models.connections.test_model_custom_connection_properties.TestModelCustomConnectionProperties" name="test_service_connection_factory_with_string" time="0.000" /><testcase classname="unit.models.connections.test_model_custom_connection_properties.TestModelCustomConnectionProperties" name="test_service_connection_factory_with_generic_string" time="0.000" /><testcase classname="unit.models.connections.test_model_custom_connection_properties.TestModelCustomConnectionProperties" name="test_service_connection_factory_with_unknown_string" time="0.000" /><testcase classname="unit.models.connections.test_model_custom_connection_properties.TestModelCustomConnectionProperties" name="test_uuid_references" time="0.000" /><testcase classname="unit.models.connections.test_model_custom_connection_properties.TestModelCustomConnectionProperties" name="test_identifier_getters_with_display_names" time="0.000" /><testcase classname="unit.models.connections.test_model_custom_connection_properties.TestModelCustomConnectionProperties" name="test_identifier_getters_with_uuids_only" time="0.000" /><testcase classname="unit.models.connections.test_model_custom_connection_properties.TestModelCustomConnectionProperties" name="test_identifier_getters_with_no_values" time="0.000" /><testcase classname="unit.models.connections.test_model_custom_connection_properties.TestModelCustomConnectionProperties" name="test_identifier_getters_display_name_priority" time="0.000" /><testcase classname="unit.models.configuration.test_model_workflow_input.TestModelWorkflowInput" name="test_model_default_value_types" time="0.002" /><testcase classname="unit.models.configuration.test_model_workflow_input.TestModelWorkflowInput" name="test_model_type_field_values" time="0.000" /><testcase classname="unit.models.configuration.test_model_workflow_input.TestModelWorkflowInput" name="test_model_json_serialization" time="0.003" /><testcase classname="unit.models.configuration.test_model_workflow_input.TestModelWorkflowInput" name="test_model_roundtrip" time="0.000" /><testcase classname="unit.models.configuration.test_model_workflow_input.TestModelWorkflowInput" name="test_model_equality" time="0.000" /><testcase classname="unit.models.configuration.test_model_workflow_input.TestModelWorkflowInput" name="test_model_str_representation" time="0.000" /><testcase classname="unit.models.configuration.test_model_workflow_input.TestModelWorkflowInput" name="test_model_repr" time="0.000" /><testcase classname="unit.models.configuration.test_model_workflow_input.TestModelWorkflowInput" name="test_model_attributes" time="0.001" /><testcase classname="unit.models.configuration.test_model_workflow_input.TestModelWorkflowInput" name="test_model_validation" time="0.000" /><testcase classname="unit.models.configuration.test_model_workflow_input.TestModelWorkflowInput" name="test_model_metadata" time="0.000" /><testcase classname="unit.models.configuration.test_model_compute_cache_config.TestModelComputeCacheConfigProductionScenarios" name="test_medium_workload_config" time="0.001" /><testcase classname="unit.models.configuration.test_model_compute_cache_config.TestModelComputeCacheConfigProductionScenarios" name="test_large_workload_config" time="0.000" /><testcase classname="unit.models.configuration.test_model_compute_cache_config.TestModelComputeCacheConfigProductionScenarios" name="test_no_expiration_config" time="0.000" /><testcase classname="unit.models.configuration.test_model_workflow_input.TestModelWorkflowInput" name="test_model_creation_with_data" time="0.000" /><testcase classname="unit.models.configuration.test_model_workflow_input.TestModelWorkflowInput" name="test_model_copy" time="0.000" /><testcase classname="unit.models.configuration.test_model_compute_cache_config.TestModelComputeCacheConfigProductionScenarios" name="test_stats_disabled_for_low_latency" time="0.000" /><testcase classname="unit.models.configuration.test_model_database_secure_config.TestModelDatabaseSecureConfigInstantiation" name="test_create_basic_postgresql_config" time="0.000" /><testcase classname="unit.models.configuration.test_model_workflow_input.TestModelWorkflowInput" name="test_model_immutability" time="0.000" /><testcase classname="unit.models.connections.test_model_custom_connection_properties.TestModelCustomConnectionProperties" name="test_instance_type_enum_validation" time="0.000" /><testcase classname="unit.models.configuration.test_model_workflow_input.TestModelWorkflowInput" name="test_model_field_descriptions" time="0.000" /><testcase classname="unit.models.configuration.test_model_database_secure_config.TestModelDatabaseSecureConfigInstantiation" name="test_create_with_ssl_enabled" time="0.001" /><testcase classname="unit.models.configuration.test_model_event_bus_config.TestModelEventBusConfigMethods" name="test_apply_environment_overrides_boolean" time="0.000" /><testcase classname="unit.models.configuration.test_model_database_secure_config.TestModelDatabaseSecureConfigInstantiation" name="test_create_with_connection_pool_settings" time="0.000" /><testcase classname="unit.models.connections.test_model_custom_connection_properties.TestModelCustomConnectionProperties" name="test_custom_properties_integration" time="0.001" /><testcase classname="unit.models.configuration.test_model_database_secure_config.TestModelDatabaseSecureConfigInstantiation" name="test_create_with_timeouts" time="0.000" /><testcase classname="unit.models.configuration.test_model_database_secure_config.TestModelDatabaseSecureConfigInstantiation" name="test_create_with_schema" time="0.000" /><testcase classname="unit.models.configuration.test_model_database_secure_config.TestModelDatabaseSecureConfigInstantiation" name="test_create_with_application_name" time="0.000" /><testcase classname="unit.models.contracts.subcontracts.test_model_circuit_breaker_subcontract.TestModelCircuitBreakerSubcontractBasics" name="test_default_instantiation" time="0.001" /><testcase classname="unit.models.contracts.subcontracts.test_model_circuit_breaker_subcontract.TestModelCircuitBreakerSubcontractBasics" name="test_custom_values" time="0.000" /><testcase classname="unit.models.contracts.subcontracts.test_model_circuit_breaker_subcontract.TestModelCircuitBreakerSubcontractBasics" name="test_interface_version_accessible" time="0.000" /><testcase classname="unit.models.configuration.test_model_database_secure_config.TestModelDatabaseSecureConfigValidation" name="test_validate_host_localhost" time="0.001" /><testcase classname="unit.models.contracts.subcontracts.test_model_circuit_breaker_subcontract.TestModelCircuitBreakerSubcontractBasics" name="test_record_exceptions_default" time="0.000" /><testcase classname="unit.models.contracts.subcontracts.test_model_circuit_breaker_subcontract.TestModelCircuitBreakerSubcontractBasics" name="test_ignore_exceptions_default" time="0.001" /><testcase classname="unit.models.configuration.test_model_database_secure_config.TestModelDatabaseSecureConfigValidation" name="test_validate_host_ip_address" time="0.000" /><testcase classname="unit.models.configuration.test_model_database_secure_config.TestModelDatabaseSecureConfigValidation" name="test_validate_host_domain" time="0.000" /><testcase classname="unit.models.configuration.test_model_log_filter.TestModelLogFilterMatching" name="test_matches_field" time="0.001" /><testcase classname="unit.models.contracts.subcontracts.test_model_circuit_breaker_subcontract.TestModelCircuitBreakerSubcontractValidation" name="test_failure_threshold_bounds" time="0.000" /><testcase classname="unit.models.contracts.subcontracts.test_model_circuit_breaker_subcontract.TestModelCircuitBreakerSubcontractValidation" name="test_success_threshold_bounds" time="0.000" /><testcase classname="unit.models.configuration.test_model_database_secure_config.TestModelDatabaseSecureConfigValidation" name="test_validate_host_empty_raises_error" time="0.000" /><testcase classname="unit.models.contracts.subcontracts.test_model_circuit_breaker_subcontract.TestModelCircuitBreakerSubcontractValidation" name="test_success_threshold_vs_half_open_max_calls" time="0.000" /><testcase classname="unit.models.contracts.subcontracts.test_model_circuit_breaker_subcontract.TestModelCircuitBreakerSubcontractValidation" name="test_minimum_request_threshold_bounds" time="0.001" /><testcase classname="unit.models.configuration.test_model_log_formatting.TestModelLogFormattingCustomization" name="test_field_order_customization" time="0.000" /><testcase classname="unit.models.contracts.subcontracts.test_model_circuit_breaker_subcontract.TestModelCircuitBreakerSubcontractValidation" name="test_timeout_seconds_bounds" time="0.000" /><testcase classname="unit.models.contracts.subcontracts.test_model_circuit_breaker_subcontract.TestModelCircuitBreakerSubcontractValidation" name="test_half_open_max_calls_bounds" time="0.000" /><testcase classname="unit.models.contracts.subcontracts.test_model_circuit_breaker_subcontract.TestModelCircuitBreakerSubcontractValidation" name="test_minimum_request_threshold_vs_failure_threshold" time="0.006" /><testcase classname="unit.models.contracts.subcontracts.test_model_circuit_breaker_subcontract.TestModelCircuitBreakerSubcontractValidation" name="test_window_size_seconds_bounds" time="0.002" /><testcase classname="unit.models.contracts.subcontracts.test_model_circuit_breaker_subcontract.TestModelCircuitBreakerSubcontractConfigDict" name="test_extra_fields_ignored" time="0.002" /><testcase classname="unit.models.contracts.subcontracts.test_model_circuit_breaker_subcontract.TestModelCircuitBreakerSubcontractConfigDict" name="test_validate_assignment" time="0.001" /><testcase classname="unit.models.contracts.subcontracts.test_model_circuit_breaker_subcontract.TestModelCircuitBreakerSubcontractValidation" name="test_window_size_vs_timeout" time="0.002" /><testcase classname="unit.models.contracts.subcontracts.test_model_circuit_breaker_subcontract.TestModelCircuitBreakerSubcontractConfigDict" name="test_model_serialization" time="0.000" /><testcase classname="unit.models.contracts.subcontracts.test_model_circuit_breaker_subcontract.TestModelCircuitBreakerSubcontractValidation" name="test_slow_call_duration_threshold_bounds" time="0.000" /><testcase classname="unit.models.contracts.subcontracts.test_model_circuit_breaker_subcontract.TestModelCircuitBreakerSubcontractValidation" name="test_slow_call_rate_threshold_bounds" time="0.000" /><testcase classname="unit.models.contracts.subcontracts.test_model_circuit_breaker_subcontract.TestModelCircuitBreakerSubcontractDocumentation" name="test_docstring_present" time="0.000" /><testcase classname="unit.models.contracts.subcontracts.test_model_circuit_breaker_subcontract.TestModelCircuitBreakerSubcontractValidation" name="test_slow_call_rate_requires_duration_threshold" time="0.001" /><testcase classname="unit.models.contracts.subcontracts.test_model_circuit_breaker_subcontract.TestModelCircuitBreakerSubcontractDocumentation" name="test_field_descriptions" time="0.002" /><testcase classname="unit.models.configuration.test_model_per_user_limits.TestModelPerUserLimitsQuotas" name="test_get_daily_quota_disabled" time="0.000" /><testcase classname="unit.models.contracts.subcontracts.test_model_circuit_breaker_subcontract.TestModelCircuitBreakerSubcontractDocumentation" name="test_interface_stability" time="0.000" /><testcase classname="unit.models.contracts.subcontracts.test_model_circuit_breaker_subcontract.TestModelCircuitBreakerSubcontractEdgeCases" name="test_minimal_configuration" time="0.000" /><testcase classname="unit.models.contracts.subcontracts.test_model_event_bus_subcontract.TestModelEventBusSubcontractInitialization" name="test_create_default_event_bus_subcontract" time="0.000" /><testcase classname="unit.models.contracts.subcontracts.test_model_event_bus_subcontract.TestModelEventBusSubcontractInitialization" name="test_event_bus_subcontract_with_custom_values" time="0.000" /><testcase classname="unit.models.contracts.subcontracts.test_model_event_bus_subcontract.TestModelEventBusSubcontractInitialization" name="test_event_bus_subcontract_inheritance" time="0.000" /><testcase classname="unit.models.contracts.subcontracts.test_model_circuit_breaker_subcontract.TestModelCircuitBreakerSubcontractEdgeCases" name="test_aggressive_configuration" time="0.000" /><testcase classname="unit.models.contracts.subcontracts.test_model_circuit_breaker_subcontract.TestModelCircuitBreakerSubcontractEdgeCases" name="test_fast_fail_configuration" time="0.000" /><testcase classname="unit.models.contracts.subcontracts.test_model_event_bus_subcontract.TestModelEventBusSubcontractValidation" name="test_max_queue_size_constraints" time="0.002" /><testcase classname="unit.models.contracts.subcontracts.test_model_event_bus_subcontract.TestModelEventBusSubcontractInitialization" name="test_interface_version_accessible" time="0.000" /><testcase classname="unit.models.contracts.subcontracts.test_model_event_bus_subcontract.TestModelEventBusSubcontractValidation" name="test_event_bus_type_valid_values" time="0.000" /><testcase classname="unit.models.contracts.subcontracts.test_model_event_bus_subcontract.TestModelEventBusSubcontractValidation" name="test_event_bus_type_invalid_value_raises_error" time="0.003" /><testcase classname="unit.models.contracts.subcontracts.test_model_circuit_breaker_subcontract.TestModelCircuitBreakerSubcontractEdgeCases" name="test_slow_call_detection_enabled" time="0.000" /><testcase classname="unit.models.contracts.subcontracts.test_model_circuit_breaker_subcontract.TestModelCircuitBreakerSubcontractEdgeCases" name="test_slow_call_detection_disabled" time="0.000" /><testcase classname="unit.models.contracts.subcontracts.test_model_event_bus_subcontract.TestModelEventBusSubcontractValidation" name="test_batch_size_constraints" time="0.001" /><testcase classname="unit.models.contracts.subcontracts.test_model_circuit_breaker_subcontract.TestModelCircuitBreakerSubcontractEdgeCases" name="test_fallback_enabled" time="0.000" /><testcase classname="unit.models.contracts.subcontracts.test_model_circuit_breaker_subcontract.TestModelCircuitBreakerSubcontractEdgeCases" name="test_custom_exception_lists" time="0.000" /><testcase classname="unit.models.contracts.subcontracts.test_model_event_bus_subcontract.TestModelEventBusSubcontractValidation" name="test_max_retry_attempts_constraints" time="0.000" /><testcase classname="unit.models.contracts.subcontracts.test_model_event_bus_subcontract.TestModelEventBusSubcontractValidation" name="test_queue_overflow_strategy_valid_values" time="0.000" /><testcase classname="unit.models.contracts.subcontracts.test_model_circuit_breaker_subcontract.TestModelCircuitBreakerSubcontractEdgeCases" name="test_monitoring_disabled" time="0.000" /><testcase classname="unit.models.contracts.subcontracts.test_model_event_bus_subcontract.TestModelEventBusSubcontractValidation" name="test_batch_timeout_ms_constraints" time="0.000" /><testcase classname="unit.models.contracts.subcontracts.test_model_event_bus_subcontract.TestModelEventBusSubcontractSerialization" name="test_event_bus_subcontract_serialization" time="0.000" /><testcase classname="unit.models.contracts.subcontracts.test_model_event_bus_subcontract.TestModelEventBusSubcontractSerialization" name="test_event_bus_subcontract_deserialization" time="0.000" /><testcase classname="unit.models.contracts.subcontracts.test_model_event_bus_subcontract.TestModelEventBusSubcontractSerialization" name="test_event_bus_subcontract_json_serialization" time="0.000" /><testcase classname="unit.models.configuration.test_model_per_user_limits.TestModelPerUserLimitsFactoryMethods" name="test_create_ip_based_limits" time="0.000" /><testcase classname="unit.models.contracts.subcontracts.test_model_event_bus_subcontract.TestModelEventBusSubcontractSerialization" name="test_event_bus_subcontract_roundtrip" time="0.001" /><testcase classname="unit.models.contracts.subcontracts.test_model_event_bus_subcontract.TestModelEventBusSubcontractDefaultValues" name="test_retry_configuration_defaults" time="0.001" /><testcase classname="unit.models.contracts.subcontracts.test_model_event_bus_subcontract.TestModelEventBusSubcontractDefaultValues" name="test_validation_defaults" time="0.000" /><testcase classname="unit.models.contracts.subcontracts.test_model_event_bus_subcontract.TestModelEventBusSubcontractDefaultValues" name="test_event_logging_defaults" time="0.000" /><testcase classname="unit.models.contracts.subcontracts.test_model_event_bus_subcontract.TestModelEventBusSubcontractDefaultValues" name="test_caching_defaults" time="0.000" /><testcase classname="unit.models.contracts.subcontracts.test_model_event_bus_subcontract.TestModelEventBusSubcontractDefaultValues" name="test_monitoring_defaults" time="0.000" /><testcase classname="unit.models.contracts.subcontracts.test_model_event_bus_subcontract.TestModelEventBusSubcontractDefaultValues" name="test_event_patterns_defaults" time="0.000" /><testcase classname="unit.models.contracts.subcontracts.test_model_event_bus_subcontract.TestModelEventBusSubcontractEdgeCases" name="test_minimal_queue_size" time="0.000" /><testcase classname="unit.models.contracts.subcontracts.test_model_event_bus_subcontract.TestModelEventBusSubcontractEdgeCases" name="test_minimal_batch_size" time="0.000" /><testcase classname="unit.models.contracts.subcontracts.test_model_event_bus_subcontract.TestModelEventBusSubcontractEdgeCases" name="test_all_features_disabled" time="0.000" /><testcase classname="unit.models.contracts.subcontracts.test_model_event_bus_subcontract.TestModelEventBusSubcontractEdgeCases" name="test_extra_fields_ignored" time="0.000" /><testcase classname="unit.models.contracts.subcontracts.test_model_event_bus_subcontract.TestModelEventBusSubcontractEdgeCases" name="test_empty_default_event_patterns" time="0.000" /><testcase classname="unit.models.contracts.subcontracts.test_model_event_bus_subcontract.TestModelEventBusSubcontractEdgeCases" name="test_custom_event_patterns" time="0.000" /><testcase classname="unit.models.contracts.subcontracts.test_model_event_bus_subcontract.TestModelEventBusSubcontractAttributes" name="test_event_bus_subcontract_attributes" time="0.000" /><testcase classname="unit.models.contracts.subcontracts.test_model_event_bus_subcontract.TestModelEventBusSubcontractDefaultValues" name="test_correlation_defaults" time="0.000" /><testcase classname="unit.models.contracts.subcontracts.test_model_event_bus_subcontract.TestModelEventBusSubcontractDefaultValues" name="test_queue_management_defaults" time="0.000" /><testcase classname="unit.models.contracts.subcontracts.test_model_event_bus_subcontract.TestModelEventBusSubcontractDefaultValues" name="test_batch_processing_defaults" time="0.000" /><testcase classname="unit.models.configuration.test_model_rate_limit_policy.TestModelRateLimitPolicyMethods" name="test_get_monitoring_metrics" time="0.000" /><testcase classname="unit.models.contracts.subcontracts.test_model_event_bus_subcontract.TestModelEventBusSubcontractAttributes" name="test_event_bus_subcontract_class_name" time="0.001" /><testcase classname="unit.models.contracts.subcontracts.test_model_event_bus_subcontract.TestModelEventBusSubcontractAttributes" name="test_event_bus_subcontract_module" time="0.000" /><testcase classname="unit.models.contracts.subcontracts.test_model_event_bus_subcontract.TestModelEventBusSubcontractAttributes" name="test_event_bus_subcontract_copy" time="0.000" /><testcase classname="unit.models.contracts.subcontracts.test_model_event_bus_subcontract.TestModelEventBusSubcontractAttributes" name="test_event_bus_subcontract_equality" time="0.000" /><testcase classname="unit.models.contracts.subcontracts.test_model_event_bus_subcontract.TestModelEventBusSubcontractAttributes" name="test_event_bus_subcontract_str_repr" time="0.000" /><testcase classname="unit.models.contracts.subcontracts.test_model_event_bus_subcontract.TestModelEventBusSubcontractAttributes" name="test_interface_version_format" time="0.000" /><testcase classname="unit.models.contracts.subcontracts.test_model_event_bus_subcontract.TestModelEventBusSubcontractConfigDict" name="test_extra_fields_are_ignored" time="0.000" /><testcase classname="unit.models.contracts.subcontracts.test_model_event_bus_subcontract.TestModelEventBusSubcontractConfigDict" name="test_validate_assignment_enabled" time="0.001" /><testcase classname="unit.models.configuration.test_model_rate_limit_window.TestModelRateLimitWindowFactoryMethods" name="test_create_fixed_window" time="0.001" /><testcase classname="unit.models.contracts.subcontracts.test_model_event_type_subcontract.TestModelEventTypeSubcontractValidation" name="test_valid_minimal_subcontract" time="0.001" /><testcase classname="unit.models.contracts.subcontracts.test_model_event_type_subcontract.TestModelEventTypeSubcontractValidation" name="test_batch_processing_enabled_with_invalid_size_raises_error" time="0.006" /><testcase classname="unit.models.contracts.subcontracts.test_model_event_type_subcontract.TestModelEventTypeSubcontractValidation" name="test_empty_primary_events_raises_error" time="0.001" /><testcase classname="unit.models.configuration.test_model_workflow_input.TestModelWorkflowInput" name="test_model_options_field" time="0.000" /><testcase classname="unit.models.contracts.subcontracts.test_model_event_type_subcontract.TestModelEventTypeSubcontractValidation" name="test_empty_event_categories_raises_error" time="0.001" /><testcase classname="unit.models.contracts.subcontracts.test_model_health_check_subcontract.TestModelComponentHealth" name="test_component_health_minimal_fields" time="0.000" /><testcase classname="unit.models.contracts.subcontracts.test_model_health_check_subcontract.TestModelComponentHealth" name="test_component_health_negative_duration_validation" time="0.000" /><testcase classname="unit.models.contracts.subcontracts.test_model_health_check_subcontract.TestModelComponentHealth" name="test_component_health_enum_preservation" time="0.000" /><testcase classname="unit.models.contracts.subcontracts.test_model_health_check_subcontract.TestModelNodeHealthStatus" name="test_valid_node_health_status_creation" time="0.000" /><testcase classname="unit.models.contracts.subcontracts.test_model_health_check_subcontract.TestModelNodeHealthStatus" name="test_node_health_status_without_node_id" time="0.000" /><testcase classname="unit.models.contracts.subcontracts.test_model_health_check_subcontract.TestModelNodeHealthStatus" name="test_node_health_status_negative_duration_validation" time="0.000" /><testcase classname="unit.models.contracts.subcontracts.test_model_event_type_subcontract.TestModelEventTypeSubcontractValidation" name="test_batch_processing_disabled_allows_any_batch_size" time="0.001" /><testcase classname="unit.models.contracts.subcontracts.test_model_health_check_subcontract.TestModelComponentHealthCollection" name="test_valid_health_collection_creation" time="0.000" /><testcase classname="unit.models.contracts.subcontracts.test_model_health_check_subcontract.TestModelComponentHealthCollection" name="test_health_collection_defaults" time="0.000" /><testcase classname="unit.models.contracts.subcontracts.test_model_health_check_subcontract.TestModelComponentHealthCollection" name="test_health_collection_negative_counts_validation" time="0.000" /><testcase classname="unit.models.contracts.subcontracts.test_model_health_check_subcontract.TestModelDependencyHealth" name="test_valid_dependency_health_creation" time="0.000" /><testcase classname="unit.models.contracts.subcontracts.test_model_health_check_subcontract.TestModelDependencyHealth" name="test_dependency_health_unhealthy_with_error" time="0.000" /><testcase classname="unit.models.contracts.subcontracts.test_model_event_type_subcontract.TestModelEventTypeSubcontractValidation" name="test_deduplication_disabled_allows_any_window" time="0.001" /><testcase classname="unit.models.contracts.subcontracts.test_model_event_type_subcontract.TestModelEventTypeSubcontractValidation" name="test_deduplication_enabled_with_valid_window" time="0.000" /><testcase classname="unit.models.contracts.subcontracts.test_model_event_type_subcontract.TestModelEventTypeSubcontractValidation" name="test_deduplication_enabled_with_invalid_window_raises_error" time="0.001" /><testcase classname="unit.models.contracts.subcontracts.test_model_event_type_subcontract.TestModelEventTypeSubcontractValidation" name="test_full_configuration" time="0.000" /><testcase classname="unit.models.contracts.subcontracts.test_model_event_type_subcontract.TestModelEventTypeSubcontractDefaults" name="test_default_values" time="0.001" /><testcase classname="unit.models.connections.test_model_custom_connection_properties.TestModelCustomConnectionProperties" name="test_serialization_compatibility" time="0.001" /><testcase classname="unit.models.contracts.subcontracts.test_model_event_type_subcontract.TestModelEventTypeSubcontractEdgeCases" name="test_batch_size_exactly_one_is_valid" time="0.000" /><testcase classname="unit.models.contracts.subcontracts.test_model_event_type_subcontract.TestModelEventTypeSubcontractEdgeCases" name="test_deduplication_window_exactly_1000_is_valid" time="0.000" /><testcase classname="unit.models.contracts.subcontracts.test_model_health_check_subcontract.TestModelDependencyHealth" name="test_dependency_health_negative_response_time_validation" time="0.002" /><testcase classname="unit.models.contracts.subcontracts.test_model_health_check_subcontract.TestModelHealthCheckResult" name="test_valid_health_check_result_creation" time="0.000" /><testcase classname="unit.models.contracts.subcontracts.test_model_event_type_subcontract.TestModelEventTypeSubcontractEdgeCases" name="test_deduplication_window_999_raises_error_when_enabled" time="0.001" /><testcase classname="unit.models.contracts.subcontracts.test_model_event_type_subcontract.TestModelEventTypeSubcontractEdgeCases" name="test_multiple_primary_events" time="0.000" /><testcase classname="unit.models.contracts.subcontracts.test_model_event_type_subcontract.TestModelEventTypeSubcontractEdgeCases" name="test_multiple_event_categories" time="0.000" /><testcase classname="unit.models.contracts.subcontracts.test_model_health_check_subcontract.TestModelHealthCheckResult" name="test_health_check_result_minimal_dependencies" time="0.000" /><testcase classname="unit.models.contracts.subcontracts.test_model_health_check_subcontract.TestModelHealthCheckResult" name="test_health_score_validation_range" time="0.000" /><testcase classname="unit.models.contracts.subcontracts.test_model_health_check_subcontract.TestModelHealthCheckSubcontract" name="test_interface_version_present" time="0.000" /><testcase classname="unit.models.contracts.subcontracts.test_model_health_check_subcontract.TestModelHealthCheckSubcontract" name="test_minimal_valid_subcontract" time="0.000" /><testcase classname="unit.models.contracts.subcontracts.test_model_health_check_subcontract.TestModelHealthCheckSubcontract" name="test_full_subcontract_creation" time="0.000" /><testcase classname="unit.models.contracts.subcontracts.test_model_health_check_subcontract.TestModelHealthCheckSubcontract" name="test_check_interval_validation" time="0.000" /><testcase classname="unit.models.contracts.subcontracts.test_model_health_check_subcontract.TestModelHealthCheckSubcontract" name="test_failure_threshold_validation" time="0.000" /><testcase classname="unit.models.contracts.subcontracts.test_model_health_check_subcontract.TestModelHealthCheckSubcontract" name="test_recovery_threshold_validation" time="0.000" /><testcase classname="unit.models.contracts.subcontracts.test_model_health_check_subcontract.TestModelHealthCheckSubcontract" name="test_timeout_validation" time="0.000" /><testcase classname="unit.models.configuration.test_model_workflow_input.TestModelWorkflowInput" name="test_model_default_factories" time="0.001" /><testcase classname="unit.models.contracts.subcontracts.test_model_health_check_subcontract.TestModelHealthCheckSubcontract" name="test_model_config_settings" time="0.001" /><testcase classname="unit.models.contracts.subcontracts.test_model_health_check_subcontract.TestModelHealthCheckSubcontract" name="test_applicable_node_types_can_be_customized" time="0.000" /><testcase classname="unit.models.contracts.subcontracts.test_model_health_check_subcontract.TestModelHealthCheckSubcontract" name="test_serialization_deserialization" time="0.000" /><testcase classname="unit.models.contracts.subcontracts.test_model_health_check_subcontract.TestModelHealthCheckSubcontract" name="test_version_comparison" time="0.000" /><testcase classname="unit.models.contracts.subcontracts.test_model_health_check_subcontract.TestModelHealthCheckSubcontract" name="test_extra_fields_ignored" time="0.000" /><testcase classname="unit.models.contracts.subcontracts.test_model_logging_subcontract.TestModelLoggingSubcontractInitialization" name="test_create_default_logging_subcontract" time="0.000" /><testcase classname="unit.models.configuration.test_model_database_secure_config.TestModelDatabaseSecureConfigValidation" name="test_validate_host_invalid_format_raises_error" time="0.001" /><testcase classname="unit.models.contracts.subcontracts.test_model_logging_subcontract.TestModelLoggingSubcontractInitialization" name="test_logging_subcontract_with_custom_values" time="0.000" /><testcase classname="unit.models.contracts.subcontracts.test_model_logging_subcontract.TestModelLoggingSubcontractInitialization" name="test_logging_subcontract_inheritance" time="0.000" /><testcase classname="unit.models.contracts.subcontracts.test_model_logging_subcontract.TestModelLoggingSubcontractInitialization" name="test_interface_version_accessible" time="0.000" /><testcase classname="unit.models.contracts.subcontracts.test_model_logging_subcontract.TestModelLoggingSubcontractValidation" name="test_log_level_valid_values" time="0.000" /><testcase classname="unit.models.contracts.subcontracts.test_model_logging_subcontract.TestModelLoggingSubcontractValidation" name="test_log_level_case_insensitive" time="0.000" /><testcase classname="unit.models.contracts.subcontracts.test_model_logging_subcontract.TestModelLoggingSubcontractValidation" name="test_log_format_valid_values" time="0.002" /><testcase classname="unit.models.contracts.subcontracts.test_model_logging_subcontract.TestModelLoggingSubcontractValidation" name="test_log_format_invalid_value_raises_error" time="0.001" /><testcase classname="unit.models.contracts.subcontracts.test_model_logging_subcontract.TestModelLoggingSubcontractValidation" name="test_performance_threshold_constraints" time="0.001" /><testcase classname="unit.models.contracts.subcontracts.test_model_logging_subcontract.TestModelLoggingSubcontractValidation" name="test_sampling_rate_constraints" time="0.001" /><testcase classname="unit.models.contracts.subcontracts.test_model_circuit_breaker_subcontract.TestModelCircuitBreakerSubcontractValidation" name="test_failure_rate_threshold_bounds" time="0.001" /><testcase classname="unit.models.contracts.subcontracts.test_model_logging_subcontract.TestModelLoggingSubcontractValidation" name="test_max_log_entry_size_constraints" time="0.001" /><testcase classname="unit.models.contracts.subcontracts.test_model_logging_subcontract.TestModelLoggingSubcontractValidation" name="test_log_buffer_size_constraints" time="0.001" /><testcase classname="unit.models.contracts.subcontracts.test_model_logging_subcontract.TestModelLoggingSubcontractDefaultValues" name="test_context_and_correlation_defaults" time="0.001" /><testcase classname="unit.models.contracts.subcontracts.test_model_logging_subcontract.TestModelLoggingSubcontractDefaultValues" name="test_performance_logging_defaults" time="0.000" /><testcase classname="unit.models.contracts.subcontracts.test_model_logging_subcontract.TestModelLoggingSubcontractSerialization" name="test_logging_subcontract_serialization" time="0.000" /><testcase classname="unit.models.contracts.subcontracts.test_model_logging_subcontract.TestModelLoggingSubcontractDefaultValues" name="test_security_defaults" time="0.001" /><testcase classname="unit.models.contracts.subcontracts.test_model_logging_subcontract.TestModelLoggingSubcontractSerialization" name="test_logging_subcontract_deserialization" time="0.000" /><testcase classname="unit.models.contracts.subcontracts.test_model_logging_subcontract.TestModelLoggingSubcontractSerialization" name="test_logging_subcontract_json_serialization" time="0.000" /><testcase classname="unit.models.contracts.subcontracts.test_model_logging_subcontract.TestModelLoggingSubcontractDefaultValues" name="test_structured_logging_defaults" time="0.000" /><testcase classname="unit.models.contracts.subcontracts.test_model_logging_subcontract.TestModelLoggingSubcontractSerialization" name="test_logging_subcontract_roundtrip" time="0.000" /><testcase classname="unit.models.contracts.subcontracts.test_model_logging_subcontract.TestModelLoggingSubcontractDefaultValues" name="test_audit_logging_defaults" time="0.001" /><testcase classname="unit.models.contracts.subcontracts.test_model_logging_subcontract.TestModelLoggingSubcontractDefaultValues" name="test_output_configuration_defaults" time="0.000" /><testcase classname="unit.models.contracts.subcontracts.test_model_logging_subcontract.TestModelLoggingSubcontractDefaultValues" name="test_async_logging_defaults" time="0.000" /><testcase classname="unit.models.contracts.subcontracts.test_model_logging_subcontract.TestModelLoggingSubcontractDefaultValues" name="test_size_and_rotation_defaults" time="0.000" /><testcase classname="unit.models.contracts.subcontracts.test_model_logging_subcontract.TestModelLoggingSubcontractDefaultValues" name="test_filtering_and_sampling_defaults" time="0.000" /><testcase classname="unit.models.contracts.subcontracts.test_model_logging_subcontract.TestModelLoggingSubcontractDefaultValues" name="test_integration_defaults" time="0.000" /><testcase classname="unit.models.contracts.subcontracts.test_model_event_bus_subcontract.TestModelEventBusSubcontractValidation" name="test_queue_overflow_strategy_invalid_value_raises_error" time="0.001" /><testcase classname="unit.models.contracts.subcontracts.test_model_logging_subcontract.TestModelLoggingSubcontractEdgeCases" name="test_minimal_sampling_rate" time="0.001" /><testcase classname="unit.models.contracts.subcontracts.test_model_logging_subcontract.TestModelLoggingSubcontractEdgeCases" name="test_all_features_disabled" time="0.000" /><testcase classname="unit.models.contracts.subcontracts.test_model_circuit_breaker_subcontract.TestModelCircuitBreakerSubcontractEdgeCases" name="test_automatic_transition_disabled" time="0.001" /><testcase classname="unit.models.contracts.subcontracts.test_model_logging_subcontract.TestModelLoggingSubcontractEdgeCases" name="test_extra_fields_ignored" time="0.000" /><testcase classname="unit.models.contracts.subcontracts.test_model_logging_subcontract.TestModelLoggingSubcontractAttributes" name="test_logging_subcontract_copy" time="0.001" /><testcase classname="unit.models.contracts.subcontracts.test_model_logging_subcontract.TestModelLoggingSubcontractAttributes" name="test_logging_subcontract_equality" time="0.001" /><testcase classname="unit.models.contracts.subcontracts.test_model_logging_subcontract.TestModelLoggingSubcontractEdgeCases" name="test_empty_sensitive_field_patterns" time="0.001" /><testcase classname="unit.models.contracts.subcontracts.test_model_logging_subcontract.TestModelLoggingSubcontractEdgeCases" name="test_custom_sensitive_field_patterns" time="0.000" /><testcase classname="unit.models.contracts.subcontracts.test_model_logging_subcontract.TestModelLoggingSubcontractEdgeCases" name="test_log_level_overrides" time="0.000" /><testcase classname="unit.models.contracts.subcontracts.test_model_logging_subcontract.TestModelLoggingSubcontractEdgeCases" name="test_file_logging_with_path" time="0.000" /><testcase classname="unit.models.contracts.subcontracts.test_model_logging_subcontract.TestModelLoggingSubcontractAttributes" name="test_logging_subcontract_attributes" time="0.000" /><testcase classname="unit.models.contracts.subcontracts.test_model_logging_subcontract.TestModelLoggingSubcontractAttributes" name="test_logging_subcontract_docstring" time="0.000" /><testcase classname="unit.models.contracts.subcontracts.test_model_logging_subcontract.TestModelLoggingSubcontractAttributes" name="test_logging_subcontract_class_name" time="0.000" /><testcase classname="unit.models.contracts.subcontracts.test_model_logging_subcontract.TestModelLoggingSubcontractAttributes" name="test_logging_subcontract_str_repr" time="0.000" /><testcase classname="unit.models.contracts.subcontracts.test_model_logging_subcontract.TestModelLoggingSubcontractAttributes" name="test_interface_version_format" time="0.001" /><testcase classname="unit.models.contracts.subcontracts.test_model_logging_subcontract.TestModelLoggingSubcontractConfigDict" name="test_extra_fields_are_ignored" time="0.000" /><testcase classname="unit.models.contracts.subcontracts.test_model_logging_subcontract.TestModelLoggingSubcontractConfigDict" name="test_validate_assignment_enabled" time="0.001" /><testcase classname="unit.models.contracts.subcontracts.test_model_logging_subcontract.TestModelLoggingSubcontractSecurityFeatures" name="test_sensitive_data_redaction_enabled" time="0.000" /><testcase classname="unit.models.contracts.subcontracts.test_model_logging_subcontract.TestModelLoggingSubcontractSecurityFeatures" name="test_pii_detection_enabled" time="0.000" /><testcase classname="unit.models.contracts.subcontracts.test_model_logging_subcontract.TestModelLoggingSubcontractSecurityFeatures" name="test_default_sensitive_patterns_comprehensive" time="0.000" /><testcase classname="unit.models.contracts.subcontracts.test_model_logging_subcontract.TestModelLoggingSubcontractSecurityFeatures" name="test_custom_security_configuration" time="0.000" /><testcase classname="unit.models.contracts.subcontracts.test_model_event_bus_subcontract.TestModelEventBusSubcontractDefaultValues" name="test_lifecycle_events_defaults" time="0.001" /><testcase classname="unit.models.contracts.subcontracts.test_model_logging_subcontract.TestModelLoggingSubcontractPerformanceFeatures" name="test_log_sampling_configuration" time="0.000" /><testcase classname="unit.models.contracts.subcontracts.test_model_logging_subcontract.TestModelLoggingSubcontractPerformanceFeatures" name="test_performance_threshold_configuration" time="0.000" /><testcase classname="unit.models.contracts.subcontracts.test_model_event_bus_subcontract.TestModelEventBusSubcontractAttributes" name="test_event_bus_subcontract_docstring" time="0.000" /><testcase classname="unit.models.contracts.subcontracts.test_model_metrics_subcontract.TestModelMetricsSubcontractValidation" name="test_collection_interval_validation_max" time="0.000" /><testcase classname="unit.models.contracts.subcontracts.test_model_metrics_subcontract.TestModelMetricsSubcontractValidation" name="test_export_interval_validation_min" time="0.001" /><testcase classname="unit.models.contracts.subcontracts.test_model_metrics_subcontract.TestModelMetricsSubcontractValidation" name="test_export_interval_validation_max" time="0.000" /><testcase classname="unit.models.contracts.subcontracts.test_model_metrics_subcontract.TestModelMetricsSubcontractValidation" name="test_export_interval_exceeds_collection_interval" time="0.000" /><testcase classname="unit.models.contracts.subcontracts.test_model_metrics_subcontract.TestModelMetricsSubcontractValidation" name="test_export_interval_equals_collection_interval" time="0.000" /><testcase classname="unit.models.contracts.subcontracts.test_model_metrics_subcontract.TestModelMetricsSubcontractInitialization" name="test_create_default_metrics_subcontract" time="0.000" /><testcase classname="unit.models.contracts.subcontracts.test_model_metrics_subcontract.TestModelMetricsSubcontractInitialization" name="test_metrics_subcontract_with_custom_values" time="0.000" /><testcase classname="unit.models.contracts.subcontracts.test_model_metrics_subcontract.TestModelMetricsSubcontractInitialization" name="test_metrics_subcontract_inheritance" time="0.000" /><testcase classname="unit.models.contracts.subcontracts.test_model_metrics_subcontract.TestModelMetricsSubcontractInitialization" name="test_interface_version_present" time="0.000" /><testcase classname="unit.models.contracts.subcontracts.test_model_metrics_subcontract.TestModelMetricsSubcontractValidation" name="test_metrics_backend_validation_prometheus" time="0.000" /><testcase classname="unit.models.contracts.subcontracts.test_model_metrics_subcontract.TestModelMetricsSubcontractValidation" name="test_max_label_cardinality_validation" time="0.000" /><testcase classname="unit.models.contracts.subcontracts.test_model_metrics_subcontract.TestModelMetricsSubcontractValidation" name="test_aggregation_window_validation" time="0.000" /><testcase classname="unit.models.contracts.subcontracts.test_model_metrics_subcontract.TestModelMetricsSubcontractValidation" name="test_retention_period_validation" time="0.001" /><testcase classname="unit.models.contracts.subcontracts.test_model_metrics_subcontract.TestModelMetricsSubcontractValidation" name="test_metrics_backend_validation_statsd" time="0.000" /><testcase classname="unit.models.contracts.subcontracts.test_model_metrics_subcontract.TestModelMetricsSubcontractValidation" name="test_metrics_backend_validation_none" time="0.000" /><testcase classname="unit.models.contracts.subcontracts.test_model_metrics_subcontract.TestModelMetricsSubcontractSerialization" name="test_metrics_subcontract_serialization" time="0.001" /><testcase classname="unit.models.contracts.subcontracts.test_model_metrics_subcontract.TestModelMetricsSubcontractValidation" name="test_metrics_backend_validation_invalid" time="0.000" /><testcase classname="unit.models.contracts.subcontracts.test_model_event_type_subcontract.TestModelEventTypeSubcontractValidation" name="test_batch_processing_enabled_with_valid_size" time="0.000" /><testcase classname="unit.models.contracts.subcontracts.test_model_metrics_subcontract.TestModelMetricsSubcontractSerialization" name="test_metrics_subcontract_json_serialization" time="0.000" /><testcase classname="unit.models.contracts.subcontracts.test_model_health_check_subcontract.TestModelDependencyHealth" name="test_dependency_health_minimal_fields" time="0.000" /><testcase classname="unit.models.contracts.subcontracts.test_model_metrics_subcontract.TestModelMetricsSubcontractSerialization" name="test_metrics_subcontract_roundtrip" time="0.001" /><testcase classname="unit.models.contracts.subcontracts.test_model_metrics_subcontract.TestModelMetricsSubcontractEdgeCases" name="test_maximal_intervals" time="0.001" /><testcase classname="unit.models.contracts.subcontracts.test_model_metrics_subcontract.TestModelMetricsSubcontractMetricTypes" name="test_all_metric_types_enabled" time="0.000" /><testcase classname="unit.models.contracts.subcontracts.test_model_metrics_subcontract.TestModelMetricsSubcontractEdgeCases" name="test_none_backend" time="0.000" /><testcase classname="unit.models.contracts.subcontracts.test_model_metrics_subcontract.TestModelMetricsSubcontractMetricTypes" name="test_all_metric_types_disabled" time="0.000" /><testcase classname="unit.models.contracts.subcontracts.test_model_metrics_subcontract.TestModelMetricsSubcontractMetricTypes" name="test_selective_metric_types" time="0.000" /><testcase classname="unit.models.contracts.subcontracts.test_model_health_check_subcontract.TestModelComponentHealth" name="test_valid_component_health_creation" time="0.001" /><testcase classname="unit.models.contracts.subcontracts.test_model_metrics_subcontract.TestModelMetricsSubcontractAttributes" name="test_metrics_subcontract_attributes" time="0.000" /><testcase classname="unit.models.contracts.subcontracts.test_model_retry_subcontract.TestModelRetrySubcontractBasics" name="test_custom_values" time="0.000" /><testcase classname="unit.models.contracts.subcontracts.test_model_metrics_subcontract.TestModelMetricsSubcontractPerformanceMonitoring" name="test_all_performance_metrics_enabled" time="0.000" /><testcase classname="unit.models.contracts.subcontracts.test_model_retry_subcontract.TestModelRetrySubcontractBasics" name="test_interface_version_accessible" time="0.000" /><testcase classname="unit.models.contracts.subcontracts.test_model_metrics_subcontract.TestModelMetricsSubcontractAttributes" name="test_metrics_subcontract_docstring" time="0.000" /><testcase classname="unit.models.contracts.subcontracts.test_model_metrics_subcontract.TestModelMetricsSubcontractPerformanceMonitoring" name="test_performance_metrics_disabled" time="0.000" /><testcase classname="unit.models.contracts.subcontracts.test_model_metrics_subcontract.TestModelMetricsSubcontractEdgeCases" name="test_metrics_disabled_globally" time="0.001" /><testcase classname="unit.models.contracts.subcontracts.test_model_metrics_subcontract.TestModelMetricsSubcontractEdgeCases" name="test_custom_labels_disabled" time="0.001" /><testcase classname="unit.models.contracts.subcontracts.test_model_retry_subcontract.TestModelRetrySubcontractBasics" name="test_retryable_error_codes_default" time="0.000" /><testcase classname="unit.models.contracts.subcontracts.test_model_retry_subcontract.TestModelRetrySubcontractBasics" name="test_non_retryable_error_codes_default" time="0.000" /><testcase classname="unit.models.contracts.subcontracts.test_model_retry_subcontract.TestModelRetrySubcontractValidation" name="test_max_retries_bounds" time="0.000" /><testcase classname="unit.models.contracts.subcontracts.test_model_retry_subcontract.TestModelRetrySubcontractValidation" name="test_base_delay_seconds_bounds" time="0.000" /><testcase classname="unit.models.contracts.subcontracts.test_model_retry_subcontract.TestModelRetrySubcontractValidation" name="test_backoff_strategy_validation" time="0.000" /><testcase classname="unit.models.contracts.subcontracts.test_model_retry_subcontract.TestModelRetrySubcontractValidation" name="test_backoff_multiplier_bounds" time="0.001" /><testcase classname="unit.models.contracts.subcontracts.test_model_metrics_subcontract.TestModelMetricsSubcontractAttributes" name="test_metrics_subcontract_class_name" time="0.001" /><testcase classname="unit.models.contracts.subcontracts.test_model_metrics_subcontract.TestModelMetricsSubcontractAttributes" name="test_metrics_subcontract_module" time="0.000" /><testcase classname="unit.models.contracts.subcontracts.test_model_metrics_subcontract.TestModelMetricsSubcontractAttributes" name="test_metrics_subcontract_copy" time="0.000" /><testcase classname="unit.models.contracts.subcontracts.test_model_metrics_subcontract.TestModelMetricsSubcontractConfigDict" name="test_extra_fields_ignored" time="0.000" /><testcase classname="unit.models.contracts.subcontracts.test_model_metrics_subcontract.TestModelMetricsSubcontractConfigDict" name="test_validate_assignment_enabled" time="0.000" /><testcase classname="unit.models.contracts.subcontracts.test_model_retry_subcontract.TestModelRetrySubcontractValidation" name="test_max_delay_seconds_bounds" time="0.001" /><testcase classname="unit.models.contracts.subcontracts.test_model_health_check_subcontract.TestModelHealthCheckSubcontract" name="test_subcontract_version_is_modelsemver" time="0.000" /><testcase classname="unit.models.contracts.subcontracts.test_model_retry_subcontract.TestModelRetrySubcontractValidation" name="test_jitter_factor_bounds" time="0.000" /><testcase classname="unit.models.contracts.subcontracts.test_model_retry_subcontract.TestModelRetrySubcontractValidation" name="test_timeout_per_attempt_bounds" time="0.001" /><testcase classname="unit.models.contracts.subcontracts.test_model_retry_subcontract.TestModelRetrySubcontractValidation" name="test_timeout_per_attempt_reasonable_vs_max_delay" time="0.001" /><testcase classname="unit.models.contracts.subcontracts.test_model_retry_subcontract.TestModelRetrySubcontractEdgeCases" name="test_zero_retries_configuration" time="0.000" /><testcase classname="unit.models.contracts.subcontracts.test_model_logging_subcontract.TestModelLoggingSubcontractValidation" name="test_log_level_invalid_value_raises_error" time="0.003" /><testcase classname="unit.models.contracts.subcontracts.test_model_retry_subcontract.TestModelRetrySubcontractEdgeCases" name="test_no_jitter_configuration" time="0.001" /><testcase classname="unit.models.contracts.subcontracts.test_model_retry_subcontract.TestModelRetrySubcontractEdgeCases" name="test_constant_backoff_configuration" time="0.000" /><testcase classname="unit.models.contracts.subcontracts.test_model_retry_subcontract.TestModelRetrySubcontractEdgeCases" name="test_linear_backoff_configuration" time="0.001" /><testcase classname="unit.models.contracts.subcontracts.test_model_retry_subcontract.TestModelRetrySubcontractEdgeCases" name="test_circuit_breaker_integration" time="0.001" /><testcase classname="unit.models.contracts.subcontracts.test_model_retry_subcontract.TestModelRetrySubcontractEdgeCases" name="test_aggressive_retry_configuration" time="0.001" /><testcase classname="unit.models.contracts.subcontracts.test_model_retry_subcontract.TestModelRetrySubcontractEdgeCases" name="test_custom_error_codes" time="0.000" /><testcase classname="unit.models.contracts.subcontracts.test_model_retry_subcontract.TestModelRetrySubcontractConfigDict" name="test_extra_fields_ignored" time="0.001" /><testcase classname="unit.models.contracts.subcontracts.test_model_retry_subcontract.TestModelRetrySubcontractConfigDict" name="test_validate_assignment" time="0.000" /><testcase classname="unit.models.contracts.subcontracts.test_model_retry_subcontract.TestModelRetrySubcontractConfigDict" name="test_model_serialization" time="0.000" /><testcase classname="unit.models.contracts.subcontracts.test_model_retry_subcontract.TestModelRetrySubcontractDocumentation" name="test_docstring_present" time="0.000" /><testcase classname="unit.models.contracts.subcontracts.test_model_retry_subcontract.TestModelRetrySubcontractDocumentation" name="test_field_descriptions" time="0.001" /><testcase classname="unit.models.contracts.subcontracts.test_model_retry_subcontract.TestModelRetrySubcontractDocumentation" name="test_interface_stability" time="0.000" /><testcase classname="unit.models.contracts.subcontracts.test_model_logging_subcontract.TestModelLoggingSubcontractDefaultValues" name="test_core_logging_defaults" time="0.001" /><testcase classname="unit.models.contracts.subcontracts.test_model_routing_subcontract.TestRoutingSubcontractValidators" name="test_valid_routing_with_unique_priorities" time="0.001" /><testcase classname="unit.models.contracts.subcontracts.test_model_routing_subcontract.TestRoutingSubcontractValidators" name="test_duplicate_priority_same_pattern_raises_error" time="0.001" /><testcase classname="unit.models.contracts.subcontracts.test_model_routing_subcontract.TestRoutingSubcontractValidators" name="test_same_priority_different_patterns_allowed" time="0.000" /><testcase classname="unit.models.contracts.subcontracts.test_model_routing_subcontract.TestRoutingSubcontractValidators" name="test_valid_trace_sampling_rate_low" time="0.000" /><testcase classname="unit.models.contracts.subcontracts.test_model_logging_subcontract.TestModelLoggingSubcontractEdgeCases" name="test_minimal_performance_threshold" time="0.001" /><testcase classname="unit.models.contracts.subcontracts.test_model_security_subcontract.TestModelSecuritySubcontractInitialization" name="test_create_default_security_subcontract" time="0.000" /><testcase classname="unit.models.contracts.subcontracts.test_model_routing_subcontract.TestRoutingSubcontractValidators" name="test_valid_trace_sampling_rate_max_allowed" time="0.000" /><testcase classname="unit.models.contracts.subcontracts.test_model_routing_subcontract.TestRoutingSubcontractValidators" name="test_trace_sampling_rate_above_threshold_raises_error" time="0.000" /><testcase classname="unit.models.contracts.subcontracts.test_model_routing_subcontract.TestRoutingSubcontractValidators" name="test_trace_sampling_rate_at_100_percent_raises_error" time="0.000" /><testcase classname="unit.models.contracts.subcontracts.test_model_routing_subcontract.TestRoutingSubcontractValidators" name="test_multiple_routes_complex_validation" time="0.000" /><testcase classname="unit.models.contracts.subcontracts.test_model_security_subcontract.TestModelSecuritySubcontractInitialization" name="test_security_subcontract_with_custom_values" time="0.001" /><testcase classname="unit.models.contracts.subcontracts.test_model_security_subcontract.TestModelSecuritySubcontractInitialization" name="test_security_subcontract_inheritance" time="0.000" /><testcase classname="unit.models.contracts.subcontracts.test_model_security_subcontract.TestModelSecuritySubcontractInitialization" name="test_interface_version_present" time="0.000" /><testcase classname="unit.models.contracts.subcontracts.test_model_logging_subcontract.TestModelLoggingSubcontractAttributes" name="test_logging_subcontract_module" time="0.000" /><testcase classname="unit.models.contracts.subcontracts.test_model_security_subcontract.TestModelSecuritySubcontractPatternValidation" name="test_single_pattern" time="0.000" /><testcase classname="unit.models.contracts.subcontracts.test_model_security_subcontract.TestModelSecuritySubcontractPatternValidation" name="test_default_patterns_normalized" time="0.000" /><testcase classname="unit.models.contracts.subcontracts.test_model_security_subcontract.TestModelSecuritySubcontractPatternValidation" name="test_custom_patterns_normalized" time="0.000" /><testcase classname="unit.models.contracts.subcontracts.test_model_security_subcontract.TestModelSecuritySubcontractEncryptionValidation" name="test_encryption_algorithm_aes_256_gcm" time="0.000" /><testcase classname="unit.models.contracts.subcontracts.test_model_security_subcontract.TestModelSecuritySubcontractPatternValidation" name="test_empty_patterns_with_redaction_disabled" time="0.000" /><testcase classname="unit.models.contracts.subcontracts.test_model_security_subcontract.TestModelSecuritySubcontractEncryptionValidation" name="test_encryption_algorithm_aes_128_gcm" time="0.000" /><testcase classname="unit.models.contracts.subcontracts.test_model_security_subcontract.TestModelSecuritySubcontractPatternValidation" name="test_empty_patterns_with_redaction_enabled_fails" time="0.000" /><testcase classname="unit.models.contracts.subcontracts.test_model_security_subcontract.TestModelSecuritySubcontractEncryptionValidation" name="test_encryption_algorithm_chacha20_poly1305" time="0.000" /><testcase classname="unit.models.contracts.subcontracts.test_model_security_subcontract.TestModelSecuritySubcontractEncryptionValidation" name="test_encryption_algorithm_invalid" time="0.000" /><testcase classname="unit.models.contracts.subcontracts.test_model_security_subcontract.TestModelSecuritySubcontractEncryptionValidation" name="test_encryption_at_rest_without_encryption_fails" time="0.000" /><testcase classname="unit.models.contracts.subcontracts.test_model_security_subcontract.TestModelSecuritySubcontractEncryptionValidation" name="test_encryption_at_rest_with_encryption_enabled" time="0.000" /><testcase classname="unit.models.contracts.subcontracts.test_model_security_subcontract.TestModelSecuritySubcontractFieldValidation" name="test_max_field_length_minimum" time="0.000" /><testcase classname="unit.models.contracts.subcontracts.test_model_logging_subcontract.TestModelLoggingSubcontractPerformanceFeatures" name="test_async_logging_configuration" time="0.000" /><testcase classname="unit.models.contracts.subcontracts.test_model_security_subcontract.TestModelSecuritySubcontractFieldValidation" name="test_redaction_placeholder_not_empty" time="0.000" /><testcase classname="unit.models.contracts.subcontracts.test_model_security_subcontract.TestModelSecuritySubcontractFieldValidation" name="test_custom_redaction_placeholder" time="0.000" /><testcase classname="unit.models.contracts.subcontracts.test_model_security_subcontract.TestModelSecuritySubcontractSerialization" name="test_security_subcontract_serialization" time="0.000" /><testcase classname="unit.models.contracts.subcontracts.test_model_security_subcontract.TestModelSecuritySubcontractSerialization" name="test_security_subcontract_deserialization" time="0.000" /><testcase classname="unit.models.contracts.subcontracts.test_model_security_subcontract.TestModelSecuritySubcontractSerialization" name="test_security_subcontract_json_serialization" time="0.000" /><testcase classname="unit.models.contracts.subcontracts.test_model_security_subcontract.TestModelSecuritySubcontractSerialization" name="test_security_subcontract_roundtrip" time="0.001" /><testcase classname="unit.models.contracts.subcontracts.test_model_metrics_subcontract.TestModelMetricsSubcontractSerialization" name="test_metrics_subcontract_deserialization" time="0.000" /><testcase classname="unit.models.contracts.subcontracts.test_model_security_subcontract.TestModelSecuritySubcontractAccessControl" name="test_access_control_disabled" time="0.001" /><testcase classname="unit.models.contracts.subcontracts.test_model_security_subcontract.TestModelSecuritySubcontractAuditLogging" name="test_all_audit_features_enabled" time="0.000" /><testcase classname="unit.models.contracts.subcontracts.test_model_security_subcontract.TestModelSecuritySubcontractInputValidation" name="test_all_input_validation_enabled" time="0.000" /><testcase classname="unit.models.contracts.subcontracts.test_model_security_subcontract.TestModelSecuritySubcontractAuditLogging" name="test_audit_logging_disabled" time="0.001" /><testcase classname="unit.models.contracts.subcontracts.test_model_metrics_subcontract.TestModelMetricsSubcontractValidation" name="test_collection_interval_validation_min" time="0.001" /><testcase classname="unit.models.contracts.subcontracts.test_model_security_subcontract.TestModelSecuritySubcontractInputValidation" name="test_input_validation_disabled" time="0.000" /><testcase classname="unit.models.contracts.subcontracts.test_model_security_subcontract.TestModelSecuritySubcontractEdgeCases" name="test_maximal_security_configuration" time="0.000" /><testcase classname="unit.models.contracts.subcontracts.test_model_security_subcontract.TestModelSecuritySubcontractOutputSanitization" name="test_all_sanitization_enabled" time="0.000" /><testcase classname="unit.models.contracts.subcontracts.test_model_security_subcontract.TestModelSecuritySubcontractAttributes" name="test_security_subcontract_attributes" time="0.000" /><testcase classname="unit.models.contracts.subcontracts.test_model_security_subcontract.TestModelSecuritySubcontractAttributes" name="test_security_subcontract_docstring" time="0.000" /><testcase classname="unit.models.contracts.subcontracts.test_model_security_subcontract.TestModelSecuritySubcontractOutputSanitization" name="test_sanitization_disabled" time="0.000" /><testcase classname="unit.models.contracts.subcontracts.test_model_security_subcontract.TestModelSecuritySubcontractAttributes" name="test_security_subcontract_class_name" time="0.000" /><testcase classname="unit.models.contracts.subcontracts.test_model_security_subcontract.TestModelSecuritySubcontractAttributes" name="test_security_subcontract_module" time="0.000" /><testcase classname="unit.models.contracts.subcontracts.test_model_security_subcontract.TestModelSecuritySubcontractSecurityPolicies" name="test_all_security_policies_enabled" time="0.000" /><testcase classname="unit.models.contracts.subcontracts.test_model_security_subcontract.TestModelSecuritySubcontractAttributes" name="test_security_subcontract_copy" time="0.000" /><testcase classname="unit.models.contracts.subcontracts.test_model_security_subcontract.TestModelSecuritySubcontractSecurityPolicies" name="test_security_policies_disabled" time="0.000" /><testcase classname="unit.models.contracts.subcontracts.test_model_security_subcontract.TestModelSecuritySubcontractConfigDict" name="test_extra_fields_ignored" time="0.001" /><testcase classname="unit.models.contracts.subcontracts.test_model_metrics_subcontract.TestModelMetricsSubcontractEdgeCases" name="test_minimal_intervals" time="0.000" /><testcase classname="unit.models.contracts.subcontracts.test_model_serialization_subcontract.TestModelSerializationSubcontract" name="test_valid_subcontract_creation_defaults" time="0.000" /><testcase classname="unit.models.contracts.subcontracts.test_model_serialization_subcontract.TestModelSerializationSubcontract" name="test_valid_subcontract_creation_custom_values" time="0.000" /><testcase classname="unit.models.contracts.subcontracts.test_model_serialization_subcontract.TestModelSerializationSubcontract" name="test_interface_version_exists" time="0.000" /><testcase classname="unit.models.contracts.subcontracts.test_model_serialization_subcontract.TestModelSerializationSubcontract" name="test_serialization_format_yaml" time="0.000" /><testcase classname="unit.models.contracts.subcontracts.test_model_serialization_subcontract.TestModelSerializationSubcontract" name="test_serialization_format_json" time="0.000" /><testcase classname="unit.models.contracts.subcontracts.test_model_serialization_subcontract.TestModelSerializationSubcontract" name="test_serialization_format_toml" time="0.000" /><testcase classname="unit.models.contracts.subcontracts.test_model_retry_subcontract.TestModelRetrySubcontractValidation" name="test_max_delay_greater_than_base_delay" time="0.001" /><testcase classname="unit.models.contracts.subcontracts.test_model_serialization_subcontract.TestModelSerializationSubcontract" name="test_serialization_format_invalid" time="0.001" /><testcase classname="unit.models.contracts.subcontracts.test_model_serialization_subcontract.TestModelSerializationSubcontract" name="test_indent_spaces_maximum_constraint" time="0.000" /><testcase classname="unit.models.contracts.subcontracts.test_model_serialization_subcontract.TestModelSerializationSubcontract" name="test_indent_spaces_custom_validator_too_high" time="0.000" /><testcase classname="unit.models.contracts.subcontracts.test_model_serialization_subcontract.TestModelSerializationSubcontract" name="test_indent_spaces_boundary_values" time="0.000" /><testcase classname="unit.models.contracts.subcontracts.test_model_retry_subcontract.TestModelRetrySubcontractBasics" name="test_default_instantiation" time="0.001" /><testcase classname="unit.models.contracts.subcontracts.test_model_serialization_subcontract.TestModelSerializationSubcontract" name="test_max_serialized_size_minimum_constraint" time="0.001" /><testcase classname="unit.models.contracts.subcontracts.test_model_serialization_subcontract.TestModelSerializationSubcontract" name="test_extra_fields_ignored" time="0.000" /><testcase classname="unit.models.contracts.subcontracts.test_model_serialization_subcontract.TestModelSerializationSubcontract" name="test_boolean_fields_all_combinations" time="0.001" /><testcase classname="unit.models.contracts.subcontracts.test_model_serialization_subcontract.TestModelSerializationSubcontract" name="test_validate_assignment_enabled" time="0.000" /><testcase classname="unit.models.contracts.subcontracts.test_model_serialization_subcontract.TestModelSerializationSubcontract" name="test_model_serialization_round_trip" time="0.000" /><testcase classname="unit.models.contracts.subcontracts.test_model_serialization_subcontract.TestModelSerializationSubcontract" name="test_model_dump_json_mode" time="0.000" /><testcase classname="unit.models.contracts.subcontracts.test_model_serialization_subcontract.TestModelSerializationSubcontract" name="test_max_serialized_size_maximum_constraint" time="0.000" /><testcase classname="unit.models.contracts.subcontracts.test_model_serialization_subcontract.TestModelSerializationSubcontract" name="test_all_formats_with_various_settings" time="0.000" /><testcase classname="unit.models.contracts.subcontracts.test_model_serialization_subcontract.TestModelSerializationSubcontract" name="test_realistic_use_cases" time="0.000" /><testcase classname="unit.models.contracts.subcontracts.test_model_serialization_subcontract.TestModelSerializationSubcontract" name="test_max_serialized_size_custom_validator_too_low" time="0.000" /><testcase classname="unit.models.contracts.subcontracts.test_model_serialization_subcontract.TestModelSerializationSubcontract" name="test_max_serialized_size_custom_validator_too_high" time="0.000" /><testcase classname="unit.models.contracts.subcontracts.test_model_retry_subcontract.TestModelRetrySubcontractEdgeCases" name="test_conservative_retry_configuration" time="0.001" /><testcase classname="unit.models.contracts.subcontracts.test_model_validation_subcontract.TestModelValidationSubcontract" name="test_valid_subcontract_creation_custom_values" time="0.000" /><testcase classname="unit.models.contracts.subcontracts.test_model_validation_subcontract.TestModelValidationSubcontract" name="test_interface_version_exists" time="0.000" /><testcase classname="unit.models.contracts.subcontracts.test_model_validation_subcontract.TestModelValidationSubcontract" name="test_max_validation_errors_minimum_constraint" time="0.000" /><testcase classname="unit.models.contracts.subcontracts.test_model_validation_subcontract.TestModelValidationSubcontract" name="test_max_validation_errors_maximum_constraint" time="0.000" /><testcase classname="unit.models.contracts.subcontracts.test_model_validation_subcontract.TestModelValidationSubcontract" name="test_max_validation_errors_custom_validator_too_low" time="0.001" /><testcase classname="unit.models.contracts.subcontracts.test_model_validation_subcontract.TestModelValidationSubcontract" name="test_max_validation_errors_custom_validator_too_high" time="0.000" /><testcase classname="unit.models.contracts.subcontracts.test_model_validation_subcontract.TestModelValidationSubcontract" name="test_validation_timeout_minimum_constraint" time="0.000" /><testcase classname="unit.models.contracts.subcontracts.test_model_routing_subcontract.TestRoutingSubcontractValidators" name="test_valid_routing_subcontract_default" time="0.001" /><testcase classname="unit.models.contracts.subcontracts.test_model_validation_subcontract.TestModelValidationSubcontract" name="test_validation_timeout_custom_validator_zero" time="0.001" /><testcase classname="unit.models.contracts.subcontracts.test_model_validation_subcontract.TestModelValidationSubcontract" name="test_validation_timeout_custom_validator_negative" time="0.001" /><testcase classname="unit.models.contracts.subcontracts.test_model_routing_subcontract.TestRoutingSubcontractValidators" name="test_validator_runs_on_model_update" time="0.001" /><testcase classname="unit.models.contracts.subcontracts.test_model_security_subcontract.TestModelSecuritySubcontractPatternValidation" name="test_duplicate_patterns_after_normalization" time="0.001" /><testcase classname="unit.models.contracts.subcontracts.test_model_validation_subcontract.TestModelValidationSubcontract" name="test_extra_fields_ignored" time="0.000" /><testcase classname="unit.models.contracts.subcontracts.test_model_validation_subcontract.TestModelValidationSubcontract" name="test_model_serialization_round_trip" time="0.000" /><testcase classname="unit.models.contracts.subcontracts.test_model_validation_subcontract.TestModelValidationSubcontract" name="test_boolean_fields_all_combinations" time="0.000" /><testcase classname="unit.models.contracts.subcontracts.test_model_validation_subcontract.TestModelValidationSubcontract" name="test_model_dump_json_mode" time="0.000" /><testcase classname="unit.models.contracts.test_model_fast_imports.TestModelFastContractFactory" name="test_get_reducer_returns_contract_reducer_class" time="0.002" /><testcase classname="unit.models.contracts.subcontracts.test_model_validation_subcontract.TestModelValidationSubcontract" name="test_edge_case_max_errors_boundary_values" time="0.000" /><testcase classname="unit.models.contracts.subcontracts.test_model_validation_subcontract.TestModelValidationSubcontract" name="test_edge_case_timeout_boundary_values" time="0.000" /><testcase classname="unit.models.contracts.test_model_fast_imports.TestModelFastContractFactory" name="test_factory_initialization" time="0.001" /><testcase classname="unit.models.contracts.test_model_fast_imports.TestModelFastContractFactory" name="test_import_paths_configured_correctly" time="0.000" /><testcase classname="unit.models.contracts.test_model_fast_imports.TestModelFastContractFactory" name="test_get_base_returns_contract_base_class" time="0.000" /><testcase classname="unit.models.contracts.test_model_fast_imports.TestModelFastContractFactory" name="test_get_orchestrator_returns_contract_orchestrator_class" time="0.000" /><testcase classname="unit.models.contracts.test_model_fast_imports.TestModelFastContractFactory" name="test_caching_prevents_reimport" time="0.000" /><testcase classname="unit.models.contracts.test_model_fast_imports.TestModelFastContractFactory" name="test_get_all_contracts_returns_all_five_types" time="0.000" /><testcase classname="unit.models.contracts.test_model_fast_imports.TestModelFastContractFactory" name="test_get_all_contracts_classes_are_correct" time="0.000" /><testcase classname="unit.models.contracts.test_model_fast_imports.TestModelFastContractFactory" name="test_get_compute_returns_contract_compute_class" time="0.000" /><testcase classname="unit.models.contracts.test_model_fast_imports.TestModelFastContractFactory" name="test_get_stats_returns_correct_structure" time="0.000" /><testcase classname="unit.models.contracts.subcontracts.test_model_security_subcontract.TestModelSecuritySubcontractAccessControl" name="test_all_access_control_enabled" time="0.001" /><testcase classname="unit.models.contracts.subcontracts.test_model_security_subcontract.TestModelSecuritySubcontractFieldValidation" name="test_max_field_length_maximum" time="0.002" /><testcase classname="unit.models.contracts.test_model_fast_imports.TestModelFastContractFactory" name="test_import_contract_with_invalid_type_raises_error" time="0.001" /><testcase classname="unit.models.contracts.test_model_fast_imports.TestModuleLevelFunctions" name="test_all_contracts_function_returns_all_types" time="0.001" /><testcase classname="unit.models.contracts.test_model_fast_imports.TestModelFastContractFactory" name="test_multiple_factories_have_independent_caches" time="0.000" /><testcase classname="unit.models.contracts.test_model_fast_imports.TestModuleLevelFunctions" name="test_base_function_returns_base_class" time="0.000" /><testcase classname="unit.models.contracts.test_model_fast_imports.TestModuleLevelFunctions" name="test_compute_function_returns_compute_class" time="0.000" /><testcase classname="unit.models.contracts.test_model_fast_imports.TestModuleLevelFunctions" name="test_effect_function_returns_effect_class" time="0.000" /><testcase classname="unit.models.contracts.test_model_fast_imports.TestModuleLevelFunctions" name="test_factory_stats_function_returns_statistics" time="0.000" /><testcase classname="unit.models.contracts.test_model_fast_imports.TestModuleLevelFunctions" name="test_module_functions_use_global_factory" time="0.000" /><testcase classname="unit.models.contracts.test_model_fast_imports.TestCreationHelpers" name="test_create_compute_contract_function_exists" time="0.000" /><testcase classname="unit.models.contracts.test_model_fast_imports.TestCreationHelpers" name="test_create_effect_contract_function_exists" time="0.000" /><testcase classname="unit.models.contracts.test_model_fast_imports.TestModuleLevelFunctions" name="test_reducer_function_returns_reducer_class" time="0.000" /><testcase classname="unit.models.contracts.test_model_fast_imports.TestCreationHelpers" name="test_create_base_contract_function_exists" time="0.000" /><testcase classname="unit.models.contracts.subcontracts.test_model_security_subcontract.TestModelSecuritySubcontractEdgeCases" name="test_minimal_security_configuration" time="0.000" /><testcase classname="unit.models.contracts.subcontracts.test_model_security_subcontract.TestModelSecuritySubcontractConfigDict" name="test_validate_assignment_enabled" time="0.000" /><testcase classname="unit.models.contracts.test_model_fast_imports.TestPreloadingFunctions" name="test_preload_all_contracts_loads_all_types" time="0.002" /><testcase classname="unit.models.contracts.test_model_fast_imports.TestZeroImportTimeLoading" name="test_module_all_exports_correct_functions" time="0.002" /><testcase classname="unit.models.contracts.test_model_fast_imports.TestPerformanceMonitoring" name="test_performance_monitor_exists" time="0.000" /><testcase classname="unit.models.contracts.test_model_fast_imports.TestPerformanceMonitoring" name="test_measure_import_time_returns_metrics" time="0.001" /><testcase classname="unit.models.contracts.test_model_fast_imports.TestErrorHandling" name="test_invalid_contract_type_raises_appropriate_error" time="0.000" /><testcase classname="unit.models.contracts.subcontracts.test_model_serialization_subcontract.TestModelSerializationSubcontract" name="test_indent_spaces_minimum_constraint" time="0.001" /><testcase classname="unit.models.contracts.test_model_fast_imports.TestErrorHandling" name="test_missing_class_in_module_raises_attribute_error" time="0.000" /><testcase classname="unit.models.contracts.test_model_lazy_imports.TestModelLazyContractLoader" name="test_loader_initialization" time="0.001" /><testcase classname="unit.models.contracts.test_model_fast_imports.TestPerformanceMonitoring" name="test_measure_import_time_metrics_structure" time="0.000" /><testcase classname="unit.models.contracts.test_model_fast_imports.TestPerformanceMonitoring" name="test_performance_status_optimal_for_fast_access" time="0.000" /><testcase classname="unit.models.contracts.test_model_lazy_imports.TestModelLazyContractLoader" name="test_get_contract_effect_returns_effect_class" time="0.001" /><testcase classname="unit.models.contracts.test_model_lazy_imports.TestModelLazyContractLoader" name="test_get_contract_reducer_returns_reducer_class" time="0.000" /><testcase classname="unit.models.contracts.test_model_lazy_imports.TestModelLazyContractLoader" name="test_get_contract_base_returns_base_class" time="0.000" /><testcase classname="unit.models.contracts.test_model_fast_imports.TestZeroImportTimeLoading" name="test_no_imports_at_module_level" time="0.002" /><testcase classname="unit.models.contracts.test_model_lazy_imports.TestModelLazyContractLoader" name="test_get_contract_orchestrator_returns_orchestrator_class" time="0.000" /><testcase classname="unit.models.contracts.test_model_lazy_imports.TestModelLazyContractLoader" name="test_caching_stores_classes_in_cache" time="0.000" /><testcase classname="unit.models.contracts.test_model_lazy_imports.TestModelLazyContractLoader" name="test_multiple_calls_return_same_instance" time="0.001" /><testcase classname="unit.models.contracts.subcontracts.test_model_serialization_subcontract.TestModelSerializationSubcontract" name="test_max_serialized_size_boundary_values" time="0.000" /><testcase classname="unit.models.contracts.test_model_lazy_imports.TestModelLazyContractLoader" name="test_preload_all_loads_all_contracts" time="0.001" /><testcase classname="unit.models.contracts.test_model_lazy_imports.TestModelLazyContractLoader" name="test_get_cache_stats_returns_correct_structure" time="0.000" /><testcase classname="unit.models.contracts.test_model_lazy_imports.TestModelLazyContractLoader" name="test_get_cache_stats_reflects_cache_state" time="0.000" /><testcase classname="unit.models.contracts.test_model_lazy_imports.TestModelLazyContractLoader" name="test_get_cache_stats_available_models_list" time="0.000" /><testcase classname="unit.models.contracts.subcontracts.test_model_validation_subcontract.TestModelValidationSubcontract" name="test_valid_subcontract_creation_defaults" time="0.001" /><testcase classname="unit.models.contracts.test_model_lazy_imports.TestModelLazyContractLoader" name="test_multiple_loaders_have_independent_caches" time="0.000" /><testcase classname="unit.models.contracts.test_model_lazy_imports.TestModuleLevelFunctions" name="test_get_contract_compute_function_returns_compute_class" time="0.001" /><testcase classname="unit.models.contracts.test_model_lazy_imports.TestModuleLevelFunctions" name="test_get_contract_effect_function_returns_effect_class" time="0.000" /><testcase classname="unit.models.contracts.test_model_lazy_imports.TestModuleLevelFunctions" name="test_get_contract_reducer_function_returns_reducer_class" time="0.000" /><testcase classname="unit.models.contracts.test_model_lazy_imports.TestModuleLevelFunctions" name="test_get_contract_orchestrator_function_returns_orchestrator_class" time="0.000" /><testcase classname="unit.models.contracts.test_model_lazy_imports.TestModuleLevelFunctions" name="test_preload_all_contracts_function" time="0.000" /><testcase classname="unit.models.contracts.subcontracts.test_model_validation_subcontract.TestModelValidationSubcontract" name="test_validation_timeout_maximum_constraint" time="0.001" /><testcase classname="unit.models.contracts.subcontracts.test_model_validation_subcontract.TestModelValidationSubcontract" name="test_validate_assignment_enabled" time="0.001" /><testcase classname="unit.models.contracts.test_model_lazy_imports.TestModuleLevelFunctions" name="test_module_functions_use_singleton_loader" time="0.002" /><testcase classname="unit.models.contracts.test_model_lazy_imports.TestLazyLoadingBehavior" name="test_type_checking_imports_dont_affect_runtime" time="0.001" /><testcase classname="unit.models.contracts.test_model_lazy_imports.TestLazyLoadingBehavior" name="test_module_all_exports_correct_functions" time="0.001" /><testcase classname="unit.models.contracts.test_model_lazy_imports.TestSingletonBehavior" name="test_singleton_loader_instance_exists" time="0.000" /><testcase classname="unit.models.contracts.test_model_lazy_imports.TestSingletonBehavior" name="test_singleton_loader_is_model_lazy_contract_loader" time="0.000" /><testcase classname="unit.models.contracts.test_model_lazy_imports.TestSingletonBehavior" name="test_module_functions_access_same_singleton" time="0.000" /><testcase classname="unit.models.contracts.test_model_lazy_imports.TestLazyLoadingBehavior" name="test_no_imports_at_module_level" time="0.002" /><testcase classname="unit.models.contracts.test_model_lazy_imports.TestPerformanceOptimization" name="test_lazy_loading_defers_import_penalty" time="0.003" /><testcase classname="unit.models.contracts.test_model_lazy_imports.TestPerformanceOptimization" name="test_functools_cache_reduces_repeated_loading" time="0.008" /><testcase classname="unit.models.contracts.test_model_fast_imports.TestModelFastContractFactory" name="test_get_stats_reflects_cache_state" time="0.001" /><testcase classname="unit.models.contracts.test_model_yaml_contract.TestModelYamlContract" name="test_invalid_node_type_fails" time="0.000" /><testcase classname="unit.models.contracts.test_model_yaml_contract.TestModelYamlContract" name="test_validate_yaml_content_classmethod" time="0.000" /><testcase classname="unit.models.contracts.test_model_yaml_contract.TestModelYamlContract" name="test_extra_fields_allowed" time="0.000" /><testcase classname="unit.models.core.test_model_action_metadata.TestModelActionMetadata" name="test_initialization_with_defaults" time="0.000" /><testcase classname="unit.models.contracts.test_model_lazy_imports.TestModelLazyContractLoader" name="test_get_contract_compute_returns_compute_class" time="0.001" /><testcase classname="unit.models.core.test_model_action_metadata.TestModelActionMetadata" name="test_is_expired_not_expired" time="0.001" /><testcase classname="unit.models.core.test_model_action_metadata.TestModelActionMetadata" name="test_initialization_with_custom_values" time="0.001" /><testcase classname="unit.models.contracts.test_model_fast_imports.TestZeroImportTimeLoading" name="test_imports_occur_only_on_demand" time="0.013" /><testcase classname="unit.models.contracts.test_model_lazy_imports.TestPerformanceOptimization" name="test_preload_all_for_performance_critical_scenarios" time="0.048" /><testcase classname="unit.models.contracts.test_model_fast_imports.TestModelFastContractFactory" name="test_get_effect_returns_contract_effect_class" time="0.000" /><testcase classname="unit.models.contracts.test_model_lazy_imports.TestIntegrationWithContracts" name="test_loaded_compute_contract_is_class" time="0.001" /><testcase classname="unit.models.contracts.test_model_lazy_imports.TestIntegrationWithContracts" name="test_all_contract_types_can_be_loaded_and_used" time="0.000" /><testcase classname="unit.models.contracts.test_model_yaml_contract.TestModelYamlContract" name="test_valid_contract_creation" time="0.000" /><testcase classname="unit.models.contracts.test_model_yaml_contract.TestModelYamlContract" name="test_contract_with_legacy_node_type" time="0.000" /><testcase classname="unit.models.contracts.test_model_yaml_contract.TestModelYamlContract" name="test_missing_contract_version_fails" time="0.000" /><testcase classname="unit.models.core.test_model_action_metadata.TestModelActionMetadata" name="test_is_expired_expired" time="0.001" /><testcase classname="unit.models.core.test_model_action_metadata.TestModelActionMetadata" name="test_can_execute_success" time="0.000" /><testcase classname="unit.models.contracts.test_model_fast_imports.TestPreloadingFunctions" name="test_preload_critical_contracts_loads_common_contracts" time="0.004" /><testcase classname="unit.models.core.test_model_action_metadata.TestModelActionMetadata" name="test_add_performance_metric_invalid" time="0.002" /><testcase classname="unit.models.contracts.test_model_lazy_imports.TestModuleLevelFunctions" name="test_get_loader_stats_function_returns_statistics" time="0.001" /><testcase classname="unit.models.contracts.test_model_lazy_imports.TestModelLazyContractLoader" name="test_functools_cache_decorator_applied" time="0.002" /><testcase classname="unit.models.contracts.test_model_lazy_imports.TestModuleLevelFunctions" name="test_get_contract_base_function_returns_base_class" time="0.000" /><testcase classname="unit.models.core.test_model_action_payload_types.TestCreateSpecificActionPayload" name="test_registry_actions[unregister]" time="0.001" /><testcase classname="unit.models.core.test_model_action_payload_types.TestCreateSpecificActionPayload" name="test_custom_action" time="0.000" /><testcase classname="unit.models.core.test_model_action_payload_types.TestCreateSpecificActionPayload" name="test_lifecycle_category_mapping" time="0.000" /><testcase classname="unit.models.core.test_model_action_payload_types.TestCreateSpecificActionPayload" name="test_operation_category_mapping" time="0.006" /><testcase classname="unit.models.core.test_model_action_payload_types.TestCreateSpecificActionPayload" name="test_registry_actions[discover]" time="0.005" /><testcase classname="unit.models.contracts.test_model_lazy_imports.TestLazyLoadingBehavior" name="test_imports_occur_only_on_demand" time="0.008" /><testcase classname="unit.models.core.test_model_action_payload_types.TestCreateSpecificActionPayload" name="test_transformation_category_mapping" time="0.000" /><testcase classname="unit.models.core.test_model_action_payload_types.TestCreateSpecificActionPayload" name="test_query_category_mapping" time="0.000" /><testcase classname="unit.models.core.test_model_action_payload_types.TestCreateSpecificActionPayload" name="test_unknown_action_type_raises_error" time="0.000" /><testcase classname="unit.models.core.test_model_action_payload_types.TestCreateSpecificActionPayload" name="test_with_additional_kwargs" time="0.000" /><testcase classname="unit.models.contracts.test_model_fast_imports.TestModuleLevelFunctions" name="test_orchestrator_function_returns_orchestrator_class" time="0.001" /><testcase classname="unit.models.core.test_model_action_metadata.TestModelActionMetadata" name="test_mark_completed_without_result" time="0.001" /><testcase classname="unit.models.core.test_model_action_metadata.TestModelActionMetadata" name="test_mark_completed_with_result" time="0.000" /><testcase classname="unit.models.core.test_model_action_metadata.TestModelActionMetadata" name="test_mark_failed" time="0.001" /><testcase classname="unit.models.core.test_model_action_metadata.TestModelActionMetadata" name="test_get_execution_duration" time="0.001" /><testcase classname="unit.models.core.test_model_action_metadata.TestModelActionMetadata" name="test_add_resource_usage" time="0.000" /><testcase classname="unit.models.core.test_model_action_metadata.TestModelActionMetadata" name="test_to_service_discovery_metadata" time="0.000" /><testcase classname="unit.models.core.test_model_action_metadata.TestModelActionMetadata" name="test_validate_trust_score_valid" time="0.000" /><testcase classname="unit.models.core.test_model_action_metadata.TestModelActionMetadata" name="test_can_execute_wrong_status" time="0.003" /><testcase classname="unit.models.core.test_model_action_metadata.TestModelActionMetadata" name="test_trust_score_bounds" time="0.000" /><testcase classname="unit.models.core.test_model_action_payload_types.TestCreateSpecificActionPayload" name="test_data_actions[read]" time="0.000" /><testcase classname="unit.models.core.test_model_action_payload_types.TestCreateSpecificActionPayload" name="test_validation_category_mapping" time="0.000" /><testcase classname="unit.models.core.test_model_action_metadata.TestModelActionMetadata" name="test_can_execute_low_trust_score" time="0.000" /><testcase classname="unit.models.core.test_model_action_payload_types.TestCreateSpecificActionPayload" name="test_filesystem_actions[scan]" time="0.000" /><testcase classname="unit.models.core.test_model_action_payload_types.TestCreateSpecificActionPayload" name="test_filesystem_actions[watch]" time="0.004" /><testcase classname="unit.models.core.test_model_action_payload_types.TestCreateSpecificActionPayload" name="test_data_actions[write]" time="0.000" /><testcase classname="unit.models.core.test_model_action_payload_types.TestCreateSpecificActionPayload" name="test_data_actions[update]" time="0.001" /><testcase classname="unit.models.core.test_model_action_payload_types.TestCreateSpecificActionPayload" name="test_data_actions[delete]" time="0.000" /><testcase classname="unit.models.core.test_model_action_payload_types.TestCreateSpecificActionPayload" name="test_data_actions[search]" time="0.001" /><testcase classname="unit.models.core.test_model_action_payload_types.TestCreateSpecificActionPayload" name="test_data_actions[query]" time="0.000" /><testcase classname="unit.models.contracts.test_model_lazy_imports.TestIntegrationWithContracts" name="test_loaded_base_contract_is_class" time="0.001" /><testcase classname="unit.models.core.test_model_base_input_state.TestModelBaseInputState" name="test_model_base_input_state_metadata_types" time="0.001" /><testcase classname="unit.models.core.test_model_base_input_state.TestModelBaseInputState" name="test_model_base_input_state_empty_metadata" time="0.000" /><testcase classname="unit.models.core.test_model_base_input_state.TestModelBaseInputState" name="test_model_base_input_state_nested_metadata" time="0.000" /><testcase classname="unit.models.core.test_model_base_input_state.TestModelBaseInputState" name="test_model_base_input_state_timestamp_formats" time="0.000" /><testcase classname="unit.models.core.test_model_action_metadata.TestModelActionMetadata" name="test_mark_started" time="0.001" /><testcase classname="unit.models.core.test_model_action_payload_types.TestActionPayloadTypesEdgeCases" name="test_all_categories_have_mappings" time="0.001" /><testcase classname="unit.models.core.test_model_base_input_state.TestModelBaseInputState" name="test_model_base_input_state_creation_default" time="0.001" /><testcase classname="unit.models.core.test_model_base_input_state.TestModelBaseInputState" name="test_model_base_input_state_creation_with_metadata" time="0.000" /><testcase classname="unit.models.core.test_model_base_input_state.TestModelBaseInputState" name="test_model_base_input_state_creation_with_timestamp" time="0.000" /><testcase classname="unit.models.contracts.test_model_yaml_contract.TestModelYamlContract" name="test_missing_node_type_fails" time="0.001" /><testcase classname="unit.models.core.test_model_base_input_state.TestModelBaseInputState" name="test_model_base_input_state_deserialization" time="0.001" /><testcase classname="unit.models.core.test_model_base_input_state.TestModelBaseInputState" name="test_model_base_input_state_validation" time="0.001" /><testcase classname="unit.models.core.test_model_base_input_state.TestModelBaseInputState" name="test_model_base_input_state_immutability" time="0.000" /><testcase classname="unit.models.core.test_model_action_payload_types.TestActionPayloadTypesEdgeCases" name="test_empty_kwargs" time="0.001" /><testcase classname="unit.models.core.test_model_action_metadata.TestModelActionMetadata" name="test_add_performance_metric_valid" time="0.000" /><testcase classname="unit.models.core.test_model_action_metadata.TestModelActionMetadata" name="test_is_expired_no_timeout" time="0.000" /><testcase classname="unit.models.core.test_model_base_output_state.TestModelBaseOutputState" name="test_model_base_output_state_creation_with_timestamp" time="0.000" /><testcase classname="unit.models.core.test_model_base_input_state.TestModelBaseInputState" name="test_model_base_input_state_str_representation" time="0.000" /><testcase classname="unit.models.core.test_model_base_input_state.TestModelBaseInputState" name="test_model_base_input_state_repr_representation" time="0.000" /><testcase classname="unit.models.core.test_model_base_output_state.TestModelBaseOutputState" name="test_model_base_output_state_creation_with_processing_time" time="0.000" /><testcase classname="unit.models.core.test_model_base_input_state.TestModelBaseInputState" name="test_model_base_input_state_timestamp_default_factory" time="0.000" /><testcase classname="unit.models.core.test_model_base_input_state.TestModelBaseInputState" name="test_model_base_input_state_edge_cases" time="0.001" /><testcase classname="unit.models.core.test_model_base_output_state.TestModelBaseOutputState" name="test_model_base_output_state_creation_default" time="0.000" /><testcase classname="unit.models.core.test_model_base_output_state.TestModelBaseOutputState" name="test_model_base_output_state_creation_with_all_fields" time="0.000" /><testcase classname="unit.models.core.test_model_base_input_state.TestModelBaseInputState" name="test_model_base_input_state_field_descriptions" time="0.000" /><testcase classname="unit.models.core.test_model_action_payload_types.TestCreateSpecificActionPayload" name="test_management_category_mapping" time="0.000" /><testcase classname="unit.models.core.test_model_base_output_state.TestModelBaseOutputState" name="test_model_base_output_state_processing_time_edge_cases" time="0.000" /><testcase classname="unit.models.core.test_model_base_output_state.TestModelBaseOutputState" name="test_model_base_output_state_metadata_types" time="0.000" /><testcase classname="unit.models.core.test_model_base_output_state.TestModelBaseOutputState" name="test_model_base_output_state_empty_metadata" time="0.000" /><testcase classname="unit.models.core.test_model_action_metadata.TestModelActionMetadata" name="test_can_execute_expired" time="0.000" /><testcase classname="unit.models.core.test_model_base_output_state.TestModelBaseOutputState" name="test_model_base_output_state_timestamp_formats" time="0.000" /><testcase classname="unit.models.core.test_model_base_output_state.TestModelBaseOutputState" name="test_model_base_output_state_serialization" time="0.000" /><testcase classname="unit.models.core.test_model_base_output_state.TestModelBaseOutputState" name="test_model_base_output_state_deserialization" time="0.000" /><testcase classname="unit.models.core.test_model_action_payload_types.TestCreateSpecificActionPayload" name="test_data_actions[create]" time="0.000" /><testcase classname="unit.models.core.test_model_action_payload_types.TestCreateSpecificActionPayload" name="test_filesystem_actions[sync]" time="0.001" /><testcase classname="unit.models.core.test_model_base_output_state.TestModelBaseOutputState" name="test_model_base_output_state_immutability" time="0.000" /><testcase classname="unit.models.core.test_model_base_output_state.TestModelBaseOutputState" name="test_model_base_output_state_equality" time="0.000" /><testcase classname="unit.models.core.test_model_base_input_state.TestModelBaseInputState" name="test_model_base_input_state_serialization" time="0.000" /><testcase classname="unit.models.core.test_model_base_output_state.TestModelBaseOutputState" name="test_model_base_output_state_str_representation" time="0.000" /><testcase classname="unit.models.core.test_model_base_output_state.TestModelBaseOutputState" name="test_model_base_output_state_field_descriptions" time="0.000" /><testcase classname="unit.models.core.test_model_base_output_state.TestModelBaseOutputState" name="test_model_base_output_state_default_factory" time="0.000" /><testcase classname="unit.models.core.test_model_base_output_state.TestModelBaseOutputState" name="test_model_base_output_state_timestamp_default_factory" time="0.000" /><testcase classname="unit.models.core.test_model_action_payload_types.TestCreateSpecificActionPayload" name="test_registry_actions[register]" time="0.001" /><testcase classname="unit.models.core.test_model_base_result.TestModelBaseResult" name="test_initialization_with_metadata" time="0.000" /><testcase classname="unit.models.core.test_model_base_result.TestModelBaseResult" name="test_model_dump_without_metadata" time="0.001" /><testcase classname="unit.models.core.test_model_base_output_state.TestModelBaseOutputState" name="test_model_base_output_state_edge_cases" time="0.001" /><testcase classname="unit.models.core.test_model_base_result.TestModelBaseResult" name="test_initialization_success_minimal" time="0.000" /><testcase classname="unit.models.core.test_model_base_result.TestModelBaseResult" name="test_initialization_failure_minimal" time="0.000" /><testcase classname="unit.models.core.test_model_base_result.TestModelBaseResult" name="test_model_dump_with_metadata" time="0.002" /><testcase classname="unit.models.core.test_model_base_input_state.TestModelBaseInputState" name="test_model_base_input_state_creation_with_both" time="0.001" /><testcase classname="unit.models.core.test_model_base_input_state.TestModelBaseInputState" name="test_model_base_input_state_equality" time="0.001" /><testcase classname="unit.models.core.test_model_base_result.TestModelBaseResult" name="test_dict_method" time="0.001" /><testcase classname="unit.models.core.test_model_base_result.TestModelBaseResult" name="test_dict_method_with_kwargs" time="0.001" /><testcase classname="unit.models.core.test_model_base_result.TestModelBaseResult" name="test_parse_obj_with_metadata_model" time="0.001" /><testcase classname="unit.models.core.test_model_base_result.TestModelBaseResult" name="test_parse_obj_without_metadata" time="0.000" /><testcase classname="unit.models.core.test_model_base_result.TestModelBaseResult" name="test_parse_obj_with_none_metadata" time="0.000" /><testcase classname="unit.models.core.test_model_base_result.TestModelBaseResult" name="test_multiple_errors" time="0.000" /><testcase classname="unit.models.core.test_model_base_output_state.TestModelBaseOutputState" name="test_model_base_output_state_creation_with_metadata" time="0.001" /><testcase classname="unit.models.core.test_model_base_output_state.TestModelBaseOutputState" name="test_model_base_output_state_processing_time_types" time="0.000" /><testcase classname="unit.models.core.test_model_base_input_state.TestModelBaseInputState" name="test_model_base_input_state_default_factory" time="0.001" /><testcase classname="unit.models.core.test_model_base_result.TestModelBaseResultEdgeCases" name="test_model_copy" time="0.000" /><testcase classname="unit.models.core.test_model_base_result.TestModelBaseResultEdgeCases" name="test_model_copy_deep" time="0.000" /><testcase classname="unit.models.core.test_model_base_result.TestModelBaseResultEdgeCases" name="test_large_exit_code" time="0.000" /><testcase classname="unit.models.core.test_model_base_result.TestModelBaseResult" name="test_success_false_exit_code_zero" time="0.000" /><testcase classname="unit.models.core.test_model_base_result.TestModelBaseResult" name="test_success_true_exit_code_nonzero" time="0.000" /><testcase classname="unit.models.core.test_model_base_result.TestModelBaseResultEdgeCases" name="test_serialization_deserialization_roundtrip" time="0.001" /><testcase classname="unit.models.core.test_model_base_output_state.TestModelBaseOutputState" name="test_model_base_output_state_nested_metadata" time="0.001" /><testcase classname="unit.models.core.test_model_base_result.TestModelBaseResultEdgeCases" name="test_errors_with_complex_messages" time="0.000" /><testcase classname="unit.models.core.test_model_base_result.TestModelBaseResultBranchCoverage" name="test_model_dump_metadata_none_branch" time="0.000" /><testcase classname="unit.models.core.test_model_base_output_state.TestModelBaseOutputState" name="test_model_base_output_state_validation" time="0.000" /><testcase classname="unit.models.core.test_model_base_result.TestModelBaseResultBranchCoverage" name="test_model_dump_metadata_false_branch" time="0.000" /><testcase classname="unit.models.core.test_model_base_result.TestModelBaseResult" name="test_initialization_with_errors" time="0.000" /><testcase classname="unit.models.core.test_model_cli_action.TestModelCliAction" name="test_action_name_id_auto_generation" time="0.000" /><testcase classname="unit.models.core.test_model_cli_action.TestModelCliAction" name="test_action_name_pattern_validation" time="0.000" /><testcase classname="unit.models.core.test_model_base_result.TestModelBaseResult" name="test_parse_obj_with_metadata_dict" time="0.001" /><testcase classname="unit.models.core.test_model_cli_action.TestModelCliAction" name="test_get_globally_unique_id_method" time="0.001" /><testcase classname="unit.models.core.test_model_base_result.TestModelBaseResult" name="test_model_dump_exclude_none" time="0.000" /><testcase classname="unit.models.core.test_model_cli_action.TestModelCliAction" name="test_from_contract_action_factory_method" time="0.000" /><testcase classname="unit.models.core.test_model_base_result.TestModelBaseResultBranchCoverage" name="test_parse_obj_not_dict_branch" time="0.000" /><testcase classname="unit.models.core.test_model_base_output_state.TestModelBaseOutputState" name="test_model_base_output_state_processing_time_validation" time="0.001" /><testcase classname="unit.models.core.test_model_cli_action.TestModelCliAction" name="test_model_instantiation_valid_data" time="0.000" /><testcase classname="unit.models.core.test_model_cli_action.TestModelCliAction" name="test_model_instantiation_with_all_fields" time="0.000" /><testcase classname="unit.models.core.test_model_base_result.TestModelBaseResult" name="test_exit_code_variations" time="0.001" /><testcase classname="unit.models.core.test_model_cli_action.TestModelCliAction" name="test_matches_node_id_method" time="0.000" /><testcase classname="unit.models.core.test_model_base_output_state.TestModelBaseOutputState" name="test_model_base_output_state_repr_representation" time="0.001" /><testcase classname="unit.models.core.test_model_base_result.TestModelBaseResultBranchCoverage" name="test_parse_obj_dict_with_metadata_key_none_value" time="0.001" /><testcase classname="unit.models.core.test_model_base_result.TestModelBaseResultBranchCoverage" name="test_parse_obj_dict_with_metadata_already_model" time="0.001" /><testcase classname="unit.models.core.test_model_base_result.TestModelBaseResultEdgeCases" name="test_negative_exit_code" time="0.000" /><testcase classname="unit.models.core.test_model_cli_action.TestModelCliAction" name="test_model_serialization" time="0.001" /><testcase classname="unit.models.core.test_model_base_result.TestModelBaseResultEdgeCases" name="test_model_validate" time="0.001" /><testcase classname="unit.models.core.test_model_cli_action.TestModelCliAction" name="test_field_types_validation" time="0.000" /><testcase classname="unit.models.core.test_model_base_result.TestModelBaseResultEdgeCases" name="test_empty_errors_list" time="0.001" /><testcase classname="unit.models.core.test_model_cli_action.TestModelCliActionEdgeCases" name="test_whitespace_handling" time="0.000" /><testcase classname="unit.models.core.test_model_cli_action.TestModelCliAction" name="test_model_repr" time="0.001" /><testcase classname="unit.models.core.test_model_cli_action.TestModelCliAction" name="test_model_json_serialization" time="0.001" /><testcase classname="unit.models.core.test_model_base_result.TestModelBaseResultBranchCoverage" name="test_model_dump_metadata_exists_and_is_generic_metadata" time="0.000" /><testcase classname="unit.models.core.test_model_cli_action.TestModelCliAction" name="test_category_field_accepts_none_and_enum_values" time="0.001" /><testcase classname="unit.models.core.test_model_cli_action.TestModelCliAction" name="test_get_qualified_name_method" time="0.000" /><testcase classname="unit.models.core.test_model_cli_action.TestModelCliActionEdgeCases" name="test_very_long_strings" time="0.000" /><testcase classname="unit.models.core.test_model_base_result.TestModelBaseResultBranchCoverage" name="test_parse_obj_dict_without_metadata_key" time="0.001" /><testcase classname="unit.models.core.test_model_cli_action.TestModelCliActionEdgeCases" name="test_none_values_for_optional_fields" time="0.002" /><testcase classname="unit.models.core.test_model_cli_action.TestModelCliAction" name="test_required_fields_validation" time="0.001" /><testcase classname="unit.models.core.test_model_cli_adapter.TestExitWithStatus" name="test_exit_with_status_success" time="0.001" /><testcase classname="unit.models.core.test_model_cli_action.TestModelCliAction" name="test_matches_action_id_method" time="0.000" /><testcase classname="unit.models.core.test_model_cli_action.TestModelCliAction" name="test_matches_method" time="0.001" /><testcase classname="unit.models.core.test_model_base_result.TestModelBaseResultBranchCoverage" name="test_parse_obj_dict_with_metadata_dict_needs_conversion" time="0.000" /><testcase classname="unit.models.core.test_model_cli_action.TestModelCliAction" name="test_model_deserialization" time="0.000" /><testcase classname="unit.models.core.test_model_cli_action.TestModelCliAction" name="test_model_equality" time="0.001" /><testcase classname="unit.models.core.test_model_cli_action.TestModelCliActionEdgeCases" name="test_unicode_characters" time="0.001" /><testcase classname="unit.models.core.test_model_cli_action.TestModelCliAction" name="test_optional_fields_defaults" time="0.001" /><testcase classname="unit.mixins.test_mixin_hybrid_execution.TestExecuteWithModeSelection" name="test_execute_with_unknown_mode_falls_back_to_direct" time="0.001" /><testcase classname="unit.mixins.test_mixin_hybrid_execution.TestExecuteDirect" name="test_execute_direct_calls_process" time="0.000" /><testcase classname="unit.mixins.test_mixin_hybrid_execution.TestExecuteDirect" name="test_execute_direct_logging" time="0.001" /><testcase classname="unit.mixins.test_mixin_hybrid_execution.TestExecuteWorkflow" name="test_execute_workflow_success" time="0.001" /><testcase classname="unit.mixins.test_mixin_hybrid_execution.TestExecuteWorkflow" name="test_execute_workflow_without_create_method_falls_back" time="0.001" /><testcase classname="unit.mixins.test_mixin_hybrid_execution.TestExecuteWorkflow" name="test_execute_workflow_without_llama_index_falls_back" time="0.001" /><testcase classname="unit.mixins.test_mixin_hybrid_execution.TestExecuteWorkflow" name="test_execute_workflow_failure_falls_back_to_direct" time="0.001" /><testcase classname="unit.mixins.test_mixin_hybrid_execution.TestExecuteWorkflow" name="test_execute_workflow_records_metrics" time="0.004" /><testcase classname="unit.mixins.test_mixin_hybrid_execution.TestExecuteOrchestrated" name="test_execute_orchestrated_falls_back_to_workflow" time="0.002" /><testcase classname="unit.models.core.test_model_cli_action.TestModelCliActionEdgeCases" name="test_empty_string_fields" time="0.000" /><testcase classname="unit.mixins.test_mixin_hybrid_execution.TestCalculateComplexity" name="test_complexity_zero_for_simple_input" time="0.000" /><testcase classname="unit.mixins.test_mixin_hybrid_execution.TestCalculateComplexity" name="test_complexity_includes_large_data_size" time="0.001" /><testcase classname="unit.models.core.test_model_cli_action.TestModelCliActionEdgeCases" name="test_special_characters_in_allowed_fields" time="0.001" /><testcase classname="unit.models.core.test_model_cli_action.TestModelCliActionEdgeCases" name="test_factory_method_with_invalid_pattern" time="0.001" /><testcase classname="unit.models.core.test_model_cli_adapter.TestExitWithStatus" name="test_exit_with_status_error" time="0.009" /><testcase classname="unit.models.core.test_model_cli_adapter.TestExitWithStatus" name="test_exit_with_status_warning" time="0.004" /><testcase classname="unit.models.core.test_model_cli_adapter.TestExitWithStatus" name="test_exit_with_status_with_message_warning" time="0.006" /><testcase classname="unit.models.core.test_model_cli_adapter.TestExitWithStatus" name="test_exit_with_status_unknown" time="0.004" /><testcase classname="unit.models.core.test_model_cli_adapter.TestExitWithStatus" name="test_exit_with_status_with_message_success" time="0.005" /><testcase classname="unit.models.core.test_model_cli_adapter.TestExitWithStatus" name="test_exit_with_status_empty_message_no_logging" time="0.001" /><testcase classname="unit.models.core.test_model_cli_adapter.TestExitWithStatus" name="test_exit_with_status_with_message_error" time="0.004" /><testcase classname="unit.models.core.test_model_cli_adapter.TestExitWithError" name="test_exit_with_error_basic" time="0.005" /><testcase classname="unit.models.core.test_model_cli_adapter.TestExitWithError" name="test_exit_with_error_logs_exit_code" time="0.001" /><testcase classname="unit.models.core.test_model_cli_adapter.TestExitWithError" name="test_exit_with_error_with_context" time="0.001" /><testcase classname="unit.models.core.test_model_cli_adapter.TestAdapterStaticMethods" name="test_exit_with_status_is_static" time="0.001" /><testcase classname="unit.models.core.test_model_cli_adapter.TestExitWithError" name="test_exit_with_error_logs_error_code" time="0.001" /><testcase classname="unit.models.core.test_model_cli_adapter.TestAdapterExportedSymbols" name="test_adapter_class_exported" time="0.000" /><testcase classname="unit.models.core.test_model_cli_adapter.TestAdapterIntegration" name="test_error_with_all_fields_logs_completely" time="0.001" /><testcase classname="unit.models.core.test_model_cli_adapter.TestAdapterStaticMethods" name="test_exit_with_error_is_static" time="0.001" /><testcase classname="unit.models.core.test_model_cli_adapter.TestExitWithError" name="test_exit_with_error_without_error_code" time="0.001" /><testcase classname="unit.models.core.test_model_cli_adapter.TestAdapterExportedSymbols" name="test_only_expected_symbols_exported" time="0.001" /><testcase classname="unit.models.core.test_model_cli_adapter.TestAdapterIntegration" name="test_multiple_status_types_map_correctly" time="0.001" /><testcase classname="unit.models.core.test_model_cli_adapter.TestAdapterIntegration" name="test_status_and_error_exit_codes_consistent" time="0.002" /><testcase classname="unit.models.core.test_model_cli_command_definition.TestModelCliCommandDefinitionCreation" name="test_category_allows_underscores" time="0.000" /><testcase classname="unit.models.core.test_model_cli_command_definition.TestModelCliCommandDefinitionCreation" name="test_command_name_validation_pattern" time="0.001" /><testcase classname="unit.models.core.test_model_cli_command_definition.TestModelCliCommandDefinitionCreation" name="test_command_definition_creation_full" time="0.001" /><testcase classname="unit.models.core.test_model_cli_command_definition.TestModelCliCommandDefinitionCreation" name="test_command_definition_creation_minimal" time="0.001" /><testcase classname="unit.models.core.test_model_cli_command_definition.TestModelCliCommandDefinitionCreation" name="test_command_name_validation_lowercase_start" time="0.001" /><testcase classname="unit.models.core.test_model_cli_command_definition.TestQualifiedName" name="test_get_qualified_name_local_node" time="0.001" /><testcase classname="unit.models.core.test_model_cli_command_definition.TestModelCliCommandDefinitionCreation" name="test_command_name_allows_hyphens_and_underscores" time="0.001" /><testcase classname="unit.models.core.test_model_cli_command_definition.TestQualifiedName" name="test_get_qualified_name_with_namespace" time="0.001" /><testcase classname="unit.models.core.test_model_cli_command_definition.TestHelpTextGeneration" name="test_get_help_text_with_required_args" time="0.001" /><testcase classname="unit.models.core.test_model_cli_command_definition.TestModelCliCommandDefinitionCreation" name="test_category_validation_pattern" time="0.001" /><testcase classname="unit.models.core.test_model_cli_command_definition.TestQualifiedName" name="test_get_qualified_name_empty_namespace" time="0.000" /><testcase classname="unit.models.core.test_model_cli_command_definition.TestCommandMatching" name="test_matches_command_simple_name" time="0.001" /><testcase classname="unit.models.core.test_model_cli_command_definition.TestHelpTextGeneration" name="test_get_help_text_with_optional_args" time="0.001" /><testcase classname="unit.models.core.test_model_cli_command_definition.TestHelpTextGeneration" name="test_get_help_text_basic" time="0.001" /><testcase classname="unit.models.core.test_model_cli_command_definition.TestHelpTextGeneration" name="test_get_help_text_with_examples" time="0.001" /><testcase classname="unit.models.core.test_model_cli_command_definition.TestHelpTextGeneration" name="test_get_help_text_deprecated_command" time="0.001" /><testcase classname="unit.models.core.test_model_cli_command_definition.TestHelpTextGeneration" name="test_get_help_text_comprehensive" time="0.000" /><testcase classname="unit.models.core.test_model_cli_command_definition.TestHelpTextGeneration" name="test_get_help_text_deprecated_without_message" time="0.001" /><testcase classname="unit.models.core.test_model_cli_command_definition.TestCommandMatching" name="test_matches_command_case_sensitive" time="0.000" /><testcase classname="unit.models.core.test_model_cli_command_definition.TestCommandDefinitionIntegration" name="test_command_with_multiple_optional_args" time="0.000" /><testcase classname="unit.models.core.test_model_cli_command_definition.TestCommandDefinitionIntegration" name="test_command_serialization_deserialization" time="0.000" /><testcase classname="unit.models.core.test_model_cli_command_registry.TestCommandRegistration" name="test_register_single_command" time="0.001" /><testcase classname="unit.models.core.test_model_cli_command_registry.TestModelCliCommandRegistryCreation" name="test_registry_initialization_defaults" time="0.001" /><testcase classname="unit.models.core.test_model_cli_command_definition.TestCommandMatching" name="test_matches_command_qualified_name" time="0.001" /><testcase classname="unit.models.core.test_model_cli_command_definition.TestCommandDefinitionIntegration" name="test_command_with_multiple_required_args" time="0.000" /><testcase classname="unit.models.core.test_model_cli_command_registry.TestCommandRegistration" name="test_register_command_with_qualified_name" time="0.000" /><testcase classname="unit.models.core.test_model_cli_command_registry.TestCommandRegistration" name="test_register_multiple_commands_same_category" time="0.000" /><testcase classname="unit.models.core.test_model_cli_command_registry.TestCommandRegistration" name="test_register_command_no_duplicates_in_node_list" time="0.000" /><testcase classname="unit.models.core.test_model_cli_command_registry.TestModelCliCommandRegistryCreation" name="test_registry_initialization_with_data" time="0.000" /><testcase classname="unit.models.core.test_model_cli_command_registry.TestCommandRegistration" name="test_register_multiple_commands_same_node" time="0.000" /><testcase classname="unit.models.core.test_model_cli_command_registry.TestCommandRetrieval" name="test_get_command_by_simple_name" time="0.000" /><testcase classname="unit.models.core.test_model_cli_command_registry.TestCommandRetrieval" name="test_get_commands_for_node_not_found" time="0.002" /><testcase classname="unit.models.core.test_model_cli_command_registry.TestCommandRegistration" name="test_register_command_no_duplicates_in_category_list" time="0.001" /><testcase classname="unit.models.core.test_model_cli_command_registry.TestCommandRetrieval" name="test_get_command_by_qualified_name" time="0.000" /><testcase classname="unit.models.core.test_model_cli_command_registry.TestCommandRetrieval" name="test_get_command_not_found" time="0.000" /><testcase classname="unit.models.core.test_model_cli_command_registry.TestCommandRetrieval" name="test_get_commands_by_category" time="0.000" /><testcase classname="unit.models.core.test_model_cli_command_registry.TestCommandRetrieval" name="test_get_commands_for_node" time="0.001" /><testcase classname="unit.models.core.test_model_cli_command_registry.TestCommandRetrieval" name="test_get_commands_by_category_not_found" time="0.000" /><testcase classname="unit.models.core.test_model_cli_command_registry.TestCommandRetrieval" name="test_get_all_commands_no_duplicates_with_qualified_names" time="0.001" /><testcase classname="unit.models.core.test_model_cli_command_registry.TestCommandDiscovery" name="test_discover_from_contracts_skips_non_node_dirs" time="0.002" /><testcase classname="unit.models.core.test_model_cli_command_registry.TestCommandDiscovery" name="test_discover_from_contract_file_with_valid_yaml" time="0.006" /><testcase classname="unit.models.core.test_model_cli_command_registry.TestCommandRetrieval" name="test_get_all_commands" time="0.001" /><testcase classname="unit.models.core.test_model_cli_command_registry.TestCommandRetrieval" name="test_get_command_names" time="0.001" /><testcase classname="unit.models.core.test_model_cli_command_registry.TestCommandDiscovery" name="test_discover_from_contracts_path_not_exists" time="0.000" /><testcase classname="unit.models.core.test_model_cli_command_registry.TestCommandDiscovery" name="test_discover_from_contract_file_no_cli_interface" time="0.004" /><testcase classname="unit.models.core.test_model_cli_command_registry.TestCommandDiscovery" name="test_discover_from_contract_file_invalid_yaml" time="0.004" /><testcase classname="unit.models.core.test_model_cli_command_registry.TestCommandDiscovery" name="test_discover_from_contract_file_empty_commands" time="0.003" /><testcase classname="unit.models.core.test_model_cli_command_registry.TestCommandDiscovery" name="test_discover_from_contracts_empty_directory" time="0.001" /><testcase classname="unit.models.core.test_model_cli_command_registry.TestCommandDiscovery" name="test_discover_from_contract_file_with_simple_string_format" time="0.006" /><testcase classname="unit.models.core.test_model_cli_command_registry.TestCommandDiscovery" name="test_create_command_from_contract_dict_uses_name_fallback" time="0.007" /><testcase classname="unit.models.core.test_model_cli_command_registry.TestCommandDiscovery" name="test_create_command_from_contract_dict_format" time="0.001" /><testcase classname="unit.models.core.test_model_cli_command_registry.TestCommandDiscovery" name="test_create_command_from_contract_string_format" time="0.002" /><testcase classname="unit.models.core.test_model_cli_command_registry.TestCommandDiscovery" name="test_create_command_from_contract_dict_missing_name" time="0.000" /><testcase classname="unit.mixins.test_mixin_hybrid_execution.TestCalculateComplexity" name="test_complexity_includes_medium_data_size" time="0.001" /><testcase classname="unit.mixins.test_mixin_hybrid_execution.TestCalculateComplexity" name="test_complexity_includes_many_operations" time="0.001" /><testcase classname="unit.mixins.test_mixin_hybrid_execution.TestCalculateComplexity" name="test_complexity_includes_dependencies" time="0.001" /><testcase classname="unit.mixins.test_mixin_hybrid_execution.TestCalculateComplexity" name="test_complexity_includes_iterations" time="0.001" /><testcase classname="unit.mixins.test_mixin_hybrid_execution.TestCalculateComplexity" name="test_complexity_caps_at_one" time="0.000" /><testcase classname="unit.mixins.test_mixin_hybrid_execution.TestCalculateComplexity" name="test_complexity_without_model_dump" time="0.000" /><testcase classname="unit.mixins.test_mixin_hybrid_execution.TestGetSupportedModes" name="test_supported_modes_from_contract" time="0.000" /><testcase classname="unit.mixins.test_mixin_hybrid_execution.TestGetSupportedModes" name="test_supported_modes_default_when_no_contract" time="0.000" /><testcase classname="unit.mixins.test_mixin_hybrid_execution.TestGetSupportedModes" name="test_supported_modes_empty_contract_uses_default" time="0.000" /><testcase classname="unit.mixins.test_mixin_hybrid_execution.TestGetSupportedModes" name="test_supported_modes_no_contract_data_attribute" time="0.000" /><testcase classname="unit.mixins.test_mixin_hybrid_execution.TestSupportsMode" name="test_supports_mode_direct" time="0.000" /><testcase classname="unit.mixins.test_mixin_hybrid_execution.TestSupportsMode" name="test_supports_mode_workflow" time="0.000" /><testcase classname="unit.mixins.test_mixin_hybrid_execution.TestSupportsMode" name="test_supports_mode_custom_modes" time="0.000" /><testcase classname="unit.mixins.test_mixin_hybrid_execution.TestPropertiesAccessors" name="test_execution_mode_property" time="0.000" /><testcase classname="unit.mixins.test_mixin_hybrid_execution.TestPropertiesAccessors" name="test_workflow_metrics_property" time="0.034" /><testcase classname="unit.mixins.test_mixin_hybrid_execution.TestCreateWorkflowDefault" name="test_create_workflow_returns_none_by_default" time="0.000" /><testcase classname="unit.mixins.test_mixin_hybrid_execution.TestCreateWorkflowDefault" name="test_create_workflow_logs_warning" time="0.000" /><testcase classname="unit.mixins.test_mixin_hybrid_execution.TestProcessNotImplemented" name="test_process_must_be_implemented" time="0.000" /><testcase classname="unit.mixins.test_mixin_hybrid_execution.TestEdgeCases" name="test_execute_with_none_mode" time="0.000" /><testcase classname="unit.mixins.test_mixin_hybrid_execution.TestEdgeCases" name="test_multiple_executions_update_mode" time="0.009" /><testcase classname="unit.mixins.test_mixin_hybrid_execution.TestEdgeCases" name="test_complexity_with_empty_operations_list" time="0.001" /><testcase classname="unit.mixins.test_mixin_hybrid_execution.TestEdgeCases" name="test_complexity_with_exactly_5_operations" time="0.000" /><testcase classname="unit.mixins.test_mixin_hybrid_execution.TestEdgeCases" name="test_complexity_with_exactly_6_operations" time="0.000" /><testcase classname="unit.mixins.test_mixin_hybrid_execution.TestEdgeCases" name="test_workflow_with_failed_event_loop" time="0.000" /><testcase classname="unit.mixins.test_mixin_introspection_publisher.TestMixinIntrospectionPublisher" name="test_initialization" time="0.000" /><testcase classname="unit.mixins.test_mixin_introspection_publisher.TestMixinIntrospectionPublisher" name="test_extract_node_name_from_class" time="0.000" /><testcase classname="unit.mixins.test_mixin_introspection_publisher.TestMixinIntrospectionPublisher" name="test_extract_node_name_with_node_prefix" time="0.000" /><testcase classname="unit.mixins.test_mixin_introspection_publisher.TestMixinIntrospectionPublisher" name="test_extract_node_name_with_metadata_loader" time="0.000" /><testcase classname="unit.mixins.test_mixin_introspection_publisher.TestMixinIntrospectionPublisher" name="test_extract_node_name_with_namespace" time="0.000" /><testcase classname="unit.mixins.test_mixin_introspection_publisher.TestMixinIntrospectionPublisher" name="test_extract_node_version_default" time="0.000" /></testsuite></testsuites>
